[0.013s] Invoking command in '/home/theo/dev_ws/build/wa_helper': CMAKE_PREFIX_PATH=${CMAKE_PREFIX_PATH}:/home/theo/dev_ws/install/py_pubsub:/opt/ros/foxy /usr/bin/cmake --build /home/theo/dev_ws/build/wa_helper -- -j1 -l1
[0.062s] -- Found ament_cmake: 0.9.7 (/opt/ros/foxy/share/ament_cmake/cmake)
[0.093s] -- Using PYTHON_EXECUTABLE: /usr/bin/python3
[0.401s] -- Found rclcpp: 2.2.0 (/opt/ros/foxy/share/rclcpp/cmake)
[0.442s] -- Using all available rosidl_typesupport_c: rosidl_typesupport_fastrtps_c;rosidl_typesupport_introspection_c
[0.448s] -- Found rosidl_adapter: 1.1.0 (/opt/ros/foxy/share/rosidl_adapter/cmake)
[0.625s] -- Using all available rosidl_typesupport_cpp: rosidl_typesupport_fastrtps_cpp;rosidl_typesupport_introspection_cpp
[0.715s] -- Found rmw_implementation_cmake: 1.0.1 (/opt/ros/foxy/share/rmw_implementation_cmake/cmake)
[0.717s] -- Using RMW implementation 'rmw_fastrtps_cpp' as default
[1.087s] -- Configuring done
[1.096s] -- Generating done
[1.099s] -- Build files have been written to: /home/theo/dev_ws/build/wa_helper
[1.123s] [35m[1mScanning dependencies of target wa_helper[0m
[1.137s] [ 50%] [32mBuilding CXX object CMakeFiles/wa_helper.dir/src/wa_publisher.cpp.o[0m
[1.145s] [01m[K/home/theo/dev_ws/src/wa_helper/src/wa_publisher.cpp:1:10:[m[K [01;31m[Kfatal error: [m[Kinclude/wa_helper/wa_publisher.hpp: No such file or directory
[1.145s]     1 | #include [01;31m[K"include/wa_helper/wa_publisher.hpp"[m[K
[1.145s]       |          [01;31m[K^~~~~~~~~~~~~~~~~~~~~~~~~~~~~~~~~~~~[m[K
[1.145s] compilation terminated.
[1.147s] make[2]: *** [CMakeFiles/wa_helper.dir/build.make:63: CMakeFiles/wa_helper.dir/src/wa_publisher.cpp.o] Error 1
[1.148s] make[1]: *** [CMakeFiles/Makefile2:78: CMakeFiles/wa_helper.dir/all] Error 2
[1.148s] make: *** [Makefile:141: all] Error 2
[1.151s] Invoked command in '/home/theo/dev_ws/build/wa_helper' returned '2': CMAKE_PREFIX_PATH=${CMAKE_PREFIX_PATH}:/home/theo/dev_ws/install/py_pubsub:/opt/ros/foxy /usr/bin/cmake --build /home/theo/dev_ws/build/wa_helper -- -j1 -l1
