[ 50%] [32mBuilding CXX object CMakeFiles/wa_publisher.dir/src/wa_publisher.cpp.o[0m
[01m[K/home/theo/dev_ws/src/wa_helper/src/wa_publisher.cpp:1:28:[m[K [01;35m[Kwarning: [m[Kextra tokens at end of #include directive
    1 | #include "wa_publisher.hpp"[01;35m[K;[m[K
      |                            [01;35m[K^[m[K
[100%] [32m[1mLinking CXX static library libwa_publisher.a[0m
[100%] Built target wa_publisher
-- Install configuration: ""
-- Installing: /home/theo/dev_ws/install/wa_helper/lib/wa_helper/libwa_publisher.a
-- Up-to-date: /home/theo/dev_ws/install/wa_helper/share/ament_index/resource_index/package_run_dependencies/wa_helper
-- Up-to-date: /home/theo/dev_ws/install/wa_helper/share/ament_index/resource_index/parent_prefix_path/wa_helper
-- Up-to-date: /home/theo/dev_ws/install/wa_helper/share/wa_helper/environment/ament_prefix_path.sh
-- Installing: /home/theo/dev_ws/install/wa_helper/share/wa_helper/environment/ament_prefix_path.dsv
-- Up-to-date: /home/theo/dev_ws/install/wa_helper/share/wa_helper/environment/path.sh
-- Installing: /home/theo/dev_ws/install/wa_helper/share/wa_helper/environment/path.dsv
-- Up-to-date: /home/theo/dev_ws/install/wa_helper/share/wa_helper/local_setup.bash
-- Up-to-date: /home/theo/dev_ws/install/wa_helper/share/wa_helper/local_setup.sh
-- Up-to-date: /home/theo/dev_ws/install/wa_helper/share/wa_helper/local_setup.zsh
-- Installing: /home/theo/dev_ws/install/wa_helper/share/wa_helper/local_setup.dsv
-- Installing: /home/theo/dev_ws/install/wa_helper/share/wa_helper/package.dsv
-- Up-to-date: /home/theo/dev_ws/install/wa_helper/share/ament_index/resource_index/packages/wa_helper
-- Up-to-date: /home/theo/dev_ws/install/wa_helper/share/wa_helper/cmake/wa_helperConfig.cmake
-- Up-to-date: /home/theo/dev_ws/install/wa_helper/share/wa_helper/cmake/wa_helperConfig-version.cmake
-- Up-to-date: /home/theo/dev_ws/install/wa_helper/share/wa_helper/package.xml
