[0.024s] Invoking command in '/home/theo/dev_ws/build/cpp_srvcli': CMAKE_PREFIX_PATH=${CMAKE_PREFIX_PATH}:/opt/ros/foxy /usr/bin/cmake --build /home/theo/dev_ws/build/cpp_srvcli -- -j1 -l1
[0.183s] [ 50%] Built target client
[0.246s] [100%] Built target server
[0.263s] Invoked command in '/home/theo/dev_ws/build/cpp_srvcli' returned '0': CMAKE_PREFIX_PATH=${CMAKE_PREFIX_PATH}:/opt/ros/foxy /usr/bin/cmake --build /home/theo/dev_ws/build/cpp_srvcli -- -j1 -l1
[0.315s] Invoking command in '/home/theo/dev_ws/build/cpp_srvcli': CMAKE_PREFIX_PATH=${CMAKE_PREFIX_PATH}:/opt/ros/foxy /usr/bin/cmake --install /home/theo/dev_ws/build/cpp_srvcli
[0.335s] -- Install configuration: ""
[0.336s] -- Up-to-date: /home/theo/dev_ws/install/cpp_srvcli/lib/cpp_srvcli/server
[0.337s] -- Up-to-date: /home/theo/dev_ws/install/cpp_srvcli/lib/cpp_srvcli/client
[0.337s] -- Up-to-date: /home/theo/dev_ws/install/cpp_srvcli/share/ament_index/resource_index/package_run_dependencies/cpp_srvcli
[0.338s] -- Up-to-date: /home/theo/dev_ws/install/cpp_srvcli/share/ament_index/resource_index/parent_prefix_path/cpp_srvcli
[0.338s] -- Up-to-date: /home/theo/dev_ws/install/cpp_srvcli/share/cpp_srvcli/environment/ament_prefix_path.sh
[0.338s] -- Up-to-date: /home/theo/dev_ws/install/cpp_srvcli/share/cpp_srvcli/environment/ament_prefix_path.dsv
[0.339s] -- Up-to-date: /home/theo/dev_ws/install/cpp_srvcli/share/cpp_srvcli/environment/path.sh
[0.339s] -- Up-to-date: /home/theo/dev_ws/install/cpp_srvcli/share/cpp_srvcli/environment/path.dsv
[0.339s] -- Up-to-date: /home/theo/dev_ws/install/cpp_srvcli/share/cpp_srvcli/local_setup.bash
[0.340s] -- Up-to-date: /home/theo/dev_ws/install/cpp_srvcli/share/cpp_srvcli/local_setup.sh
[0.340s] -- Up-to-date: /home/theo/dev_ws/install/cpp_srvcli/share/cpp_srvcli/local_setup.zsh
[0.340s] -- Up-to-date: /home/theo/dev_ws/install/cpp_srvcli/share/cpp_srvcli/local_setup.dsv
[0.341s] -- Installing: /home/theo/dev_ws/install/cpp_srvcli/share/cpp_srvcli/package.dsv
[0.341s] -- Up-to-date: /home/theo/dev_ws/install/cpp_srvcli/share/ament_index/resource_index/packages/cpp_srvcli
[0.341s] -- Up-to-date: /home/theo/dev_ws/install/cpp_srvcli/share/cpp_srvcli/cmake/cpp_srvcliConfig.cmake
[0.342s] -- Up-to-date: /home/theo/dev_ws/install/cpp_srvcli/share/cpp_srvcli/cmake/cpp_srvcliConfig-version.cmake
[0.342s] -- Up-to-date: /home/theo/dev_ws/install/cpp_srvcli/share/cpp_srvcli/package.xml
[0.347s] Invoked command in '/home/theo/dev_ws/build/cpp_srvcli' returned '0': CMAKE_PREFIX_PATH=${CMAKE_PREFIX_PATH}:/opt/ros/foxy /usr/bin/cmake --install /home/theo/dev_ws/build/cpp_srvcli
