-- Found ament_cmake: 0.9.7 (/opt/ros/foxy/share/ament_cmake/cmake)
-- Using PYTHON_EXECUTABLE: /usr/bin/python3
-- Found rclcpp: 2.2.0 (/opt/ros/foxy/share/rclcpp/cmake)
-- Using all available rosidl_typesupport_c: rosidl_typesupport_fastrtps_c;rosidl_typesupport_introspection_c
-- Found rosidl_adapter: 1.1.0 (/opt/ros/foxy/share/rosidl_adapter/cmake)
-- Using all available rosidl_typesupport_cpp: rosidl_typesupport_fastrtps_cpp;rosidl_typesupport_introspection_cpp
-- Found rmw_implementation_cmake: 1.0.1 (/opt/ros/foxy/share/rmw_implementation_cmake/cmake)
-- Using RMW implementation 'rmw_fastrtps_cpp' as default
-- Found tutorial_interfaces: 0.0.0 (/home/theo/dev_ws/install/tutorial_interfaces/share/tutorial_interfaces/cmake)
-- Found wa_helper: 0.0.0 (/home/theo/dev_ws/install/wa_helper/share/wa_helper/cmake)
-- Configuring done
-- Generating done
-- Build files have been written to: /home/theo/dev_ws/build/wa_pubsub
[ 50%] [32m[1mLinking CXX executable wa_pub_test[0m
[100%] Built target wa_pub_test
-- Install configuration: ""
-- Installing: /home/theo/dev_ws/install/wa_pubsub/lib/wa_pubsub/wa_pub_test
-- Set runtime path of "/home/theo/dev_ws/install/wa_pubsub/lib/wa_pubsub/wa_pub_test" to ""
-- Up-to-date: /home/theo/dev_ws/install/wa_pubsub/share/ament_index/resource_index/package_run_dependencies/wa_pubsub
-- Up-to-date: /home/theo/dev_ws/install/wa_pubsub/share/ament_index/resource_index/parent_prefix_path/wa_pubsub
-- Up-to-date: /home/theo/dev_ws/install/wa_pubsub/share/wa_pubsub/environment/ament_prefix_path.sh
-- Installing: /home/theo/dev_ws/install/wa_pubsub/share/wa_pubsub/environment/ament_prefix_path.dsv
-- Up-to-date: /home/theo/dev_ws/install/wa_pubsub/share/wa_pubsub/environment/path.sh
-- Installing: /home/theo/dev_ws/install/wa_pubsub/share/wa_pubsub/environment/path.dsv
-- Up-to-date: /home/theo/dev_ws/install/wa_pubsub/share/wa_pubsub/local_setup.bash
-- Up-to-date: /home/theo/dev_ws/install/wa_pubsub/share/wa_pubsub/local_setup.sh
-- Up-to-date: /home/theo/dev_ws/install/wa_pubsub/share/wa_pubsub/local_setup.zsh
-- Installing: /home/theo/dev_ws/install/wa_pubsub/share/wa_pubsub/local_setup.dsv
-- Installing: /home/theo/dev_ws/install/wa_pubsub/share/wa_pubsub/package.dsv
-- Up-to-date: /home/theo/dev_ws/install/wa_pubsub/share/ament_index/resource_index/packages/wa_pubsub
-- Up-to-date: /home/theo/dev_ws/install/wa_pubsub/share/wa_pubsub/cmake/wa_pubsubConfig.cmake
-- Up-to-date: /home/theo/dev_ws/install/wa_pubsub/share/wa_pubsub/cmake/wa_pubsubConfig-version.cmake
-- Up-to-date: /home/theo/dev_ws/install/wa_pubsub/share/wa_pubsub/package.xml
