[0.017s] Invoking command in '/home/theo/dev_ws/build/wa_helper': CMAKE_PREFIX_PATH=/opt/ros/foxy /usr/bin/cmake --build /home/theo/dev_ws/build/wa_helper -- -j1 -l1
[0.063s] -- Found ament_cmake: 0.9.7 (/opt/ros/foxy/share/ament_cmake/cmake)
[0.089s] -- Using PYTHON_EXECUTABLE: /usr/bin/python3
[0.387s] -- Found rclcpp: 2.2.0 (/opt/ros/foxy/share/rclcpp/cmake)
[0.428s] -- Using all available rosidl_typesupport_c: rosidl_typesupport_fastrtps_c;rosidl_typesupport_introspection_c
[0.434s] -- Found rosidl_adapter: 1.1.0 (/opt/ros/foxy/share/rosidl_adapter/cmake)
[0.610s] -- Using all available rosidl_typesupport_cpp: rosidl_typesupport_fastrtps_cpp;rosidl_typesupport_introspection_cpp
[0.702s] -- Found rmw_implementation_cmake: 1.0.1 (/opt/ros/foxy/share/rmw_implementation_cmake/cmake)
[0.704s] -- Using RMW implementation 'rmw_fastrtps_cpp' as default
[1.054s] -- Configuring done
[1.056s] CMake Error at CMakeLists.txt:8 (add_library):
[1.056s]   Cannot find source file:
[1.056s] 
[1.056s]     src/wa_publisher.cpp
[1.056s] 
[1.057s]   Tried extensions .c .C .c++ .cc .cpp .cxx .cu .m .M .mm .h .hh .h++ .hm
[1.057s]   .hpp .hxx .in .txx
[1.057s] 
[1.057s] 
[1.058s] CMake Error at CMakeLists.txt:8 (add_library):
[1.059s]   No SOURCES given to target: wa_publisher
[1.059s] 
[1.059s] 
[1.059s] CMake Generate step failed.  Build files cannot be regenerated correctly.
[1.064s] make: *** [Makefile:236: cmake_check_build_system] Error 1
[1.068s] Invoked command in '/home/theo/dev_ws/build/wa_helper' returned '2': CMAKE_PREFIX_PATH=/opt/ros/foxy /usr/bin/cmake --build /home/theo/dev_ws/build/wa_helper -- -j1 -l1
