[0.025s] Invoking command in '/home/theo/dev_ws/build/cpp_srvcli': CMAKE_PREFIX_PATH=${CMAKE_PREFIX_PATH}:/opt/ros/foxy /usr/bin/cmake --build /home/theo/dev_ws/build/cpp_srvcli -- -j1 -l1
[0.173s] [ 50%] Built target client
[0.202s] [35m[1mScanning dependencies of target server[0m
[0.248s] [ 75%] [32mBuilding CXX object CMakeFiles/server.dir/src/add_two_ints_server.cpp.o[0m
[3.469s] [01m[K/home/theo/dev_ws/src/cpp_srvcli/src/add_two_ints_server.cpp:[m[K In function ‘[01m[Kint main(int, char**)[m[K’:
[3.469s] [01m[K/home/theo/dev_ws/src/cpp_srvcli/src/add_two_ints_server.cpp:16:10:[m[K [01;31m[Kerror: [m[K‘[01m[Kinit[m[K’ was not declared in this scope; did you mean ‘[01m[Krclcpp::init[m[K’?
[3.469s]    16 |   rclcpp:[01;31m[Kinit[m[K(argc, argv);
[3.470s]       |          [01;31m[K^~~~[m[K
[3.470s]       |          [32m[Krclcpp::init[m[K
[3.470s] In file included from [01m[K/opt/ros/foxy/include/rclcpp/client.hpp:36[m[K,
[3.470s]                  from [01m[K/opt/ros/foxy/include/rclcpp/callback_group.hpp:23[m[K,
[3.471s]                  from [01m[K/opt/ros/foxy/include/rclcpp/any_executable.hpp:20[m[K,
[3.471s]                  from [01m[K/opt/ros/foxy/include/rclcpp/memory_strategy.hpp:24[m[K,
[3.471s]                  from [01m[K/opt/ros/foxy/include/rclcpp/memory_strategies.hpp:18[m[K,
[3.471s]                  from [01m[K/opt/ros/foxy/include/rclcpp/executor_options.hpp:20[m[K,
[3.471s]                  from [01m[K/opt/ros/foxy/include/rclcpp/executor.hpp:33[m[K,
[3.472s]                  from [01m[K/opt/ros/foxy/include/rclcpp/executors/multi_threaded_executor.hpp:25[m[K,
[3.472s]                  from [01m[K/opt/ros/foxy/include/rclcpp/executors.hpp:21[m[K,
[3.472s]                  from [01m[K/opt/ros/foxy/include/rclcpp/rclcpp.hpp:146[m[K,
[3.472s]                  from [01m[K/home/theo/dev_ws/src/cpp_srvcli/src/add_two_ints_server.cpp:1[m[K:
[3.472s] [01m[K/opt/ros/foxy/include/rclcpp/utilities.hpp:56:1:[m[K [01;36m[Knote: [m[K‘[01m[Krclcpp::init[m[K’ declared here
[3.473s]    56 | [01;36m[Kinit[m[K(int argc, char const * const argv[], const InitOptions & init_options = InitOptions());
[3.473s]       | [01;36m[K^~~~[m[K
[3.479s] [01m[K/home/theo/dev_ws/src/cpp_srvcli/src/add_two_ints_server.cpp:18:54:[m[K [01;31m[Kerror: [m[K‘[01m[KMake_shared[m[K’ is not a member of ‘[01m[Krclcpp::Node[m[K’
[3.479s]    18 |   std::shared_ptr<rclcpp::Node> node = rclcpp::Node::[01;31m[KMake_shared[m[K("add_two_ints_server");
[3.479s]       |                                                      [01;31m[K^~~~~~~~~~~[m[K
[3.481s] [01m[K/home/theo/dev_ws/src/cpp_srvcli/src/add_two_ints_server.cpp:20:154:[m[K [01;31m[Kerror: [m[Kno matching function for call to ‘[01m[Kexample_interfaces::srv::AddTwoInts::AddTwoInts(const char [13], void (*)(std::shared_ptr<example_interfaces::srv::AddTwoInts_Request_<std::allocator<void> > >, std::shared_ptr<example_interfaces::srv::AddTwoInts_Response_<std::allocator<void> > >))[m[K’
[3.481s]    20 | e = node->create_service<example_interfaces::srv::AddTwoInts("add_two_ints", &add[01;31m[K)[m[K;
[3.481s]       |                                                                                  [01;31m[K^[m[K
[3.481s] 
[3.482s] In file included from [01m[K/opt/ros/foxy/include/example_interfaces/srv/add_two_ints.hpp:7[m[K,
[3.482s]                  from [01m[K/home/theo/dev_ws/src/cpp_srvcli/src/add_two_ints_server.cpp:2[m[K:
[3.482s] [01m[K/opt/ros/foxy/include/example_interfaces/srv/detail/add_two_ints__struct.hpp:264:8:[m[K [01;36m[Knote: [m[Kcandidate: ‘[01m[Kconstexpr example_interfaces::srv::AddTwoInts::AddTwoInts()[m[K’
[3.483s]   264 | struct [01;36m[KAddTwoInts[m[K
[3.483s]       |        [01;36m[K^~~~~~~~~~[m[K
[3.484s] [01m[K/opt/ros/foxy/include/example_interfaces/srv/detail/add_two_ints__struct.hpp:264:8:[m[K [01;36m[Knote: [m[K  candidate expects 0 arguments, 2 provided
[3.484s] [01m[K/opt/ros/foxy/include/example_interfaces/srv/detail/add_two_ints__struct.hpp:264:8:[m[K [01;36m[Knote: [m[Kcandidate: ‘[01m[Kconstexpr example_interfaces::srv::AddTwoInts::AddTwoInts(const example_interfaces::srv::AddTwoInts&)[m[K’
[3.485s] [01m[K/opt/ros/foxy/include/example_interfaces/srv/detail/add_two_ints__struct.hpp:264:8:[m[K [01;36m[Knote: [m[K  candidate expects 1 argument, 2 provided
[3.485s] [01m[K/opt/ros/foxy/include/example_interfaces/srv/detail/add_two_ints__struct.hpp:264:8:[m[K [01;36m[Knote: [m[Kcandidate: ‘[01m[Kconstexpr example_interfaces::srv::AddTwoInts::AddTwoInts(example_interfaces::srv::AddTwoInts&&)[m[K’
[3.486s] [01m[K/opt/ros/foxy/include/example_interfaces/srv/detail/add_two_ints__struct.hpp:264:8:[m[K [01;36m[Knote: [m[K  candidate expects 1 argument, 2 provided
[3.491s] [01m[K/home/theo/dev_ws/src/cpp_srvcli/src/add_two_ints_server.cpp:20:83:[m[K [01;31m[Kerror: [m[Kparse error in template argument list
[3.491s]    20 |  rclcpp::Service<example_interfaces::srv::AddTwoInts>::SharedPtr service = node->[01;31m[Kcreate_service<example_interfaces::srv::AddTwoInts("add_two_ints", &add)[m[K;
[3.491s]       |                                                                                  [01;31m[K^~~~~~~~~~~~~~~~~~~~~~~~~~~~~~~~~~~~~~~~~~~~~~~~~~~~~~~~~~~~~~~~~~~~~~~~[m[K
[3.492s] 
[3.492s] [01m[K/home/theo/dev_ws/src/cpp_srvcli/src/add_two_ints_server.cpp:20:83:[m[K [01;31m[Kerror: [m[Kconversion from ‘[01m[K<unresolved overloaded function type>[m[K’ to non-scalar type ‘[01m[Krclcpp::Service<example_interfaces::srv::AddTwoInts>::SharedPtr[m[K’ {aka ‘[01m[Kstd::shared_ptr<rclcpp::Service<example_interfaces::srv::AddTwoInts> >[m[K’} requested
[3.492s]    20 |  rclcpp::Service<example_interfaces::srv::AddTwoInts>::SharedPtr service = [01;31m[Knode->create_service<example_interfaces::srv::AddTwoInts("add_two_ints", &add)[m[K;
[3.492s]       |                                                                            [01;31m[K~~~~~~^~~~~~~~~~~~~~~~~~~~~~~~~~~~~~~~~~~~~~~~~~~~~~~~~~~~~~~~~~~~~~~~~~~~~~~~[m[K
[3.493s] 
[4.367s] make[2]: *** [CMakeFiles/server.dir/build.make:63: CMakeFiles/server.dir/src/add_two_ints_server.cpp.o] Error 1
[4.369s] make[1]: *** [CMakeFiles/Makefile2:107: CMakeFiles/server.dir/all] Error 2
[4.370s] make: *** [Makefile:141: all] Error 2
[4.371s] Invoked command in '/home/theo/dev_ws/build/cpp_srvcli' returned '2': CMAKE_PREFIX_PATH=${CMAKE_PREFIX_PATH}:/opt/ros/foxy /usr/bin/cmake --build /home/theo/dev_ws/build/cpp_srvcli -- -j1 -l1
