[0.009s] Invoking command in '/home/theo/dev_ws/build/tutorial_interfaces': CMAKE_PREFIX_PATH=/opt/ros/foxy /usr/bin/cmake /home/theo/dev_ws/src/tutorial_interfaces -DCMAKE_INSTALL_PREFIX=/home/theo/dev_ws/install/tutorial_interfaces
[0.088s] -- The C compiler identification is GNU 9.3.0
[0.201s] -- The CXX compiler identification is GNU 9.3.0
[0.208s] -- Check for working C compiler: /usr/bin/cc
[0.285s] -- Check for working C compiler: /usr/bin/cc -- works
[0.286s] -- Detecting C compiler ABI info
[0.363s] -- Detecting C compiler ABI info - done
[0.385s] -- Detecting C compile features
[0.385s] -- Detecting C compile features - done
[0.389s] -- Check for working CXX compiler: /usr/bin/c++
[0.478s] -- Check for working CXX compiler: /usr/bin/c++ -- works
[0.480s] -- Detecting CXX compiler ABI info
[0.571s] -- Detecting CXX compiler ABI info - done
[0.595s] -- Detecting CXX compile features
[0.596s] -- Detecting CXX compile features - done
[0.598s] -- Found ament_cmake: 0.9.7 (/opt/ros/foxy/share/ament_cmake/cmake)
[0.631s] -- Found PythonInterp: /usr/bin/python3 (found suitable version "3.8.5", minimum required is "3") 
[0.631s] -- Using PYTHON_EXECUTABLE: /usr/bin/python3
[0.895s] -- Found rosidl_default_generators: 1.0.0 (/opt/ros/foxy/share/rosidl_default_generators/cmake)
[0.900s] -- Using all available rosidl_typesupport_c: rosidl_typesupport_fastrtps_c;rosidl_typesupport_introspection_c
[0.909s] -- Found rosidl_adapter: 1.1.0 (/opt/ros/foxy/share/rosidl_adapter/cmake)
[1.009s] -- Found OpenSSL: /usr/lib/x86_64-linux-gnu/libcrypto.so (found version "1.1.1f")  
[1.049s] -- Found FastRTPS: /opt/ros/foxy/include  
[1.181s] -- Using all available rosidl_typesupport_cpp: rosidl_typesupport_fastrtps_cpp;rosidl_typesupport_introspection_cpp
[1.265s] -- Found PythonInterp: /usr/bin/python3 (found version "3.8.5") 
[1.449s] -- Found ament_cmake_ros: 0.9.0 (/opt/ros/foxy/share/ament_cmake_ros/cmake)
[1.582s] -- Using all available rosidl_typesupport_c: rosidl_typesupport_fastrtps_c;rosidl_typesupport_introspection_c
[1.596s] -- Using all available rosidl_typesupport_cpp: rosidl_typesupport_fastrtps_cpp;rosidl_typesupport_introspection_cpp
[1.628s] -- Found PythonInterp: /usr/bin/python3 (found suitable version "3.8.5", minimum required is "3.5") 
[1.630s] -- Found python_cmake_module: 0.8.0 (/opt/ros/foxy/share/python_cmake_module/cmake)
[1.667s] -- Found PythonLibs: /usr/lib/x86_64-linux-gnu/libpython3.8.so (found suitable version "3.8.5", minimum required is "3.5") 
[1.668s] -- Using PYTHON_EXECUTABLE: /usr/bin/python3
[1.668s] -- Using PYTHON_INCLUDE_DIRS: /usr/include/python3.8
[1.668s] -- Using PYTHON_LIBRARIES: /usr/lib/x86_64-linux-gnu/libpython3.8.so
[1.693s] -- Found PythonExtra: .so  
[1.751s] -- Found ament_lint_auto: 0.9.5 (/opt/ros/foxy/share/ament_lint_auto/cmake)
[1.792s] -- Added test 'copyright' to check source files copyright and LICENSE
[1.796s] -- Added test 'lint_cmake' to check CMake code style
[1.798s] -- Added test 'xmllint' to check XML markup files
[1.805s] -- Configuring done
[1.868s] -- Generating done
[1.874s] -- Build files have been written to: /home/theo/dev_ws/build/tutorial_interfaces
[1.884s] Invoked command in '/home/theo/dev_ws/build/tutorial_interfaces' returned '0': CMAKE_PREFIX_PATH=/opt/ros/foxy /usr/bin/cmake /home/theo/dev_ws/src/tutorial_interfaces -DCMAKE_INSTALL_PREFIX=/home/theo/dev_ws/install/tutorial_interfaces
[1.885s] Invoking command in '/home/theo/dev_ws/build/tutorial_interfaces': CMAKE_PREFIX_PATH=/opt/ros/foxy /usr/bin/cmake --build /home/theo/dev_ws/build/tutorial_interfaces -- -j1 -l1
[1.936s] [35m[1mScanning dependencies of target tutorial_interfaces__cpp[0m
[1.951s] [  2%] [34m[1mGenerating C++ code for ROS interfaces[0m
[2.469s] [  2%] Built target tutorial_interfaces__cpp
[2.483s] [  5%] [34m[1mGenerating C++ type support dispatch for ROS interfaces[0m
[2.905s] [35m[1mScanning dependencies of target tutorial_interfaces__rosidl_typesupport_cpp[0m
[2.919s] [  7%] [32mBuilding CXX object CMakeFiles/tutorial_interfaces__rosidl_typesupport_cpp.dir/rosidl_typesupport_cpp/tutorial_interfaces/msg/num__type_support.cpp.o[0m
[3.298s] [ 10%] [32mBuilding CXX object CMakeFiles/tutorial_interfaces__rosidl_typesupport_cpp.dir/rosidl_typesupport_cpp/tutorial_interfaces/srv/add_three_ints__type_support.cpp.o[0m
[3.662s] [ 12%] [32m[1mLinking CXX shared library libtutorial_interfaces__rosidl_typesupport_cpp.so[0m
[3.716s] [ 12%] Built target tutorial_interfaces__rosidl_typesupport_cpp
[3.728s] [ 15%] [34m[1mGenerating C code for ROS interfaces[0m
[4.272s] [35m[1mScanning dependencies of target tutorial_interfaces__rosidl_generator_c[0m
[4.287s] [ 17%] [32mBuilding C object CMakeFiles/tutorial_interfaces__rosidl_generator_c.dir/rosidl_generator_c/tutorial_interfaces/msg/detail/num__functions.c.o[0m
[4.334s] [ 20%] [32mBuilding C object CMakeFiles/tutorial_interfaces__rosidl_generator_c.dir/rosidl_generator_c/tutorial_interfaces/srv/detail/add_three_ints__functions.c.o[0m
[4.387s] [ 23%] [32m[1mLinking C shared library libtutorial_interfaces__rosidl_generator_c.so[0m
[4.422s] [ 23%] Built target tutorial_interfaces__rosidl_generator_c
[4.432s] [ 25%] [34m[1mGenerating C++ type support for eProsima Fast-RTPS[0m
[4.948s] [35m[1mScanning dependencies of target tutorial_interfaces__rosidl_typesupport_fastrtps_cpp[0m
[4.974s] [ 28%] [32mBuilding CXX object CMakeFiles/tutorial_interfaces__rosidl_typesupport_fastrtps_cpp.dir/rosidl_typesupport_fastrtps_cpp/tutorial_interfaces/msg/detail/dds_fastrtps/num__type_support.cpp.o[0m
[5.485s] [ 30%] [32mBuilding CXX object CMakeFiles/tutorial_interfaces__rosidl_typesupport_fastrtps_cpp.dir/rosidl_typesupport_fastrtps_cpp/tutorial_interfaces/srv/detail/dds_fastrtps/add_three_ints__type_support.cpp.o[0m
[6.028s] [ 33%] [32m[1mLinking CXX shared library libtutorial_interfaces__rosidl_typesupport_fastrtps_cpp.so[0m
[6.134s] [ 33%] Built target tutorial_interfaces__rosidl_typesupport_fastrtps_cpp
[6.143s] [ 35%] [34m[1mGenerating C type support for eProsima Fast-RTPS[0m
[6.638s] [35m[1mScanning dependencies of target tutorial_interfaces__rosidl_typesupport_fastrtps_c[0m
[6.664s] [ 38%] [32mBuilding CXX object CMakeFiles/tutorial_interfaces__rosidl_typesupport_fastrtps_c.dir/rosidl_typesupport_fastrtps_c/tutorial_interfaces/msg/detail/num__type_support_c.cpp.o[0m
[7.100s] [ 41%] [32mBuilding CXX object CMakeFiles/tutorial_interfaces__rosidl_typesupport_fastrtps_c.dir/rosidl_typesupport_fastrtps_c/tutorial_interfaces/srv/detail/add_three_ints__type_support_c.cpp.o[0m
[7.553s] [ 43%] [32m[1mLinking CXX shared library libtutorial_interfaces__rosidl_typesupport_fastrtps_c.so[0m
[7.650s] [ 43%] Built target tutorial_interfaces__rosidl_typesupport_fastrtps_c
[7.663s] [ 46%] [34m[1mGenerating C introspection for ROS interfaces[0m
[8.136s] [35m[1mScanning dependencies of target tutorial_interfaces__rosidl_typesupport_introspection_c[0m
[8.150s] [ 48%] [32mBuilding C object CMakeFiles/tutorial_interfaces__rosidl_typesupport_introspection_c.dir/rosidl_typesupport_introspection_c/tutorial_interfaces/msg/detail/num__type_support.c.o[0m
[8.189s] [ 51%] [32mBuilding C object CMakeFiles/tutorial_interfaces__rosidl_typesupport_introspection_c.dir/rosidl_typesupport_introspection_c/tutorial_interfaces/srv/detail/add_three_ints__type_support.c.o[0m
[8.230s] [ 53%] [32m[1mLinking C shared library libtutorial_interfaces__rosidl_typesupport_introspection_c.so[0m
[8.264s] [ 53%] Built target tutorial_interfaces__rosidl_typesupport_introspection_c
[8.274s] [ 56%] [34m[1mGenerating C type support dispatch for ROS interfaces[0m
[8.680s] [35m[1mScanning dependencies of target tutorial_interfaces__rosidl_typesupport_c[0m
[8.694s] [ 58%] [32mBuilding CXX object CMakeFiles/tutorial_interfaces__rosidl_typesupport_c.dir/rosidl_typesupport_c/tutorial_interfaces/msg/num__type_support.cpp.o[0m
[8.727s] [ 61%] [32mBuilding CXX object CMakeFiles/tutorial_interfaces__rosidl_typesupport_c.dir/rosidl_typesupport_c/tutorial_interfaces/srv/add_three_ints__type_support.cpp.o[0m
[8.764s] [ 64%] [32m[1mLinking CXX shared library libtutorial_interfaces__rosidl_typesupport_c.so[0m
[8.811s] [ 64%] Built target tutorial_interfaces__rosidl_typesupport_c
[8.820s] [ 66%] [34m[1mGenerating C++ introspection for ROS interfaces[0m
[9.283s] [35m[1mScanning dependencies of target tutorial_interfaces__rosidl_typesupport_introspection_cpp[0m
[9.300s] [ 69%] [32mBuilding CXX object CMakeFiles/tutorial_interfaces__rosidl_typesupport_introspection_cpp.dir/rosidl_typesupport_introspection_cpp/tutorial_interfaces/msg/detail/num__type_support.cpp.o[0m
[9.647s] [ 71%] [32mBuilding CXX object CMakeFiles/tutorial_interfaces__rosidl_typesupport_introspection_cpp.dir/rosidl_typesupport_introspection_cpp/tutorial_interfaces/srv/detail/add_three_ints__type_support.cpp.o[0m
[10.013s] [ 74%] [32m[1mLinking CXX shared library libtutorial_interfaces__rosidl_typesupport_introspection_cpp.so[0m
[10.056s] [ 74%] Built target tutorial_interfaces__rosidl_typesupport_introspection_cpp
[10.066s] [35m[1mScanning dependencies of target tutorial_interfaces[0m
[10.079s] [ 74%] Built target tutorial_interfaces
[10.089s] [35m[1mScanning dependencies of target tutorial_interfaces__py[0m
[10.099s] [ 76%] [34m[1mGenerating Python code for ROS interfaces[0m
[11.155s] [ 76%] Built target tutorial_interfaces__py
[11.165s] [35m[1mScanning dependencies of target tutorial_interfaces__python[0m
[11.222s] [ 79%] [32mBuilding C object CMakeFiles/tutorial_interfaces__python.dir/rosidl_generator_py/tutorial_interfaces/msg/_num_s.c.o[0m
[11.344s] [ 82%] [32mBuilding C object CMakeFiles/tutorial_interfaces__python.dir/rosidl_generator_py/tutorial_interfaces/srv/_add_three_ints_s.c.o[0m
[11.466s] [ 84%] [32m[1mLinking C shared library rosidl_generator_py/tutorial_interfaces/libtutorial_interfaces__python.so[0m
[11.510s] [ 84%] Built target tutorial_interfaces__python
[11.520s] [35m[1mScanning dependencies of target tutorial_interfaces__rosidl_typesupport_c__pyext[0m
[11.540s] [ 87%] [32mBuilding C object CMakeFiles/tutorial_interfaces__rosidl_typesupport_c__pyext.dir/rosidl_generator_py/tutorial_interfaces/_tutorial_interfaces_s.ep.rosidl_typesupport_c.c.o[0m
[11.651s] [ 89%] [32m[1mLinking C shared library rosidl_generator_py/tutorial_interfaces/tutorial_interfaces_s__rosidl_typesupport_c.cpython-38-x86_64-linux-gnu.so[0m
[11.686s] [ 89%] Built target tutorial_interfaces__rosidl_typesupport_c__pyext
[11.699s] [35m[1mScanning dependencies of target tutorial_interfaces__rosidl_typesupport_introspection_c__pyext[0m
[11.720s] [ 92%] [32mBuilding C object CMakeFiles/tutorial_interfaces__rosidl_typesupport_introspection_c__pyext.dir/rosidl_generator_py/tutorial_interfaces/_tutorial_interfaces_s.ep.rosidl_typesupport_introspection_c.c.o[0m
[11.832s] [ 94%] [32m[1mLinking C shared library rosidl_generator_py/tutorial_interfaces/tutorial_interfaces_s__rosidl_typesupport_introspection_c.cpython-38-x86_64-linux-gnu.so[0m
[11.867s] [ 94%] Built target tutorial_interfaces__rosidl_typesupport_introspection_c__pyext
[11.877s] [35m[1mScanning dependencies of target tutorial_interfaces__rosidl_typesupport_fastrtps_c__pyext[0m
[11.902s] [ 97%] [32mBuilding C object CMakeFiles/tutorial_interfaces__rosidl_typesupport_fastrtps_c__pyext.dir/rosidl_generator_py/tutorial_interfaces/_tutorial_interfaces_s.ep.rosidl_typesupport_fastrtps_c.c.o[0m
[12.019s] [100%] [32m[1mLinking CXX shared library rosidl_generator_py/tutorial_interfaces/tutorial_interfaces_s__rosidl_typesupport_fastrtps_c.cpython-38-x86_64-linux-gnu.so[0m
[12.094s] [100%] Built target tutorial_interfaces__rosidl_typesupport_fastrtps_c__pyext
[12.106s] Invoked command in '/home/theo/dev_ws/build/tutorial_interfaces' returned '0': CMAKE_PREFIX_PATH=/opt/ros/foxy /usr/bin/cmake --build /home/theo/dev_ws/build/tutorial_interfaces -- -j1 -l1
[12.178s] Invoking command in '/home/theo/dev_ws/build/tutorial_interfaces': CMAKE_PREFIX_PATH=/opt/ros/foxy /usr/bin/cmake --install /home/theo/dev_ws/build/tutorial_interfaces
[12.188s] -- Install configuration: ""
[12.189s] -- Installing: /home/theo/dev_ws/install/tutorial_interfaces/share/ament_index/resource_index/rosidl_interfaces/tutorial_interfaces
[12.189s] -- Installing: /home/theo/dev_ws/install/tutorial_interfaces/include/tutorial_interfaces
[12.189s] -- Installing: /home/theo/dev_ws/install/tutorial_interfaces/include/tutorial_interfaces/srv
[12.190s] -- Installing: /home/theo/dev_ws/install/tutorial_interfaces/include/tutorial_interfaces/srv/detail
[12.190s] -- Installing: /home/theo/dev_ws/install/tutorial_interfaces/include/tutorial_interfaces/srv/detail/add_three_ints__functions.c
[12.194s] -- Installing: /home/theo/dev_ws/install/tutorial_interfaces/include/tutorial_interfaces/srv/detail/add_three_ints__struct.h
[12.194s] -- Installing: /home/theo/dev_ws/install/tutorial_interfaces/include/tutorial_interfaces/srv/detail/add_three_ints__functions.h
[12.195s] -- Installing: /home/theo/dev_ws/install/tutorial_interfaces/include/tutorial_interfaces/srv/detail/add_three_ints__type_support.h
[12.195s] -- Installing: /home/theo/dev_ws/install/tutorial_interfaces/include/tutorial_interfaces/srv/add_three_ints.h
[12.195s] -- Installing: /home/theo/dev_ws/install/tutorial_interfaces/include/tutorial_interfaces/msg
[12.195s] -- Installing: /home/theo/dev_ws/install/tutorial_interfaces/include/tutorial_interfaces/msg/num.h
[12.196s] -- Installing: /home/theo/dev_ws/install/tutorial_interfaces/include/tutorial_interfaces/msg/rosidl_generator_c__visibility_control.h
[12.196s] -- Installing: /home/theo/dev_ws/install/tutorial_interfaces/include/tutorial_interfaces/msg/detail
[12.196s] -- Installing: /home/theo/dev_ws/install/tutorial_interfaces/include/tutorial_interfaces/msg/detail/num__type_support.h
[12.196s] -- Installing: /home/theo/dev_ws/install/tutorial_interfaces/include/tutorial_interfaces/msg/detail/num__functions.c
[12.197s] -- Installing: /home/theo/dev_ws/install/tutorial_interfaces/include/tutorial_interfaces/msg/detail/num__functions.h
[12.197s] -- Installing: /home/theo/dev_ws/install/tutorial_interfaces/include/tutorial_interfaces/msg/detail/num__struct.h
[12.198s] -- Installing: /home/theo/dev_ws/install/tutorial_interfaces/share/tutorial_interfaces/environment/library_path.sh
[12.198s] -- Installing: /home/theo/dev_ws/install/tutorial_interfaces/share/tutorial_interfaces/environment/library_path.dsv
[12.199s] -- Installing: /home/theo/dev_ws/install/tutorial_interfaces/lib/libtutorial_interfaces__rosidl_generator_c.so
[12.200s] -- Set runtime path of "/home/theo/dev_ws/install/tutorial_interfaces/lib/libtutorial_interfaces__rosidl_generator_c.so" to ""
[12.200s] -- Up-to-date: /home/theo/dev_ws/install/tutorial_interfaces/include/tutorial_interfaces
[12.200s] -- Up-to-date: /home/theo/dev_ws/install/tutorial_interfaces/include/tutorial_interfaces/srv
[12.200s] -- Up-to-date: /home/theo/dev_ws/install/tutorial_interfaces/include/tutorial_interfaces/srv/detail
[12.201s] -- Installing: /home/theo/dev_ws/install/tutorial_interfaces/include/tutorial_interfaces/srv/detail/add_three_ints__rosidl_typesupport_fastrtps_c.h
[12.201s] -- Up-to-date: /home/theo/dev_ws/install/tutorial_interfaces/include/tutorial_interfaces/msg
[12.201s] -- Up-to-date: /home/theo/dev_ws/install/tutorial_interfaces/include/tutorial_interfaces/msg/detail
[12.201s] -- Installing: /home/theo/dev_ws/install/tutorial_interfaces/include/tutorial_interfaces/msg/detail/num__rosidl_typesupport_fastrtps_c.h
[12.201s] -- Installing: /home/theo/dev_ws/install/tutorial_interfaces/include/tutorial_interfaces/msg/rosidl_typesupport_fastrtps_c__visibility_control.h
[12.202s] -- Installing: /home/theo/dev_ws/install/tutorial_interfaces/lib/libtutorial_interfaces__rosidl_typesupport_fastrtps_c.so
[12.202s] -- Set runtime path of "/home/theo/dev_ws/install/tutorial_interfaces/lib/libtutorial_interfaces__rosidl_typesupport_fastrtps_c.so" to ""
[12.203s] -- Up-to-date: /home/theo/dev_ws/install/tutorial_interfaces/include/tutorial_interfaces
[12.203s] -- Up-to-date: /home/theo/dev_ws/install/tutorial_interfaces/include/tutorial_interfaces/srv
[12.203s] -- Up-to-date: /home/theo/dev_ws/install/tutorial_interfaces/include/tutorial_interfaces/srv/detail
[12.203s] -- Installing: /home/theo/dev_ws/install/tutorial_interfaces/include/tutorial_interfaces/srv/detail/dds_fastrtps
[12.204s] -- Installing: /home/theo/dev_ws/install/tutorial_interfaces/include/tutorial_interfaces/srv/detail/add_three_ints__rosidl_typesupport_fastrtps_cpp.hpp
[12.204s] -- Up-to-date: /home/theo/dev_ws/install/tutorial_interfaces/include/tutorial_interfaces/msg
[12.204s] -- Installing: /home/theo/dev_ws/install/tutorial_interfaces/include/tutorial_interfaces/msg/rosidl_typesupport_fastrtps_cpp__visibility_control.h
[12.204s] -- Up-to-date: /home/theo/dev_ws/install/tutorial_interfaces/include/tutorial_interfaces/msg/detail
[12.205s] -- Installing: /home/theo/dev_ws/install/tutorial_interfaces/include/tutorial_interfaces/msg/detail/dds_fastrtps
[12.205s] -- Installing: /home/theo/dev_ws/install/tutorial_interfaces/include/tutorial_interfaces/msg/detail/num__rosidl_typesupport_fastrtps_cpp.hpp
[12.205s] -- Installing: /home/theo/dev_ws/install/tutorial_interfaces/lib/libtutorial_interfaces__rosidl_typesupport_fastrtps_cpp.so
[12.206s] -- Set runtime path of "/home/theo/dev_ws/install/tutorial_interfaces/lib/libtutorial_interfaces__rosidl_typesupport_fastrtps_cpp.so" to ""
[12.206s] -- Up-to-date: /home/theo/dev_ws/install/tutorial_interfaces/include/tutorial_interfaces
[12.206s] -- Up-to-date: /home/theo/dev_ws/install/tutorial_interfaces/include/tutorial_interfaces/srv
[12.207s] -- Up-to-date: /home/theo/dev_ws/install/tutorial_interfaces/include/tutorial_interfaces/srv/detail
[12.207s] -- Installing: /home/theo/dev_ws/install/tutorial_interfaces/include/tutorial_interfaces/srv/detail/add_three_ints__rosidl_typesupport_introspection_c.h
[12.207s] -- Installing: /home/theo/dev_ws/install/tutorial_interfaces/include/tutorial_interfaces/srv/detail/add_three_ints__type_support.c
[12.207s] -- Up-to-date: /home/theo/dev_ws/install/tutorial_interfaces/include/tutorial_interfaces/msg
[12.208s] -- Up-to-date: /home/theo/dev_ws/install/tutorial_interfaces/include/tutorial_interfaces/msg/detail
[12.208s] -- Installing: /home/theo/dev_ws/install/tutorial_interfaces/include/tutorial_interfaces/msg/detail/num__type_support.c
[12.208s] -- Installing: /home/theo/dev_ws/install/tutorial_interfaces/include/tutorial_interfaces/msg/detail/num__rosidl_typesupport_introspection_c.h
[12.208s] -- Installing: /home/theo/dev_ws/install/tutorial_interfaces/include/tutorial_interfaces/msg/rosidl_typesupport_introspection_c__visibility_control.h
[12.209s] -- Installing: /home/theo/dev_ws/install/tutorial_interfaces/lib/libtutorial_interfaces__rosidl_typesupport_introspection_c.so
[12.209s] -- Set runtime path of "/home/theo/dev_ws/install/tutorial_interfaces/lib/libtutorial_interfaces__rosidl_typesupport_introspection_c.so" to ""
[12.210s] -- Installing: /home/theo/dev_ws/install/tutorial_interfaces/lib/libtutorial_interfaces__rosidl_typesupport_c.so
[12.210s] -- Set runtime path of "/home/theo/dev_ws/install/tutorial_interfaces/lib/libtutorial_interfaces__rosidl_typesupport_c.so" to ""
[12.211s] -- Up-to-date: /home/theo/dev_ws/install/tutorial_interfaces/include/tutorial_interfaces
[12.211s] -- Up-to-date: /home/theo/dev_ws/install/tutorial_interfaces/include/tutorial_interfaces/srv
[12.211s] -- Installing: /home/theo/dev_ws/install/tutorial_interfaces/include/tutorial_interfaces/srv/add_three_ints.hpp
[12.211s] -- Up-to-date: /home/theo/dev_ws/install/tutorial_interfaces/include/tutorial_interfaces/srv/detail
[12.211s] -- Installing: /home/theo/dev_ws/install/tutorial_interfaces/include/tutorial_interfaces/srv/detail/add_three_ints__struct.hpp
[12.212s] -- Installing: /home/theo/dev_ws/install/tutorial_interfaces/include/tutorial_interfaces/srv/detail/add_three_ints__builder.hpp
[12.212s] -- Installing: /home/theo/dev_ws/install/tutorial_interfaces/include/tutorial_interfaces/srv/detail/add_three_ints__traits.hpp
[12.212s] -- Up-to-date: /home/theo/dev_ws/install/tutorial_interfaces/include/tutorial_interfaces/msg
[12.212s] -- Installing: /home/theo/dev_ws/install/tutorial_interfaces/include/tutorial_interfaces/msg/num.hpp
[12.213s] -- Up-to-date: /home/theo/dev_ws/install/tutorial_interfaces/include/tutorial_interfaces/msg/detail
[12.213s] -- Installing: /home/theo/dev_ws/install/tutorial_interfaces/include/tutorial_interfaces/msg/detail/num__struct.hpp
[12.213s] -- Installing: /home/theo/dev_ws/install/tutorial_interfaces/include/tutorial_interfaces/msg/detail/num__builder.hpp
[12.213s] -- Installing: /home/theo/dev_ws/install/tutorial_interfaces/include/tutorial_interfaces/msg/detail/num__traits.hpp
[12.214s] -- Up-to-date: /home/theo/dev_ws/install/tutorial_interfaces/include/tutorial_interfaces
[12.214s] -- Up-to-date: /home/theo/dev_ws/install/tutorial_interfaces/include/tutorial_interfaces/srv
[12.214s] -- Up-to-date: /home/theo/dev_ws/install/tutorial_interfaces/include/tutorial_interfaces/srv/detail
[12.214s] -- Installing: /home/theo/dev_ws/install/tutorial_interfaces/include/tutorial_interfaces/srv/detail/add_three_ints__rosidl_typesupport_introspection_cpp.hpp
[12.215s] -- Installing: /home/theo/dev_ws/install/tutorial_interfaces/include/tutorial_interfaces/srv/detail/add_three_ints__type_support.cpp
[12.215s] -- Up-to-date: /home/theo/dev_ws/install/tutorial_interfaces/include/tutorial_interfaces/msg
[12.215s] -- Up-to-date: /home/theo/dev_ws/install/tutorial_interfaces/include/tutorial_interfaces/msg/detail
[12.215s] -- Installing: /home/theo/dev_ws/install/tutorial_interfaces/include/tutorial_interfaces/msg/detail/num__type_support.cpp
[12.215s] -- Installing: /home/theo/dev_ws/install/tutorial_interfaces/include/tutorial_interfaces/msg/detail/num__rosidl_typesupport_introspection_cpp.hpp
[12.216s] -- Installing: /home/theo/dev_ws/install/tutorial_interfaces/lib/libtutorial_interfaces__rosidl_typesupport_introspection_cpp.so
[12.216s] -- Set runtime path of "/home/theo/dev_ws/install/tutorial_interfaces/lib/libtutorial_interfaces__rosidl_typesupport_introspection_cpp.so" to ""
[12.217s] -- Installing: /home/theo/dev_ws/install/tutorial_interfaces/lib/libtutorial_interfaces__rosidl_typesupport_cpp.so
[12.217s] -- Set runtime path of "/home/theo/dev_ws/install/tutorial_interfaces/lib/libtutorial_interfaces__rosidl_typesupport_cpp.so" to ""
[12.218s] -- Installing: /home/theo/dev_ws/install/tutorial_interfaces/share/tutorial_interfaces/environment/pythonpath.sh
[12.218s] -- Installing: /home/theo/dev_ws/install/tutorial_interfaces/share/tutorial_interfaces/environment/pythonpath.dsv
[12.218s] -- Installing: /home/theo/dev_ws/install/tutorial_interfaces/lib/python3.8/site-packages/tutorial_interfaces/__init__.py
[12.254s] Compiling '/home/theo/dev_ws/install/tutorial_interfaces/lib/python3.8/site-packages/tutorial_interfaces/__init__.py'...
[12.260s] -- Installing: /home/theo/dev_ws/install/tutorial_interfaces/lib/python3.8/site-packages/tutorial_interfaces/msg
[12.260s] -- Installing: /home/theo/dev_ws/install/tutorial_interfaces/lib/python3.8/site-packages/tutorial_interfaces/msg/_num.py
[12.261s] -- Installing: /home/theo/dev_ws/install/tutorial_interfaces/lib/python3.8/site-packages/tutorial_interfaces/msg/_num_s.c
[12.261s] -- Installing: /home/theo/dev_ws/install/tutorial_interfaces/lib/python3.8/site-packages/tutorial_interfaces/msg/__init__.py
[12.261s] -- Installing: /home/theo/dev_ws/install/tutorial_interfaces/lib/python3.8/site-packages/tutorial_interfaces/srv
[12.261s] -- Installing: /home/theo/dev_ws/install/tutorial_interfaces/lib/python3.8/site-packages/tutorial_interfaces/srv/_add_three_ints_s.c
[12.262s] -- Installing: /home/theo/dev_ws/install/tutorial_interfaces/lib/python3.8/site-packages/tutorial_interfaces/srv/__init__.py
[12.262s] -- Installing: /home/theo/dev_ws/install/tutorial_interfaces/lib/python3.8/site-packages/tutorial_interfaces/srv/_add_three_ints.py
[12.262s] -- Installing: /home/theo/dev_ws/install/tutorial_interfaces/lib/python3.8/site-packages/tutorial_interfaces/tutorial_interfaces_s__rosidl_typesupport_fastrtps_c.cpython-38-x86_64-linux-gnu.so
[12.263s] -- Set runtime path of "/home/theo/dev_ws/install/tutorial_interfaces/lib/python3.8/site-packages/tutorial_interfaces/tutorial_interfaces_s__rosidl_typesupport_fastrtps_c.cpython-38-x86_64-linux-gnu.so" to ""
[12.264s] -- Installing: /home/theo/dev_ws/install/tutorial_interfaces/lib/python3.8/site-packages/tutorial_interfaces/tutorial_interfaces_s__rosidl_typesupport_introspection_c.cpython-38-x86_64-linux-gnu.so
[12.264s] -- Set runtime path of "/home/theo/dev_ws/install/tutorial_interfaces/lib/python3.8/site-packages/tutorial_interfaces/tutorial_interfaces_s__rosidl_typesupport_introspection_c.cpython-38-x86_64-linux-gnu.so" to ""
[12.265s] -- Installing: /home/theo/dev_ws/install/tutorial_interfaces/lib/python3.8/site-packages/tutorial_interfaces/tutorial_interfaces_s__rosidl_typesupport_c.cpython-38-x86_64-linux-gnu.so
[12.266s] -- Set runtime path of "/home/theo/dev_ws/install/tutorial_interfaces/lib/python3.8/site-packages/tutorial_interfaces/tutorial_interfaces_s__rosidl_typesupport_c.cpython-38-x86_64-linux-gnu.so" to ""
[12.266s] -- Installing: /home/theo/dev_ws/install/tutorial_interfaces/lib/libtutorial_interfaces__python.so
[12.267s] -- Set runtime path of "/home/theo/dev_ws/install/tutorial_interfaces/lib/libtutorial_interfaces__python.so" to ""
[12.267s] -- Installing: /home/theo/dev_ws/install/tutorial_interfaces/share/tutorial_interfaces/msg/Num.idl
[12.267s] -- Installing: /home/theo/dev_ws/install/tutorial_interfaces/share/tutorial_interfaces/srv/AddThreeInts.idl
[12.268s] -- Installing: /home/theo/dev_ws/install/tutorial_interfaces/share/tutorial_interfaces/msg/Num.msg
[12.268s] -- Installing: /home/theo/dev_ws/install/tutorial_interfaces/share/tutorial_interfaces/srv/AddThreeInts.srv
[12.268s] -- Installing: /home/theo/dev_ws/install/tutorial_interfaces/share/tutorial_interfaces/srv/AddThreeInts_Request.msg
[12.269s] -- Installing: /home/theo/dev_ws/install/tutorial_interfaces/share/tutorial_interfaces/srv/AddThreeInts_Response.msg
[12.269s] -- Installing: /home/theo/dev_ws/install/tutorial_interfaces/share/ament_index/resource_index/package_run_dependencies/tutorial_interfaces
[12.269s] -- Installing: /home/theo/dev_ws/install/tutorial_interfaces/share/ament_index/resource_index/parent_prefix_path/tutorial_interfaces
[12.270s] -- Installing: /home/theo/dev_ws/install/tutorial_interfaces/share/tutorial_interfaces/environment/ament_prefix_path.sh
[12.270s] -- Installing: /home/theo/dev_ws/install/tutorial_interfaces/share/tutorial_interfaces/environment/ament_prefix_path.dsv
[12.270s] -- Installing: /home/theo/dev_ws/install/tutorial_interfaces/share/tutorial_interfaces/environment/path.sh
[12.271s] -- Installing: /home/theo/dev_ws/install/tutorial_interfaces/share/tutorial_interfaces/environment/path.dsv
[12.271s] -- Installing: /home/theo/dev_ws/install/tutorial_interfaces/share/tutorial_interfaces/local_setup.bash
[12.271s] -- Installing: /home/theo/dev_ws/install/tutorial_interfaces/share/tutorial_interfaces/local_setup.sh
[12.271s] -- Installing: /home/theo/dev_ws/install/tutorial_interfaces/share/tutorial_interfaces/local_setup.zsh
[12.272s] -- Installing: /home/theo/dev_ws/install/tutorial_interfaces/share/tutorial_interfaces/local_setup.dsv
[12.272s] -- Installing: /home/theo/dev_ws/install/tutorial_interfaces/share/tutorial_interfaces/package.dsv
[12.272s] -- Installing: /home/theo/dev_ws/install/tutorial_interfaces/share/ament_index/resource_index/packages/tutorial_interfaces
[12.273s] -- Installing: /home/theo/dev_ws/install/tutorial_interfaces/share/tutorial_interfaces/cmake/tutorial_interfaces__rosidl_generator_cExport.cmake
[12.273s] -- Installing: /home/theo/dev_ws/install/tutorial_interfaces/share/tutorial_interfaces/cmake/tutorial_interfaces__rosidl_generator_cExport-noconfig.cmake
[12.274s] -- Installing: /home/theo/dev_ws/install/tutorial_interfaces/share/tutorial_interfaces/cmake/tutorial_interfaces__rosidl_typesupport_introspection_cExport.cmake
[12.274s] -- Installing: /home/theo/dev_ws/install/tutorial_interfaces/share/tutorial_interfaces/cmake/tutorial_interfaces__rosidl_typesupport_introspection_cExport-noconfig.cmake
[12.274s] -- Installing: /home/theo/dev_ws/install/tutorial_interfaces/share/tutorial_interfaces/cmake/tutorial_interfaces__rosidl_typesupport_cExport.cmake
[12.275s] -- Installing: /home/theo/dev_ws/install/tutorial_interfaces/share/tutorial_interfaces/cmake/tutorial_interfaces__rosidl_typesupport_cExport-noconfig.cmake
[12.275s] -- Installing: /home/theo/dev_ws/install/tutorial_interfaces/share/tutorial_interfaces/cmake/tutorial_interfaces__rosidl_generator_cppExport.cmake
[12.275s] -- Installing: /home/theo/dev_ws/install/tutorial_interfaces/share/tutorial_interfaces/cmake/tutorial_interfaces__rosidl_typesupport_introspection_cppExport.cmake
[12.276s] -- Installing: /home/theo/dev_ws/install/tutorial_interfaces/share/tutorial_interfaces/cmake/tutorial_interfaces__rosidl_typesupport_introspection_cppExport-noconfig.cmake
[12.276s] -- Installing: /home/theo/dev_ws/install/tutorial_interfaces/share/tutorial_interfaces/cmake/tutorial_interfaces__rosidl_typesupport_cppExport.cmake
[12.276s] -- Installing: /home/theo/dev_ws/install/tutorial_interfaces/share/tutorial_interfaces/cmake/tutorial_interfaces__rosidl_typesupport_cppExport-noconfig.cmake
[12.277s] -- Installing: /home/theo/dev_ws/install/tutorial_interfaces/share/tutorial_interfaces/cmake/rosidl_cmake-extras.cmake
[12.277s] -- Installing: /home/theo/dev_ws/install/tutorial_interfaces/share/tutorial_interfaces/cmake/ament_cmake_export_dependencies-extras.cmake
[12.277s] -- Installing: /home/theo/dev_ws/install/tutorial_interfaces/share/tutorial_interfaces/cmake/ament_cmake_export_libraries-extras.cmake
[12.278s] -- Installing: /home/theo/dev_ws/install/tutorial_interfaces/share/tutorial_interfaces/cmake/ament_cmake_export_targets-extras.cmake
[12.278s] -- Installing: /home/theo/dev_ws/install/tutorial_interfaces/share/tutorial_interfaces/cmake/ament_cmake_export_include_directories-extras.cmake
[12.278s] -- Installing: /home/theo/dev_ws/install/tutorial_interfaces/share/tutorial_interfaces/cmake/rosidl_cmake_export_typesupport_libraries-extras.cmake
[12.279s] -- Installing: /home/theo/dev_ws/install/tutorial_interfaces/share/tutorial_interfaces/cmake/rosidl_cmake_export_typesupport_targets-extras.cmake
[12.279s] -- Installing: /home/theo/dev_ws/install/tutorial_interfaces/share/tutorial_interfaces/cmake/tutorial_interfacesConfig.cmake
[12.279s] -- Installing: /home/theo/dev_ws/install/tutorial_interfaces/share/tutorial_interfaces/cmake/tutorial_interfacesConfig-version.cmake
[12.279s] -- Installing: /home/theo/dev_ws/install/tutorial_interfaces/share/tutorial_interfaces/package.xml
[12.283s] Invoked command in '/home/theo/dev_ws/build/tutorial_interfaces' returned '0': CMAKE_PREFIX_PATH=/opt/ros/foxy /usr/bin/cmake --install /home/theo/dev_ws/build/tutorial_interfaces
