[0.015s] Invoking command in '/home/theo/dev_ws/build/cpp_pubsub': AMENT_PREFIX_PATH=/home/theo/dev_ws/install/tutorial_interfaces:${AMENT_PREFIX_PATH} CMAKE_PREFIX_PATH=/home/theo/dev_ws/install/tutorial_interfaces:/opt/ros/foxy LD_LIBRARY_PATH=/home/theo/dev_ws/install/tutorial_interfaces/lib:${LD_LIBRARY_PATH} PYTHONPATH=/home/theo/dev_ws/install/tutorial_interfaces/lib/python3.8/site-packages:${PYTHONPATH} /usr/bin/cmake --build /home/theo/dev_ws/build/cpp_pubsub -- -j1 -l1
[0.096s] [ 50%] Built target listener
[0.118s] [35m[1mScanning dependencies of target talker[0m
[0.174s] [ 75%] [32mBuilding CXX object CMakeFiles/talker.dir/src/publisher_member_function.cpp.o[0m
[3.857s] [100%] [32m[1mLinking CXX executable talker[0m
[4.039s] [100%] Built target talker
[4.055s] Invoked command in '/home/theo/dev_ws/build/cpp_pubsub' returned '0': AMENT_PREFIX_PATH=/home/theo/dev_ws/install/tutorial_interfaces:${AMENT_PREFIX_PATH} CMAKE_PREFIX_PATH=/home/theo/dev_ws/install/tutorial_interfaces:/opt/ros/foxy LD_LIBRARY_PATH=/home/theo/dev_ws/install/tutorial_interfaces/lib:${LD_LIBRARY_PATH} PYTHONPATH=/home/theo/dev_ws/install/tutorial_interfaces/lib/python3.8/site-packages:${PYTHONPATH} /usr/bin/cmake --build /home/theo/dev_ws/build/cpp_pubsub -- -j1 -l1
[4.090s] Invoking command in '/home/theo/dev_ws/build/cpp_pubsub': AMENT_PREFIX_PATH=/home/theo/dev_ws/install/tutorial_interfaces:${AMENT_PREFIX_PATH} CMAKE_PREFIX_PATH=/home/theo/dev_ws/install/tutorial_interfaces:/opt/ros/foxy LD_LIBRARY_PATH=/home/theo/dev_ws/install/tutorial_interfaces/lib:${LD_LIBRARY_PATH} PYTHONPATH=/home/theo/dev_ws/install/tutorial_interfaces/lib/python3.8/site-packages:${PYTHONPATH} /usr/bin/cmake --install /home/theo/dev_ws/build/cpp_pubsub
[4.099s] -- Install configuration: ""
[4.100s] -- Installing: /home/theo/dev_ws/install/cpp_pubsub/lib/cpp_pubsub/talker
[4.101s] -- Set runtime path of "/home/theo/dev_ws/install/cpp_pubsub/lib/cpp_pubsub/talker" to ""
[4.102s] -- Up-to-date: /home/theo/dev_ws/install/cpp_pubsub/lib/cpp_pubsub/listener
[4.102s] -- Up-to-date: /home/theo/dev_ws/install/cpp_pubsub/share/ament_index/resource_index/package_run_dependencies/cpp_pubsub
[4.103s] -- Up-to-date: /home/theo/dev_ws/install/cpp_pubsub/share/ament_index/resource_index/parent_prefix_path/cpp_pubsub
[4.103s] -- Up-to-date: /home/theo/dev_ws/install/cpp_pubsub/share/cpp_pubsub/environment/ament_prefix_path.sh
[4.103s] -- Up-to-date: /home/theo/dev_ws/install/cpp_pubsub/share/cpp_pubsub/environment/ament_prefix_path.dsv
[4.103s] -- Up-to-date: /home/theo/dev_ws/install/cpp_pubsub/share/cpp_pubsub/environment/path.sh
[4.104s] -- Up-to-date: /home/theo/dev_ws/install/cpp_pubsub/share/cpp_pubsub/environment/path.dsv
[4.104s] -- Up-to-date: /home/theo/dev_ws/install/cpp_pubsub/share/cpp_pubsub/local_setup.bash
[4.104s] -- Up-to-date: /home/theo/dev_ws/install/cpp_pubsub/share/cpp_pubsub/local_setup.sh
[4.104s] -- Up-to-date: /home/theo/dev_ws/install/cpp_pubsub/share/cpp_pubsub/local_setup.zsh
[4.104s] -- Up-to-date: /home/theo/dev_ws/install/cpp_pubsub/share/cpp_pubsub/local_setup.dsv
[4.105s] -- Installing: /home/theo/dev_ws/install/cpp_pubsub/share/cpp_pubsub/package.dsv
[4.105s] -- Up-to-date: /home/theo/dev_ws/install/cpp_pubsub/share/ament_index/resource_index/packages/cpp_pubsub
[4.105s] -- Up-to-date: /home/theo/dev_ws/install/cpp_pubsub/share/cpp_pubsub/cmake/cpp_pubsubConfig.cmake
[4.105s] -- Up-to-date: /home/theo/dev_ws/install/cpp_pubsub/share/cpp_pubsub/cmake/cpp_pubsubConfig-version.cmake
[4.106s] -- Up-to-date: /home/theo/dev_ws/install/cpp_pubsub/share/cpp_pubsub/package.xml
[4.108s] Invoked command in '/home/theo/dev_ws/build/cpp_pubsub' returned '0': AMENT_PREFIX_PATH=/home/theo/dev_ws/install/tutorial_interfaces:${AMENT_PREFIX_PATH} CMAKE_PREFIX_PATH=/home/theo/dev_ws/install/tutorial_interfaces:/opt/ros/foxy LD_LIBRARY_PATH=/home/theo/dev_ws/install/tutorial_interfaces/lib:${LD_LIBRARY_PATH} PYTHONPATH=/home/theo/dev_ws/install/tutorial_interfaces/lib/python3.8/site-packages:${PYTHONPATH} /usr/bin/cmake --install /home/theo/dev_ws/build/cpp_pubsub
