[35m[1mScanning dependencies of target wa_pub_test[0m
[ 50%] [32mBuilding CXX object CMakeFiles/wa_pub_test.dir/src/wa_pub_test.cpp.o[0m
In file included from [01m[K/home/theo/dev_ws/src/wa_pubsub/src/wa_pub_test.cpp:1[m[K:
/home/theo/dev_ws/install/wa_helper/include/wa_helper/wa_publisher.hpp: In instantiation of ‘[01m[Kwa_helper::WAPublisher<T>::WAPublisher(T (*)(), int, std::string, int) [with T = tutorial_interfaces::msg::Num_<std::allocator<void> >; std::string = std::__cxx11::basic_string<char>][m[K’:
[01m[K/usr/include/c++/9/ext/new_allocator.h:147:4:[m[K   required from ‘[01m[Kvoid __gnu_cxx::new_allocator<_Tp>::construct(_Up*, _Args&& ...) [with _Up = wa_helper::WAPublisher<tutorial_interfaces::msg::Num_<std::allocator<void> > >; _Args = {tutorial_interfaces::msg::Num_<std::allocator<void> > (*)(), int, const char (&)[9], int}; _Tp = wa_helper::WAPublisher<tutorial_interfaces::msg::Num_<std::allocator<void> > >][m[K’
[01m[K/usr/include/c++/9/bits/alloc_traits.h:484:4:[m[K   required from ‘[01m[Kstatic void std::allocator_traits<std::allocator<_Tp1> >::construct(std::allocator_traits<std::allocator<_Tp1> >::allocator_type&, _Up*, _Args&& ...) [with _Up = wa_helper::WAPublisher<tutorial_interfaces::msg::Num_<std::allocator<void> > >; _Args = {tutorial_interfaces::msg::Num_<std::allocator<void> > (*)(), int, const char (&)[9], int}; _Tp = wa_helper::WAPublisher<tutorial_interfaces::msg::Num_<std::allocator<void> > >; std::allocator_traits<std::allocator<_Tp1> >::allocator_type = std::allocator<wa_helper::WAPublisher<tutorial_interfaces::msg::Num_<std::allocator<void> > > >][m[K’
[01m[K/usr/include/c++/9/bits/shared_ptr_base.h:548:39:[m[K   required from ‘[01m[Kstd::_Sp_counted_ptr_inplace<_Tp, _Alloc, _Lp>::_Sp_counted_ptr_inplace(_Alloc, _Args&& ...) [with _Args = {tutorial_interfaces::msg::Num_<std::allocator<void> > (*)(), int, const char (&)[9], int}; _Tp = wa_helper::WAPublisher<tutorial_interfaces::msg::Num_<std::allocator<void> > >; _Alloc = std::allocator<wa_helper::WAPublisher<tutorial_interfaces::msg::Num_<std::allocator<void> > > >; __gnu_cxx::_Lock_policy _Lp = __gnu_cxx::_S_atomic][m[K’
[01m[K/usr/include/c++/9/bits/shared_ptr_base.h:679:16:[m[K   required from ‘[01m[Kstd::__shared_count<_Lp>::__shared_count(_Tp*&, std::_Sp_alloc_shared_tag<_Alloc>, _Args&& ...) [with _Tp = wa_helper::WAPublisher<tutorial_interfaces::msg::Num_<std::allocator<void> > >; _Alloc = std::allocator<wa_helper::WAPublisher<tutorial_interfaces::msg::Num_<std::allocator<void> > > >; _Args = {tutorial_interfaces::msg::Num_<std::allocator<void> > (*)(), int, const char (&)[9], int}; __gnu_cxx::_Lock_policy _Lp = __gnu_cxx::_S_atomic][m[K’
[01m[K/usr/include/c++/9/bits/shared_ptr_base.h:1344:71:[m[K   required from ‘[01m[Kstd::__shared_ptr<_Tp, _Lp>::__shared_ptr(std::_Sp_alloc_shared_tag<_Tp>, _Args&& ...) [with _Alloc = std::allocator<wa_helper::WAPublisher<tutorial_interfaces::msg::Num_<std::allocator<void> > > >; _Args = {tutorial_interfaces::msg::Num_<std::allocator<void> > (*)(), int, const char (&)[9], int}; _Tp = wa_helper::WAPublisher<tutorial_interfaces::msg::Num_<std::allocator<void> > >; __gnu_cxx::_Lock_policy _Lp = __gnu_cxx::_S_atomic][m[K’
[01m[K/usr/include/c++/9/bits/shared_ptr.h:359:59:[m[K   required from ‘[01m[Kstd::shared_ptr<_Tp>::shared_ptr(std::_Sp_alloc_shared_tag<_Tp>, _Args&& ...) [with _Alloc = std::allocator<wa_helper::WAPublisher<tutorial_interfaces::msg::Num_<std::allocator<void> > > >; _Args = {tutorial_interfaces::msg::Num_<std::allocator<void> > (*)(), int, const char (&)[9], int}; _Tp = wa_helper::WAPublisher<tutorial_interfaces::msg::Num_<std::allocator<void> > >][m[K’
[01m[K/usr/include/c++/9/bits/shared_ptr.h:701:14:[m[K   required from ‘[01m[Kstd::shared_ptr<_Tp> std::allocate_shared(const _Alloc&, _Args&& ...) [with _Tp = wa_helper::WAPublisher<tutorial_interfaces::msg::Num_<std::allocator<void> > >; _Alloc = std::allocator<wa_helper::WAPublisher<tutorial_interfaces::msg::Num_<std::allocator<void> > > >; _Args = {tutorial_interfaces::msg::Num_<std::allocator<void> > (*)(), int, const char (&)[9], int}][m[K’
[01m[K/usr/include/c++/9/bits/shared_ptr.h:717:39:[m[K   required from ‘[01m[Kstd::shared_ptr<_Tp> std::make_shared(_Args&& ...) [with _Tp = wa_helper::WAPublisher<tutorial_interfaces::msg::Num_<std::allocator<void> > >; _Args = {tutorial_interfaces::msg::Num_<std::allocator<void> > (*)(), int, const char (&)[9], int}][m[K’
[01m[K/home/theo/dev_ws/src/wa_pubsub/src/wa_pub_test.cpp:23:118:[m[K   required from here
[01m[K/home/theo/dev_ws/install/wa_helper/include/wa_helper/wa_publisher.hpp:28:11:[m[K [01;31m[Kerror: [m[K‘[01m[Kclass wa_helper::WAPublisher<tutorial_interfaces::msg::Num_<std::allocator<void> > >[m[K’ has no member named ‘[01m[K_publisher[m[K’; did you mean ‘[01m[KWAPublisher[m[K’?
   28 |     [01;31m[Kthis->_publisher[m[K = this->create_publisher<T>(topic_name, queue_size);
      |     [01;31m[K~~~~~~^~~~~~~~~~[m[K
      |     [32m[KWAPublisher[m[K
[01m[K/home/theo/dev_ws/install/wa_helper/include/wa_helper/wa_publisher.hpp:29:11:[m[K [01;31m[Kerror: [m[K‘[01m[Kclass wa_helper::WAPublisher<tutorial_interfaces::msg::Num_<std::allocator<void> > >[m[K’ has no member named ‘[01m[K_timer[m[K’
   29 |     [01;31m[Kthis->_timer[m[K = this->create_wall_timer(std::chrono::milliseconds(delay_ms), std::bind(&WAPublisher<T>::callback, this));
      |     [01;31m[K~~~~~~^~~~~~[m[K
[01m[K/home/theo/dev_ws/install/wa_helper/include/wa_helper/wa_publisher.hpp:29:91:[m[K [01;31m[Kerror: [m[K‘[01m[Kcallback[m[K’ is not a member of ‘[01m[Kwa_helper::WAPublisher<tutorial_interfaces::msg::Num_<std::allocator<void> > >[m[K’
   29 |     this->_timer = this->create_wall_timer(std::chrono::milliseconds(delay_ms), std::bind([01;31m[K&WAPublisher<T>::callback[m[K, this));
      |                                                                                           [01;31m[K^~~~~~~~~~~~~~~~~~~~~~~~~[m[K
make[2]: *** [CMakeFiles/wa_pub_test.dir/build.make:63: CMakeFiles/wa_pub_test.dir/src/wa_pub_test.cpp.o] Error 1
make[1]: *** [CMakeFiles/Makefile2:78: CMakeFiles/wa_pub_test.dir/all] Error 2
make: *** [Makefile:141: all] Error 2
