[0.046s] Invoking command in '/home/theo/dev_ws/build/wa_pubsub': CMAKE_PREFIX_PATH=/home/theo/dev_ws/install/wa_helper:/home/theo/dev_ws/install/tutorial_interfaces:/home/theo/dev_ws/install/cpp_srvcli:/home/theo/dev_ws/install/cpp_pubsub:/home/theo/dev_ws/install/turtlesim:/home/theo/dev_ws/install/my_package:/home/theo/dev_ws/install/py_pubsub:/opt/ros/foxy LD_LIBRARY_PATH=/home/theo/dev_ws/install/tutorial_interfaces/lib:/home/theo/dev_ws/install/wa_helper/lib:/home/theo/dev_ws/install/turtlesim/lib:/opt/ros/foxy/opt/yaml_cpp_vendor/lib:/opt/ros/foxy/opt/rviz_ogre_vendor/lib:/opt/ros/foxy/lib/x86_64-linux-gnu:/opt/ros/foxy/lib /usr/bin/cmake --build /home/theo/dev_ws/build/wa_pubsub -- -j1 -l1
[0.196s] [35m[1mScanning dependencies of target wa_pub_test[0m
[0.272s] [ 50%] [32mBuilding CXX object CMakeFiles/wa_pub_test.dir/src/wa_pub_test.cpp.o[0m
[3.331s] In file included from [01m[K/home/theo/dev_ws/src/wa_pubsub/src/wa_pub_test.cpp:1[m[K:
[3.331s] /home/theo/dev_ws/install/wa_helper/include/wa_helper/wa_publisher.hpp: In instantiation of ‘[01m[Kwa_helper::WAPublisher<T>::WAPublisher(T (*)(), int, std::string, int) [with T = tutorial_interfaces::msg::Num_<std::allocator<void> >; std::string = std::__cxx11::basic_string<char>][m[K’:
[3.332s] [01m[K/usr/include/c++/9/ext/new_allocator.h:147:4:[m[K   required from ‘[01m[Kvoid __gnu_cxx::new_allocator<_Tp>::construct(_Up*, _Args&& ...) [with _Up = wa_helper::WAPublisher<tutorial_interfaces::msg::Num_<std::allocator<void> > >; _Args = {tutorial_interfaces::msg::Num_<std::allocator<void> > (*)(), int, const char (&)[9], int}; _Tp = wa_helper::WAPublisher<tutorial_interfaces::msg::Num_<std::allocator<void> > >][m[K’
[3.332s] [01m[K/usr/include/c++/9/bits/alloc_traits.h:484:4:[m[K   required from ‘[01m[Kstatic void std::allocator_traits<std::allocator<_Tp1> >::construct(std::allocator_traits<std::allocator<_Tp1> >::allocator_type&, _Up*, _Args&& ...) [with _Up = wa_helper::WAPublisher<tutorial_interfaces::msg::Num_<std::allocator<void> > >; _Args = {tutorial_interfaces::msg::Num_<std::allocator<void> > (*)(), int, const char (&)[9], int}; _Tp = wa_helper::WAPublisher<tutorial_interfaces::msg::Num_<std::allocator<void> > >; std::allocator_traits<std::allocator<_Tp1> >::allocator_type = std::allocator<wa_helper::WAPublisher<tutorial_interfaces::msg::Num_<std::allocator<void> > > >][m[K’
[3.332s] [01m[K/usr/include/c++/9/bits/shared_ptr_base.h:548:39:[m[K   required from ‘[01m[Kstd::_Sp_counted_ptr_inplace<_Tp, _Alloc, _Lp>::_Sp_counted_ptr_inplace(_Alloc, _Args&& ...) [with _Args = {tutorial_interfaces::msg::Num_<std::allocator<void> > (*)(), int, const char (&)[9], int}; _Tp = wa_helper::WAPublisher<tutorial_interfaces::msg::Num_<std::allocator<void> > >; _Alloc = std::allocator<wa_helper::WAPublisher<tutorial_interfaces::msg::Num_<std::allocator<void> > > >; __gnu_cxx::_Lock_policy _Lp = __gnu_cxx::_S_atomic][m[K’
[3.332s] [01m[K/usr/include/c++/9/bits/shared_ptr_base.h:679:16:[m[K   required from ‘[01m[Kstd::__shared_count<_Lp>::__shared_count(_Tp*&, std::_Sp_alloc_shared_tag<_Alloc>, _Args&& ...) [with _Tp = wa_helper::WAPublisher<tutorial_interfaces::msg::Num_<std::allocator<void> > >; _Alloc = std::allocator<wa_helper::WAPublisher<tutorial_interfaces::msg::Num_<std::allocator<void> > > >; _Args = {tutorial_interfaces::msg::Num_<std::allocator<void> > (*)(), int, const char (&)[9], int}; __gnu_cxx::_Lock_policy _Lp = __gnu_cxx::_S_atomic][m[K’
[3.332s] [01m[K/usr/include/c++/9/bits/shared_ptr_base.h:1344:71:[m[K   required from ‘[01m[Kstd::__shared_ptr<_Tp, _Lp>::__shared_ptr(std::_Sp_alloc_shared_tag<_Tp>, _Args&& ...) [with _Alloc = std::allocator<wa_helper::WAPublisher<tutorial_interfaces::msg::Num_<std::allocator<void> > > >; _Args = {tutorial_interfaces::msg::Num_<std::allocator<void> > (*)(), int, const char (&)[9], int}; _Tp = wa_helper::WAPublisher<tutorial_interfaces::msg::Num_<std::allocator<void> > >; __gnu_cxx::_Lock_policy _Lp = __gnu_cxx::_S_atomic][m[K’
[3.333s] [01m[K/usr/include/c++/9/bits/shared_ptr.h:359:59:[m[K   required from ‘[01m[Kstd::shared_ptr<_Tp>::shared_ptr(std::_Sp_alloc_shared_tag<_Tp>, _Args&& ...) [with _Alloc = std::allocator<wa_helper::WAPublisher<tutorial_interfaces::msg::Num_<std::allocator<void> > > >; _Args = {tutorial_interfaces::msg::Num_<std::allocator<void> > (*)(), int, const char (&)[9], int}; _Tp = wa_helper::WAPublisher<tutorial_interfaces::msg::Num_<std::allocator<void> > >][m[K’
[3.333s] [01m[K/usr/include/c++/9/bits/shared_ptr.h:701:14:[m[K   required from ‘[01m[Kstd::shared_ptr<_Tp> std::allocate_shared(const _Alloc&, _Args&& ...) [with _Tp = wa_helper::WAPublisher<tutorial_interfaces::msg::Num_<std::allocator<void> > >; _Alloc = std::allocator<wa_helper::WAPublisher<tutorial_interfaces::msg::Num_<std::allocator<void> > > >; _Args = {tutorial_interfaces::msg::Num_<std::allocator<void> > (*)(), int, const char (&)[9], int}][m[K’
[3.333s] [01m[K/usr/include/c++/9/bits/shared_ptr.h:717:39:[m[K   required from ‘[01m[Kstd::shared_ptr<_Tp> std::make_shared(_Args&& ...) [with _Tp = wa_helper::WAPublisher<tutorial_interfaces::msg::Num_<std::allocator<void> > >; _Args = {tutorial_interfaces::msg::Num_<std::allocator<void> > (*)(), int, const char (&)[9], int}][m[K’
[3.333s] [01m[K/home/theo/dev_ws/src/wa_pubsub/src/wa_pub_test.cpp:23:118:[m[K   required from here
[3.333s] [01m[K/home/theo/dev_ws/install/wa_helper/include/wa_helper/wa_publisher.hpp:28:11:[m[K [01;31m[Kerror: [m[K‘[01m[Kclass wa_helper::WAPublisher<tutorial_interfaces::msg::Num_<std::allocator<void> > >[m[K’ has no member named ‘[01m[K_publisher[m[K’; did you mean ‘[01m[KWAPublisher[m[K’?
[3.334s]    28 |     [01;31m[Kthis->_publisher[m[K = this->create_publisher<T>(topic_name, queue_size);
[3.334s]       |     [01;31m[K~~~~~~^~~~~~~~~~[m[K
[3.334s]       |     [32m[KWAPublisher[m[K
[3.339s] [01m[K/home/theo/dev_ws/install/wa_helper/include/wa_helper/wa_publisher.hpp:29:11:[m[K [01;31m[Kerror: [m[K‘[01m[Kclass wa_helper::WAPublisher<tutorial_interfaces::msg::Num_<std::allocator<void> > >[m[K’ has no member named ‘[01m[K_timer[m[K’
[3.339s]    29 |     [01;31m[Kthis->_timer[m[K = this->create_wall_timer(std::chrono::milliseconds(delay_ms), std::bind(&WAPublisher<T>::callback, this));
[3.340s]       |     [01;31m[K~~~~~~^~~~~~[m[K
[3.340s] [01m[K/home/theo/dev_ws/install/wa_helper/include/wa_helper/wa_publisher.hpp:29:91:[m[K [01;31m[Kerror: [m[K‘[01m[Kcallback[m[K’ is not a member of ‘[01m[Kwa_helper::WAPublisher<tutorial_interfaces::msg::Num_<std::allocator<void> > >[m[K’
[3.340s]    29 |     this->_timer = this->create_wall_timer(std::chrono::milliseconds(delay_ms), std::bind([01;31m[K&WAPublisher<T>::callback[m[K, this));
[3.340s]       |                                                                                           [01;31m[K^~~~~~~~~~~~~~~~~~~~~~~~~[m[K
[3.423s] make[2]: *** [CMakeFiles/wa_pub_test.dir/build.make:63: CMakeFiles/wa_pub_test.dir/src/wa_pub_test.cpp.o] Error 1
[3.427s] make[1]: *** [CMakeFiles/Makefile2:78: CMakeFiles/wa_pub_test.dir/all] Error 2
[3.427s] make: *** [Makefile:141: all] Error 2
[3.430s] Invoked command in '/home/theo/dev_ws/build/wa_pubsub' returned '2': CMAKE_PREFIX_PATH=/home/theo/dev_ws/install/wa_helper:/home/theo/dev_ws/install/tutorial_interfaces:/home/theo/dev_ws/install/cpp_srvcli:/home/theo/dev_ws/install/cpp_pubsub:/home/theo/dev_ws/install/turtlesim:/home/theo/dev_ws/install/my_package:/home/theo/dev_ws/install/py_pubsub:/opt/ros/foxy LD_LIBRARY_PATH=/home/theo/dev_ws/install/tutorial_interfaces/lib:/home/theo/dev_ws/install/wa_helper/lib:/home/theo/dev_ws/install/turtlesim/lib:/opt/ros/foxy/opt/yaml_cpp_vendor/lib:/opt/ros/foxy/opt/rviz_ogre_vendor/lib:/opt/ros/foxy/lib/x86_64-linux-gnu:/opt/ros/foxy/lib /usr/bin/cmake --build /home/theo/dev_ws/build/wa_pubsub -- -j1 -l1
