[0.009s] Invoking command in '/home/theo/dev_ws/build/wa_helper': CMAKE_PREFIX_PATH=/opt/ros/foxy /usr/bin/cmake --build /home/theo/dev_ws/build/wa_helper -- -j1 -l1
[0.084s] [ 50%] [32mBuilding CXX object CMakeFiles/wa_publisher.dir/src/wa_publisher.cpp.o[0m
[2.190s] [100%] [32m[1mLinking CXX static library libwa_publisher.a[0m
[2.221s] [100%] Built target wa_publisher
[2.236s] Invoked command in '/home/theo/dev_ws/build/wa_helper' returned '0': CMAKE_PREFIX_PATH=/opt/ros/foxy /usr/bin/cmake --build /home/theo/dev_ws/build/wa_helper -- -j1 -l1
[2.271s] Invoking command in '/home/theo/dev_ws/build/wa_helper': CMAKE_PREFIX_PATH=/opt/ros/foxy /usr/bin/cmake --install /home/theo/dev_ws/build/wa_helper
[2.282s] -- Install configuration: ""
[2.282s] -- Installing: /home/theo/dev_ws/install/wa_helper/lib/wa_helper/libwa_publisher.a
[2.282s] -- Up-to-date: /home/theo/dev_ws/install/wa_helper/share/ament_index/resource_index/package_run_dependencies/wa_helper
[2.283s] -- Up-to-date: /home/theo/dev_ws/install/wa_helper/share/ament_index/resource_index/parent_prefix_path/wa_helper
[2.283s] -- Up-to-date: /home/theo/dev_ws/install/wa_helper/share/wa_helper/environment/ament_prefix_path.sh
[2.283s] -- Up-to-date: /home/theo/dev_ws/install/wa_helper/share/wa_helper/environment/ament_prefix_path.dsv
[2.283s] -- Up-to-date: /home/theo/dev_ws/install/wa_helper/share/wa_helper/environment/path.sh
[2.284s] -- Up-to-date: /home/theo/dev_ws/install/wa_helper/share/wa_helper/environment/path.dsv
[2.284s] -- Up-to-date: /home/theo/dev_ws/install/wa_helper/share/wa_helper/local_setup.bash
[2.284s] -- Up-to-date: /home/theo/dev_ws/install/wa_helper/share/wa_helper/local_setup.sh
[2.284s] -- Up-to-date: /home/theo/dev_ws/install/wa_helper/share/wa_helper/local_setup.zsh
[2.285s] -- Up-to-date: /home/theo/dev_ws/install/wa_helper/share/wa_helper/local_setup.dsv
[2.285s] -- Installing: /home/theo/dev_ws/install/wa_helper/share/wa_helper/package.dsv
[2.285s] -- Up-to-date: /home/theo/dev_ws/install/wa_helper/share/ament_index/resource_index/packages/wa_helper
[2.285s] -- Up-to-date: /home/theo/dev_ws/install/wa_helper/share/wa_helper/cmake/wa_helperConfig.cmake
[2.285s] -- Up-to-date: /home/theo/dev_ws/install/wa_helper/share/wa_helper/cmake/wa_helperConfig-version.cmake
[2.286s] -- Up-to-date: /home/theo/dev_ws/install/wa_helper/share/wa_helper/package.xml
[2.292s] Invoked command in '/home/theo/dev_ws/build/wa_helper' returned '0': CMAKE_PREFIX_PATH=/opt/ros/foxy /usr/bin/cmake --install /home/theo/dev_ws/build/wa_helper
