[0.008s] Invoking command in '/home/theo/dev_ws/build/cpp_pubsub': CMAKE_PREFIX_PATH=/opt/ros/foxy /usr/bin/cmake --build /home/theo/dev_ws/build/cpp_pubsub -- -j1 -l1
[0.059s] -- Found ament_cmake: 0.9.7 (/opt/ros/foxy/share/ament_cmake/cmake)
[0.087s] -- Using PYTHON_EXECUTABLE: /usr/bin/python3
[0.365s] -- Found rclcpp: 2.2.0 (/opt/ros/foxy/share/rclcpp/cmake)
[0.414s] -- Using all available rosidl_typesupport_c: rosidl_typesupport_fastrtps_c;rosidl_typesupport_introspection_c
[0.424s] -- Found rosidl_adapter: 1.1.0 (/opt/ros/foxy/share/rosidl_adapter/cmake)
[0.518s] -- Found OpenSSL: /usr/lib/x86_64-linux-gnu/libcrypto.so (found version "1.1.1f")  
[0.558s] -- Found FastRTPS: /opt/ros/foxy/include  
[0.680s] -- Using all available rosidl_typesupport_cpp: rosidl_typesupport_fastrtps_cpp;rosidl_typesupport_introspection_cpp
[0.773s] -- Found rmw_implementation_cmake: 1.0.1 (/opt/ros/foxy/share/rmw_implementation_cmake/cmake)
[0.775s] -- Using RMW implementation 'rmw_fastrtps_cpp' as default
[0.776s] -- Looking for pthread.h
[0.863s] -- Looking for pthread.h - found
[0.864s] -- Performing Test CMAKE_HAVE_LIBC_PTHREAD
[0.946s] -- Performing Test CMAKE_HAVE_LIBC_PTHREAD - Failed
[0.946s] -- Looking for pthread_create in pthreads
[1.006s] -- Looking for pthread_create in pthreads - not found
[1.006s] -- Looking for pthread_create in pthread
[1.084s] -- Looking for pthread_create in pthread - found
[1.086s] -- Found Threads: TRUE  
[1.457s] -- Configuring done
[1.473s] -- Generating done
[1.475s] -- Build files have been written to: /home/theo/dev_ws/build/cpp_pubsub
[1.498s] [35m[1mScanning dependencies of target listener[0m
[1.555s] [ 25%] [32mBuilding CXX object CMakeFiles/listener.dir/src/subscriber_member_function.cpp.o[0m
[3.159s] [01m[K/home/theo/dev_ws/src/cpp_pubsub/src/subscriber_member_function.cpp:8:40:[m[K [01;31m[Kerror: [m[Kexpected class-name before ‘[01m[K:[m[K’ token
[3.159s]     8 | class MinimalSubscriber : public rclcpp[01;31m[K:[m[KNode
[3.159s]       |                                        [01;31m[K^[m[K
[3.159s] [01m[K/home/theo/dev_ws/src/cpp_pubsub/src/subscriber_member_function.cpp:8:40:[m[K [01;31m[Kerror: [m[Kexpected ‘[01m[K{[m[K’ before ‘[01m[K:[m[K’ token
[3.159s] [01m[K/home/theo/dev_ws/src/cpp_pubsub/src/subscriber_member_function.cpp:8:40:[m[K [01;31m[Kerror: [m[Kexpected unqualified-id before ‘[01m[K:[m[K’ token
[3.164s] [01m[K/home/theo/dev_ws/src/cpp_pubsub/src/subscriber_member_function.cpp:[m[K In function ‘[01m[Kint main(int, char**)[m[K’:
[3.164s] [01m[K/home/theo/dev_ws/src/cpp_pubsub/src/subscriber_member_function.cpp:27:53:[m[K [01;31m[Kerror: [m[Kno matching function for call to ‘[01m[Kspin(std::shared_ptr<MinimalSubscriber>)[m[K’
[3.164s]    27 |   rclcpp::spin(std::make_shared<MinimalSubscriber>()[01;31m[K)[m[K;
[3.164s]       |                                                     [01;31m[K^[m[K
[3.164s] In file included from [01m[K/opt/ros/foxy/include/rclcpp/rclcpp.hpp:146[m[K,
[3.165s]                  from [01m[K/home/theo/dev_ws/src/cpp_pubsub/src/subscriber_member_function.cpp:3[m[K:
[3.165s] [01m[K/opt/ros/foxy/include/rclcpp/executors.hpp:45:1:[m[K [01;36m[Knote: [m[Kcandidate: ‘[01m[Kvoid rclcpp::spin(rclcpp::node_interfaces::NodeBaseInterface::SharedPtr)[m[K’
[3.165s]    45 | [01;36m[Kspin[m[K(rclcpp::node_interfaces::NodeBaseInterface::SharedPtr node_ptr);
[3.165s]       | [01;36m[K^~~~[m[K
[3.165s] [01m[K/opt/ros/foxy/include/rclcpp/executors.hpp:45:60:[m[K [01;36m[Knote: [m[K  no known conversion for argument 1 from ‘[01m[Kshared_ptr<[01;32m[KMinimalSubscriber[m[K>[m[K’ to ‘[01m[Kshared_ptr<[01;32m[Krclcpp::node_interfaces::NodeBaseInterface[m[K>[m[K’
[3.165s]    45 | spin([01;36m[Krclcpp::node_interfaces::NodeBaseInterface::SharedPtr node_ptr[m[K);
[3.165s]       |      [01;36m[K~~~~~~~~~~~~~~~~~~~~~~~~~~~~~~~~~~~~~~~~~~~~~~~~~~~~~~^~~~~~~~[m[K
[3.166s] [01m[K/opt/ros/foxy/include/rclcpp/executors.hpp:49:1:[m[K [01;36m[Knote: [m[Kcandidate: ‘[01m[Kvoid rclcpp::spin(rclcpp::Node::SharedPtr)[m[K’
[3.166s]    49 | [01;36m[Kspin[m[K(rclcpp::Node::SharedPtr node_ptr);
[3.166s]       | [01;36m[K^~~~[m[K
[3.166s] [01m[K/opt/ros/foxy/include/rclcpp/executors.hpp:49:30:[m[K [01;36m[Knote: [m[K  no known conversion for argument 1 from ‘[01m[Kshared_ptr<[01;32m[KMinimalSubscriber[m[K>[m[K’ to ‘[01m[Kshared_ptr<[01;32m[Krclcpp::Node[m[K>[m[K’
[3.166s]    49 | spin([01;36m[Krclcpp::Node::SharedPtr node_ptr[m[K);
[3.166s]       |      [01;36m[K~~~~~~~~~~~~~~~~~~~~~~~~^~~~~~~~[m[K
[3.492s] In file included from [01m[K/usr/include/c++/9/bits/shared_ptr_base.h:56[m[K,
[3.492s]                  from [01m[K/usr/include/c++/9/bits/shared_ptr.h:52[m[K,
[3.492s]                  from [01m[K/usr/include/c++/9/memory:81[m[K,
[3.492s]                  from [01m[K/home/theo/dev_ws/src/cpp_pubsub/src/subscriber_member_function.cpp:1[m[K:
[3.492s] /usr/include/c++/9/ext/aligned_buffer.h: In instantiation of ‘[01m[Kstruct __gnu_cxx::__aligned_buffer<MinimalSubscriber>[m[K’:
[3.492s] [01m[K/usr/include/c++/9/bits/shared_ptr_base.h:535:35:[m[K   required from ‘[01m[Kclass std::_Sp_counted_ptr_inplace<MinimalSubscriber, std::allocator<MinimalSubscriber>, __gnu_cxx::_S_atomic>::_Impl[m[K’
[3.492s] [01m[K/usr/include/c++/9/bits/shared_ptr_base.h:596:13:[m[K   required from ‘[01m[Kclass std::_Sp_counted_ptr_inplace<MinimalSubscriber, std::allocator<MinimalSubscriber>, __gnu_cxx::_S_atomic>[m[K’
[3.493s] [01m[K/usr/include/c++/9/bits/shared_ptr_base.h:676:43:[m[K   required from ‘[01m[Kstd::__shared_count<_Lp>::__shared_count(_Tp*&, std::_Sp_alloc_shared_tag<_Alloc>, _Args&& ...) [with _Tp = MinimalSubscriber; _Alloc = std::allocator<MinimalSubscriber>; _Args = {}; __gnu_cxx::_Lock_policy _Lp = __gnu_cxx::_S_atomic][m[K’
[3.493s] [01m[K/usr/include/c++/9/bits/shared_ptr_base.h:1344:71:[m[K   required from ‘[01m[Kstd::__shared_ptr<_Tp, _Lp>::__shared_ptr(std::_Sp_alloc_shared_tag<_Tp>, _Args&& ...) [with _Alloc = std::allocator<MinimalSubscriber>; _Args = {}; _Tp = MinimalSubscriber; __gnu_cxx::_Lock_policy _Lp = __gnu_cxx::_S_atomic][m[K’
[3.493s] [01m[K/usr/include/c++/9/bits/shared_ptr.h:359:59:[m[K   required from ‘[01m[Kstd::shared_ptr<_Tp>::shared_ptr(std::_Sp_alloc_shared_tag<_Tp>, _Args&& ...) [with _Alloc = std::allocator<MinimalSubscriber>; _Args = {}; _Tp = MinimalSubscriber][m[K’
[3.493s] [01m[K/usr/include/c++/9/bits/shared_ptr.h:701:14:[m[K   required from ‘[01m[Kstd::shared_ptr<_Tp> std::allocate_shared(const _Alloc&, _Args&& ...) [with _Tp = MinimalSubscriber; _Alloc = std::allocator<MinimalSubscriber>; _Args = {}][m[K’
[3.493s] [01m[K/usr/include/c++/9/bits/shared_ptr.h:717:39:[m[K   required from ‘[01m[Kstd::shared_ptr<_Tp> std::make_shared(_Args&& ...) [with _Tp = MinimalSubscriber; _Args = {}][m[K’
[3.493s] [01m[K/home/theo/dev_ws/src/cpp_pubsub/src/subscriber_member_function.cpp:27:52:[m[K   required from here
[3.493s] [01m[K/usr/include/c++/9/ext/aligned_buffer.h:91:28:[m[K [01;31m[Kerror: [m[Kinvalid application of ‘[01m[Ksizeof[m[K’ to incomplete type ‘[01m[KMinimalSubscriber[m[K’
[3.494s]    91 |     : std::aligned_storage<[01;31m[Ksizeof(_Tp)[m[K, __alignof__(_Tp)>
[3.494s]       |                            [01;31m[K^~~~~~~~~~~[m[K
[3.494s] [01m[K/usr/include/c++/9/ext/aligned_buffer.h:91:28:[m[K [01;31m[Kerror: [m[Kinvalid application of ‘[01m[Ksizeof[m[K’ to incomplete type ‘[01m[KMinimalSubscriber[m[K’
[3.584s] make[2]: *** [CMakeFiles/listener.dir/build.make:63: CMakeFiles/listener.dir/src/subscriber_member_function.cpp.o] Error 1
[3.587s] make[1]: *** [CMakeFiles/Makefile2:80: CMakeFiles/listener.dir/all] Error 2
[3.587s] make: *** [Makefile:141: all] Error 2
[3.588s] Invoked command in '/home/theo/dev_ws/build/cpp_pubsub' returned '2': CMAKE_PREFIX_PATH=/opt/ros/foxy /usr/bin/cmake --build /home/theo/dev_ws/build/cpp_pubsub -- -j1 -l1
