[01m[K/home/theo/dev_ws/src/wa_pubsub/src/wa_pub_test.cpp:[m[K In function ‘[01m[Kint main(int, char**)[m[K’:
[01m[K/home/theo/dev_ws/src/wa_pubsub/src/wa_pub_test.cpp:20:132:[m[K [01;31m[Kerror: [m[Kno matching function for call to ‘[01m[KWAPublisher<tutorial_interfaces::msg::Num_<std::allocator<void> > >::WAPublisher(void (*)(), int, const char [9], int)[m[K’
   20 | isher = WAPublisher<tutorial_interfaces::msg::Num>(&callback, 1000, "wa_topic", 10[01;31m[K)[m[K;
      |                                                                                   [01;31m[K^[m[K

In file included from [01m[K/home/theo/dev_ws/src/wa_pubsub/src/wa_pub_test.cpp:1[m[K:
[01m[K/home/theo/dev_ws/install/wa_helper/include/wa_helper/wa_publisher.hpp:24:3:[m[K [01;36m[Knote: [m[Kcandidate: ‘[01m[KWAPublisher<T>::WAPublisher(std::function<T()>&, int, int, int) [with T = tutorial_interfaces::msg::Num_<std::allocator<void> >][m[K’
   24 |   [01;36m[KWAPublisher[m[K(std::function<T()> &fn, int delay_ms, int topic_name, int queue_size);
      |   [01;36m[K^~~~~~~~~~~[m[K
[01m[K/home/theo/dev_ws/install/wa_helper/include/wa_helper/wa_publisher.hpp:24:35:[m[K [01;36m[Knote: [m[K  no known conversion for argument 1 from ‘[01m[Kvoid (*)()[m[K’ to ‘[01m[Kstd::function<tutorial_interfaces::msg::Num_<std::allocator<void> >()>&[m[K’
   24 |   WAPublisher([01;36m[Kstd::function<T()> &fn[m[K, int delay_ms, int topic_name, int queue_size);
      |               [01;36m[K~~~~~~~~~~~~~~~~~~~~^~[m[K
[01m[K/home/theo/dev_ws/src/wa_pubsub/src/wa_pub_test.cpp:22:85:[m[K [01;31m[Kerror: [m[Kuse of deleted function ‘[01m[KWAPublisher<tutorial_interfaces::msg::Num_<std::allocator<void> > >::WAPublisher(const WAPublisher<tutorial_interfaces::msg::Num_<std::allocator<void> > >&)[m[K’
   22 |   rclcpp::spin(std::make_shared<WAPublisher<tutorial_interfaces::msg::Num>(publisher[01;31m[K)[m[K);
      |                                                                                     [01;31m[K^[m[K
In file included from [01m[K/home/theo/dev_ws/src/wa_pubsub/src/wa_pub_test.cpp:1[m[K:
[01m[K/home/theo/dev_ws/install/wa_helper/include/wa_helper/wa_publisher.hpp:15:7:[m[K [01;36m[Knote: [m[K‘[01m[KWAPublisher<tutorial_interfaces::msg::Num_<std::allocator<void> > >::WAPublisher(const WAPublisher<tutorial_interfaces::msg::Num_<std::allocator<void> > >&)[m[K’ is implicitly deleted because the default definition would be ill-formed:
   15 | class [01;36m[KWAPublisher[m[K : public rclcpp::Node
      |       [01;36m[K^~~~~~~~~~~[m[K
[01m[K/home/theo/dev_ws/install/wa_helper/include/wa_helper/wa_publisher.hpp:15:7:[m[K [01;31m[Kerror: [m[Kuse of deleted function ‘[01m[Krclcpp::Node::Node(const rclcpp::Node&)[m[K’
In file included from [01m[K/opt/ros/foxy/include/rclcpp/context.hpp:33[m[K,
                 from [01m[K/opt/ros/foxy/include/rclcpp/contexts/default_context.hpp:18[m[K,
                 from [01m[K/opt/ros/foxy/include/rclcpp/executor.hpp:32[m[K,
                 from [01m[K/opt/ros/foxy/include/rclcpp/executors/multi_threaded_executor.hpp:25[m[K,
                 from [01m[K/opt/ros/foxy/include/rclcpp/executors.hpp:21[m[K,
                 from [01m[K/opt/ros/foxy/include/rclcpp/rclcpp.hpp:146[m[K,
                 from [01m[K/home/theo/dev_ws/install/wa_helper/include/wa_helper/wa_publisher.hpp:4[m[K,
                 from [01m[K/home/theo/dev_ws/src/wa_pubsub/src/wa_pub_test.cpp:1[m[K:
[01m[K/opt/ros/foxy/include/rclcpp/node.hpp:1195:3:[m[K [01;36m[Knote: [m[Kdeclared here
 1195 |   [01;36m[KRCLCPP_DISABLE_COPY[m[K(Node)
      |   [01;36m[K^~~~~~~~~~~~~~~~~~~[m[K
[01m[K/home/theo/dev_ws/src/wa_pubsub/src/wa_pub_test.cpp:22:21:[m[K [01;31m[Kerror: [m[Kparse error in template argument list
   22 |   rclcpp::spin(std::[01;31m[Kmake_shared<WAPublisher<tutorial_interfaces::msg::Num>(publisher)[m[K);
      |                     [01;31m[K^~~~~~~~~~~~~~~~~~~~~~~~~~~~~~~~~~~~~~~~~~~~~~~~~~~~~~~~~~~~~~~~~[m[K
[01m[K/home/theo/dev_ws/src/wa_pubsub/src/wa_pub_test.cpp:22:86:[m[K [01;31m[Kerror: [m[Kno matching function for call to ‘[01m[Kspin(<unresolved overloaded function type>)[m[K’
   22 |   rclcpp::spin(std::make_shared<WAPublisher<tutorial_interfaces::msg::Num>(publisher)[01;31m[K)[m[K;
      |                                                                                      [01;31m[K^[m[K
In file included from [01m[K/opt/ros/foxy/include/rclcpp/rclcpp.hpp:146[m[K,
                 from [01m[K/home/theo/dev_ws/install/wa_helper/include/wa_helper/wa_publisher.hpp:4[m[K,
                 from [01m[K/home/theo/dev_ws/src/wa_pubsub/src/wa_pub_test.cpp:1[m[K:
[01m[K/opt/ros/foxy/include/rclcpp/executors.hpp:45:1:[m[K [01;36m[Knote: [m[Kcandidate: ‘[01m[Kvoid rclcpp::spin(rclcpp::node_interfaces::NodeBaseInterface::SharedPtr)[m[K’
   45 | [01;36m[Kspin[m[K(rclcpp::node_interfaces::NodeBaseInterface::SharedPtr node_ptr);
      | [01;36m[K^~~~[m[K
[01m[K/opt/ros/foxy/include/rclcpp/executors.hpp:45:60:[m[K [01;36m[Knote: [m[K  no known conversion for argument 1 from ‘[01m[K<unresolved overloaded function type>[m[K’ to ‘[01m[Krclcpp::node_interfaces::NodeBaseInterface::SharedPtr[m[K’ {aka ‘[01m[Kstd::shared_ptr<rclcpp::node_interfaces::NodeBaseInterface>[m[K’}
   45 | spin([01;36m[Krclcpp::node_interfaces::NodeBaseInterface::SharedPtr node_ptr[m[K);
      |      [01;36m[K~~~~~~~~~~~~~~~~~~~~~~~~~~~~~~~~~~~~~~~~~~~~~~~~~~~~~~^~~~~~~~[m[K
[01m[K/opt/ros/foxy/include/rclcpp/executors.hpp:49:1:[m[K [01;36m[Knote: [m[Kcandidate: ‘[01m[Kvoid rclcpp::spin(rclcpp::Node::SharedPtr)[m[K’
   49 | [01;36m[Kspin[m[K(rclcpp::Node::SharedPtr node_ptr);
      | [01;36m[K^~~~[m[K
[01m[K/opt/ros/foxy/include/rclcpp/executors.hpp:49:30:[m[K [01;36m[Knote: [m[K  no known conversion for argument 1 from ‘[01m[K<unresolved overloaded function type>[m[K’ to ‘[01m[Krclcpp::Node::SharedPtr[m[K’ {aka ‘[01m[Kstd::shared_ptr<rclcpp::Node>[m[K’}
   49 | spin([01;36m[Krclcpp::Node::SharedPtr node_ptr[m[K);
      |      [01;36m[K~~~~~~~~~~~~~~~~~~~~~~~~^~~~~~~~[m[K
make[2]: *** [CMakeFiles/wa_pub_test.dir/build.make:63: CMakeFiles/wa_pub_test.dir/src/wa_pub_test.cpp.o] Error 1
make[1]: *** [CMakeFiles/Makefile2:78: CMakeFiles/wa_pub_test.dir/all] Error 2
make: *** [Makefile:141: all] Error 2
