[0.367s] Invoking command in '/home/theo/dev_ws/src/py_pubsub': PYTHONPATH=/home/theo/dev_ws/install/py_pubsub/lib/python3.8/site-packages:${PYTHONPATH} /usr/bin/python3 setup.py egg_info --egg-base ../../build/py_pubsub build --build-base /home/theo/dev_ws/build/py_pubsub/build install --prefix /home/theo/dev_ws/install/py_pubsub --record /home/theo/dev_ws/build/py_pubsub/install.log --single-version-externally-managed
[0.650s] running egg_info
[0.651s] writing ../../build/py_pubsub/py_pubsub.egg-info/PKG-INFO
[0.651s] writing dependency_links to ../../build/py_pubsub/py_pubsub.egg-info/dependency_links.txt
[0.651s] writing entry points to ../../build/py_pubsub/py_pubsub.egg-info/entry_points.txt
[0.652s] writing requirements to ../../build/py_pubsub/py_pubsub.egg-info/requires.txt
[0.652s] writing top-level names to ../../build/py_pubsub/py_pubsub.egg-info/top_level.txt
[0.708s] reading manifest file '../../build/py_pubsub/py_pubsub.egg-info/SOURCES.txt'
[0.710s] writing manifest file '../../build/py_pubsub/py_pubsub.egg-info/SOURCES.txt'
[0.710s] running build
[0.710s] running build_py
[0.711s] running install
[0.712s] running install_lib
[0.713s] running install_data
[0.714s] running install_egg_info
[0.716s] removing '/home/theo/dev_ws/install/py_pubsub/lib/python3.8/site-packages/py_pubsub-0.0.0-py3.8.egg-info' (and everything under it)
[0.717s] Copying ../../build/py_pubsub/py_pubsub.egg-info to /home/theo/dev_ws/install/py_pubsub/lib/python3.8/site-packages/py_pubsub-0.0.0-py3.8.egg-info
[0.718s] running install_scripts
[0.745s] Installing listener script to /home/theo/dev_ws/install/py_pubsub/lib/py_pubsub
[0.745s] Installing talker script to /home/theo/dev_ws/install/py_pubsub/lib/py_pubsub
[0.746s] writing list of installed files to '/home/theo/dev_ws/build/py_pubsub/install.log'
[0.768s] Invoked command in '/home/theo/dev_ws/src/py_pubsub' returned '0': PYTHONPATH=/home/theo/dev_ws/install/py_pubsub/lib/python3.8/site-packages:${PYTHONPATH} /usr/bin/python3 setup.py egg_info --egg-base ../../build/py_pubsub build --build-base /home/theo/dev_ws/build/py_pubsub/build install --prefix /home/theo/dev_ws/install/py_pubsub --record /home/theo/dev_ws/build/py_pubsub/install.log --single-version-externally-managed
