[0.012s] Invoking command in '/home/theo/dev_ws/build/wa_helper': CMAKE_PREFIX_PATH=${CMAKE_PREFIX_PATH}:/home/theo/dev_ws/install/py_pubsub:/opt/ros/foxy /usr/bin/cmake --build /home/theo/dev_ws/build/wa_helper -- -j1 -l1
[0.068s] -- Found ament_cmake: 0.9.7 (/opt/ros/foxy/share/ament_cmake/cmake)
[0.096s] -- Using PYTHON_EXECUTABLE: /usr/bin/python3
[0.402s] -- Found rclcpp: 2.2.0 (/opt/ros/foxy/share/rclcpp/cmake)
[0.444s] -- Using all available rosidl_typesupport_c: rosidl_typesupport_fastrtps_c;rosidl_typesupport_introspection_c
[0.450s] -- Found rosidl_adapter: 1.1.0 (/opt/ros/foxy/share/rosidl_adapter/cmake)
[0.643s] -- Using all available rosidl_typesupport_cpp: rosidl_typesupport_fastrtps_cpp;rosidl_typesupport_introspection_cpp
[0.733s] -- Found rmw_implementation_cmake: 1.0.1 (/opt/ros/foxy/share/rmw_implementation_cmake/cmake)
[0.736s] -- Using RMW implementation 'rmw_fastrtps_cpp' as default
[1.109s] -- Configuring done
[1.119s] -- Generating done
[1.122s] -- Build files have been written to: /home/theo/dev_ws/build/wa_helper
[1.166s] [100%] Built target wa_helper
[1.178s] Invoked command in '/home/theo/dev_ws/build/wa_helper' returned '0': CMAKE_PREFIX_PATH=${CMAKE_PREFIX_PATH}:/home/theo/dev_ws/install/py_pubsub:/opt/ros/foxy /usr/bin/cmake --build /home/theo/dev_ws/build/wa_helper -- -j1 -l1
[1.215s] Invoking command in '/home/theo/dev_ws/build/wa_helper': CMAKE_PREFIX_PATH=${CMAKE_PREFIX_PATH}:/home/theo/dev_ws/install/py_pubsub:/opt/ros/foxy /usr/bin/cmake --install /home/theo/dev_ws/build/wa_helper
[1.230s] -- Install configuration: ""
[1.230s] -- Up-to-date: /home/theo/dev_ws/install/wa_helper/lib/libwa_helper.a
[1.231s] -- Up-to-date: /home/theo/dev_ws/install/wa_helper/share/wa_helper/environment/library_path.sh
[1.231s] -- Installing: /home/theo/dev_ws/install/wa_helper/share/wa_helper/environment/library_path.dsv
[1.232s] -- Up-to-date: /home/theo/dev_ws/install/wa_helper/share/ament_index/resource_index/package_run_dependencies/wa_helper
[1.232s] -- Up-to-date: /home/theo/dev_ws/install/wa_helper/share/ament_index/resource_index/parent_prefix_path/wa_helper
[1.232s] -- Up-to-date: /home/theo/dev_ws/install/wa_helper/share/wa_helper/environment/ament_prefix_path.sh
[1.232s] -- Installing: /home/theo/dev_ws/install/wa_helper/share/wa_helper/environment/ament_prefix_path.dsv
[1.233s] -- Up-to-date: /home/theo/dev_ws/install/wa_helper/share/wa_helper/environment/path.sh
[1.233s] -- Installing: /home/theo/dev_ws/install/wa_helper/share/wa_helper/environment/path.dsv
[1.233s] -- Up-to-date: /home/theo/dev_ws/install/wa_helper/share/wa_helper/local_setup.bash
[1.233s] -- Up-to-date: /home/theo/dev_ws/install/wa_helper/share/wa_helper/local_setup.sh
[1.234s] -- Up-to-date: /home/theo/dev_ws/install/wa_helper/share/wa_helper/local_setup.zsh
[1.234s] -- Installing: /home/theo/dev_ws/install/wa_helper/share/wa_helper/local_setup.dsv
[1.234s] -- Installing: /home/theo/dev_ws/install/wa_helper/share/wa_helper/package.dsv
[1.235s] -- Up-to-date: /home/theo/dev_ws/install/wa_helper/share/ament_index/resource_index/packages/wa_helper
[1.235s] -- Up-to-date: /home/theo/dev_ws/install/wa_helper/share/wa_helper/cmake/wa_helperExport.cmake
[1.235s] -- Installing: /home/theo/dev_ws/install/wa_helper/share/wa_helper/cmake/wa_helperExport-noconfig.cmake
[1.235s] -- Up-to-date: /home/theo/dev_ws/install/wa_helper/share/wa_helper/cmake/ament_cmake_export_include_directories-extras.cmake
[1.236s] -- Up-to-date: /home/theo/dev_ws/install/wa_helper/share/wa_helper/cmake/ament_cmake_export_libraries-extras.cmake
[1.236s] -- Up-to-date: /home/theo/dev_ws/install/wa_helper/share/wa_helper/cmake/ament_cmake_export_targets-extras.cmake
[1.236s] -- Up-to-date: /home/theo/dev_ws/install/wa_helper/share/wa_helper/cmake/ament_cmake_export_dependencies-extras.cmake
[1.236s] -- Up-to-date: /home/theo/dev_ws/install/wa_helper/share/wa_helper/cmake/wa_helperConfig.cmake
[1.237s] -- Up-to-date: /home/theo/dev_ws/install/wa_helper/share/wa_helper/cmake/wa_helperConfig-version.cmake
[1.237s] -- Up-to-date: /home/theo/dev_ws/install/wa_helper/share/wa_helper/package.xml
[1.237s] -- Up-to-date: /home/theo/dev_ws/install/wa_helper/include
[1.237s] -- Up-to-date: /home/theo/dev_ws/install/wa_helper/include/wa_helper
[1.237s] -- Up-to-date: /home/theo/dev_ws/install/wa_helper/include/wa_helper/wa_publisher.hpp
[1.238s] CMake Error at cmake_install.cmake:147 (file):
[1.238s]   file INSTALL cannot find "/home/theo/dev_ws/build/wa_helper/include": No
[1.238s]   such file or directory.
[1.238s] 
[1.238s] 
[1.241s] Invoked command in '/home/theo/dev_ws/build/wa_helper' returned '1': CMAKE_PREFIX_PATH=${CMAKE_PREFIX_PATH}:/home/theo/dev_ws/install/py_pubsub:/opt/ros/foxy /usr/bin/cmake --install /home/theo/dev_ws/build/wa_helper
