[01m[K/home/theo/dev_ws/src/wa_helper/src/wa_publisher.cpp:1:28:[m[K [01;35m[Kwarning: [m[Kextra tokens at end of #include directive
    1 | #include "wa_publisher.hpp"[01;35m[K;[m[K
      |                            [01;35m[K^[m[K
[01m[K/home/theo/dev_ws/src/wa_helper/src/wa_publisher.cpp:7:13:[m[K [01;31m[Kerror: [m[K‘[01m[KT[m[K’ was not declared in this scope
    7 | WAPublisher<[01;31m[KT[m[K>::WAPublisher(std::function<void()> &fn, int delay_ms, int topic_name, int queue_size) : Node("minimal_publisher")
      |             [01;31m[K^[m[K
[01m[K/home/theo/dev_ws/src/wa_helper/src/wa_publisher.cpp:7:14:[m[K [01;31m[Kerror: [m[Ktemplate argument 1 is invalid
    7 | WAPublisher<T[01;31m[K>[m[K::WAPublisher(std::function<void()> &fn, int delay_ms, int topic_name, int queue_size) : Node("minimal_publisher")
      |              [01;31m[K^[m[K
[01m[K/home/theo/dev_ws/src/wa_helper/src/wa_publisher.cpp:7:100:[m[K [01;31m[Kerror: [m[K‘[01m[Kint WAPublisher(std::function<void()>&, int, int, int)[m[K’ redeclared as different kind of entity
    7 | APublisher(std::function<void()> &fn, int delay_ms, int topic_name, int queue_size[01;31m[K)[m[K : Node("minimal_publisher")
      |                                                                                   [01;31m[K^[m[K

In file included from [01m[K/home/theo/dev_ws/src/wa_helper/src/wa_publisher.cpp:1[m[K:
[01m[K/home/theo/dev_ws/src/wa_helper/src/wa_publisher.hpp:15:7:[m[K [01;36m[Knote: [m[Kprevious declaration ‘[01m[Ktemplate<class T> class WAPublisher[m[K’
   15 | class [01;36m[KWAPublisher[m[K : public rclcpp::Node
      |       [01;36m[K^~~~~~~~~~~[m[K
[01m[K/home/theo/dev_ws/src/wa_helper/src/wa_publisher.cpp:[m[K In function ‘[01m[Kint WAPublisher(std::function<void()>&, int, int, int)[m[K’:
[01m[K/home/theo/dev_ws/src/wa_helper/src/wa_publisher.cpp:7:104:[m[K [01;31m[Kerror: [m[Konly constructors take member initializers
    7 | lisher(std::function<void()> &fn, int delay_ms, int topic_name, int queue_size) : [01;31m[KNode[m[K("minimal_publisher")
      |                                                                                   [01;31m[K^~~~[m[K

[01m[K/home/theo/dev_ws/src/wa_helper/src/wa_publisher.cpp:9:5:[m[K [01;31m[Kerror: [m[Kinvalid use of ‘[01m[Kthis[m[K’ in non-member function
    9 |     [01;31m[Kthis[m[K->_publisher = this->create_publisher<T>(topic_name, queue_size);
      |     [01;31m[K^~~~[m[K
[01m[K/home/theo/dev_ws/src/wa_helper/src/wa_publisher.cpp:9:24:[m[K [01;31m[Kerror: [m[Kinvalid use of ‘[01m[Kthis[m[K’ in non-member function
    9 |     this->_publisher = [01;31m[Kthis[m[K->create_publisher<T>(topic_name, queue_size);
      |                        [01;31m[K^~~~[m[K
[01m[K/home/theo/dev_ws/src/wa_helper/src/wa_publisher.cpp:9:47:[m[K [01;31m[Kerror: [m[K‘[01m[KT[m[K’ was not declared in this scope
    9 |     this->_publisher = this->create_publisher<[01;31m[KT[m[K>(topic_name, queue_size);
      |                                               [01;31m[K^[m[K
[01m[K/home/theo/dev_ws/src/wa_helper/src/wa_publisher.cpp:10:5:[m[K [01;31m[Kerror: [m[Kinvalid use of ‘[01m[Kthis[m[K’ in non-member function
   10 |     [01;31m[Kthis[m[K->_timer = this->create_wall_timer(std::chrono::milliseconds(delay_ms), std::bind(fn, this));
      |     [01;31m[K^~~~[m[K
[01m[K/home/theo/dev_ws/src/wa_helper/src/wa_publisher.cpp:10:20:[m[K [01;31m[Kerror: [m[Kinvalid use of ‘[01m[Kthis[m[K’ in non-member function
   10 |     this->_timer = [01;31m[Kthis[m[K->create_wall_timer(std::chrono::milliseconds(delay_ms), std::bind(fn, this));
      |                    [01;31m[K^~~~[m[K
[01m[K/home/theo/dev_ws/src/wa_helper/src/wa_publisher.cpp:10:95:[m[K [01;31m[Kerror: [m[Kinvalid use of ‘[01m[Kthis[m[K’ in non-member function
   10 | imer = this->create_wall_timer(std::chrono::milliseconds(delay_ms), std::bind(fn, [01;31m[Kthis[m[K));
      |                                                                                   [01;31m[K^~~~[m[K

[01m[K/home/theo/dev_ws/src/wa_helper/src/wa_publisher.cpp:11:3:[m[K [01;35m[Kwarning: [m[Kno return statement in function returning non-void [[01;35m[K-Wreturn-type[m[K]
   11 |   [01;35m[K}[m[K
      |   [01;35m[K^[m[K
[01m[K/home/theo/dev_ws/src/wa_helper/src/wa_publisher.cpp:[m[K At global scope:
[01m[K/home/theo/dev_ws/src/wa_helper/src/wa_publisher.cpp:12:1:[m[K [01;31m[Kerror: [m[Kexpected declaration before ‘[01m[K}[m[K’ token
   12 | [01;31m[K}[m[K;
      | [01;31m[K^[m[K
make[2]: *** [CMakeFiles/wa_publisher.dir/build.make:63: CMakeFiles/wa_publisher.dir/src/wa_publisher.cpp.o] Error 1
make[1]: *** [CMakeFiles/Makefile2:78: CMakeFiles/wa_publisher.dir/all] Error 2
make: *** [Makefile:141: all] Error 2
