[0.039s] Invoking command in '/home/theo/dev_ws/build/cpp_pubsub': CMAKE_PREFIX_PATH=${CMAKE_PREFIX_PATH}:/opt/ros/foxy /usr/bin/cmake --build /home/theo/dev_ws/build/cpp_pubsub -- -j1 -l1
[0.205s] [ 50%] Built target listener
[0.219s] [35m[1mScanning dependencies of target talker[0m
[0.255s] [ 75%] [32mBuilding CXX object CMakeFiles/talker.dir/src/publisher_member_function.cpp.o[0m
[7.313s] [100%] [32m[1mLinking CXX executable talker[0m
[7.718s] [100%] Built target talker
[7.743s] Invoked command in '/home/theo/dev_ws/build/cpp_pubsub' returned '0': CMAKE_PREFIX_PATH=${CMAKE_PREFIX_PATH}:/opt/ros/foxy /usr/bin/cmake --build /home/theo/dev_ws/build/cpp_pubsub -- -j1 -l1
[7.821s] Invoking command in '/home/theo/dev_ws/build/cpp_pubsub': CMAKE_PREFIX_PATH=${CMAKE_PREFIX_PATH}:/opt/ros/foxy /usr/bin/cmake --install /home/theo/dev_ws/build/cpp_pubsub
[7.841s] -- Install configuration: ""
[7.844s] -- Installing: /home/theo/dev_ws/install/cpp_pubsub/lib/cpp_pubsub/talker
[7.846s] -- Set runtime path of "/home/theo/dev_ws/install/cpp_pubsub/lib/cpp_pubsub/talker" to ""
[7.846s] -- Up-to-date: /home/theo/dev_ws/install/cpp_pubsub/lib/cpp_pubsub/listener
[7.847s] -- Up-to-date: /home/theo/dev_ws/install/cpp_pubsub/share/ament_index/resource_index/package_run_dependencies/cpp_pubsub
[7.848s] -- Up-to-date: /home/theo/dev_ws/install/cpp_pubsub/share/ament_index/resource_index/parent_prefix_path/cpp_pubsub
[7.848s] -- Up-to-date: /home/theo/dev_ws/install/cpp_pubsub/share/cpp_pubsub/environment/ament_prefix_path.sh
[7.848s] -- Up-to-date: /home/theo/dev_ws/install/cpp_pubsub/share/cpp_pubsub/environment/ament_prefix_path.dsv
[7.848s] -- Up-to-date: /home/theo/dev_ws/install/cpp_pubsub/share/cpp_pubsub/environment/path.sh
[7.849s] -- Up-to-date: /home/theo/dev_ws/install/cpp_pubsub/share/cpp_pubsub/environment/path.dsv
[7.852s] -- Up-to-date: /home/theo/dev_ws/install/cpp_pubsub/share/cpp_pubsub/local_setup.bash
[7.853s] -- Up-to-date: /home/theo/dev_ws/install/cpp_pubsub/share/cpp_pubsub/local_setup.sh
[7.853s] -- Up-to-date: /home/theo/dev_ws/install/cpp_pubsub/share/cpp_pubsub/local_setup.zsh
[7.853s] -- Up-to-date: /home/theo/dev_ws/install/cpp_pubsub/share/cpp_pubsub/local_setup.dsv
[7.853s] -- Installing: /home/theo/dev_ws/install/cpp_pubsub/share/cpp_pubsub/package.dsv
[7.854s] -- Up-to-date: /home/theo/dev_ws/install/cpp_pubsub/share/ament_index/resource_index/packages/cpp_pubsub
[7.857s] -- Up-to-date: /home/theo/dev_ws/install/cpp_pubsub/share/cpp_pubsub/cmake/cpp_pubsubConfig.cmake
[7.857s] -- Up-to-date: /home/theo/dev_ws/install/cpp_pubsub/share/cpp_pubsub/cmake/cpp_pubsubConfig-version.cmake
[7.857s] -- Up-to-date: /home/theo/dev_ws/install/cpp_pubsub/share/cpp_pubsub/package.xml
[7.860s] Invoked command in '/home/theo/dev_ws/build/cpp_pubsub' returned '0': CMAKE_PREFIX_PATH=${CMAKE_PREFIX_PATH}:/opt/ros/foxy /usr/bin/cmake --install /home/theo/dev_ws/build/cpp_pubsub
