[0.013s] Invoking command in '/home/theo/dev_ws/build/wa_helper': CMAKE_PREFIX_PATH=${CMAKE_PREFIX_PATH}:/home/theo/dev_ws/install/py_pubsub:/opt/ros/foxy /usr/bin/cmake --build /home/theo/dev_ws/build/wa_helper -- -j1 -l1
[0.069s] -- Found ament_cmake: 0.9.7 (/opt/ros/foxy/share/ament_cmake/cmake)
[0.101s] -- Using PYTHON_EXECUTABLE: /usr/bin/python3
[0.402s] -- Found rclcpp: 2.2.0 (/opt/ros/foxy/share/rclcpp/cmake)
[0.444s] -- Using all available rosidl_typesupport_c: rosidl_typesupport_fastrtps_c;rosidl_typesupport_introspection_c
[0.450s] -- Found rosidl_adapter: 1.1.0 (/opt/ros/foxy/share/rosidl_adapter/cmake)
[0.637s] -- Using all available rosidl_typesupport_cpp: rosidl_typesupport_fastrtps_cpp;rosidl_typesupport_introspection_cpp
[0.723s] -- Found rmw_implementation_cmake: 1.0.1 (/opt/ros/foxy/share/rmw_implementation_cmake/cmake)
[0.726s] -- Using RMW implementation 'rmw_fastrtps_cpp' as default
[1.079s] -- Configuring done
[1.081s] CMake Error at CMakeLists.txt:16 (add_library):
[1.081s]   Cannot find source file:
[1.081s] 
[1.081s]     src/wa_publisher.hpp
[1.081s] 
[1.081s]   Tried extensions .c .C .c++ .cc .cpp .cxx .cu .m .M .mm .h .hh .h++ .hm
[1.082s]   .hpp .hxx .in .txx
[1.082s] 
[1.082s] 
[1.086s] CMake Error at CMakeLists.txt:16 (add_library):
[1.087s]   No SOURCES given to target: wa_helper
[1.087s] 
[1.087s] 
[1.087s] CMake Generate step failed.  Build files cannot be regenerated correctly.
[1.093s] make: *** [Makefile:266: cmake_check_build_system] Error 1
[1.097s] Invoked command in '/home/theo/dev_ws/build/wa_helper' returned '2': CMAKE_PREFIX_PATH=${CMAKE_PREFIX_PATH}:/home/theo/dev_ws/install/py_pubsub:/opt/ros/foxy /usr/bin/cmake --build /home/theo/dev_ws/build/wa_helper -- -j1 -l1
