[0.007s] Invoking command in '/home/theo/dev_ws/build/cpp_pubsub': CMAKE_PREFIX_PATH=/opt/ros/foxy /usr/bin/cmake /home/theo/dev_ws/src/cpp_pubsub -DCMAKE_INSTALL_PREFIX=/home/theo/dev_ws/install/cpp_pubsub
[0.097s] -- The C compiler identification is GNU 9.3.0
[0.192s] -- The CXX compiler identification is GNU 9.3.0
[0.199s] -- Check for working C compiler: /usr/bin/cc
[0.272s] -- Check for working C compiler: /usr/bin/cc -- works
[0.273s] -- Detecting C compiler ABI info
[0.347s] -- Detecting C compiler ABI info - done
[0.369s] -- Detecting C compile features
[0.370s] -- Detecting C compile features - done
[0.374s] -- Check for working CXX compiler: /usr/bin/c++
[0.461s] -- Check for working CXX compiler: /usr/bin/c++ -- works
[0.463s] -- Detecting CXX compiler ABI info
[0.554s] -- Detecting CXX compiler ABI info - done
[0.577s] -- Detecting CXX compile features
[0.578s] -- Detecting CXX compile features - done
[0.580s] -- Found ament_cmake: 0.9.7 (/opt/ros/foxy/share/ament_cmake/cmake)
[0.607s] -- Found PythonInterp: /usr/bin/python3 (found suitable version "3.8.5", minimum required is "3") 
[0.608s] -- Using PYTHON_EXECUTABLE: /usr/bin/python3
[0.871s] -- Found ament_lint_auto: 0.9.5 (/opt/ros/foxy/share/ament_lint_auto/cmake)
[0.963s] -- Added test 'copyright' to check source files copyright and LICENSE
[0.965s] -- Added test 'lint_cmake' to check CMake code style
[0.967s] -- Added test 'xmllint' to check XML markup files
[0.969s] -- Configuring done
[0.972s] -- Generating done
[0.973s] -- Build files have been written to: /home/theo/dev_ws/build/cpp_pubsub
[0.979s] Invoked command in '/home/theo/dev_ws/build/cpp_pubsub' returned '0': CMAKE_PREFIX_PATH=/opt/ros/foxy /usr/bin/cmake /home/theo/dev_ws/src/cpp_pubsub -DCMAKE_INSTALL_PREFIX=/home/theo/dev_ws/install/cpp_pubsub
[0.980s] Invoking command in '/home/theo/dev_ws/build/cpp_pubsub': CMAKE_PREFIX_PATH=/opt/ros/foxy /usr/bin/cmake --build /home/theo/dev_ws/build/cpp_pubsub -- -j1 -l1
[1.018s] Invoked command in '/home/theo/dev_ws/build/cpp_pubsub' returned '0': CMAKE_PREFIX_PATH=/opt/ros/foxy /usr/bin/cmake --build /home/theo/dev_ws/build/cpp_pubsub -- -j1 -l1
[1.052s] Invoking command in '/home/theo/dev_ws/build/cpp_pubsub': CMAKE_PREFIX_PATH=/opt/ros/foxy /usr/bin/cmake --install /home/theo/dev_ws/build/cpp_pubsub
[1.062s] -- Install configuration: ""
[1.062s] -- Installing: /home/theo/dev_ws/install/cpp_pubsub/share/ament_index/resource_index/package_run_dependencies/cpp_pubsub
[1.063s] -- Installing: /home/theo/dev_ws/install/cpp_pubsub/share/ament_index/resource_index/parent_prefix_path/cpp_pubsub
[1.063s] -- Installing: /home/theo/dev_ws/install/cpp_pubsub/share/cpp_pubsub/environment/ament_prefix_path.sh
[1.063s] -- Installing: /home/theo/dev_ws/install/cpp_pubsub/share/cpp_pubsub/environment/ament_prefix_path.dsv
[1.064s] -- Installing: /home/theo/dev_ws/install/cpp_pubsub/share/cpp_pubsub/environment/path.sh
[1.064s] -- Installing: /home/theo/dev_ws/install/cpp_pubsub/share/cpp_pubsub/environment/path.dsv
[1.064s] -- Installing: /home/theo/dev_ws/install/cpp_pubsub/share/cpp_pubsub/local_setup.bash
[1.065s] -- Installing: /home/theo/dev_ws/install/cpp_pubsub/share/cpp_pubsub/local_setup.sh
[1.065s] -- Installing: /home/theo/dev_ws/install/cpp_pubsub/share/cpp_pubsub/local_setup.zsh
[1.065s] -- Installing: /home/theo/dev_ws/install/cpp_pubsub/share/cpp_pubsub/local_setup.dsv
[1.066s] -- Installing: /home/theo/dev_ws/install/cpp_pubsub/share/cpp_pubsub/package.dsv
[1.066s] -- Installing: /home/theo/dev_ws/install/cpp_pubsub/share/ament_index/resource_index/packages/cpp_pubsub
[1.066s] -- Installing: /home/theo/dev_ws/install/cpp_pubsub/share/cpp_pubsub/cmake/cpp_pubsubConfig.cmake
[1.066s] -- Installing: /home/theo/dev_ws/install/cpp_pubsub/share/cpp_pubsub/cmake/cpp_pubsubConfig-version.cmake
[1.067s] -- Installing: /home/theo/dev_ws/install/cpp_pubsub/share/cpp_pubsub/package.xml
[1.072s] Invoked command in '/home/theo/dev_ws/build/cpp_pubsub' returned '0': CMAKE_PREFIX_PATH=/opt/ros/foxy /usr/bin/cmake --install /home/theo/dev_ws/build/cpp_pubsub
