[0.023s] Invoking command in '/home/theo/dev_ws/build/cpp_srvcli': CMAKE_PREFIX_PATH=${CMAKE_PREFIX_PATH}:/opt/ros/foxy /usr/bin/cmake --build /home/theo/dev_ws/build/cpp_srvcli -- -j1 -l1
[0.120s] [35m[1mScanning dependencies of target client[0m
[0.208s] [ 25%] [32mBuilding CXX object CMakeFiles/client.dir/src/add_two_ints_client.cpp.o[0m
[2.721s] [01m[K/home/theo/dev_ws/src/cpp_srvcli/src/add_two_ints_client.cpp:[m[K In function ‘[01m[Kint main(int, char**)[m[K’:
[2.721s] [01m[K/home/theo/dev_ws/src/cpp_srvcli/src/add_two_ints_client.cpp:20:95:[m[K [01;31m[Kerror: [m[K‘[01m[Kexample_interface[m[K’ was not declared in this scope; did you mean ‘[01m[Kexample_interfaces[m[K’?
[2.721s]    20 | ent<example_interfaces::srv::AddTwoInts>::SharedPtr client = node->create_client<[01;31m[Kexample_interface[m[K::src::AddTwoInts>("add_two_ints");
[2.721s]       |                                                                                  [01;31m[K^~~~~~~~~~~~~~~~~[m[K
[2.722s]       |                                                                                  [32m[Kexample_interfaces[m[K
[2.722s] [01m[K/home/theo/dev_ws/src/cpp_srvcli/src/add_two_ints_client.cpp:20:81:[m[K [01;31m[Kerror: [m[Kparse error in template argument list
[2.723s]    20 |   rclcpp::Client<example_interfaces::srv::AddTwoInts>::SharedPtr client = node->[01;31m[Kcreate_client<example_interface::src::AddTwoInts>[m[K("add_two_ints");
[2.723s]       |                                                                                 [01;31m[K^~~~~~~~~~~~~~~~~~~~~~~~~~~~~~~~~~~~~~~~~~~~~~~~~[m[K
[2.723s] [01m[K/home/theo/dev_ws/src/cpp_srvcli/src/add_two_ints_client.cpp:20:145:[m[K [01;31m[Kerror: [m[Kno matching function for call to ‘[01m[Krclcpp::Node::create_client<<expression error> >(const char [13])[m[K’
[2.723s]    20 | r client = node->create_client<example_interface::src::AddTwoInts>("add_two_ints"[01;31m[K)[m[K;
[2.724s]       |                                                                                  [01;31m[K^[m[K
[2.724s] 
[2.724s] In file included from [01m[K/opt/ros/foxy/include/rclcpp/executors/single_threaded_executor.hpp:28[m[K,
[2.724s]                  from [01m[K/opt/ros/foxy/include/rclcpp/executors.hpp:22[m[K,
[2.725s]                  from [01m[K/opt/ros/foxy/include/rclcpp/rclcpp.hpp:146[m[K,
[2.725s]                  from [01m[K/home/theo/dev_ws/src/cpp_srvcli/src/add_two_ints_client.cpp:1[m[K:
[2.725s] [01m[K/opt/ros/foxy/include/rclcpp/node.hpp:246:3:[m[K [01;36m[Knote: [m[Kcandidate: ‘[01m[Ktemplate<class ServiceT> typename rclcpp::Client<ServiceT>::SharedPtr rclcpp::Node::create_client(const string&, const rmw_qos_profile_t&, rclcpp::CallbackGroup::SharedPtr)[m[K’
[2.725s]   246 |   [01;36m[Kcreate_client[m[K(
[2.725s]       |   [01;36m[K^~~~~~~~~~~~~[m[K
[2.726s] [01m[K/opt/ros/foxy/include/rclcpp/node.hpp:246:3:[m[K [01;36m[Knote: [m[K  template argument deduction/substitution failed:
[2.726s] [01m[K/home/theo/dev_ws/src/cpp_srvcli/src/add_two_ints_client.cpp:20:145:[m[K [01;31m[Kerror: [m[Ktemplate argument 1 is invalid
[2.726s]    20 | r client = node->create_client<example_interface::src::AddTwoInts>("add_two_ints"[01;31m[K)[m[K;
[2.727s]       |                                                                                  [01;31m[K^[m[K
[2.727s] 
[2.731s] [01m[K/home/theo/dev_ws/src/cpp_srvcli/src/add_two_ints_client.cpp:22:23:[m[K [01;31m[Kerror: [m[Kparse error in template argument list
[2.731s]    22 |   auto request = std::[01;31m[Kmake_shared<example_interface::srv::AddTwoInts::Request>[m[K();
[2.731s]       |                       [01;31m[K^~~~~~~~~~~~~~~~~~~~~~~~~~~~~~~~~~~~~~~~~~~~~~~~~~~~~~~~[m[K
[2.731s] [01m[K/home/theo/dev_ws/src/cpp_srvcli/src/add_two_ints_client.cpp:22:80:[m[K [01;31m[Kerror: [m[Kno matching function for call to ‘[01m[Kmake_shared<example_interface>()[m[K’
[2.731s]    22 |   auto request = std::make_shared<example_interface::srv::AddTwoInts::Request>([01;31m[K)[m[K;
[2.732s]       |                                                                                [01;31m[K^[m[K
[2.732s] In file included from [01m[K/usr/include/c++/9/memory:81[m[K,
[2.732s]                  from [01m[K/opt/ros/foxy/include/rclcpp/rclcpp.hpp:144[m[K,
[2.732s]                  from [01m[K/home/theo/dev_ws/src/cpp_srvcli/src/add_two_ints_client.cpp:1[m[K:
[2.732s] [01m[K/usr/include/c++/9/bits/shared_ptr.h:714:5:[m[K [01;36m[Knote: [m[Kcandidate: ‘[01m[Ktemplate<class _Tp, class ... _Args> std::shared_ptr<_Tp> std::make_shared(_Args&& ...)[m[K’
[2.732s]   714 |     [01;36m[Kmake_shared[m[K(_Args&&... __args)
[2.732s]       |     [01;36m[K^~~~~~~~~~~[m[K
[2.733s] [01m[K/usr/include/c++/9/bits/shared_ptr.h:714:5:[m[K [01;36m[Knote: [m[K  template argument deduction/substitution failed:
[3.398s] make[2]: *** [CMakeFiles/client.dir/build.make:63: CMakeFiles/client.dir/src/add_two_ints_client.cpp.o] Error 1
[3.403s] make[1]: *** [CMakeFiles/Makefile2:80: CMakeFiles/client.dir/all] Error 2
[3.404s] make: *** [Makefile:141: all] Error 2
[3.404s] Invoked command in '/home/theo/dev_ws/build/cpp_srvcli' returned '2': CMAKE_PREFIX_PATH=${CMAKE_PREFIX_PATH}:/opt/ros/foxy /usr/bin/cmake --build /home/theo/dev_ws/build/cpp_srvcli -- -j1 -l1
