[ 50%] [32mBuilding CXX object CMakeFiles/wa_publisher.dir/src/wa_publisher.cpp.o[0m
[01m[K/home/theo/dev_ws/src/wa_helper/src/wa_publisher.cpp:6:37:[m[K [01;31m[Kerror: [m[Kexpected ‘[01m[K;[m[K’ before ‘[01m[Ktemplate[m[K’
    6 | using namespace std::chrono_literals
      |                                     [01;31m[K^[m[K
      |                                     [32m[K;[m[K
......
   12 | [32m[Ktemplate[m[K <typename T>
      | [32m[K~~~~~~~~[m[K                             
[01m[K/home/theo/dev_ws/src/wa_helper/src/wa_publisher.cpp:16:3:[m[K [01;31m[Kerror: [m[Kneed ‘[01m[Ktypename[m[K’ before ‘[01m[Krclcpp::Publisher<T>::SharedPtr[m[K’ because ‘[01m[Krclcpp::Publisher<T>[m[K’ is a dependent scope
   16 |   [01;31m[Krclcpp[m[K::Publisher<T>::SharedPtr _publisher;
      |   [01;31m[K^~~~~~[m[K
      |   [32m[Ktypename [m[K
[01m[K/home/theo/dev_ws/src/wa_helper/src/wa_publisher.cpp:25:2:[m[K [01;31m[Kerror: [m[Kexpected ‘[01m[K;[m[K’ after class definition
   25 | }
      |  [01;31m[K^[m[K
      |  [32m[K;[m[K
[01m[K/home/theo/dev_ws/src/wa_helper/src/wa_publisher.cpp:[m[K In constructor ‘[01m[KWAPublisher<T>::WAPublisher(std::function<void()>&, int)[m[K’:
[01m[K/home/theo/dev_ws/src/wa_helper/src/wa_publisher.cpp:22:5:[m[K [01;31m[Kerror: [m[K‘[01m[K_publisher[m[K’ was not declared in this scope; did you mean ‘[01m[KWAPublisher[m[K’?
   22 |     [01;31m[K_publisher[m[K = this->create_publisher<T>(this->_topic, this->_queueSize);
      |     [01;31m[K^~~~~~~~~~[m[K
      |     [32m[KWAPublisher[m[K
[01m[K/home/theo/dev_ws/src/wa_helper/src/wa_publisher.cpp:23:48:[m[K [01;31m[Kerror: [m[Kexpected ‘[01m[K)[m[K’ before ‘[01m[Kms[m[K’
   23 |     _timer = this->create_wall_timer[34m[K([m[K(delay_ms)[01;31m[Km[m[K[32m[Ks[m[K, std::bind(fn, this));
      |                                     [34m[K~[m[K          [01;31m[K^[m[K[32m[K~[m[K
      |                                                [32m[K)[m[K
make[2]: *** [CMakeFiles/wa_publisher.dir/build.make:63: CMakeFiles/wa_publisher.dir/src/wa_publisher.cpp.o] Error 1
make[1]: *** [CMakeFiles/Makefile2:78: CMakeFiles/wa_publisher.dir/all] Error 2
make: *** [Makefile:141: all] Error 2
