[0.056s] Invoking command in '/home/theo/dev_ws/build/wa_helper': CMAKE_PREFIX_PATH=${CMAKE_PREFIX_PATH}:/home/theo/dev_ws/install/py_pubsub:/opt/ros/foxy /usr/bin/cmake --build /home/theo/dev_ws/build/wa_helper -- -j1 -l1
[0.280s] [100%] Built target wa_helper
[0.339s] Invoked command in '/home/theo/dev_ws/build/wa_helper' returned '0': CMAKE_PREFIX_PATH=${CMAKE_PREFIX_PATH}:/home/theo/dev_ws/install/py_pubsub:/opt/ros/foxy /usr/bin/cmake --build /home/theo/dev_ws/build/wa_helper -- -j1 -l1
[0.471s] Invoking command in '/home/theo/dev_ws/build/wa_helper': CMAKE_PREFIX_PATH=${CMAKE_PREFIX_PATH}:/home/theo/dev_ws/install/py_pubsub:/opt/ros/foxy /usr/bin/cmake --install /home/theo/dev_ws/build/wa_helper
[0.492s] -- Install configuration: ""
[0.494s] -- Up-to-date: /home/theo/dev_ws/install/wa_helper/lib/libwa_helper.a
[0.495s] -- Up-to-date: /home/theo/dev_ws/install/wa_helper/share/wa_helper/environment/library_path.sh
[0.495s] -- Up-to-date: /home/theo/dev_ws/install/wa_helper/share/wa_helper/environment/library_path.dsv
[0.495s] -- Up-to-date: /home/theo/dev_ws/install/wa_helper/share/ament_index/resource_index/package_run_dependencies/wa_helper
[0.496s] -- Up-to-date: /home/theo/dev_ws/install/wa_helper/share/ament_index/resource_index/parent_prefix_path/wa_helper
[0.496s] -- Up-to-date: /home/theo/dev_ws/install/wa_helper/share/wa_helper/environment/ament_prefix_path.sh
[0.497s] -- Up-to-date: /home/theo/dev_ws/install/wa_helper/share/wa_helper/environment/ament_prefix_path.dsv
[0.497s] -- Up-to-date: /home/theo/dev_ws/install/wa_helper/share/wa_helper/environment/path.sh
[0.497s] -- Up-to-date: /home/theo/dev_ws/install/wa_helper/share/wa_helper/environment/path.dsv
[0.498s] -- Up-to-date: /home/theo/dev_ws/install/wa_helper/share/wa_helper/local_setup.bash
[0.498s] -- Up-to-date: /home/theo/dev_ws/install/wa_helper/share/wa_helper/local_setup.sh
[0.499s] -- Up-to-date: /home/theo/dev_ws/install/wa_helper/share/wa_helper/local_setup.zsh
[0.499s] -- Up-to-date: /home/theo/dev_ws/install/wa_helper/share/wa_helper/local_setup.dsv
[0.499s] -- Installing: /home/theo/dev_ws/install/wa_helper/share/wa_helper/package.dsv
[0.500s] -- Up-to-date: /home/theo/dev_ws/install/wa_helper/share/ament_index/resource_index/packages/wa_helper
[0.500s] -- Up-to-date: /home/theo/dev_ws/install/wa_helper/share/wa_helper/cmake/wa_helperExport.cmake
[0.501s] -- Up-to-date: /home/theo/dev_ws/install/wa_helper/share/wa_helper/cmake/wa_helperExport-noconfig.cmake
[0.501s] -- Up-to-date: /home/theo/dev_ws/install/wa_helper/share/wa_helper/cmake/ament_cmake_export_include_directories-extras.cmake
[0.501s] -- Up-to-date: /home/theo/dev_ws/install/wa_helper/share/wa_helper/cmake/ament_cmake_export_libraries-extras.cmake
[0.501s] -- Up-to-date: /home/theo/dev_ws/install/wa_helper/share/wa_helper/cmake/ament_cmake_export_targets-extras.cmake
[0.502s] -- Up-to-date: /home/theo/dev_ws/install/wa_helper/share/wa_helper/cmake/ament_cmake_export_dependencies-extras.cmake
[0.502s] -- Up-to-date: /home/theo/dev_ws/install/wa_helper/share/wa_helper/cmake/wa_helperConfig.cmake
[0.502s] -- Up-to-date: /home/theo/dev_ws/install/wa_helper/share/wa_helper/cmake/wa_helperConfig-version.cmake
[0.503s] -- Up-to-date: /home/theo/dev_ws/install/wa_helper/share/wa_helper/package.xml
[0.503s] -- Up-to-date: /home/theo/dev_ws/install/wa_helper/include
[0.503s] -- Up-to-date: /home/theo/dev_ws/install/wa_helper/include/wa_helper
[0.504s] -- Up-to-date: /home/theo/dev_ws/install/wa_helper/include/wa_helper/wa_publisher.hpp
[0.509s] Invoked command in '/home/theo/dev_ws/build/wa_helper' returned '0': CMAKE_PREFIX_PATH=${CMAKE_PREFIX_PATH}:/home/theo/dev_ws/install/py_pubsub:/opt/ros/foxy /usr/bin/cmake --install /home/theo/dev_ws/build/wa_helper
