[0.026s] Invoking command in '/home/theo/dev_ws/build/cpp_pubsub': CMAKE_PREFIX_PATH=${CMAKE_PREFIX_PATH}:/home/theo/dev_ws/install/py_pubsub:/opt/ros/foxy /usr/bin/cmake --build /home/theo/dev_ws/build/cpp_pubsub -- -j1 -l1
[0.193s] [ 50%] Built target listener
[0.247s] [100%] Built target talker
[0.264s] Invoked command in '/home/theo/dev_ws/build/cpp_pubsub' returned '0': CMAKE_PREFIX_PATH=${CMAKE_PREFIX_PATH}:/home/theo/dev_ws/install/py_pubsub:/opt/ros/foxy /usr/bin/cmake --build /home/theo/dev_ws/build/cpp_pubsub -- -j1 -l1
[0.315s] Invoking command in '/home/theo/dev_ws/build/cpp_pubsub': CMAKE_PREFIX_PATH=${CMAKE_PREFIX_PATH}:/home/theo/dev_ws/install/py_pubsub:/opt/ros/foxy /usr/bin/cmake --install /home/theo/dev_ws/build/cpp_pubsub
[0.337s] -- Install configuration: ""
[0.338s] -- Up-to-date: /home/theo/dev_ws/install/cpp_pubsub/lib/cpp_pubsub/talker
[0.339s] -- Up-to-date: /home/theo/dev_ws/install/cpp_pubsub/lib/cpp_pubsub/listener
[0.340s] -- Up-to-date: /home/theo/dev_ws/install/cpp_pubsub/share/ament_index/resource_index/package_run_dependencies/cpp_pubsub
[0.340s] -- Up-to-date: /home/theo/dev_ws/install/cpp_pubsub/share/ament_index/resource_index/parent_prefix_path/cpp_pubsub
[0.341s] -- Up-to-date: /home/theo/dev_ws/install/cpp_pubsub/share/cpp_pubsub/environment/ament_prefix_path.sh
[0.341s] -- Up-to-date: /home/theo/dev_ws/install/cpp_pubsub/share/cpp_pubsub/environment/ament_prefix_path.dsv
[0.341s] -- Up-to-date: /home/theo/dev_ws/install/cpp_pubsub/share/cpp_pubsub/environment/path.sh
[0.342s] -- Up-to-date: /home/theo/dev_ws/install/cpp_pubsub/share/cpp_pubsub/environment/path.dsv
[0.342s] -- Up-to-date: /home/theo/dev_ws/install/cpp_pubsub/share/cpp_pubsub/local_setup.bash
[0.343s] -- Up-to-date: /home/theo/dev_ws/install/cpp_pubsub/share/cpp_pubsub/local_setup.sh
[0.343s] -- Up-to-date: /home/theo/dev_ws/install/cpp_pubsub/share/cpp_pubsub/local_setup.zsh
[0.343s] -- Up-to-date: /home/theo/dev_ws/install/cpp_pubsub/share/cpp_pubsub/local_setup.dsv
[0.344s] -- Installing: /home/theo/dev_ws/install/cpp_pubsub/share/cpp_pubsub/package.dsv
[0.344s] -- Up-to-date: /home/theo/dev_ws/install/cpp_pubsub/share/ament_index/resource_index/packages/cpp_pubsub
[0.344s] -- Up-to-date: /home/theo/dev_ws/install/cpp_pubsub/share/cpp_pubsub/cmake/cpp_pubsubConfig.cmake
[0.345s] -- Up-to-date: /home/theo/dev_ws/install/cpp_pubsub/share/cpp_pubsub/cmake/cpp_pubsubConfig-version.cmake
[0.345s] -- Up-to-date: /home/theo/dev_ws/install/cpp_pubsub/share/cpp_pubsub/package.xml
[0.348s] Invoked command in '/home/theo/dev_ws/build/cpp_pubsub' returned '0': CMAKE_PREFIX_PATH=${CMAKE_PREFIX_PATH}:/home/theo/dev_ws/install/py_pubsub:/opt/ros/foxy /usr/bin/cmake --install /home/theo/dev_ws/build/cpp_pubsub
