[0.025s] Invoking command in '/home/theo/dev_ws/build/cpp_srvcli': CMAKE_PREFIX_PATH=${CMAKE_PREFIX_PATH}:/opt/ros/foxy /usr/bin/cmake --build /home/theo/dev_ws/build/cpp_srvcli -- -j1 -l1
[0.177s] [ 50%] Built target client
[0.211s] [35m[1mScanning dependencies of target server[0m
[0.257s] [ 75%] [32mBuilding CXX object CMakeFiles/server.dir/src/add_two_ints_server.cpp.o[0m
[2.892s] [01m[K/home/theo/dev_ws/src/cpp_srvcli/src/add_two_ints_server.cpp:7:65:[m[K [01;31m[Kerror: [m[Ktemplate argument 1 is invalid
[2.892s]     7 |   std::shared_ptr<example_interfaces:::srv::AddTwoInts::Response[01;31m[K>[m[K response)
[2.892s]       |                                                                 [01;31m[K^[m[K
[2.893s] [01m[K/home/theo/dev_ws/src/cpp_srvcli/src/add_two_ints_server.cpp:7:65:[m[K [01;31m[Kerror: [m[Ktemplate argument 1 is invalid
[2.893s] [01m[K/home/theo/dev_ws/src/cpp_srvcli/src/add_two_ints_server.cpp:7:65:[m[K [01;31m[Kerror: [m[Ktemplate argument 1 is invalid
[2.893s] [01m[K/home/theo/dev_ws/src/cpp_srvcli/src/add_two_ints_server.cpp:7:8:[m[K [01;31m[Kerror: [m[K‘[01m[Kstd::shared_ptr[m[K’ is not a type
[2.893s]     7 |   std::[01;31m[Kshared_ptr[m[K<example_interfaces:::srv::AddTwoInts::Response> response)
[2.894s]       |        [01;31m[K^~~~~~~~~~[m[K
[2.894s] [01m[K/home/theo/dev_ws/src/cpp_srvcli/src/add_two_ints_server.cpp:7:18:[m[K [01;31m[Kerror: [m[Kexpected ‘[01m[K,[m[K’ or ‘[01m[K...[m[K’ before ‘[01m[K<[m[K’ token
[2.894s]     7 |   std::shared_ptr[01;31m[K<[m[Kexample_interfaces:::srv::AddTwoInts::Response> response)
[2.894s]       |                  [01;31m[K^[m[K
[2.907s] [01m[K/home/theo/dev_ws/src/cpp_srvcli/src/add_two_ints_server.cpp:[m[K In function ‘[01m[Kvoid add(std::shared_ptr<example_interfaces::srv::AddTwoInts_Request_<std::allocator<void> > >, int)[m[K’:
[2.907s] [01m[K/home/theo/dev_ws/src/cpp_srvcli/src/add_two_ints_server.cpp:9:5:[m[K [01;31m[Kerror: [m[K‘[01m[Kresponse[m[K’ was not declared in this scope
[2.907s]     9 |     [01;31m[Kresponse[m[K->sum = request->a + request->b;
[2.908s]       |     [01;31m[K^~~~~~~~[m[K
[2.914s] [01m[K/home/theo/dev_ws/src/cpp_srvcli/src/add_two_ints_server.cpp:[m[K In function ‘[01m[Kint main(int, char**)[m[K’:
[2.914s] [01m[K/home/theo/dev_ws/src/cpp_srvcli/src/add_two_ints_server.cpp:16:10:[m[K [01;31m[Kerror: [m[K‘[01m[Kinit[m[K’ was not declared in this scope; did you mean ‘[01m[Krclcpp::init[m[K’?
[2.914s]    16 |   rclcpp:[01;31m[Kinit[m[K(argc, argv);
[2.915s]       |          [01;31m[K^~~~[m[K
[2.915s]       |          [32m[Krclcpp::init[m[K
[2.915s] In file included from [01m[K/opt/ros/foxy/include/rclcpp/client.hpp:36[m[K,
[2.915s]                  from [01m[K/opt/ros/foxy/include/rclcpp/callback_group.hpp:23[m[K,
[2.920s]                  from [01m[K/opt/ros/foxy/include/rclcpp/any_executable.hpp:20[m[K,
[2.920s]                  from [01m[K/opt/ros/foxy/include/rclcpp/memory_strategy.hpp:24[m[K,
[2.920s]                  from [01m[K/opt/ros/foxy/include/rclcpp/memory_strategies.hpp:18[m[K,
[2.921s]                  from [01m[K/opt/ros/foxy/include/rclcpp/executor_options.hpp:20[m[K,
[2.921s]                  from [01m[K/opt/ros/foxy/include/rclcpp/executor.hpp:33[m[K,
[2.921s]                  from [01m[K/opt/ros/foxy/include/rclcpp/executors/multi_threaded_executor.hpp:25[m[K,
[2.921s]                  from [01m[K/opt/ros/foxy/include/rclcpp/executors.hpp:21[m[K,
[2.921s]                  from [01m[K/opt/ros/foxy/include/rclcpp/rclcpp.hpp:146[m[K,
[2.922s]                  from [01m[K/home/theo/dev_ws/src/cpp_srvcli/src/add_two_ints_server.cpp:1[m[K:
[2.922s] [01m[K/opt/ros/foxy/include/rclcpp/utilities.hpp:56:1:[m[K [01;36m[Knote: [m[K‘[01m[Krclcpp::init[m[K’ declared here
[2.922s]    56 | [01;36m[Kinit[m[K(int argc, char const * const argv[], const InitOptions & init_options = InitOptions());
[2.922s]       | [01;36m[K^~~~[m[K
[2.929s] [01m[K/home/theo/dev_ws/src/cpp_srvcli/src/add_two_ints_server.cpp:18:54:[m[K [01;31m[Kerror: [m[K‘[01m[KMake_shared[m[K’ is not a member of ‘[01m[Krclcpp::Node[m[K’
[2.929s]    18 |   std::shared_ptr<rclcpp::Node> node = rclcpp::Node::[01;31m[KMake_shared[m[K("add_two_ints_server");
[2.930s]       |                                                      [01;31m[K^~~~~~~~~~~[m[K
[2.937s] [01m[K/home/theo/dev_ws/src/cpp_srvcli/src/add_two_ints_server.cpp:20:154:[m[K [01;31m[Kerror: [m[Kno matching function for call to ‘[01m[Kexample_interfaces::srv::AddTwoInts::AddTwoInts(const char [13], void (*)(std::shared_ptr<example_interfaces::srv::AddTwoInts_Request_<std::allocator<void> > >, int))[m[K’
[2.938s]    20 | e = node->create_service<example_interfaces::srv::AddTwoInts("add_two_ints", &add[01;31m[K)[m[K;
[2.938s]       |                                                                                  [01;31m[K^[m[K
[2.938s] 
[2.939s] In file included from [01m[K/opt/ros/foxy/include/example_interfaces/srv/add_two_ints.hpp:7[m[K,
[2.939s]                  from [01m[K/home/theo/dev_ws/src/cpp_srvcli/src/add_two_ints_server.cpp:2[m[K:
[2.940s] [01m[K/opt/ros/foxy/include/example_interfaces/srv/detail/add_two_ints__struct.hpp:264:8:[m[K [01;36m[Knote: [m[Kcandidate: ‘[01m[Kconstexpr example_interfaces::srv::AddTwoInts::AddTwoInts()[m[K’
[2.940s]   264 | struct [01;36m[KAddTwoInts[m[K
[2.940s]       |        [01;36m[K^~~~~~~~~~[m[K
[2.940s] [01m[K/opt/ros/foxy/include/example_interfaces/srv/detail/add_two_ints__struct.hpp:264:8:[m[K [01;36m[Knote: [m[K  candidate expects 0 arguments, 2 provided
[2.940s] [01m[K/opt/ros/foxy/include/example_interfaces/srv/detail/add_two_ints__struct.hpp:264:8:[m[K [01;36m[Knote: [m[Kcandidate: ‘[01m[Kconstexpr example_interfaces::srv::AddTwoInts::AddTwoInts(const example_interfaces::srv::AddTwoInts&)[m[K’
[2.941s] [01m[K/opt/ros/foxy/include/example_interfaces/srv/detail/add_two_ints__struct.hpp:264:8:[m[K [01;36m[Knote: [m[K  candidate expects 1 argument, 2 provided
[2.941s] [01m[K/opt/ros/foxy/include/example_interfaces/srv/detail/add_two_ints__struct.hpp:264:8:[m[K [01;36m[Knote: [m[Kcandidate: ‘[01m[Kconstexpr example_interfaces::srv::AddTwoInts::AddTwoInts(example_interfaces::srv::AddTwoInts&&)[m[K’
[2.941s] [01m[K/opt/ros/foxy/include/example_interfaces/srv/detail/add_two_ints__struct.hpp:264:8:[m[K [01;36m[Knote: [m[K  candidate expects 1 argument, 2 provided
[2.942s] [01m[K/home/theo/dev_ws/src/cpp_srvcli/src/add_two_ints_server.cpp:20:83:[m[K [01;31m[Kerror: [m[Kparse error in template argument list
[2.943s]    20 |  rclcpp::Service<example_interfaces::srv::AddTwoInts>::SharedPtr service = node->[01;31m[Kcreate_service<example_interfaces::srv::AddTwoInts("add_two_ints", &add)[m[K;
[2.943s]       |                                                                                  [01;31m[K^~~~~~~~~~~~~~~~~~~~~~~~~~~~~~~~~~~~~~~~~~~~~~~~~~~~~~~~~~~~~~~~~~~~~~~~[m[K
[2.943s] 
[2.944s] [01m[K/home/theo/dev_ws/src/cpp_srvcli/src/add_two_ints_server.cpp:20:83:[m[K [01;31m[Kerror: [m[Kconversion from ‘[01m[K<unresolved overloaded function type>[m[K’ to non-scalar type ‘[01m[Krclcpp::Service<example_interfaces::srv::AddTwoInts>::SharedPtr[m[K’ {aka ‘[01m[Kstd::shared_ptr<rclcpp::Service<example_interfaces::srv::AddTwoInts> >[m[K’} requested
[2.944s]    20 |  rclcpp::Service<example_interfaces::srv::AddTwoInts>::SharedPtr service = [01;31m[Knode->create_service<example_interfaces::srv::AddTwoInts("add_two_ints", &add)[m[K;
[2.944s]       |                                                                            [01;31m[K~~~~~~^~~~~~~~~~~~~~~~~~~~~~~~~~~~~~~~~~~~~~~~~~~~~~~~~~~~~~~~~~~~~~~~~~~~~~~~[m[K
[2.944s] 
[3.580s] make[2]: *** [CMakeFiles/server.dir/build.make:63: CMakeFiles/server.dir/src/add_two_ints_server.cpp.o] Error 1
[3.583s] make[1]: *** [CMakeFiles/Makefile2:107: CMakeFiles/server.dir/all] Error 2
[3.583s] make: *** [Makefile:141: all] Error 2
[3.586s] Invoked command in '/home/theo/dev_ws/build/cpp_srvcli' returned '2': CMAKE_PREFIX_PATH=${CMAKE_PREFIX_PATH}:/opt/ros/foxy /usr/bin/cmake --build /home/theo/dev_ws/build/cpp_srvcli -- -j1 -l1
