[01m[K/home/theo/dev_ws/src/wa_pubsub/src/wa_pub_test.cpp:[m[K In function ‘[01m[Kint main(int, char**)[m[K’:
[01m[K/home/theo/dev_ws/src/wa_pubsub/src/wa_pub_test.cpp:21:101:[m[K [01;31m[Kerror: [m[Kinvalid conversion from ‘[01m[Ktutorial_interfaces::msg::Num (*)()[m[K’ {aka ‘[01m[Ktutorial_interfaces::msg::Num_<std::allocator<void> > (*)()[m[K’} to ‘[01m[Kvoid (*)()[m[K’ [[01;31m[K-fpermissive[m[K]
   21 |   WAPublisher<tutorial_interfaces::msg::Num> publisher = WAPublisher<tutorial_interfaces::msg::Num>([01;31m[K&callback[m[K, 1000, "wa_topic", 10);
      |                                                                                                     [01;31m[K^~~~~~~~~[m[K
      |                                                                                                     [01;31m[K|[m[K
      |                                                                                                     [01;31m[Ktutorial_interfaces::msg::Num (*)() {aka tutorial_interfaces::msg::Num_<std::allocator<void> > (*)()}[m[K
In file included from [01m[K/home/theo/dev_ws/src/wa_pubsub/src/wa_pub_test.cpp:1[m[K:
[01m[K/home/theo/dev_ws/install/wa_helper/include/wa_helper/wa_publisher.hpp:24:22:[m[K [01;36m[Knote: [m[K  initializing argument 1 of ‘[01m[KWAPublisher<T>::WAPublisher(void (*)(), int, int, int) [with T = tutorial_interfaces::msg::Num_<std::allocator<void> >][m[K’
   24 |   WAPublisher([01;36m[Kvoid (*fn)()[m[K, int delay_ms, int topic_name, int queue_size);
      |               [01;36m[K~~~~~~~^~~~~[m[K
[01m[K/home/theo/dev_ws/src/wa_pubsub/src/wa_pub_test.cpp:21:118:[m[K [01;31m[Kerror: [m[Kinvalid conversion from ‘[01m[Kconst char*[m[K’ to ‘[01m[Kint[m[K’ [[01;31m[K-fpermissive[m[K]
   21 |   WAPublisher<tutorial_interfaces::msg::Num> publisher = WAPublisher<tutorial_interfaces::msg::Num>(&callback, 1000, [01;31m[K"wa_topic"[m[K, 10);
      |                                                                                                                      [01;31m[K^~~~~~~~~~[m[K
      |                                                                                                                      [01;31m[K|[m[K
      |                                                                                                                      [01;31m[Kconst char*[m[K
In file included from [01m[K/home/theo/dev_ws/src/wa_pubsub/src/wa_pub_test.cpp:1[m[K:
[01m[K/home/theo/dev_ws/install/wa_helper/include/wa_helper/wa_publisher.hpp:24:47:[m[K [01;36m[Knote: [m[K  initializing argument 3 of ‘[01m[KWAPublisher<T>::WAPublisher(void (*)(), int, int, int) [with T = tutorial_interfaces::msg::Num_<std::allocator<void> >][m[K’
   24 |   WAPublisher(void (*fn)(), int delay_ms, [01;36m[Kint topic_name[m[K, int queue_size);
      |                                           [01;36m[K~~~~^~~~~~~~~~[m[K
[01m[K/home/theo/dev_ws/src/wa_pubsub/src/wa_pub_test.cpp:21:132:[m[K [01;31m[Kerror: [m[Kuse of deleted function ‘[01m[KWAPublisher<tutorial_interfaces::msg::Num_<std::allocator<void> > >::WAPublisher(WAPublisher<tutorial_interfaces::msg::Num_<std::allocator<void> > >&&)[m[K’
   21 |   WAPublisher<tutorial_interfaces::msg::Num> publisher = WAPublisher<tutorial_interfaces::msg::Num>(&callback, 1000, "wa_topic", 10[01;31m[K)[m[K;
      |                                                                                                                                    [01;31m[K^[m[K
In file included from [01m[K/home/theo/dev_ws/src/wa_pubsub/src/wa_pub_test.cpp:1[m[K:
[01m[K/home/theo/dev_ws/install/wa_helper/include/wa_helper/wa_publisher.hpp:15:7:[m[K [01;36m[Knote: [m[K‘[01m[KWAPublisher<tutorial_interfaces::msg::Num_<std::allocator<void> > >::WAPublisher(WAPublisher<tutorial_interfaces::msg::Num_<std::allocator<void> > >&&)[m[K’ is implicitly deleted because the default definition would be ill-formed:
   15 | class [01;36m[KWAPublisher[m[K : public rclcpp::Node
      |       [01;36m[K^~~~~~~~~~~[m[K
[01m[K/home/theo/dev_ws/install/wa_helper/include/wa_helper/wa_publisher.hpp:15:7:[m[K [01;31m[Kerror: [m[Kuse of deleted function ‘[01m[Krclcpp::Node::Node(const rclcpp::Node&)[m[K’
In file included from [01m[K/opt/ros/foxy/include/rclcpp/context.hpp:33[m[K,
                 from [01m[K/opt/ros/foxy/include/rclcpp/contexts/default_context.hpp:18[m[K,
                 from [01m[K/opt/ros/foxy/include/rclcpp/executor.hpp:32[m[K,
                 from [01m[K/opt/ros/foxy/include/rclcpp/executors/multi_threaded_executor.hpp:25[m[K,
                 from [01m[K/opt/ros/foxy/include/rclcpp/executors.hpp:21[m[K,
                 from [01m[K/opt/ros/foxy/include/rclcpp/rclcpp.hpp:146[m[K,
                 from [01m[K/home/theo/dev_ws/install/wa_helper/include/wa_helper/wa_publisher.hpp:4[m[K,
                 from [01m[K/home/theo/dev_ws/src/wa_pubsub/src/wa_pub_test.cpp:1[m[K:
[01m[K/opt/ros/foxy/include/rclcpp/node.hpp:1195:3:[m[K [01;36m[Knote: [m[Kdeclared here
 1195 |   [01;36m[KRCLCPP_DISABLE_COPY[m[K(Node)
      |   [01;36m[K^~~~~~~~~~~~~~~~~~~[m[K
In file included from [01m[K/usr/include/x86_64-linux-gnu/c++/9/bits/c++allocator.h:33[m[K,
                 from [01m[K/usr/include/c++/9/bits/allocator.h:46[m[K,
                 from [01m[K/usr/include/c++/9/memory:63[m[K,
                 from [01m[K/opt/ros/foxy/include/rclcpp/rclcpp.hpp:144[m[K,
                 from [01m[K/home/theo/dev_ws/install/wa_helper/include/wa_helper/wa_publisher.hpp:4[m[K,
                 from [01m[K/home/theo/dev_ws/src/wa_pubsub/src/wa_pub_test.cpp:1[m[K:
/usr/include/c++/9/ext/new_allocator.h: In instantiation of ‘[01m[Kvoid __gnu_cxx::new_allocator<_Tp>::construct(_Up*, _Args&& ...) [with _Up = WAPublisher<tutorial_interfaces::msg::Num_<std::allocator<void> > >; _Args = {WAPublisher<tutorial_interfaces::msg::Num_<std::allocator<void> > >&}; _Tp = WAPublisher<tutorial_interfaces::msg::Num_<std::allocator<void> > >][m[K’:
[01m[K/usr/include/c++/9/bits/alloc_traits.h:482:2:[m[K   required from ‘[01m[Kstatic void std::allocator_traits<std::allocator<_Tp1> >::construct(std::allocator_traits<std::allocator<_Tp1> >::allocator_type&, _Up*, _Args&& ...) [with _Up = WAPublisher<tutorial_interfaces::msg::Num_<std::allocator<void> > >; _Args = {WAPublisher<tutorial_interfaces::msg::Num_<std::allocator<void> > >&}; _Tp = WAPublisher<tutorial_interfaces::msg::Num_<std::allocator<void> > >; std::allocator_traits<std::allocator<_Tp1> >::allocator_type = std::allocator<WAPublisher<tutorial_interfaces::msg::Num_<std::allocator<void> > > >][m[K’
[01m[K/usr/include/c++/9/bits/shared_ptr_base.h:548:39:[m[K   required from ‘[01m[Kstd::_Sp_counted_ptr_inplace<_Tp, _Alloc, _Lp>::_Sp_counted_ptr_inplace(_Alloc, _Args&& ...) [with _Args = {WAPublisher<tutorial_interfaces::msg::Num_<std::allocator<void> > >&}; _Tp = WAPublisher<tutorial_interfaces::msg::Num_<std::allocator<void> > >; _Alloc = std::allocator<WAPublisher<tutorial_interfaces::msg::Num_<std::allocator<void> > > >; __gnu_cxx::_Lock_policy _Lp = __gnu_cxx::_S_atomic][m[K’
[01m[K/usr/include/c++/9/bits/shared_ptr_base.h:679:16:[m[K   required from ‘[01m[Kstd::__shared_count<_Lp>::__shared_count(_Tp*&, std::_Sp_alloc_shared_tag<_Alloc>, _Args&& ...) [with _Tp = WAPublisher<tutorial_interfaces::msg::Num_<std::allocator<void> > >; _Alloc = std::allocator<WAPublisher<tutorial_interfaces::msg::Num_<std::allocator<void> > > >; _Args = {WAPublisher<tutorial_interfaces::msg::Num_<std::allocator<void> > >&}; __gnu_cxx::_Lock_policy _Lp = __gnu_cxx::_S_atomic][m[K’
[01m[K/usr/include/c++/9/bits/shared_ptr_base.h:1344:71:[m[K   required from ‘[01m[Kstd::__shared_ptr<_Tp, _Lp>::__shared_ptr(std::_Sp_alloc_shared_tag<_Tp>, _Args&& ...) [with _Alloc = std::allocator<WAPublisher<tutorial_interfaces::msg::Num_<std::allocator<void> > > >; _Args = {WAPublisher<tutorial_interfaces::msg::Num_<std::allocator<void> > >&}; _Tp = WAPublisher<tutorial_interfaces::msg::Num_<std::allocator<void> > >; __gnu_cxx::_Lock_policy _Lp = __gnu_cxx::_S_atomic][m[K’
[01m[K/usr/include/c++/9/bits/shared_ptr.h:359:59:[m[K   required from ‘[01m[Kstd::shared_ptr<_Tp>::shared_ptr(std::_Sp_alloc_shared_tag<_Tp>, _Args&& ...) [with _Alloc = std::allocator<WAPublisher<tutorial_interfaces::msg::Num_<std::allocator<void> > > >; _Args = {WAPublisher<tutorial_interfaces::msg::Num_<std::allocator<void> > >&}; _Tp = WAPublisher<tutorial_interfaces::msg::Num_<std::allocator<void> > >][m[K’
[01m[K/usr/include/c++/9/bits/shared_ptr.h:701:14:[m[K   required from ‘[01m[Kstd::shared_ptr<_Tp> std::allocate_shared(const _Alloc&, _Args&& ...) [with _Tp = WAPublisher<tutorial_interfaces::msg::Num_<std::allocator<void> > >; _Alloc = std::allocator<WAPublisher<tutorial_interfaces::msg::Num_<std::allocator<void> > > >; _Args = {WAPublisher<tutorial_interfaces::msg::Num_<std::allocator<void> > >&}][m[K’
[01m[K/usr/include/c++/9/bits/shared_ptr.h:717:39:[m[K   required from ‘[01m[Kstd::shared_ptr<_Tp> std::make_shared(_Args&& ...) [with _Tp = WAPublisher<tutorial_interfaces::msg::Num_<std::allocator<void> > >; _Args = {WAPublisher<tutorial_interfaces::msg::Num_<std::allocator<void> > >&}][m[K’
[01m[K/home/theo/dev_ws/src/wa_pubsub/src/wa_pub_test.cpp:23:86:[m[K   required from here
[01m[K/usr/include/c++/9/ext/new_allocator.h:145:20:[m[K [01;31m[Kerror: [m[Kuse of deleted function ‘[01m[KWAPublisher<tutorial_interfaces::msg::Num_<std::allocator<void> > >::WAPublisher(const WAPublisher<tutorial_interfaces::msg::Num_<std::allocator<void> > >&)[m[K’
  145 |  noexcept(noexcept([01;31m[K::new((void *)__p)[m[K
      |                    [01;31m[K^~~~~~~~~~~~~~~~~~[m[K
  146 | [01;31m[K       _Up(std::forward<_Args>(__args)...)[m[K))
      |        [01;31m[K~~~~~~~~~~~~~~~~~~~~~~~~~~~~~~~~~~~[m[K
In file included from [01m[K/home/theo/dev_ws/src/wa_pubsub/src/wa_pub_test.cpp:1[m[K:
[01m[K/home/theo/dev_ws/install/wa_helper/include/wa_helper/wa_publisher.hpp:15:7:[m[K [01;36m[Knote: [m[K‘[01m[KWAPublisher<tutorial_interfaces::msg::Num_<std::allocator<void> > >::WAPublisher(const WAPublisher<tutorial_interfaces::msg::Num_<std::allocator<void> > >&)[m[K’ is implicitly deleted because the default definition would be ill-formed:
   15 | class [01;36m[KWAPublisher[m[K : public rclcpp::Node
      |       [01;36m[K^~~~~~~~~~~[m[K
[01m[K/home/theo/dev_ws/install/wa_helper/include/wa_helper/wa_publisher.hpp:15:7:[m[K [01;31m[Kerror: [m[Kuse of deleted function ‘[01m[Krclcpp::Node::Node(const rclcpp::Node&)[m[K’
In file included from [01m[K/opt/ros/foxy/include/rclcpp/context.hpp:33[m[K,
                 from [01m[K/opt/ros/foxy/include/rclcpp/contexts/default_context.hpp:18[m[K,
                 from [01m[K/opt/ros/foxy/include/rclcpp/executor.hpp:32[m[K,
                 from [01m[K/opt/ros/foxy/include/rclcpp/executors/multi_threaded_executor.hpp:25[m[K,
                 from [01m[K/opt/ros/foxy/include/rclcpp/executors.hpp:21[m[K,
                 from [01m[K/opt/ros/foxy/include/rclcpp/rclcpp.hpp:146[m[K,
                 from [01m[K/home/theo/dev_ws/install/wa_helper/include/wa_helper/wa_publisher.hpp:4[m[K,
                 from [01m[K/home/theo/dev_ws/src/wa_pubsub/src/wa_pub_test.cpp:1[m[K:
[01m[K/opt/ros/foxy/include/rclcpp/node.hpp:1195:3:[m[K [01;36m[Knote: [m[Kdeclared here
 1195 |   [01;36m[KRCLCPP_DISABLE_COPY[m[K(Node)
      |   [01;36m[K^~~~~~~~~~~~~~~~~~~[m[K
make[2]: *** [CMakeFiles/wa_pub_test.dir/build.make:63: CMakeFiles/wa_pub_test.dir/src/wa_pub_test.cpp.o] Error 1
make[1]: *** [CMakeFiles/Makefile2:78: CMakeFiles/wa_pub_test.dir/all] Error 2
make: *** [Makefile:141: all] Error 2
