[01m[K/home/theo/dev_ws/src/cpp_pubsub/src/subscriber_member_function.cpp:30:[m[K [01;31m[Kerror: [m[Kunterminated argument list invoking macro "RCLCPP_INFO"
   30 | }
      | 
[01m[K/home/theo/dev_ws/src/cpp_pubsub/src/subscriber_member_function.cpp:20:5:[m[K [01;31m[Kerror: [m[Kexpected ‘[01m[K}[m[K’ at end of input
   20 |     [01;31m[KRCLCPP_INFO[m[K(this->get_logger(), "Heard: '%s'", msg->num;
      |     [01;31m[K^~~~~~~~~~~[m[K
[01m[K/home/theo/dev_ws/src/cpp_pubsub/src/subscriber_member_function.cpp:9:1:[m[K [01;36m[Knote: [m[Kto match this ‘[01m[K{[m[K’
    9 | [01;36m[K{[m[K
      | [01;36m[K^[m[K
[01m[K/home/theo/dev_ws/src/cpp_pubsub/src/subscriber_member_function.cpp:[m[K In constructor ‘[01m[KMinimalSubscriber::MinimalSubscriber()[m[K’:
[01m[K/home/theo/dev_ws/src/cpp_pubsub/src/subscriber_member_function.cpp:14:5:[m[K [01;31m[Kerror: [m[K‘[01m[Ksubscription_[m[K’ was not declared in this scope; did you mean ‘[01m[Krcl_subscription_t[m[K’?
   14 |     [01;31m[Ksubscription_[m[K = this->create_subscription<tutorial_interfaces::msg::Num>(
      |     [01;31m[K^~~~~~~~~~~~~[m[K
      |     [32m[Krcl_subscription_t[m[K
[01m[K/home/theo/dev_ws/src/cpp_pubsub/src/subscriber_member_function.cpp:[m[K In member function ‘[01m[Kvoid MinimalSubscriber::topic_callback(tutorial_interfaces::msg::Num_<std::allocator<void> >::SharedPtr) const[m[K’:
[01m[K/home/theo/dev_ws/src/cpp_pubsub/src/subscriber_member_function.cpp:20:5:[m[K [01;31m[Kerror: [m[K‘[01m[KRCLCPP_INFO[m[K’ was not declared in this scope
   20 |     [01;31m[KRCLCPP_INFO[m[K(this->get_logger(), "Heard: '%s'", msg->num;
      |     [01;31m[K^~~~~~~~~~~[m[K
[01m[K/home/theo/dev_ws/src/cpp_pubsub/src/subscriber_member_function.cpp:20:5:[m[K [01;31m[Kerror: [m[Kexpected ‘[01m[K}[m[K’ at end of input
[01m[K/home/theo/dev_ws/src/cpp_pubsub/src/subscriber_member_function.cpp:19:81:[m[K [01;36m[Knote: [m[Kto match this ‘[01m[K{[m[K’
   19 |   void topic_callback(const tutorial_interfaces::msg::Num::SharedPtr msg) const [01;36m[K{[m[K
      |                                                                                 [01;36m[K^[m[K
[01m[K/home/theo/dev_ws/src/cpp_pubsub/src/subscriber_member_function.cpp:19:70:[m[K [01;35m[Kwarning: [m[Kunused parameter ‘[01m[Kmsg[m[K’ [[01;35m[K-Wunused-parameter[m[K]
   19 |   void topic_callback([01;35m[Kconst tutorial_interfaces::msg::Num::SharedPtr msg[m[K) const {
      |                       [01;35m[K~~~~~~~~~~~~~~~~~~~~~~~~~~~~~~~~~~~~~~~~~~~~~~~^~~[m[K
[01m[K/home/theo/dev_ws/src/cpp_pubsub/src/subscriber_member_function.cpp:[m[K At global scope:
[01m[K/home/theo/dev_ws/src/cpp_pubsub/src/subscriber_member_function.cpp:20:5:[m[K [01;31m[Kerror: [m[Kexpected unqualified-id at end of input
   20 |     [01;31m[KRCLCPP_INFO[m[K(this->get_logger(), "Heard: '%s'", msg->num;
      |     [01;31m[K^~~~~~~~~~~[m[K
make[2]: *** [CMakeFiles/listener.dir/build.make:63: CMakeFiles/listener.dir/src/subscriber_member_function.cpp.o] Error 1
make[1]: *** [CMakeFiles/Makefile2:80: CMakeFiles/listener.dir/all] Error 2
make: *** [Makefile:141: all] Error 2
