-- Found ament_cmake: 0.9.7 (/opt/ros/foxy/share/ament_cmake/cmake)
-- Using PYTHON_EXECUTABLE: /usr/bin/python3
-- Found rclcpp: 2.2.0 (/opt/ros/foxy/share/rclcpp/cmake)
-- Using all available rosidl_typesupport_c: rosidl_typesupport_fastrtps_c;rosidl_typesupport_introspection_c
-- Found rosidl_adapter: 1.1.0 (/opt/ros/foxy/share/rosidl_adapter/cmake)
-- Using all available rosidl_typesupport_cpp: rosidl_typesupport_fastrtps_cpp;rosidl_typesupport_introspection_cpp
-- Found rmw_implementation_cmake: 1.0.1 (/opt/ros/foxy/share/rmw_implementation_cmake/cmake)
-- Using RMW implementation 'rmw_fastrtps_cpp' as default
-- Configuring done
-- Generating done
-- Build files have been written to: /home/theo/dev_ws/build/wa_helper
[ 50%] [32m[1mLinking CXX static library libwa_helper.a[0m
[100%] Built target wa_helper
-- Install configuration: ""
-- Installing: /home/theo/dev_ws/install/wa_helper/lib/libwa_helper.a
-- Up-to-date: /home/theo/dev_ws/install/wa_helper/share/wa_helper/environment/library_path.sh
-- Installing: /home/theo/dev_ws/install/wa_helper/share/wa_helper/environment/library_path.dsv
-- Up-to-date: /home/theo/dev_ws/install/wa_helper/share/ament_index/resource_index/package_run_dependencies/wa_helper
-- Up-to-date: /home/theo/dev_ws/install/wa_helper/share/ament_index/resource_index/parent_prefix_path/wa_helper
-- Up-to-date: /home/theo/dev_ws/install/wa_helper/share/wa_helper/environment/ament_prefix_path.sh
-- Installing: /home/theo/dev_ws/install/wa_helper/share/wa_helper/environment/ament_prefix_path.dsv
-- Up-to-date: /home/theo/dev_ws/install/wa_helper/share/wa_helper/environment/path.sh
-- Installing: /home/theo/dev_ws/install/wa_helper/share/wa_helper/environment/path.dsv
-- Up-to-date: /home/theo/dev_ws/install/wa_helper/share/wa_helper/local_setup.bash
-- Up-to-date: /home/theo/dev_ws/install/wa_helper/share/wa_helper/local_setup.sh
-- Up-to-date: /home/theo/dev_ws/install/wa_helper/share/wa_helper/local_setup.zsh
-- Installing: /home/theo/dev_ws/install/wa_helper/share/wa_helper/local_setup.dsv
-- Installing: /home/theo/dev_ws/install/wa_helper/share/wa_helper/package.dsv
-- Up-to-date: /home/theo/dev_ws/install/wa_helper/share/ament_index/resource_index/packages/wa_helper
-- Installing: /home/theo/dev_ws/install/wa_helper/share/wa_helper/cmake/wa_helperExport.cmake
-- Installing: /home/theo/dev_ws/install/wa_helper/share/wa_helper/cmake/wa_helperExport-noconfig.cmake
-- Up-to-date: /home/theo/dev_ws/install/wa_helper/share/wa_helper/cmake/ament_cmake_export_include_directories-extras.cmake
-- Up-to-date: /home/theo/dev_ws/install/wa_helper/share/wa_helper/cmake/ament_cmake_export_libraries-extras.cmake
-- Up-to-date: /home/theo/dev_ws/install/wa_helper/share/wa_helper/cmake/ament_cmake_export_targets-extras.cmake
-- Up-to-date: /home/theo/dev_ws/install/wa_helper/share/wa_helper/cmake/ament_cmake_export_dependencies-extras.cmake
-- Up-to-date: /home/theo/dev_ws/install/wa_helper/share/wa_helper/cmake/wa_helperConfig.cmake
-- Up-to-date: /home/theo/dev_ws/install/wa_helper/share/wa_helper/cmake/wa_helperConfig-version.cmake
-- Up-to-date: /home/theo/dev_ws/install/wa_helper/share/wa_helper/package.xml
-- Up-to-date: /home/theo/dev_ws/install/wa_helper/include
-- Up-to-date: /home/theo/dev_ws/install/wa_helper/include/wa_helper
-- Up-to-date: /home/theo/dev_ws/install/wa_helper/include/wa_helper/wa_publisher.hpp
