[0.024s] Invoking command in '/home/theo/dev_ws/build/cpp_srvcli': CMAKE_PREFIX_PATH=${CMAKE_PREFIX_PATH}:/opt/ros/foxy /usr/bin/cmake --build /home/theo/dev_ws/build/cpp_srvcli -- -j1 -l1
[0.192s] [ 50%] Built target client
[0.220s] [35m[1mScanning dependencies of target server[0m
[0.266s] [ 75%] [32mBuilding CXX object CMakeFiles/server.dir/src/add_two_ints_server.cpp.o[0m
[3.342s] [01m[K/home/theo/dev_ws/src/cpp_srvcli/src/add_two_ints_server.cpp:[m[K In function ‘[01m[Kint main(int, char**)[m[K’:
[3.342s] [01m[K/home/theo/dev_ws/src/cpp_srvcli/src/add_two_ints_server.cpp:16:10:[m[K [01;31m[Kerror: [m[K‘[01m[Kinit[m[K’ was not declared in this scope; did you mean ‘[01m[Krclcpp::init[m[K’?
[3.342s]    16 |   rclcpp:[01;31m[Kinit[m[K(argc, argv);
[3.342s]       |          [01;31m[K^~~~[m[K
[3.342s]       |          [32m[Krclcpp::init[m[K
[3.343s] In file included from [01m[K/opt/ros/foxy/include/rclcpp/client.hpp:36[m[K,
[3.343s]                  from [01m[K/opt/ros/foxy/include/rclcpp/callback_group.hpp:23[m[K,
[3.343s]                  from [01m[K/opt/ros/foxy/include/rclcpp/any_executable.hpp:20[m[K,
[3.343s]                  from [01m[K/opt/ros/foxy/include/rclcpp/memory_strategy.hpp:24[m[K,
[3.344s]                  from [01m[K/opt/ros/foxy/include/rclcpp/memory_strategies.hpp:18[m[K,
[3.344s]                  from [01m[K/opt/ros/foxy/include/rclcpp/executor_options.hpp:20[m[K,
[3.344s]                  from [01m[K/opt/ros/foxy/include/rclcpp/executor.hpp:33[m[K,
[3.344s]                  from [01m[K/opt/ros/foxy/include/rclcpp/executors/multi_threaded_executor.hpp:25[m[K,
[3.344s]                  from [01m[K/opt/ros/foxy/include/rclcpp/executors.hpp:21[m[K,
[3.344s]                  from [01m[K/opt/ros/foxy/include/rclcpp/rclcpp.hpp:146[m[K,
[3.345s]                  from [01m[K/home/theo/dev_ws/src/cpp_srvcli/src/add_two_ints_server.cpp:1[m[K:
[3.345s] [01m[K/opt/ros/foxy/include/rclcpp/utilities.hpp:56:1:[m[K [01;36m[Knote: [m[K‘[01m[Krclcpp::init[m[K’ declared here
[3.345s]    56 | [01;36m[Kinit[m[K(int argc, char const * const argv[], const InitOptions & init_options = InitOptions());
[3.345s]       | [01;36m[K^~~~[m[K
[3.345s] [01m[K/home/theo/dev_ws/src/cpp_srvcli/src/add_two_ints_server.cpp:18:54:[m[K [01;31m[Kerror: [m[K‘[01m[KMake_shared[m[K’ is not a member of ‘[01m[Krclcpp::Node[m[K’
[3.346s]    18 |   std::shared_ptr<rclcpp::Node> node = rclcpp::Node::[01;31m[KMake_shared[m[K("add_two_ints_server");
[3.346s]       |                                                      [01;31m[K^~~~~~~~~~~[m[K
[4.176s] make[2]: *** [CMakeFiles/server.dir/build.make:63: CMakeFiles/server.dir/src/add_two_ints_server.cpp.o] Error 1
[4.181s] make[1]: *** [CMakeFiles/Makefile2:107: CMakeFiles/server.dir/all] Error 2
[4.181s] make: *** [Makefile:141: all] Error 2
[4.181s] Invoked command in '/home/theo/dev_ws/build/cpp_srvcli' returned '2': CMAKE_PREFIX_PATH=${CMAKE_PREFIX_PATH}:/opt/ros/foxy /usr/bin/cmake --build /home/theo/dev_ws/build/cpp_srvcli -- -j1 -l1
