[0.379s] Invoking command in '/home/theo/dev_ws/src/py_pubsub': PYTHONPATH=/home/theo/dev_ws/install/py_pubsub/lib/python3.8/site-packages:${PYTHONPATH} /usr/bin/python3 setup.py egg_info --egg-base ../../build/py_pubsub build --build-base /home/theo/dev_ws/build/py_pubsub/build install --prefix /home/theo/dev_ws/install/py_pubsub --record /home/theo/dev_ws/build/py_pubsub/install.log --single-version-externally-managed
[0.684s] running egg_info
[0.686s] writing ../../build/py_pubsub/py_pubsub.egg-info/PKG-INFO
[0.686s] writing dependency_links to ../../build/py_pubsub/py_pubsub.egg-info/dependency_links.txt
[0.686s] writing entry points to ../../build/py_pubsub/py_pubsub.egg-info/entry_points.txt
[0.687s] writing requirements to ../../build/py_pubsub/py_pubsub.egg-info/requires.txt
[0.687s] writing top-level names to ../../build/py_pubsub/py_pubsub.egg-info/top_level.txt
[0.743s] reading manifest file '../../build/py_pubsub/py_pubsub.egg-info/SOURCES.txt'
[0.744s] writing manifest file '../../build/py_pubsub/py_pubsub.egg-info/SOURCES.txt'
[0.745s] running build
[0.745s] running build_py
[0.745s] copying py_pubsub/publisher_member_function.py -> /home/theo/dev_ws/build/py_pubsub/build/lib/py_pubsub
[0.746s] running install
[0.747s] running install_lib
[0.748s] copying /home/theo/dev_ws/build/py_pubsub/build/lib/py_pubsub/publisher_member_function.py -> /home/theo/dev_ws/install/py_pubsub/lib/python3.8/site-packages/py_pubsub
[0.749s] byte-compiling /home/theo/dev_ws/install/py_pubsub/lib/python3.8/site-packages/py_pubsub/publisher_member_function.py to publisher_member_function.cpython-38.pyc
[0.751s] running install_data
[0.752s] running install_egg_info
[0.754s] removing '/home/theo/dev_ws/install/py_pubsub/lib/python3.8/site-packages/py_pubsub-0.0.0-py3.8.egg-info' (and everything under it)
[0.754s] Copying ../../build/py_pubsub/py_pubsub.egg-info to /home/theo/dev_ws/install/py_pubsub/lib/python3.8/site-packages/py_pubsub-0.0.0-py3.8.egg-info
[0.755s] running install_scripts
[0.777s] Installing listener script to /home/theo/dev_ws/install/py_pubsub/lib/py_pubsub
[0.778s] Installing talker script to /home/theo/dev_ws/install/py_pubsub/lib/py_pubsub
[0.778s] writing list of installed files to '/home/theo/dev_ws/build/py_pubsub/install.log'
[0.800s] Invoked command in '/home/theo/dev_ws/src/py_pubsub' returned '0': PYTHONPATH=/home/theo/dev_ws/install/py_pubsub/lib/python3.8/site-packages:${PYTHONPATH} /usr/bin/python3 setup.py egg_info --egg-base ../../build/py_pubsub build --build-base /home/theo/dev_ws/build/py_pubsub/build install --prefix /home/theo/dev_ws/install/py_pubsub --record /home/theo/dev_ws/build/py_pubsub/install.log --single-version-externally-managed
