[0.361s] Invoking command in '/home/theo/dev_ws/src/py_pubsub': PYTHONPATH=/home/theo/dev_ws/install/py_pubsub/lib/python3.8/site-packages:${PYTHONPATH} /usr/bin/python3 setup.py egg_info --egg-base ../../build/py_pubsub build --build-base /home/theo/dev_ws/build/py_pubsub/build install --prefix /home/theo/dev_ws/install/py_pubsub --record /home/theo/dev_ws/build/py_pubsub/install.log --single-version-externally-managed
[0.646s] running egg_info
[0.647s] writing ../../build/py_pubsub/py_pubsub.egg-info/PKG-INFO
[0.648s] writing dependency_links to ../../build/py_pubsub/py_pubsub.egg-info/dependency_links.txt
[0.648s] writing entry points to ../../build/py_pubsub/py_pubsub.egg-info/entry_points.txt
[0.648s] writing requirements to ../../build/py_pubsub/py_pubsub.egg-info/requires.txt
[0.649s] writing top-level names to ../../build/py_pubsub/py_pubsub.egg-info/top_level.txt
[0.704s] reading manifest file '../../build/py_pubsub/py_pubsub.egg-info/SOURCES.txt'
[0.706s] writing manifest file '../../build/py_pubsub/py_pubsub.egg-info/SOURCES.txt'
[0.706s] running build
[0.706s] running build_py
[0.706s] copying py_pubsub/publisher_member_function.py -> /home/theo/dev_ws/build/py_pubsub/build/lib/py_pubsub
[0.707s] running install
[0.708s] running install_lib
[0.709s] copying /home/theo/dev_ws/build/py_pubsub/build/lib/py_pubsub/publisher_member_function.py -> /home/theo/dev_ws/install/py_pubsub/lib/python3.8/site-packages/py_pubsub
[0.710s] byte-compiling /home/theo/dev_ws/install/py_pubsub/lib/python3.8/site-packages/py_pubsub/publisher_member_function.py to publisher_member_function.cpython-38.pyc
[0.712s] running install_data
[0.713s] running install_egg_info
[0.715s] removing '/home/theo/dev_ws/install/py_pubsub/lib/python3.8/site-packages/py_pubsub-0.0.0-py3.8.egg-info' (and everything under it)
[0.715s] Copying ../../build/py_pubsub/py_pubsub.egg-info to /home/theo/dev_ws/install/py_pubsub/lib/python3.8/site-packages/py_pubsub-0.0.0-py3.8.egg-info
[0.716s] running install_scripts
[0.742s] Installing listener script to /home/theo/dev_ws/install/py_pubsub/lib/py_pubsub
[0.742s] Installing talker script to /home/theo/dev_ws/install/py_pubsub/lib/py_pubsub
[0.743s] writing list of installed files to '/home/theo/dev_ws/build/py_pubsub/install.log'
[0.768s] Invoked command in '/home/theo/dev_ws/src/py_pubsub' returned '0': PYTHONPATH=/home/theo/dev_ws/install/py_pubsub/lib/python3.8/site-packages:${PYTHONPATH} /usr/bin/python3 setup.py egg_info --egg-base ../../build/py_pubsub build --build-base /home/theo/dev_ws/build/py_pubsub/build install --prefix /home/theo/dev_ws/install/py_pubsub --record /home/theo/dev_ws/build/py_pubsub/install.log --single-version-externally-managed
