[0.014s] Invoking command in '/home/theo/dev_ws/build/cpp_pubsub': AMENT_PREFIX_PATH=/home/theo/dev_ws/install/tutorial_interfaces:${AMENT_PREFIX_PATH} CMAKE_PREFIX_PATH=/home/theo/dev_ws/install/tutorial_interfaces:/opt/ros/foxy LD_LIBRARY_PATH=/home/theo/dev_ws/install/tutorial_interfaces/lib:${LD_LIBRARY_PATH} PYTHONPATH=/home/theo/dev_ws/install/tutorial_interfaces/lib/python3.8/site-packages:${PYTHONPATH} /usr/bin/cmake --build /home/theo/dev_ws/build/cpp_pubsub -- -j1 -l1
[0.100s] [ 50%] Built target listener
[0.125s] [35m[1mScanning dependencies of target talker[0m
[0.180s] [ 75%] [32mBuilding CXX object CMakeFiles/talker.dir/src/publisher_member_function.cpp.o[0m
[3.894s] [100%] [32m[1mLinking CXX executable talker[0m
[4.089s] [100%] Built target talker
[4.100s] Invoked command in '/home/theo/dev_ws/build/cpp_pubsub' returned '0': AMENT_PREFIX_PATH=/home/theo/dev_ws/install/tutorial_interfaces:${AMENT_PREFIX_PATH} CMAKE_PREFIX_PATH=/home/theo/dev_ws/install/tutorial_interfaces:/opt/ros/foxy LD_LIBRARY_PATH=/home/theo/dev_ws/install/tutorial_interfaces/lib:${LD_LIBRARY_PATH} PYTHONPATH=/home/theo/dev_ws/install/tutorial_interfaces/lib/python3.8/site-packages:${PYTHONPATH} /usr/bin/cmake --build /home/theo/dev_ws/build/cpp_pubsub -- -j1 -l1
[4.137s] Invoking command in '/home/theo/dev_ws/build/cpp_pubsub': AMENT_PREFIX_PATH=/home/theo/dev_ws/install/tutorial_interfaces:${AMENT_PREFIX_PATH} CMAKE_PREFIX_PATH=/home/theo/dev_ws/install/tutorial_interfaces:/opt/ros/foxy LD_LIBRARY_PATH=/home/theo/dev_ws/install/tutorial_interfaces/lib:${LD_LIBRARY_PATH} PYTHONPATH=/home/theo/dev_ws/install/tutorial_interfaces/lib/python3.8/site-packages:${PYTHONPATH} /usr/bin/cmake --install /home/theo/dev_ws/build/cpp_pubsub
[4.147s] -- Install configuration: ""
[4.148s] -- Installing: /home/theo/dev_ws/install/cpp_pubsub/lib/cpp_pubsub/talker
[4.149s] -- Set runtime path of "/home/theo/dev_ws/install/cpp_pubsub/lib/cpp_pubsub/talker" to ""
[4.151s] -- Installing: /home/theo/dev_ws/install/cpp_pubsub/lib/cpp_pubsub/listener
[4.156s] -- Set runtime path of "/home/theo/dev_ws/install/cpp_pubsub/lib/cpp_pubsub/listener" to ""
[4.157s] -- Installing: /home/theo/dev_ws/install/cpp_pubsub/share/ament_index/resource_index/package_run_dependencies/cpp_pubsub
[4.157s] -- Installing: /home/theo/dev_ws/install/cpp_pubsub/share/ament_index/resource_index/parent_prefix_path/cpp_pubsub
[4.157s] -- Up-to-date: /home/theo/dev_ws/install/cpp_pubsub/share/cpp_pubsub/environment/ament_prefix_path.sh
[4.158s] -- Installing: /home/theo/dev_ws/install/cpp_pubsub/share/cpp_pubsub/environment/ament_prefix_path.dsv
[4.158s] -- Up-to-date: /home/theo/dev_ws/install/cpp_pubsub/share/cpp_pubsub/environment/path.sh
[4.158s] -- Installing: /home/theo/dev_ws/install/cpp_pubsub/share/cpp_pubsub/environment/path.dsv
[4.158s] -- Up-to-date: /home/theo/dev_ws/install/cpp_pubsub/share/cpp_pubsub/local_setup.bash
[4.159s] -- Up-to-date: /home/theo/dev_ws/install/cpp_pubsub/share/cpp_pubsub/local_setup.sh
[4.159s] -- Up-to-date: /home/theo/dev_ws/install/cpp_pubsub/share/cpp_pubsub/local_setup.zsh
[4.159s] -- Installing: /home/theo/dev_ws/install/cpp_pubsub/share/cpp_pubsub/local_setup.dsv
[4.159s] -- Installing: /home/theo/dev_ws/install/cpp_pubsub/share/cpp_pubsub/package.dsv
[4.160s] -- Up-to-date: /home/theo/dev_ws/install/cpp_pubsub/share/ament_index/resource_index/packages/cpp_pubsub
[4.160s] -- Up-to-date: /home/theo/dev_ws/install/cpp_pubsub/share/cpp_pubsub/cmake/cpp_pubsubConfig.cmake
[4.160s] -- Up-to-date: /home/theo/dev_ws/install/cpp_pubsub/share/cpp_pubsub/cmake/cpp_pubsubConfig-version.cmake
[4.160s] -- Installing: /home/theo/dev_ws/install/cpp_pubsub/share/cpp_pubsub/package.xml
[4.165s] Invoked command in '/home/theo/dev_ws/build/cpp_pubsub' returned '0': AMENT_PREFIX_PATH=/home/theo/dev_ws/install/tutorial_interfaces:${AMENT_PREFIX_PATH} CMAKE_PREFIX_PATH=/home/theo/dev_ws/install/tutorial_interfaces:/opt/ros/foxy LD_LIBRARY_PATH=/home/theo/dev_ws/install/tutorial_interfaces/lib:${LD_LIBRARY_PATH} PYTHONPATH=/home/theo/dev_ws/install/tutorial_interfaces/lib/python3.8/site-packages:${PYTHONPATH} /usr/bin/cmake --install /home/theo/dev_ws/build/cpp_pubsub
