[0.011s] Invoking command in '/home/theo/dev_ws/build/turtlesim': CMAKE_PREFIX_PATH=/opt/ros/foxy /usr/bin/cmake --build /home/theo/dev_ws/build/turtlesim -- -j1 -l1
[0.083s] [  1%] Built target turtlesim__cpp
[0.113s] [ 11%] Built target turtlesim__rosidl_typesupport_cpp
[0.158s] [ 21%] Built target turtlesim__rosidl_generator_c
[0.181s] [ 31%] Built target turtlesim__rosidl_typesupport_c
[0.204s] [ 41%] Built target turtlesim__rosidl_typesupport_introspection_cpp
[0.237s] [ 51%] Built target turtlesim__rosidl_typesupport_fastrtps_cpp
[0.267s] [ 61%] Built target turtlesim__rosidl_typesupport_fastrtps_c
[0.290s] [ 71%] Built target turtlesim__rosidl_typesupport_introspection_c
[0.309s] [ 71%] Built target turtlesim
[0.343s] [ 73%] Built target mimic
[0.373s] [ 75%] Built target draw_square
[0.393s] [ 76%] Built target turtlesim__py
[0.426s] [ 85%] Built target turtlesim__python
[0.451s] [ 87%] Built target turtlesim__rosidl_typesupport_introspection_c__pyext
[0.476s] [ 89%] Built target turtlesim__rosidl_typesupport_fastrtps_c__pyext
[0.508s] [ 91%] Built target turtle_teleop_key
[0.527s] [35m[1mScanning dependencies of target turtlesim_node[0m
[0.590s] [ 92%] [32mBuilding CXX object CMakeFiles/turtlesim_node.dir/src/turtle_frame.cpp.o[0m
[9.163s] [ 93%] [32m[1mLinking CXX executable turtlesim_node[0m
[10.752s] [ 97%] Built target turtlesim_node
[10.782s] [100%] Built target turtlesim__rosidl_typesupport_c__pyext
[10.799s] Invoked command in '/home/theo/dev_ws/build/turtlesim' returned '0': CMAKE_PREFIX_PATH=/opt/ros/foxy /usr/bin/cmake --build /home/theo/dev_ws/build/turtlesim -- -j1 -l1
[10.978s] Invoking command in '/home/theo/dev_ws/build/turtlesim': CMAKE_PREFIX_PATH=/opt/ros/foxy /usr/bin/cmake --install /home/theo/dev_ws/build/turtlesim
[10.992s] -- Install configuration: ""
[10.992s] -- Up-to-date: /home/theo/dev_ws/install/turtlesim/share/ament_index/resource_index/rosidl_interfaces/turtlesim
[10.992s] -- Up-to-date: /home/theo/dev_ws/install/turtlesim/include/turtlesim
[10.992s] -- Up-to-date: /home/theo/dev_ws/install/turtlesim/include/turtlesim/srv
[10.992s] -- Up-to-date: /home/theo/dev_ws/install/turtlesim/include/turtlesim/srv/teleport_relative.h
[10.993s] -- Up-to-date: /home/theo/dev_ws/install/turtlesim/include/turtlesim/srv/detail
[10.993s] -- Up-to-date: /home/theo/dev_ws/install/turtlesim/include/turtlesim/srv/detail/spawn__type_support.h
[10.993s] -- Up-to-date: /home/theo/dev_ws/install/turtlesim/include/turtlesim/srv/detail/teleport_absolute__type_support.h
[10.993s] -- Up-to-date: /home/theo/dev_ws/install/turtlesim/include/turtlesim/srv/detail/kill__functions.c
[10.993s] -- Up-to-date: /home/theo/dev_ws/install/turtlesim/include/turtlesim/srv/detail/spawn__functions.c
[10.993s] -- Up-to-date: /home/theo/dev_ws/install/turtlesim/include/turtlesim/srv/detail/kill__type_support.h
[10.994s] -- Up-to-date: /home/theo/dev_ws/install/turtlesim/include/turtlesim/srv/detail/teleport_absolute__functions.c
[10.994s] -- Up-to-date: /home/theo/dev_ws/install/turtlesim/include/turtlesim/srv/detail/set_pen__functions.c
[10.994s] -- Up-to-date: /home/theo/dev_ws/install/turtlesim/include/turtlesim/srv/detail/spawn__struct.h
[10.994s] -- Up-to-date: /home/theo/dev_ws/install/turtlesim/include/turtlesim/srv/detail/teleport_relative__struct.h
[10.994s] -- Up-to-date: /home/theo/dev_ws/install/turtlesim/include/turtlesim/srv/detail/teleport_relative__type_support.h
[10.995s] -- Up-to-date: /home/theo/dev_ws/install/turtlesim/include/turtlesim/srv/detail/set_pen__functions.h
[10.995s] -- Up-to-date: /home/theo/dev_ws/install/turtlesim/include/turtlesim/srv/detail/kill__functions.h
[10.995s] -- Up-to-date: /home/theo/dev_ws/install/turtlesim/include/turtlesim/srv/detail/spawn__functions.h
[10.995s] -- Up-to-date: /home/theo/dev_ws/install/turtlesim/include/turtlesim/srv/detail/kill__struct.h
[10.995s] -- Up-to-date: /home/theo/dev_ws/install/turtlesim/include/turtlesim/srv/detail/teleport_absolute__functions.h
[10.995s] -- Up-to-date: /home/theo/dev_ws/install/turtlesim/include/turtlesim/srv/detail/teleport_relative__functions.c
[10.996s] -- Up-to-date: /home/theo/dev_ws/install/turtlesim/include/turtlesim/srv/detail/set_pen__type_support.h
[10.996s] -- Up-to-date: /home/theo/dev_ws/install/turtlesim/include/turtlesim/srv/detail/teleport_relative__functions.h
[10.996s] -- Up-to-date: /home/theo/dev_ws/install/turtlesim/include/turtlesim/srv/detail/teleport_absolute__struct.h
[10.996s] -- Up-to-date: /home/theo/dev_ws/install/turtlesim/include/turtlesim/srv/detail/set_pen__struct.h
[10.996s] -- Up-to-date: /home/theo/dev_ws/install/turtlesim/include/turtlesim/srv/set_pen.h
[10.996s] -- Up-to-date: /home/theo/dev_ws/install/turtlesim/include/turtlesim/srv/spawn.h
[10.996s] -- Up-to-date: /home/theo/dev_ws/install/turtlesim/include/turtlesim/srv/teleport_absolute.h
[10.997s] -- Up-to-date: /home/theo/dev_ws/install/turtlesim/include/turtlesim/srv/kill.h
[10.997s] -- Up-to-date: /home/theo/dev_ws/install/turtlesim/include/turtlesim/action
[10.997s] -- Up-to-date: /home/theo/dev_ws/install/turtlesim/include/turtlesim/action/detail
[10.997s] -- Up-to-date: /home/theo/dev_ws/install/turtlesim/include/turtlesim/action/detail/rotate_absolute__struct.h
[10.997s] -- Up-to-date: /home/theo/dev_ws/install/turtlesim/include/turtlesim/action/detail/rotate_absolute__functions.c
[10.997s] -- Up-to-date: /home/theo/dev_ws/install/turtlesim/include/turtlesim/action/detail/rotate_absolute__type_support.h
[10.998s] -- Up-to-date: /home/theo/dev_ws/install/turtlesim/include/turtlesim/action/detail/rotate_absolute__functions.h
[10.998s] -- Up-to-date: /home/theo/dev_ws/install/turtlesim/include/turtlesim/action/rotate_absolute.h
[10.998s] -- Up-to-date: /home/theo/dev_ws/install/turtlesim/include/turtlesim/msg
[10.998s] -- Up-to-date: /home/theo/dev_ws/install/turtlesim/include/turtlesim/msg/pose.h
[10.999s] -- Up-to-date: /home/theo/dev_ws/install/turtlesim/include/turtlesim/msg/color.h
[10.999s] -- Up-to-date: /home/theo/dev_ws/install/turtlesim/include/turtlesim/msg/rosidl_generator_c__visibility_control.h
[10.999s] -- Up-to-date: /home/theo/dev_ws/install/turtlesim/include/turtlesim/msg/detail
[11.000s] -- Up-to-date: /home/theo/dev_ws/install/turtlesim/include/turtlesim/msg/detail/pose__type_support.h
[11.000s] -- Up-to-date: /home/theo/dev_ws/install/turtlesim/include/turtlesim/msg/detail/color__functions.h
[11.000s] -- Up-to-date: /home/theo/dev_ws/install/turtlesim/include/turtlesim/msg/detail/pose__struct.h
[11.000s] -- Up-to-date: /home/theo/dev_ws/install/turtlesim/include/turtlesim/msg/detail/color__struct.h
[11.000s] -- Up-to-date: /home/theo/dev_ws/install/turtlesim/include/turtlesim/msg/detail/pose__functions.c
[11.000s] -- Up-to-date: /home/theo/dev_ws/install/turtlesim/include/turtlesim/msg/detail/pose__functions.h
[11.000s] -- Up-to-date: /home/theo/dev_ws/install/turtlesim/include/turtlesim/msg/detail/color__functions.c
[11.000s] -- Up-to-date: /home/theo/dev_ws/install/turtlesim/include/turtlesim/msg/detail/color__type_support.h
[11.001s] -- Up-to-date: /home/theo/dev_ws/install/turtlesim/share/turtlesim/environment/library_path.sh
[11.001s] -- Up-to-date: /home/theo/dev_ws/install/turtlesim/share/turtlesim/environment/library_path.dsv
[11.002s] -- Up-to-date: /home/theo/dev_ws/install/turtlesim/lib/libturtlesim__rosidl_generator_c.so
[11.002s] -- Up-to-date: /home/theo/dev_ws/install/turtlesim/include/turtlesim
[11.002s] -- Up-to-date: /home/theo/dev_ws/install/turtlesim/include/turtlesim/srv
[11.002s] -- Up-to-date: /home/theo/dev_ws/install/turtlesim/include/turtlesim/srv/detail
[11.002s] -- Up-to-date: /home/theo/dev_ws/install/turtlesim/include/turtlesim/srv/detail/teleport_absolute__rosidl_typesupport_fastrtps_c.h
[11.002s] -- Up-to-date: /home/theo/dev_ws/install/turtlesim/include/turtlesim/srv/detail/set_pen__rosidl_typesupport_fastrtps_c.h
[11.002s] -- Up-to-date: /home/theo/dev_ws/install/turtlesim/include/turtlesim/srv/detail/spawn__rosidl_typesupport_fastrtps_c.h
[11.002s] -- Up-to-date: /home/theo/dev_ws/install/turtlesim/include/turtlesim/srv/detail/kill__rosidl_typesupport_fastrtps_c.h
[11.002s] -- Up-to-date: /home/theo/dev_ws/install/turtlesim/include/turtlesim/srv/detail/teleport_relative__rosidl_typesupport_fastrtps_c.h
[11.003s] -- Up-to-date: /home/theo/dev_ws/install/turtlesim/include/turtlesim/action
[11.003s] -- Up-to-date: /home/theo/dev_ws/install/turtlesim/include/turtlesim/action/detail
[11.003s] -- Up-to-date: /home/theo/dev_ws/install/turtlesim/include/turtlesim/action/detail/rotate_absolute__rosidl_typesupport_fastrtps_c.h
[11.005s] -- Up-to-date: /home/theo/dev_ws/install/turtlesim/include/turtlesim/msg
[11.005s] -- Up-to-date: /home/theo/dev_ws/install/turtlesim/include/turtlesim/msg/detail
[11.005s] -- Up-to-date: /home/theo/dev_ws/install/turtlesim/include/turtlesim/msg/detail/pose__rosidl_typesupport_fastrtps_c.h
[11.005s] -- Up-to-date: /home/theo/dev_ws/install/turtlesim/include/turtlesim/msg/detail/color__rosidl_typesupport_fastrtps_c.h
[11.005s] -- Up-to-date: /home/theo/dev_ws/install/turtlesim/include/turtlesim/msg/rosidl_typesupport_fastrtps_c__visibility_control.h
[11.006s] -- Up-to-date: /home/theo/dev_ws/install/turtlesim/lib/libturtlesim__rosidl_typesupport_fastrtps_c.so
[11.006s] -- Up-to-date: /home/theo/dev_ws/install/turtlesim/include/turtlesim
[11.006s] -- Up-to-date: /home/theo/dev_ws/install/turtlesim/include/turtlesim/srv
[11.006s] -- Up-to-date: /home/theo/dev_ws/install/turtlesim/include/turtlesim/srv/detail
[11.006s] -- Up-to-date: /home/theo/dev_ws/install/turtlesim/include/turtlesim/srv/detail/set_pen__rosidl_typesupport_fastrtps_cpp.hpp
[11.006s] -- Up-to-date: /home/theo/dev_ws/install/turtlesim/include/turtlesim/srv/detail/dds_fastrtps
[11.006s] -- Up-to-date: /home/theo/dev_ws/install/turtlesim/include/turtlesim/srv/detail/teleport_relative__rosidl_typesupport_fastrtps_cpp.hpp
[11.007s] -- Up-to-date: /home/theo/dev_ws/install/turtlesim/include/turtlesim/srv/detail/teleport_absolute__rosidl_typesupport_fastrtps_cpp.hpp
[11.007s] -- Up-to-date: /home/theo/dev_ws/install/turtlesim/include/turtlesim/srv/detail/spawn__rosidl_typesupport_fastrtps_cpp.hpp
[11.007s] -- Up-to-date: /home/theo/dev_ws/install/turtlesim/include/turtlesim/srv/detail/kill__rosidl_typesupport_fastrtps_cpp.hpp
[11.007s] -- Up-to-date: /home/theo/dev_ws/install/turtlesim/include/turtlesim/action
[11.007s] -- Up-to-date: /home/theo/dev_ws/install/turtlesim/include/turtlesim/action/detail
[11.007s] -- Up-to-date: /home/theo/dev_ws/install/turtlesim/include/turtlesim/action/detail/dds_fastrtps
[11.007s] -- Up-to-date: /home/theo/dev_ws/install/turtlesim/include/turtlesim/action/detail/rotate_absolute__rosidl_typesupport_fastrtps_cpp.hpp
[11.007s] -- Up-to-date: /home/theo/dev_ws/install/turtlesim/include/turtlesim/msg
[11.007s] -- Up-to-date: /home/theo/dev_ws/install/turtlesim/include/turtlesim/msg/rosidl_typesupport_fastrtps_cpp__visibility_control.h
[11.007s] -- Up-to-date: /home/theo/dev_ws/install/turtlesim/include/turtlesim/msg/detail
[11.009s] -- Up-to-date: /home/theo/dev_ws/install/turtlesim/include/turtlesim/msg/detail/color__rosidl_typesupport_fastrtps_cpp.hpp
[11.010s] -- Up-to-date: /home/theo/dev_ws/install/turtlesim/include/turtlesim/msg/detail/dds_fastrtps
[11.010s] -- Up-to-date: /home/theo/dev_ws/install/turtlesim/include/turtlesim/msg/detail/pose__rosidl_typesupport_fastrtps_cpp.hpp
[11.010s] -- Up-to-date: /home/theo/dev_ws/install/turtlesim/lib/libturtlesim__rosidl_typesupport_fastrtps_cpp.so
[11.010s] -- Up-to-date: /home/theo/dev_ws/install/turtlesim/include/turtlesim
[11.010s] -- Up-to-date: /home/theo/dev_ws/install/turtlesim/include/turtlesim/srv
[11.010s] -- Up-to-date: /home/theo/dev_ws/install/turtlesim/include/turtlesim/srv/detail
[11.010s] -- Up-to-date: /home/theo/dev_ws/install/turtlesim/include/turtlesim/srv/detail/teleport_relative__rosidl_typesupport_introspection_c.h
[11.010s] -- Up-to-date: /home/theo/dev_ws/install/turtlesim/include/turtlesim/srv/detail/kill__rosidl_typesupport_introspection_c.h
[11.010s] -- Up-to-date: /home/theo/dev_ws/install/turtlesim/include/turtlesim/srv/detail/spawn__type_support.c
[11.010s] -- Up-to-date: /home/theo/dev_ws/install/turtlesim/include/turtlesim/srv/detail/set_pen__rosidl_typesupport_introspection_c.h
[11.012s] -- Up-to-date: /home/theo/dev_ws/install/turtlesim/include/turtlesim/srv/detail/spawn__rosidl_typesupport_introspection_c.h
[11.012s] -- Up-to-date: /home/theo/dev_ws/install/turtlesim/include/turtlesim/srv/detail/teleport_relative__type_support.c
[11.012s] -- Up-to-date: /home/theo/dev_ws/install/turtlesim/include/turtlesim/srv/detail/kill__type_support.c
[11.012s] -- Up-to-date: /home/theo/dev_ws/install/turtlesim/include/turtlesim/srv/detail/teleport_absolute__type_support.c
[11.012s] -- Up-to-date: /home/theo/dev_ws/install/turtlesim/include/turtlesim/srv/detail/teleport_absolute__rosidl_typesupport_introspection_c.h
[11.012s] -- Up-to-date: /home/theo/dev_ws/install/turtlesim/include/turtlesim/srv/detail/set_pen__type_support.c
[11.013s] -- Up-to-date: /home/theo/dev_ws/install/turtlesim/include/turtlesim/action
[11.013s] -- Up-to-date: /home/theo/dev_ws/install/turtlesim/include/turtlesim/action/detail
[11.013s] -- Up-to-date: /home/theo/dev_ws/install/turtlesim/include/turtlesim/action/detail/rotate_absolute__type_support.c
[11.013s] -- Up-to-date: /home/theo/dev_ws/install/turtlesim/include/turtlesim/action/detail/rotate_absolute__rosidl_typesupport_introspection_c.h
[11.013s] -- Up-to-date: /home/theo/dev_ws/install/turtlesim/include/turtlesim/msg
[11.013s] -- Up-to-date: /home/theo/dev_ws/install/turtlesim/include/turtlesim/msg/detail
[11.013s] -- Up-to-date: /home/theo/dev_ws/install/turtlesim/include/turtlesim/msg/detail/color__type_support.c
[11.013s] -- Up-to-date: /home/theo/dev_ws/install/turtlesim/include/turtlesim/msg/detail/pose__rosidl_typesupport_introspection_c.h
[11.013s] -- Up-to-date: /home/theo/dev_ws/install/turtlesim/include/turtlesim/msg/detail/pose__type_support.c
[11.013s] -- Up-to-date: /home/theo/dev_ws/install/turtlesim/include/turtlesim/msg/detail/color__rosidl_typesupport_introspection_c.h
[11.014s] -- Up-to-date: /home/theo/dev_ws/install/turtlesim/include/turtlesim/msg/rosidl_typesupport_introspection_c__visibility_control.h
[11.014s] -- Up-to-date: /home/theo/dev_ws/install/turtlesim/lib/libturtlesim__rosidl_typesupport_introspection_c.so
[11.014s] -- Up-to-date: /home/theo/dev_ws/install/turtlesim/lib/libturtlesim__rosidl_typesupport_c.so
[11.014s] -- Up-to-date: /home/theo/dev_ws/install/turtlesim/include/turtlesim
[11.014s] -- Up-to-date: /home/theo/dev_ws/install/turtlesim/include/turtlesim/srv
[11.014s] -- Up-to-date: /home/theo/dev_ws/install/turtlesim/include/turtlesim/srv/spawn.hpp
[11.014s] -- Up-to-date: /home/theo/dev_ws/install/turtlesim/include/turtlesim/srv/detail
[11.014s] -- Up-to-date: /home/theo/dev_ws/install/turtlesim/include/turtlesim/srv/detail/teleport_relative__builder.hpp
[11.014s] -- Up-to-date: /home/theo/dev_ws/install/turtlesim/include/turtlesim/srv/detail/spawn__traits.hpp
[11.014s] -- Up-to-date: /home/theo/dev_ws/install/turtlesim/include/turtlesim/srv/detail/spawn__struct.hpp
[11.014s] -- Up-to-date: /home/theo/dev_ws/install/turtlesim/include/turtlesim/srv/detail/kill__traits.hpp
[11.015s] -- Up-to-date: /home/theo/dev_ws/install/turtlesim/include/turtlesim/srv/detail/teleport_relative__traits.hpp
[11.015s] -- Up-to-date: /home/theo/dev_ws/install/turtlesim/include/turtlesim/srv/detail/set_pen__traits.hpp
[11.015s] -- Up-to-date: /home/theo/dev_ws/install/turtlesim/include/turtlesim/srv/detail/teleport_absolute__struct.hpp
[11.015s] -- Up-to-date: /home/theo/dev_ws/install/turtlesim/include/turtlesim/srv/detail/teleport_absolute__traits.hpp
[11.017s] -- Up-to-date: /home/theo/dev_ws/install/turtlesim/include/turtlesim/srv/detail/teleport_relative__struct.hpp
[11.017s] -- Up-to-date: /home/theo/dev_ws/install/turtlesim/include/turtlesim/srv/detail/teleport_absolute__builder.hpp
[11.017s] -- Up-to-date: /home/theo/dev_ws/install/turtlesim/include/turtlesim/srv/detail/kill__struct.hpp
[11.017s] -- Up-to-date: /home/theo/dev_ws/install/turtlesim/include/turtlesim/srv/detail/set_pen__builder.hpp
[11.017s] -- Up-to-date: /home/theo/dev_ws/install/turtlesim/include/turtlesim/srv/detail/set_pen__struct.hpp
[11.017s] -- Up-to-date: /home/theo/dev_ws/install/turtlesim/include/turtlesim/srv/detail/kill__builder.hpp
[11.018s] -- Up-to-date: /home/theo/dev_ws/install/turtlesim/include/turtlesim/srv/detail/spawn__builder.hpp
[11.018s] -- Up-to-date: /home/theo/dev_ws/install/turtlesim/include/turtlesim/srv/set_pen.hpp
[11.018s] -- Up-to-date: /home/theo/dev_ws/install/turtlesim/include/turtlesim/srv/kill.hpp
[11.018s] -- Up-to-date: /home/theo/dev_ws/install/turtlesim/include/turtlesim/srv/teleport_relative.hpp
[11.018s] -- Up-to-date: /home/theo/dev_ws/install/turtlesim/include/turtlesim/srv/teleport_absolute.hpp
[11.018s] -- Up-to-date: /home/theo/dev_ws/install/turtlesim/include/turtlesim/action
[11.018s] -- Up-to-date: /home/theo/dev_ws/install/turtlesim/include/turtlesim/action/detail
[11.018s] -- Up-to-date: /home/theo/dev_ws/install/turtlesim/include/turtlesim/action/detail/rotate_absolute__struct.hpp
[11.018s] -- Up-to-date: /home/theo/dev_ws/install/turtlesim/include/turtlesim/action/detail/rotate_absolute__builder.hpp
[11.018s] -- Up-to-date: /home/theo/dev_ws/install/turtlesim/include/turtlesim/action/detail/rotate_absolute__traits.hpp
[11.018s] -- Up-to-date: /home/theo/dev_ws/install/turtlesim/include/turtlesim/action/rotate_absolute.hpp
[11.019s] -- Up-to-date: /home/theo/dev_ws/install/turtlesim/include/turtlesim/msg
[11.019s] -- Up-to-date: /home/theo/dev_ws/install/turtlesim/include/turtlesim/msg/pose.hpp
[11.023s] -- Up-to-date: /home/theo/dev_ws/install/turtlesim/include/turtlesim/msg/detail
[11.023s] -- Up-to-date: /home/theo/dev_ws/install/turtlesim/include/turtlesim/msg/detail/pose__struct.hpp
[11.023s] -- Up-to-date: /home/theo/dev_ws/install/turtlesim/include/turtlesim/msg/detail/color__builder.hpp
[11.023s] -- Up-to-date: /home/theo/dev_ws/install/turtlesim/include/turtlesim/msg/detail/pose__traits.hpp
[11.024s] -- Up-to-date: /home/theo/dev_ws/install/turtlesim/include/turtlesim/msg/detail/pose__builder.hpp
[11.024s] -- Up-to-date: /home/theo/dev_ws/install/turtlesim/include/turtlesim/msg/detail/color__struct.hpp
[11.024s] -- Up-to-date: /home/theo/dev_ws/install/turtlesim/include/turtlesim/msg/detail/color__traits.hpp
[11.024s] -- Up-to-date: /home/theo/dev_ws/install/turtlesim/include/turtlesim/msg/color.hpp
[11.024s] -- Up-to-date: /home/theo/dev_ws/install/turtlesim/include/turtlesim
[11.024s] -- Up-to-date: /home/theo/dev_ws/install/turtlesim/include/turtlesim/srv
[11.024s] -- Up-to-date: /home/theo/dev_ws/install/turtlesim/include/turtlesim/srv/detail
[11.024s] -- Up-to-date: /home/theo/dev_ws/install/turtlesim/include/turtlesim/srv/detail/teleport_relative__rosidl_typesupport_introspection_cpp.hpp
[11.024s] -- Up-to-date: /home/theo/dev_ws/install/turtlesim/include/turtlesim/srv/detail/set_pen__rosidl_typesupport_introspection_cpp.hpp
[11.024s] -- Up-to-date: /home/theo/dev_ws/install/turtlesim/include/turtlesim/srv/detail/set_pen__type_support.cpp
[11.025s] -- Up-to-date: /home/theo/dev_ws/install/turtlesim/include/turtlesim/srv/detail/spawn__type_support.cpp
[11.025s] -- Up-to-date: /home/theo/dev_ws/install/turtlesim/include/turtlesim/srv/detail/teleport_absolute__rosidl_typesupport_introspection_cpp.hpp
[11.025s] -- Up-to-date: /home/theo/dev_ws/install/turtlesim/include/turtlesim/srv/detail/kill__type_support.cpp
[11.025s] -- Up-to-date: /home/theo/dev_ws/install/turtlesim/include/turtlesim/srv/detail/spawn__rosidl_typesupport_introspection_cpp.hpp
[11.025s] -- Up-to-date: /home/theo/dev_ws/install/turtlesim/include/turtlesim/srv/detail/kill__rosidl_typesupport_introspection_cpp.hpp
[11.025s] -- Up-to-date: /home/theo/dev_ws/install/turtlesim/include/turtlesim/srv/detail/teleport_relative__type_support.cpp
[11.025s] -- Up-to-date: /home/theo/dev_ws/install/turtlesim/include/turtlesim/srv/detail/teleport_absolute__type_support.cpp
[11.025s] -- Up-to-date: /home/theo/dev_ws/install/turtlesim/include/turtlesim/action
[11.025s] -- Up-to-date: /home/theo/dev_ws/install/turtlesim/include/turtlesim/action/detail
[11.025s] -- Up-to-date: /home/theo/dev_ws/install/turtlesim/include/turtlesim/action/detail/rotate_absolute__rosidl_typesupport_introspection_cpp.hpp
[11.025s] -- Up-to-date: /home/theo/dev_ws/install/turtlesim/include/turtlesim/action/detail/rotate_absolute__type_support.cpp
[11.026s] -- Up-to-date: /home/theo/dev_ws/install/turtlesim/include/turtlesim/msg
[11.026s] -- Up-to-date: /home/theo/dev_ws/install/turtlesim/include/turtlesim/msg/detail
[11.026s] -- Up-to-date: /home/theo/dev_ws/install/turtlesim/include/turtlesim/msg/detail/color__rosidl_typesupport_introspection_cpp.hpp
[11.026s] -- Up-to-date: /home/theo/dev_ws/install/turtlesim/include/turtlesim/msg/detail/pose__rosidl_typesupport_introspection_cpp.hpp
[11.026s] -- Up-to-date: /home/theo/dev_ws/install/turtlesim/include/turtlesim/msg/detail/pose__type_support.cpp
[11.026s] -- Up-to-date: /home/theo/dev_ws/install/turtlesim/include/turtlesim/msg/detail/color__type_support.cpp
[11.026s] -- Up-to-date: /home/theo/dev_ws/install/turtlesim/lib/libturtlesim__rosidl_typesupport_introspection_cpp.so
[11.026s] -- Up-to-date: /home/theo/dev_ws/install/turtlesim/lib/libturtlesim__rosidl_typesupport_cpp.so
[11.026s] -- Up-to-date: /home/theo/dev_ws/install/turtlesim/share/turtlesim/environment/pythonpath.sh
[11.026s] -- Up-to-date: /home/theo/dev_ws/install/turtlesim/share/turtlesim/environment/pythonpath.dsv
[11.026s] -- Up-to-date: /home/theo/dev_ws/install/turtlesim/lib/python3.8/site-packages/turtlesim/__init__.py
[11.064s] -- Up-to-date: /home/theo/dev_ws/install/turtlesim/lib/python3.8/site-packages/turtlesim/action
[11.064s] -- Up-to-date: /home/theo/dev_ws/install/turtlesim/lib/python3.8/site-packages/turtlesim/action/_rotate_absolute_s.c
[11.065s] -- Up-to-date: /home/theo/dev_ws/install/turtlesim/lib/python3.8/site-packages/turtlesim/action/__init__.py
[11.065s] -- Up-to-date: /home/theo/dev_ws/install/turtlesim/lib/python3.8/site-packages/turtlesim/action/_rotate_absolute.py
[11.065s] -- Up-to-date: /home/theo/dev_ws/install/turtlesim/lib/python3.8/site-packages/turtlesim/msg
[11.065s] -- Up-to-date: /home/theo/dev_ws/install/turtlesim/lib/python3.8/site-packages/turtlesim/msg/_pose_s.c
[11.065s] -- Up-to-date: /home/theo/dev_ws/install/turtlesim/lib/python3.8/site-packages/turtlesim/msg/_pose.py
[11.065s] -- Up-to-date: /home/theo/dev_ws/install/turtlesim/lib/python3.8/site-packages/turtlesim/msg/_color.py
[11.066s] -- Up-to-date: /home/theo/dev_ws/install/turtlesim/lib/python3.8/site-packages/turtlesim/msg/__init__.py
[11.067s] -- Up-to-date: /home/theo/dev_ws/install/turtlesim/lib/python3.8/site-packages/turtlesim/msg/_color_s.c
[11.067s] -- Up-to-date: /home/theo/dev_ws/install/turtlesim/lib/python3.8/site-packages/turtlesim/srv
[11.067s] -- Up-to-date: /home/theo/dev_ws/install/turtlesim/lib/python3.8/site-packages/turtlesim/srv/_spawn_s.c
[11.067s] -- Up-to-date: /home/theo/dev_ws/install/turtlesim/lib/python3.8/site-packages/turtlesim/srv/_set_pen_s.c
[11.068s] -- Up-to-date: /home/theo/dev_ws/install/turtlesim/lib/python3.8/site-packages/turtlesim/srv/_teleport_relative_s.c
[11.068s] -- Up-to-date: /home/theo/dev_ws/install/turtlesim/lib/python3.8/site-packages/turtlesim/srv/__init__.py
[11.068s] -- Up-to-date: /home/theo/dev_ws/install/turtlesim/lib/python3.8/site-packages/turtlesim/srv/_kill_s.c
[11.068s] -- Up-to-date: /home/theo/dev_ws/install/turtlesim/lib/python3.8/site-packages/turtlesim/srv/_spawn.py
[11.068s] -- Up-to-date: /home/theo/dev_ws/install/turtlesim/lib/python3.8/site-packages/turtlesim/srv/_set_pen.py
[11.068s] -- Up-to-date: /home/theo/dev_ws/install/turtlesim/lib/python3.8/site-packages/turtlesim/srv/_teleport_absolute_s.c
[11.068s] -- Up-to-date: /home/theo/dev_ws/install/turtlesim/lib/python3.8/site-packages/turtlesim/srv/_teleport_relative.py
[11.069s] -- Up-to-date: /home/theo/dev_ws/install/turtlesim/lib/python3.8/site-packages/turtlesim/srv/_teleport_absolute.py
[11.069s] -- Up-to-date: /home/theo/dev_ws/install/turtlesim/lib/python3.8/site-packages/turtlesim/srv/_kill.py
[11.069s] -- Up-to-date: /home/theo/dev_ws/install/turtlesim/lib/python3.8/site-packages/turtlesim/turtlesim_s__rosidl_typesupport_fastrtps_c.cpython-38-x86_64-linux-gnu.so
[11.070s] -- Up-to-date: /home/theo/dev_ws/install/turtlesim/lib/python3.8/site-packages/turtlesim/turtlesim_s__rosidl_typesupport_introspection_c.cpython-38-x86_64-linux-gnu.so
[11.070s] -- Up-to-date: /home/theo/dev_ws/install/turtlesim/lib/python3.8/site-packages/turtlesim/turtlesim_s__rosidl_typesupport_c.cpython-38-x86_64-linux-gnu.so
[11.071s] -- Up-to-date: /home/theo/dev_ws/install/turtlesim/lib/libturtlesim__python.so
[11.071s] -- Up-to-date: /home/theo/dev_ws/install/turtlesim/share/turtlesim/action/RotateAbsolute.idl
[11.071s] -- Up-to-date: /home/theo/dev_ws/install/turtlesim/share/turtlesim/msg/Color.idl
[11.072s] -- Up-to-date: /home/theo/dev_ws/install/turtlesim/share/turtlesim/msg/Pose.idl
[11.072s] -- Up-to-date: /home/theo/dev_ws/install/turtlesim/share/turtlesim/srv/Kill.idl
[11.072s] -- Up-to-date: /home/theo/dev_ws/install/turtlesim/share/turtlesim/srv/SetPen.idl
[11.072s] -- Up-to-date: /home/theo/dev_ws/install/turtlesim/share/turtlesim/srv/Spawn.idl
[11.072s] -- Up-to-date: /home/theo/dev_ws/install/turtlesim/share/turtlesim/srv/TeleportAbsolute.idl
[11.073s] -- Up-to-date: /home/theo/dev_ws/install/turtlesim/share/turtlesim/srv/TeleportRelative.idl
[11.073s] -- Up-to-date: /home/theo/dev_ws/install/turtlesim/share/turtlesim/action/RotateAbsolute.action
[11.073s] -- Up-to-date: /home/theo/dev_ws/install/turtlesim/share/turtlesim/msg/Color.msg
[11.073s] -- Up-to-date: /home/theo/dev_ws/install/turtlesim/share/turtlesim/msg/Pose.msg
[11.074s] -- Up-to-date: /home/theo/dev_ws/install/turtlesim/share/turtlesim/srv/Kill.srv
[11.074s] -- Up-to-date: /home/theo/dev_ws/install/turtlesim/share/turtlesim/srv/Kill_Request.msg
[11.074s] -- Up-to-date: /home/theo/dev_ws/install/turtlesim/share/turtlesim/srv/Kill_Response.msg
[11.074s] -- Up-to-date: /home/theo/dev_ws/install/turtlesim/share/turtlesim/srv/SetPen.srv
[11.075s] -- Up-to-date: /home/theo/dev_ws/install/turtlesim/share/turtlesim/srv/SetPen_Request.msg
[11.075s] -- Up-to-date: /home/theo/dev_ws/install/turtlesim/share/turtlesim/srv/SetPen_Response.msg
[11.075s] -- Up-to-date: /home/theo/dev_ws/install/turtlesim/share/turtlesim/srv/Spawn.srv
[11.075s] -- Up-to-date: /home/theo/dev_ws/install/turtlesim/share/turtlesim/srv/Spawn_Request.msg
[11.076s] -- Up-to-date: /home/theo/dev_ws/install/turtlesim/share/turtlesim/srv/Spawn_Response.msg
[11.076s] -- Up-to-date: /home/theo/dev_ws/install/turtlesim/share/turtlesim/srv/TeleportAbsolute.srv
[11.076s] -- Up-to-date: /home/theo/dev_ws/install/turtlesim/share/turtlesim/srv/TeleportAbsolute_Request.msg
[11.076s] -- Up-to-date: /home/theo/dev_ws/install/turtlesim/share/turtlesim/srv/TeleportAbsolute_Response.msg
[11.077s] -- Up-to-date: /home/theo/dev_ws/install/turtlesim/share/turtlesim/srv/TeleportRelative.srv
[11.077s] -- Up-to-date: /home/theo/dev_ws/install/turtlesim/share/turtlesim/srv/TeleportRelative_Request.msg
[11.077s] -- Up-to-date: /home/theo/dev_ws/install/turtlesim/share/turtlesim/srv/TeleportRelative_Response.msg
[11.078s] -- Installing: /home/theo/dev_ws/install/turtlesim/lib/turtlesim/turtlesim_node
[11.083s] -- Set runtime path of "/home/theo/dev_ws/install/turtlesim/lib/turtlesim/turtlesim_node" to ""
[11.084s] -- Up-to-date: /home/theo/dev_ws/install/turtlesim/lib/turtlesim/turtle_teleop_key
[11.085s] -- Up-to-date: /home/theo/dev_ws/install/turtlesim/lib/turtlesim/draw_square
[11.085s] -- Up-to-date: /home/theo/dev_ws/install/turtlesim/lib/turtlesim/mimic
[11.086s] -- Up-to-date: /home/theo/dev_ws/install/turtlesim/share/turtlesim/images
[11.087s] -- Up-to-date: /home/theo/dev_ws/install/turtlesim/share/turtlesim/images/crystal.png
[11.087s] -- Up-to-date: /home/theo/dev_ws/install/turtlesim/share/turtlesim/images/ardent.png
[11.087s] -- Up-to-date: /home/theo/dev_ws/install/turtlesim/share/turtlesim/images/dashing.png
[11.087s] -- Up-to-date: /home/theo/dev_ws/install/turtlesim/share/turtlesim/images/foxy.png
[11.087s] -- Up-to-date: /home/theo/dev_ws/install/turtlesim/share/turtlesim/images/eloquent.png
[11.088s] -- Up-to-date: /home/theo/dev_ws/install/turtlesim/share/turtlesim/images/bouncy.png
[11.088s] -- Up-to-date: /home/theo/dev_ws/install/turtlesim/share/turtlesim/launch
[11.088s] -- Up-to-date: /home/theo/dev_ws/install/turtlesim/share/turtlesim/launch/multisim.launch.py
[11.088s] -- Up-to-date: /home/theo/dev_ws/install/turtlesim/share/ament_index/resource_index/package_run_dependencies/turtlesim
[11.089s] -- Up-to-date: /home/theo/dev_ws/install/turtlesim/share/ament_index/resource_index/parent_prefix_path/turtlesim
[11.089s] -- Up-to-date: /home/theo/dev_ws/install/turtlesim/share/turtlesim/environment/ament_prefix_path.sh
[11.089s] -- Up-to-date: /home/theo/dev_ws/install/turtlesim/share/turtlesim/environment/ament_prefix_path.dsv
[11.089s] -- Up-to-date: /home/theo/dev_ws/install/turtlesim/share/turtlesim/environment/path.sh
[11.090s] -- Up-to-date: /home/theo/dev_ws/install/turtlesim/share/turtlesim/environment/path.dsv
[11.090s] -- Up-to-date: /home/theo/dev_ws/install/turtlesim/share/turtlesim/local_setup.bash
[11.090s] -- Up-to-date: /home/theo/dev_ws/install/turtlesim/share/turtlesim/local_setup.sh
[11.091s] -- Up-to-date: /home/theo/dev_ws/install/turtlesim/share/turtlesim/local_setup.zsh
[11.091s] -- Up-to-date: /home/theo/dev_ws/install/turtlesim/share/turtlesim/local_setup.dsv
[11.091s] -- Installing: /home/theo/dev_ws/install/turtlesim/share/turtlesim/package.dsv
[11.091s] -- Up-to-date: /home/theo/dev_ws/install/turtlesim/share/ament_index/resource_index/packages/turtlesim
[11.092s] -- Up-to-date: /home/theo/dev_ws/install/turtlesim/share/turtlesim/cmake/turtlesim__rosidl_generator_cExport.cmake
[11.092s] -- Up-to-date: /home/theo/dev_ws/install/turtlesim/share/turtlesim/cmake/turtlesim__rosidl_generator_cExport-noconfig.cmake
[11.092s] -- Up-to-date: /home/theo/dev_ws/install/turtlesim/share/turtlesim/cmake/turtlesim__rosidl_typesupport_introspection_cExport.cmake
[11.093s] -- Up-to-date: /home/theo/dev_ws/install/turtlesim/share/turtlesim/cmake/turtlesim__rosidl_typesupport_introspection_cExport-noconfig.cmake
[11.093s] -- Up-to-date: /home/theo/dev_ws/install/turtlesim/share/turtlesim/cmake/turtlesim__rosidl_typesupport_cExport.cmake
[11.093s] -- Up-to-date: /home/theo/dev_ws/install/turtlesim/share/turtlesim/cmake/turtlesim__rosidl_typesupport_cExport-noconfig.cmake
[11.094s] -- Up-to-date: /home/theo/dev_ws/install/turtlesim/share/turtlesim/cmake/turtlesim__rosidl_generator_cppExport.cmake
[11.094s] -- Up-to-date: /home/theo/dev_ws/install/turtlesim/share/turtlesim/cmake/turtlesim__rosidl_typesupport_introspection_cppExport.cmake
[11.094s] -- Up-to-date: /home/theo/dev_ws/install/turtlesim/share/turtlesim/cmake/turtlesim__rosidl_typesupport_introspection_cppExport-noconfig.cmake
[11.095s] -- Up-to-date: /home/theo/dev_ws/install/turtlesim/share/turtlesim/cmake/turtlesim__rosidl_typesupport_cppExport.cmake
[11.095s] -- Up-to-date: /home/theo/dev_ws/install/turtlesim/share/turtlesim/cmake/turtlesim__rosidl_typesupport_cppExport-noconfig.cmake
[11.095s] -- Up-to-date: /home/theo/dev_ws/install/turtlesim/share/turtlesim/cmake/rosidl_cmake-extras.cmake
[11.096s] -- Up-to-date: /home/theo/dev_ws/install/turtlesim/share/turtlesim/cmake/ament_cmake_export_dependencies-extras.cmake
[11.096s] -- Up-to-date: /home/theo/dev_ws/install/turtlesim/share/turtlesim/cmake/ament_cmake_export_libraries-extras.cmake
[11.096s] -- Up-to-date: /home/theo/dev_ws/install/turtlesim/share/turtlesim/cmake/ament_cmake_export_targets-extras.cmake
[11.096s] -- Up-to-date: /home/theo/dev_ws/install/turtlesim/share/turtlesim/cmake/ament_cmake_export_include_directories-extras.cmake
[11.097s] -- Up-to-date: /home/theo/dev_ws/install/turtlesim/share/turtlesim/cmake/rosidl_cmake_export_typesupport_libraries-extras.cmake
[11.097s] -- Up-to-date: /home/theo/dev_ws/install/turtlesim/share/turtlesim/cmake/rosidl_cmake_export_typesupport_targets-extras.cmake
[11.097s] -- Up-to-date: /home/theo/dev_ws/install/turtlesim/share/turtlesim/cmake/turtlesimConfig.cmake
[11.097s] -- Up-to-date: /home/theo/dev_ws/install/turtlesim/share/turtlesim/cmake/turtlesimConfig-version.cmake
[11.098s] -- Up-to-date: /home/theo/dev_ws/install/turtlesim/share/turtlesim/package.xml
[11.104s] Invoked command in '/home/theo/dev_ws/build/turtlesim' returned '0': CMAKE_PREFIX_PATH=/opt/ros/foxy /usr/bin/cmake --install /home/theo/dev_ws/build/turtlesim
