[0.341s] DEBUG:colcon:Command line arguments: ['/usr/bin/colcon', 'build', '--packages-select', 'wa_helper', 'wa_pubsub']
[0.341s] DEBUG:colcon:Parsed command line arguments: Namespace(ament_cmake_args=None, base_paths=['.'], build_base='build', catkin_cmake_args=None, catkin_skip_building_tests=False, cmake_args=None, cmake_clean_cache=False, cmake_clean_first=False, cmake_force_configure=False, cmake_target=None, cmake_target_skip_unavailable=False, continue_on_error=False, event_handlers=None, executor='parallel', ignore_user_meta=False, install_base='install', log_base=None, log_level=None, main=<bound method BuildVerb.main of <colcon_core.verb.build.BuildVerb object at 0x7f28d4ea7880>>, merge_install=False, metas=['./colcon.meta'], packages_above=None, packages_above_and_dependencies=None, packages_above_depth=None, packages_end=None, packages_ignore=None, packages_ignore_regex=None, packages_select=['wa_helper', 'wa_pubsub'], packages_select_build_failed=False, packages_select_by_dep=None, packages_select_regex=None, packages_select_test_failures=False, packages_skip=None, packages_skip_build_finished=False, packages_skip_by_dep=None, packages_skip_regex=None, packages_skip_test_passed=False, packages_skip_up_to=None, packages_start=None, packages_up_to=None, packages_up_to_regex=None, parallel_workers=1, paths=None, symlink_install=False, test_result_base=None, verb_extension=<colcon_core.verb.build.BuildVerb object at 0x7f28d4ea7880>, verb_name='build', verb_parser=<colcon_defaults.argument_parser.defaults.DefaultArgumentsDecorator object at 0x7f28d4ea7df0>)
[0.350s] Level 1:colcon.colcon_core.package_discovery:discover_packages(colcon_meta) check parameters
[0.350s] Level 1:colcon.colcon_core.package_discovery:discover_packages(recursive) check parameters
[0.350s] Level 1:colcon.colcon_core.package_discovery:discover_packages(ignore) check parameters
[0.351s] Level 1:colcon.colcon_core.package_discovery:discover_packages(path) check parameters
[0.351s] Level 1:colcon.colcon_core.package_discovery:discover_packages(colcon_meta) discover
[0.351s] Level 1:colcon.colcon_core.package_discovery:discover_packages(recursive) discover
[0.351s] INFO:colcon.colcon_core.package_discovery:Crawling recursively for packages in '/home/theo/dev_ws'
[0.351s] Level 1:colcon.colcon_core.package_identification:_identify(.) by extensions ['ignore', 'ignore_ament_install']
[0.351s] Level 1:colcon.colcon_core.package_identification:_identify(.) by extension 'ignore'
[0.351s] Level 1:colcon.colcon_core.package_identification:_identify(.) by extension 'ignore_ament_install'
[0.351s] Level 1:colcon.colcon_core.package_identification:_identify(.) by extensions ['colcon_pkg']
[0.351s] Level 1:colcon.colcon_core.package_identification:_identify(.) by extension 'colcon_pkg'
[0.351s] Level 1:colcon.colcon_core.package_identification:_identify(.) by extensions ['colcon_meta']
[0.351s] Level 1:colcon.colcon_core.package_identification:_identify(.) by extension 'colcon_meta'
[0.352s] Level 1:colcon.colcon_core.package_identification:_identify(.) by extensions ['ros']
[0.352s] Level 1:colcon.colcon_core.package_identification:_identify(.) by extension 'ros'
[0.373s] Level 1:colcon.colcon_core.package_identification:_identify(.) by extensions ['cmake', 'python']
[0.373s] Level 1:colcon.colcon_core.package_identification:_identify(.) by extension 'cmake'
[0.373s] Level 1:colcon.colcon_core.package_identification:_identify(.) by extension 'python'
[0.374s] Level 1:colcon.colcon_core.package_identification:_identify(.) by extensions ['python_setup_py']
[0.374s] Level 1:colcon.colcon_core.package_identification:_identify(.) by extension 'python_setup_py'
[0.374s] Level 1:colcon.colcon_core.package_identification:_identify(build) by extensions ['ignore', 'ignore_ament_install']
[0.374s] Level 1:colcon.colcon_core.package_identification:_identify(build) by extension 'ignore'
[0.374s] Level 1:colcon.colcon_core.package_identification:_identify(build) ignored
[0.374s] Level 1:colcon.colcon_core.package_identification:_identify(install) by extensions ['ignore', 'ignore_ament_install']
[0.375s] Level 1:colcon.colcon_core.package_identification:_identify(install) by extension 'ignore'
[0.375s] Level 1:colcon.colcon_core.package_identification:_identify(install) ignored
[0.375s] Level 1:colcon.colcon_core.package_identification:_identify(launch) by extensions ['ignore', 'ignore_ament_install']
[0.375s] Level 1:colcon.colcon_core.package_identification:_identify(launch) by extension 'ignore'
[0.375s] Level 1:colcon.colcon_core.package_identification:_identify(launch) by extension 'ignore_ament_install'
[0.375s] Level 1:colcon.colcon_core.package_identification:_identify(launch) by extensions ['colcon_pkg']
[0.375s] Level 1:colcon.colcon_core.package_identification:_identify(launch) by extension 'colcon_pkg'
[0.375s] Level 1:colcon.colcon_core.package_identification:_identify(launch) by extensions ['colcon_meta']
[0.375s] Level 1:colcon.colcon_core.package_identification:_identify(launch) by extension 'colcon_meta'
[0.375s] Level 1:colcon.colcon_core.package_identification:_identify(launch) by extensions ['ros']
[0.375s] Level 1:colcon.colcon_core.package_identification:_identify(launch) by extension 'ros'
[0.376s] Level 1:colcon.colcon_core.package_identification:_identify(launch) by extensions ['cmake', 'python']
[0.376s] Level 1:colcon.colcon_core.package_identification:_identify(launch) by extension 'cmake'
[0.376s] Level 1:colcon.colcon_core.package_identification:_identify(launch) by extension 'python'
[0.376s] Level 1:colcon.colcon_core.package_identification:_identify(launch) by extensions ['python_setup_py']
[0.376s] Level 1:colcon.colcon_core.package_identification:_identify(launch) by extension 'python_setup_py'
[0.376s] Level 1:colcon.colcon_core.package_identification:_identify(launch/__pycache__) by extensions ['ignore', 'ignore_ament_install']
[0.376s] Level 1:colcon.colcon_core.package_identification:_identify(launch/__pycache__) by extension 'ignore'
[0.376s] Level 1:colcon.colcon_core.package_identification:_identify(launch/__pycache__) by extension 'ignore_ament_install'
[0.376s] Level 1:colcon.colcon_core.package_identification:_identify(launch/__pycache__) by extensions ['colcon_pkg']
[0.376s] Level 1:colcon.colcon_core.package_identification:_identify(launch/__pycache__) by extension 'colcon_pkg'
[0.377s] Level 1:colcon.colcon_core.package_identification:_identify(launch/__pycache__) by extensions ['colcon_meta']
[0.377s] Level 1:colcon.colcon_core.package_identification:_identify(launch/__pycache__) by extension 'colcon_meta'
[0.377s] Level 1:colcon.colcon_core.package_identification:_identify(launch/__pycache__) by extensions ['ros']
[0.377s] Level 1:colcon.colcon_core.package_identification:_identify(launch/__pycache__) by extension 'ros'
[0.377s] Level 1:colcon.colcon_core.package_identification:_identify(launch/__pycache__) by extensions ['cmake', 'python']
[0.377s] Level 1:colcon.colcon_core.package_identification:_identify(launch/__pycache__) by extension 'cmake'
[0.377s] Level 1:colcon.colcon_core.package_identification:_identify(launch/__pycache__) by extension 'python'
[0.377s] Level 1:colcon.colcon_core.package_identification:_identify(launch/__pycache__) by extensions ['python_setup_py']
[0.377s] Level 1:colcon.colcon_core.package_identification:_identify(launch/__pycache__) by extension 'python_setup_py'
[0.378s] Level 1:colcon.colcon_core.package_identification:_identify(log) by extensions ['ignore', 'ignore_ament_install']
[0.378s] Level 1:colcon.colcon_core.package_identification:_identify(log) by extension 'ignore'
[0.378s] Level 1:colcon.colcon_core.package_identification:_identify(log) ignored
[0.378s] Level 1:colcon.colcon_core.package_identification:_identify(src) by extensions ['ignore', 'ignore_ament_install']
[0.378s] Level 1:colcon.colcon_core.package_identification:_identify(src) by extension 'ignore'
[0.378s] Level 1:colcon.colcon_core.package_identification:_identify(src) by extension 'ignore_ament_install'
[0.378s] Level 1:colcon.colcon_core.package_identification:_identify(src) by extensions ['colcon_pkg']
[0.379s] Level 1:colcon.colcon_core.package_identification:_identify(src) by extension 'colcon_pkg'
[0.379s] Level 1:colcon.colcon_core.package_identification:_identify(src) by extensions ['colcon_meta']
[0.379s] Level 1:colcon.colcon_core.package_identification:_identify(src) by extension 'colcon_meta'
[0.379s] Level 1:colcon.colcon_core.package_identification:_identify(src) by extensions ['ros']
[0.379s] Level 1:colcon.colcon_core.package_identification:_identify(src) by extension 'ros'
[0.379s] Level 1:colcon.colcon_core.package_identification:_identify(src) by extensions ['cmake', 'python']
[0.379s] Level 1:colcon.colcon_core.package_identification:_identify(src) by extension 'cmake'
[0.379s] Level 1:colcon.colcon_core.package_identification:_identify(src) by extension 'python'
[0.379s] Level 1:colcon.colcon_core.package_identification:_identify(src) by extensions ['python_setup_py']
[0.380s] Level 1:colcon.colcon_core.package_identification:_identify(src) by extension 'python_setup_py'
[0.380s] Level 1:colcon.colcon_core.package_identification:_identify(src/cpp_pubsub) by extensions ['ignore', 'ignore_ament_install']
[0.380s] Level 1:colcon.colcon_core.package_identification:_identify(src/cpp_pubsub) by extension 'ignore'
[0.380s] Level 1:colcon.colcon_core.package_identification:_identify(src/cpp_pubsub) by extension 'ignore_ament_install'
[0.380s] Level 1:colcon.colcon_core.package_identification:_identify(src/cpp_pubsub) by extensions ['colcon_pkg']
[0.380s] Level 1:colcon.colcon_core.package_identification:_identify(src/cpp_pubsub) by extension 'colcon_pkg'
[0.380s] Level 1:colcon.colcon_core.package_identification:_identify(src/cpp_pubsub) by extensions ['colcon_meta']
[0.380s] Level 1:colcon.colcon_core.package_identification:_identify(src/cpp_pubsub) by extension 'colcon_meta'
[0.380s] Level 1:colcon.colcon_core.package_identification:_identify(src/cpp_pubsub) by extensions ['ros']
[0.380s] Level 1:colcon.colcon_core.package_identification:_identify(src/cpp_pubsub) by extension 'ros'
[0.387s] DEBUG:colcon.colcon_core.package_identification:Package 'src/cpp_pubsub' with type 'ros.ament_cmake' and name 'cpp_pubsub'
[0.387s] Level 1:colcon.colcon_core.package_identification:_identify(src/cpp_srvcli) by extensions ['ignore', 'ignore_ament_install']
[0.387s] Level 1:colcon.colcon_core.package_identification:_identify(src/cpp_srvcli) by extension 'ignore'
[0.387s] Level 1:colcon.colcon_core.package_identification:_identify(src/cpp_srvcli) by extension 'ignore_ament_install'
[0.387s] Level 1:colcon.colcon_core.package_identification:_identify(src/cpp_srvcli) by extensions ['colcon_pkg']
[0.387s] Level 1:colcon.colcon_core.package_identification:_identify(src/cpp_srvcli) by extension 'colcon_pkg'
[0.387s] Level 1:colcon.colcon_core.package_identification:_identify(src/cpp_srvcli) by extensions ['colcon_meta']
[0.387s] Level 1:colcon.colcon_core.package_identification:_identify(src/cpp_srvcli) by extension 'colcon_meta'
[0.387s] Level 1:colcon.colcon_core.package_identification:_identify(src/cpp_srvcli) by extensions ['ros']
[0.387s] Level 1:colcon.colcon_core.package_identification:_identify(src/cpp_srvcli) by extension 'ros'
[0.389s] DEBUG:colcon.colcon_core.package_identification:Package 'src/cpp_srvcli' with type 'ros.ament_cmake' and name 'cpp_srvcli'
[0.389s] Level 1:colcon.colcon_core.package_identification:_identify(src/my_package) by extensions ['ignore', 'ignore_ament_install']
[0.389s] Level 1:colcon.colcon_core.package_identification:_identify(src/my_package) by extension 'ignore'
[0.389s] Level 1:colcon.colcon_core.package_identification:_identify(src/my_package) by extension 'ignore_ament_install'
[0.389s] Level 1:colcon.colcon_core.package_identification:_identify(src/my_package) by extensions ['colcon_pkg']
[0.389s] Level 1:colcon.colcon_core.package_identification:_identify(src/my_package) by extension 'colcon_pkg'
[0.389s] Level 1:colcon.colcon_core.package_identification:_identify(src/my_package) by extensions ['colcon_meta']
[0.390s] Level 1:colcon.colcon_core.package_identification:_identify(src/my_package) by extension 'colcon_meta'
[0.390s] Level 1:colcon.colcon_core.package_identification:_identify(src/my_package) by extensions ['ros']
[0.390s] Level 1:colcon.colcon_core.package_identification:_identify(src/my_package) by extension 'ros'
[0.391s] DEBUG:colcon.colcon_core.package_identification:Package 'src/my_package' with type 'ros.ament_cmake' and name 'my_package'
[0.391s] Level 1:colcon.colcon_core.package_identification:_identify(src/py_pubsub) by extensions ['ignore', 'ignore_ament_install']
[0.391s] Level 1:colcon.colcon_core.package_identification:_identify(src/py_pubsub) by extension 'ignore'
[0.391s] Level 1:colcon.colcon_core.package_identification:_identify(src/py_pubsub) by extension 'ignore_ament_install'
[0.391s] Level 1:colcon.colcon_core.package_identification:_identify(src/py_pubsub) by extensions ['colcon_pkg']
[0.391s] Level 1:colcon.colcon_core.package_identification:_identify(src/py_pubsub) by extension 'colcon_pkg'
[0.391s] Level 1:colcon.colcon_core.package_identification:_identify(src/py_pubsub) by extensions ['colcon_meta']
[0.391s] Level 1:colcon.colcon_core.package_identification:_identify(src/py_pubsub) by extension 'colcon_meta'
[0.391s] Level 1:colcon.colcon_core.package_identification:_identify(src/py_pubsub) by extensions ['ros']
[0.391s] Level 1:colcon.colcon_core.package_identification:_identify(src/py_pubsub) by extension 'ros'
[0.392s] DEBUG:colcon.colcon_core.package_identification:Package 'src/py_pubsub' with type 'ros.ament_python' and name 'py_pubsub'
[0.393s] Level 1:colcon.colcon_core.package_identification:_identify(src/tutorial_interfaces) by extensions ['ignore', 'ignore_ament_install']
[0.393s] Level 1:colcon.colcon_core.package_identification:_identify(src/tutorial_interfaces) by extension 'ignore'
[0.393s] Level 1:colcon.colcon_core.package_identification:_identify(src/tutorial_interfaces) by extension 'ignore_ament_install'
[0.393s] Level 1:colcon.colcon_core.package_identification:_identify(src/tutorial_interfaces) by extensions ['colcon_pkg']
[0.393s] Level 1:colcon.colcon_core.package_identification:_identify(src/tutorial_interfaces) by extension 'colcon_pkg'
[0.393s] Level 1:colcon.colcon_core.package_identification:_identify(src/tutorial_interfaces) by extensions ['colcon_meta']
[0.393s] Level 1:colcon.colcon_core.package_identification:_identify(src/tutorial_interfaces) by extension 'colcon_meta'
[0.393s] Level 1:colcon.colcon_core.package_identification:_identify(src/tutorial_interfaces) by extensions ['ros']
[0.393s] Level 1:colcon.colcon_core.package_identification:_identify(src/tutorial_interfaces) by extension 'ros'
[0.394s] DEBUG:colcon.colcon_core.package_identification:Package 'src/tutorial_interfaces' with type 'ros.ament_cmake' and name 'tutorial_interfaces'
[0.395s] Level 1:colcon.colcon_core.package_identification:_identify(src/wa_helper) by extensions ['ignore', 'ignore_ament_install']
[0.395s] Level 1:colcon.colcon_core.package_identification:_identify(src/wa_helper) by extension 'ignore'
[0.395s] Level 1:colcon.colcon_core.package_identification:_identify(src/wa_helper) by extension 'ignore_ament_install'
[0.395s] Level 1:colcon.colcon_core.package_identification:_identify(src/wa_helper) by extensions ['colcon_pkg']
[0.395s] Level 1:colcon.colcon_core.package_identification:_identify(src/wa_helper) by extension 'colcon_pkg'
[0.395s] Level 1:colcon.colcon_core.package_identification:_identify(src/wa_helper) by extensions ['colcon_meta']
[0.396s] Level 1:colcon.colcon_core.package_identification:_identify(src/wa_helper) by extension 'colcon_meta'
[0.396s] Level 1:colcon.colcon_core.package_identification:_identify(src/wa_helper) by extensions ['ros']
[0.396s] Level 1:colcon.colcon_core.package_identification:_identify(src/wa_helper) by extension 'ros'
[0.396s] DEBUG:colcon.colcon_core.package_identification:Package 'src/wa_helper' with type 'ros.ament_cmake' and name 'wa_helper'
[0.397s] Level 1:colcon.colcon_core.package_identification:_identify(src/wa_pubsub) by extensions ['ignore', 'ignore_ament_install']
[0.397s] Level 1:colcon.colcon_core.package_identification:_identify(src/wa_pubsub) by extension 'ignore'
[0.397s] Level 1:colcon.colcon_core.package_identification:_identify(src/wa_pubsub) by extension 'ignore_ament_install'
[0.397s] Level 1:colcon.colcon_core.package_identification:_identify(src/wa_pubsub) by extensions ['colcon_pkg']
[0.397s] Level 1:colcon.colcon_core.package_identification:_identify(src/wa_pubsub) by extension 'colcon_pkg'
[0.397s] Level 1:colcon.colcon_core.package_identification:_identify(src/wa_pubsub) by extensions ['colcon_meta']
[0.397s] Level 1:colcon.colcon_core.package_identification:_identify(src/wa_pubsub) by extension 'colcon_meta'
[0.397s] Level 1:colcon.colcon_core.package_identification:_identify(src/wa_pubsub) by extensions ['ros']
[0.398s] Level 1:colcon.colcon_core.package_identification:_identify(src/wa_pubsub) by extension 'ros'
[0.399s] DEBUG:colcon.colcon_core.package_identification:Package 'src/wa_pubsub' with type 'ros.ament_cmake' and name 'wa_pubsub'
[0.399s] Level 1:colcon.colcon_core.package_discovery:discover_packages(recursive) using defaults
[0.399s] Level 1:colcon.colcon_core.package_discovery:discover_packages(ignore) discover
[0.399s] Level 1:colcon.colcon_core.package_discovery:discover_packages(ignore) using defaults
[0.399s] Level 1:colcon.colcon_core.package_discovery:discover_packages(path) discover
[0.399s] Level 1:colcon.colcon_core.package_discovery:discover_packages(path) using defaults
[0.434s] INFO:colcon.colcon_core.package_selection:Skipping not selected package 'my_package' in 'src/my_package'
[0.434s] INFO:colcon.colcon_core.package_selection:Skipping not selected package 'py_pubsub' in 'src/py_pubsub'
[0.434s] INFO:colcon.colcon_core.package_selection:Skipping not selected package 'tutorial_interfaces' in 'src/tutorial_interfaces'
[0.434s] INFO:colcon.colcon_core.package_selection:Skipping not selected package 'cpp_pubsub' in 'src/cpp_pubsub'
[0.434s] INFO:colcon.colcon_core.package_selection:Skipping not selected package 'cpp_srvcli' in 'src/cpp_srvcli'
[0.441s] Level 5:colcon.colcon_core.verb:set package 'wa_helper' build argument 'cmake_args' from command line to 'None'
[0.441s] Level 5:colcon.colcon_core.verb:set package 'wa_helper' build argument 'cmake_target' from command line to 'None'
[0.441s] Level 5:colcon.colcon_core.verb:set package 'wa_helper' build argument 'cmake_target_skip_unavailable' from command line to 'False'
[0.441s] Level 5:colcon.colcon_core.verb:set package 'wa_helper' build argument 'cmake_clean_cache' from command line to 'False'
[0.441s] Level 5:colcon.colcon_core.verb:set package 'wa_helper' build argument 'cmake_clean_first' from command line to 'False'
[0.441s] Level 5:colcon.colcon_core.verb:set package 'wa_helper' build argument 'cmake_force_configure' from command line to 'False'
[0.441s] Level 5:colcon.colcon_core.verb:set package 'wa_helper' build argument 'ament_cmake_args' from command line to 'None'
[0.441s] Level 5:colcon.colcon_core.verb:set package 'wa_helper' build argument 'catkin_cmake_args' from command line to 'None'
[0.441s] Level 5:colcon.colcon_core.verb:set package 'wa_helper' build argument 'catkin_skip_building_tests' from command line to 'False'
[0.441s] DEBUG:colcon.colcon_core.verb:Building package 'wa_helper' with the following arguments: {'ament_cmake_args': None, 'build_base': '/home/theo/dev_ws/build/wa_helper', 'catkin_cmake_args': None, 'catkin_skip_building_tests': False, 'cmake_args': None, 'cmake_clean_cache': False, 'cmake_clean_first': False, 'cmake_force_configure': False, 'cmake_target': None, 'cmake_target_skip_unavailable': False, 'install_base': '/home/theo/dev_ws/install/wa_helper', 'merge_install': False, 'path': '/home/theo/dev_ws/src/wa_helper', 'symlink_install': False, 'test_result_base': None}
[0.447s] Level 5:colcon.colcon_core.verb:set package 'wa_pubsub' build argument 'cmake_args' from command line to 'None'
[0.447s] Level 5:colcon.colcon_core.verb:set package 'wa_pubsub' build argument 'cmake_target' from command line to 'None'
[0.447s] Level 5:colcon.colcon_core.verb:set package 'wa_pubsub' build argument 'cmake_target_skip_unavailable' from command line to 'False'
[0.447s] Level 5:colcon.colcon_core.verb:set package 'wa_pubsub' build argument 'cmake_clean_cache' from command line to 'False'
[0.447s] Level 5:colcon.colcon_core.verb:set package 'wa_pubsub' build argument 'cmake_clean_first' from command line to 'False'
[0.447s] Level 5:colcon.colcon_core.verb:set package 'wa_pubsub' build argument 'cmake_force_configure' from command line to 'False'
[0.447s] Level 5:colcon.colcon_core.verb:set package 'wa_pubsub' build argument 'ament_cmake_args' from command line to 'None'
[0.447s] Level 5:colcon.colcon_core.verb:set package 'wa_pubsub' build argument 'catkin_cmake_args' from command line to 'None'
[0.447s] Level 5:colcon.colcon_core.verb:set package 'wa_pubsub' build argument 'catkin_skip_building_tests' from command line to 'False'
[0.447s] DEBUG:colcon.colcon_core.verb:Building package 'wa_pubsub' with the following arguments: {'ament_cmake_args': None, 'build_base': '/home/theo/dev_ws/build/wa_pubsub', 'catkin_cmake_args': None, 'catkin_skip_building_tests': False, 'cmake_args': None, 'cmake_clean_cache': False, 'cmake_clean_first': False, 'cmake_force_configure': False, 'cmake_target': None, 'cmake_target_skip_unavailable': False, 'install_base': '/home/theo/dev_ws/install/wa_pubsub', 'merge_install': False, 'path': '/home/theo/dev_ws/src/wa_pubsub', 'symlink_install': False, 'test_result_base': None}
[0.448s] INFO:colcon.colcon_core.executor:Executing jobs using 'parallel' executor
[0.451s] DEBUG:colcon.colcon_parallel_executor.executor.parallel:run_until_complete
[0.451s] INFO:colcon.colcon_ros.task.ament_cmake.build:Building ROS package in '/home/theo/dev_ws/src/wa_helper' with build type 'ament_cmake'
[0.452s] INFO:colcon.colcon_cmake.task.cmake.build:Building CMake package in '/home/theo/dev_ws/src/wa_helper'
[0.457s] INFO:colcon.colcon_core.plugin_system:Skipping extension 'colcon_core.shell.bat': Not used on non-Windows systems
[0.457s] INFO:colcon.colcon_core.shell:Skip shell extension 'powershell' for command environment: Not usable outside of PowerShell
[0.457s] DEBUG:colcon.colcon_core.shell:Skip shell extension 'dsv' for command environment
[0.465s] DEBUG:colcon.colcon_core.shell:Ignoring prefix path '/opt/ros/foxy'
[0.484s] DEBUG:colcon.colcon_core.event_handler.log_command:Invoking command in '/home/theo/dev_ws/build/wa_helper': CMAKE_PREFIX_PATH=${CMAKE_PREFIX_PATH}:/home/theo/dev_ws/install/py_pubsub:/opt/ros/foxy /usr/bin/cmake --build /home/theo/dev_ws/build/wa_helper -- -j1 -l1
[6.254s] DEBUG:colcon.colcon_core.event_handler.log_command:Invoked command in '/home/theo/dev_ws/build/wa_helper' returned '0': CMAKE_PREFIX_PATH=${CMAKE_PREFIX_PATH}:/home/theo/dev_ws/install/py_pubsub:/opt/ros/foxy /usr/bin/cmake --build /home/theo/dev_ws/build/wa_helper -- -j1 -l1
[6.317s] DEBUG:colcon.colcon_core.event_handler.log_command:Invoking command in '/home/theo/dev_ws/build/wa_helper': CMAKE_PREFIX_PATH=${CMAKE_PREFIX_PATH}:/home/theo/dev_ws/install/py_pubsub:/opt/ros/foxy /usr/bin/cmake --install /home/theo/dev_ws/build/wa_helper
[6.348s] Level 1:colcon.colcon_core.environment:create_environment_scripts_only(wa_helper)
[6.350s] DEBUG:colcon.colcon_core.event_handler.log_command:Invoked command in '/home/theo/dev_ws/build/wa_helper' returned '0': CMAKE_PREFIX_PATH=${CMAKE_PREFIX_PATH}:/home/theo/dev_ws/install/py_pubsub:/opt/ros/foxy /usr/bin/cmake --install /home/theo/dev_ws/build/wa_helper
[6.355s] Level 1:colcon.colcon_core.environment:checking '/home/theo/dev_ws/install/wa_helper' for CMake module files
[6.356s] Level 1:colcon.colcon_core.environment:checking '/home/theo/dev_ws/install/wa_helper' for CMake config files
[6.357s] Level 1:colcon.colcon_core.shell:create_environment_hook('wa_helper', 'cmake_prefix_path')
[6.358s] INFO:colcon.colcon_core.shell:Creating environment hook '/home/theo/dev_ws/install/wa_helper/share/wa_helper/hook/cmake_prefix_path.ps1'
[6.359s] INFO:colcon.colcon_core.shell:Creating environment descriptor '/home/theo/dev_ws/install/wa_helper/share/wa_helper/hook/cmake_prefix_path.dsv'
[6.366s] INFO:colcon.colcon_core.shell:Creating environment hook '/home/theo/dev_ws/install/wa_helper/share/wa_helper/hook/cmake_prefix_path.sh'
[6.368s] Level 1:colcon.colcon_core.environment:checking '/home/theo/dev_ws/install/wa_helper/lib'
[6.368s] Level 1:colcon.colcon_core.environment:checking '/home/theo/dev_ws/install/wa_helper/bin'
[6.368s] Level 1:colcon.colcon_core.environment:checking '/home/theo/dev_ws/install/wa_helper/lib/pkgconfig/wa_helper.pc'
[6.368s] Level 1:colcon.colcon_core.environment:checking '/home/theo/dev_ws/install/wa_helper/lib/python3.8/site-packages'
[6.370s] INFO:colcon.colcon_core.shell:Creating package script '/home/theo/dev_ws/install/wa_helper/share/wa_helper/package.ps1'
[6.371s] INFO:colcon.colcon_core.shell:Creating package descriptor '/home/theo/dev_ws/install/wa_helper/share/wa_helper/package.dsv'
[6.373s] INFO:colcon.colcon_core.shell:Creating package script '/home/theo/dev_ws/install/wa_helper/share/wa_helper/package.sh'
[6.375s] INFO:colcon.colcon_core.shell:Creating package script '/home/theo/dev_ws/install/wa_helper/share/wa_helper/package.bash'
[6.377s] INFO:colcon.colcon_core.shell:Creating package script '/home/theo/dev_ws/install/wa_helper/share/wa_helper/package.zsh'
[6.378s] Level 1:colcon.colcon_core.environment:create_file_with_runtime_dependencies(/home/theo/dev_ws/install/wa_helper/share/colcon-core/packages/wa_helper)
[6.418s] Level 1:colcon.colcon_core.environment:create_environment_scripts_only(wa_helper)
[6.420s] Level 1:colcon.colcon_core.environment:checking '/home/theo/dev_ws/install/wa_helper' for CMake module files
[6.422s] Level 1:colcon.colcon_core.environment:checking '/home/theo/dev_ws/install/wa_helper' for CMake config files
[6.422s] Level 1:colcon.colcon_core.shell:create_environment_hook('wa_helper', 'cmake_prefix_path')
[6.423s] INFO:colcon.colcon_core.shell:Creating environment hook '/home/theo/dev_ws/install/wa_helper/share/wa_helper/hook/cmake_prefix_path.ps1'
[6.424s] INFO:colcon.colcon_core.shell:Creating environment descriptor '/home/theo/dev_ws/install/wa_helper/share/wa_helper/hook/cmake_prefix_path.dsv'
[6.427s] INFO:colcon.colcon_core.shell:Creating environment hook '/home/theo/dev_ws/install/wa_helper/share/wa_helper/hook/cmake_prefix_path.sh'
[6.428s] Level 1:colcon.colcon_core.environment:checking '/home/theo/dev_ws/install/wa_helper/lib'
[6.428s] Level 1:colcon.colcon_core.environment:checking '/home/theo/dev_ws/install/wa_helper/bin'
[6.428s] Level 1:colcon.colcon_core.environment:checking '/home/theo/dev_ws/install/wa_helper/lib/pkgconfig/wa_helper.pc'
[6.428s] Level 1:colcon.colcon_core.environment:checking '/home/theo/dev_ws/install/wa_helper/lib/python3.8/site-packages'
[6.430s] INFO:colcon.colcon_core.shell:Creating package script '/home/theo/dev_ws/install/wa_helper/share/wa_helper/package.ps1'
[6.431s] INFO:colcon.colcon_core.shell:Creating package descriptor '/home/theo/dev_ws/install/wa_helper/share/wa_helper/package.dsv'
[6.432s] INFO:colcon.colcon_core.shell:Creating package script '/home/theo/dev_ws/install/wa_helper/share/wa_helper/package.sh'
[6.433s] INFO:colcon.colcon_core.shell:Creating package script '/home/theo/dev_ws/install/wa_helper/share/wa_helper/package.bash'
[6.434s] INFO:colcon.colcon_core.shell:Creating package script '/home/theo/dev_ws/install/wa_helper/share/wa_helper/package.zsh'
[6.435s] Level 1:colcon.colcon_core.environment:create_file_with_runtime_dependencies(/home/theo/dev_ws/install/wa_helper/share/colcon-core/packages/wa_helper)
[6.437s] INFO:colcon.colcon_ros.task.ament_cmake.build:Building ROS package in '/home/theo/dev_ws/src/wa_pubsub' with build type 'ament_cmake'
[6.437s] INFO:colcon.colcon_cmake.task.cmake.build:Building CMake package in '/home/theo/dev_ws/src/wa_pubsub'
[6.438s] INFO:colcon.colcon_core.shell:Skip shell extension 'powershell' for command environment: Not usable outside of PowerShell
[6.438s] DEBUG:colcon.colcon_core.shell:Skip shell extension 'dsv' for command environment
[6.443s] DEBUG:colcon.colcon_core.shell:Ignoring prefix path '/opt/ros/foxy'
[6.477s] DEBUG:colcon.colcon_core.event_handler.log_command:Invoking command in '/home/theo/dev_ws/build/wa_pubsub': CMAKE_PREFIX_PATH=/home/theo/dev_ws/install/wa_helper:/home/theo/dev_ws/install/tutorial_interfaces:/home/theo/dev_ws/install/cpp_srvcli:/home/theo/dev_ws/install/cpp_pubsub:/home/theo/dev_ws/install/turtlesim:/home/theo/dev_ws/install/my_package:/home/theo/dev_ws/install/py_pubsub:/opt/ros/foxy LD_LIBRARY_PATH=/home/theo/dev_ws/install/tutorial_interfaces/lib:/home/theo/dev_ws/install/wa_helper/lib:/home/theo/dev_ws/install/turtlesim/lib:/opt/ros/foxy/opt/yaml_cpp_vendor/lib:/opt/ros/foxy/opt/rviz_ogre_vendor/lib:/opt/ros/foxy/lib/x86_64-linux-gnu:/opt/ros/foxy/lib /usr/bin/cmake --build /home/theo/dev_ws/build/wa_pubsub -- -j1 -l1
[8.765s] DEBUG:colcon.colcon_core.event_handler.log_command:Invoked command in '/home/theo/dev_ws/build/wa_pubsub' returned '0': CMAKE_PREFIX_PATH=/home/theo/dev_ws/install/wa_helper:/home/theo/dev_ws/install/tutorial_interfaces:/home/theo/dev_ws/install/cpp_srvcli:/home/theo/dev_ws/install/cpp_pubsub:/home/theo/dev_ws/install/turtlesim:/home/theo/dev_ws/install/my_package:/home/theo/dev_ws/install/py_pubsub:/opt/ros/foxy LD_LIBRARY_PATH=/home/theo/dev_ws/install/tutorial_interfaces/lib:/home/theo/dev_ws/install/wa_helper/lib:/home/theo/dev_ws/install/turtlesim/lib:/opt/ros/foxy/opt/yaml_cpp_vendor/lib:/opt/ros/foxy/opt/rviz_ogre_vendor/lib:/opt/ros/foxy/lib/x86_64-linux-gnu:/opt/ros/foxy/lib /usr/bin/cmake --build /home/theo/dev_ws/build/wa_pubsub -- -j1 -l1
[8.812s] DEBUG:colcon.colcon_core.event_handler.log_command:Invoking command in '/home/theo/dev_ws/build/wa_pubsub': CMAKE_PREFIX_PATH=/home/theo/dev_ws/install/wa_helper:/home/theo/dev_ws/install/tutorial_interfaces:/home/theo/dev_ws/install/cpp_srvcli:/home/theo/dev_ws/install/cpp_pubsub:/home/theo/dev_ws/install/turtlesim:/home/theo/dev_ws/install/my_package:/home/theo/dev_ws/install/py_pubsub:/opt/ros/foxy LD_LIBRARY_PATH=/home/theo/dev_ws/install/tutorial_interfaces/lib:/home/theo/dev_ws/install/wa_helper/lib:/home/theo/dev_ws/install/turtlesim/lib:/opt/ros/foxy/opt/yaml_cpp_vendor/lib:/opt/ros/foxy/opt/rviz_ogre_vendor/lib:/opt/ros/foxy/lib/x86_64-linux-gnu:/opt/ros/foxy/lib /usr/bin/cmake --install /home/theo/dev_ws/build/wa_pubsub
[8.847s] Level 1:colcon.colcon_core.environment:create_environment_scripts_only(wa_pubsub)
[8.849s] Level 1:colcon.colcon_core.environment:checking '/home/theo/dev_ws/install/wa_pubsub' for CMake module files
[8.850s] DEBUG:colcon.colcon_core.event_handler.log_command:Invoked command in '/home/theo/dev_ws/build/wa_pubsub' returned '0': CMAKE_PREFIX_PATH=/home/theo/dev_ws/install/wa_helper:/home/theo/dev_ws/install/tutorial_interfaces:/home/theo/dev_ws/install/cpp_srvcli:/home/theo/dev_ws/install/cpp_pubsub:/home/theo/dev_ws/install/turtlesim:/home/theo/dev_ws/install/my_package:/home/theo/dev_ws/install/py_pubsub:/opt/ros/foxy LD_LIBRARY_PATH=/home/theo/dev_ws/install/tutorial_interfaces/lib:/home/theo/dev_ws/install/wa_helper/lib:/home/theo/dev_ws/install/turtlesim/lib:/opt/ros/foxy/opt/yaml_cpp_vendor/lib:/opt/ros/foxy/opt/rviz_ogre_vendor/lib:/opt/ros/foxy/lib/x86_64-linux-gnu:/opt/ros/foxy/lib /usr/bin/cmake --install /home/theo/dev_ws/build/wa_pubsub
[8.851s] Level 1:colcon.colcon_core.environment:checking '/home/theo/dev_ws/install/wa_pubsub' for CMake config files
[8.851s] Level 1:colcon.colcon_core.shell:create_environment_hook('wa_pubsub', 'cmake_prefix_path')
[8.852s] INFO:colcon.colcon_core.shell:Creating environment hook '/home/theo/dev_ws/install/wa_pubsub/share/wa_pubsub/hook/cmake_prefix_path.ps1'
[8.853s] INFO:colcon.colcon_core.shell:Creating environment descriptor '/home/theo/dev_ws/install/wa_pubsub/share/wa_pubsub/hook/cmake_prefix_path.dsv'
[8.854s] INFO:colcon.colcon_core.shell:Creating environment hook '/home/theo/dev_ws/install/wa_pubsub/share/wa_pubsub/hook/cmake_prefix_path.sh'
[8.855s] Level 1:colcon.colcon_core.environment:checking '/home/theo/dev_ws/install/wa_pubsub/lib'
[8.856s] Level 1:colcon.colcon_core.environment:checking '/home/theo/dev_ws/install/wa_pubsub/bin'
[8.856s] Level 1:colcon.colcon_core.environment:checking '/home/theo/dev_ws/install/wa_pubsub/lib/pkgconfig/wa_pubsub.pc'
[8.856s] Level 1:colcon.colcon_core.environment:checking '/home/theo/dev_ws/install/wa_pubsub/lib/python3.8/site-packages'
[8.858s] INFO:colcon.colcon_core.shell:Creating package script '/home/theo/dev_ws/install/wa_pubsub/share/wa_pubsub/package.ps1'
[8.859s] INFO:colcon.colcon_core.shell:Creating package descriptor '/home/theo/dev_ws/install/wa_pubsub/share/wa_pubsub/package.dsv'
[8.860s] INFO:colcon.colcon_core.shell:Creating package script '/home/theo/dev_ws/install/wa_pubsub/share/wa_pubsub/package.sh'
[8.861s] INFO:colcon.colcon_core.shell:Creating package script '/home/theo/dev_ws/install/wa_pubsub/share/wa_pubsub/package.bash'
[8.862s] INFO:colcon.colcon_core.shell:Creating package script '/home/theo/dev_ws/install/wa_pubsub/share/wa_pubsub/package.zsh'
[8.863s] Level 1:colcon.colcon_core.environment:create_file_with_runtime_dependencies(/home/theo/dev_ws/install/wa_pubsub/share/colcon-core/packages/wa_pubsub)
[8.904s] Level 1:colcon.colcon_core.environment:create_environment_scripts_only(wa_pubsub)
[8.906s] Level 1:colcon.colcon_core.environment:checking '/home/theo/dev_ws/install/wa_pubsub' for CMake module files
[8.912s] Level 1:colcon.colcon_core.environment:checking '/home/theo/dev_ws/install/wa_pubsub' for CMake config files
[8.913s] Level 1:colcon.colcon_core.shell:create_environment_hook('wa_pubsub', 'cmake_prefix_path')
[8.915s] INFO:colcon.colcon_core.shell:Creating environment hook '/home/theo/dev_ws/install/wa_pubsub/share/wa_pubsub/hook/cmake_prefix_path.ps1'
[8.916s] INFO:colcon.colcon_core.shell:Creating environment descriptor '/home/theo/dev_ws/install/wa_pubsub/share/wa_pubsub/hook/cmake_prefix_path.dsv'
[8.916s] INFO:colcon.colcon_core.shell:Creating environment hook '/home/theo/dev_ws/install/wa_pubsub/share/wa_pubsub/hook/cmake_prefix_path.sh'
[8.917s] Level 1:colcon.colcon_core.environment:checking '/home/theo/dev_ws/install/wa_pubsub/lib'
[8.917s] Level 1:colcon.colcon_core.environment:checking '/home/theo/dev_ws/install/wa_pubsub/bin'
[8.918s] Level 1:colcon.colcon_core.environment:checking '/home/theo/dev_ws/install/wa_pubsub/lib/pkgconfig/wa_pubsub.pc'
[8.918s] Level 1:colcon.colcon_core.environment:checking '/home/theo/dev_ws/install/wa_pubsub/lib/python3.8/site-packages'
[8.919s] INFO:colcon.colcon_core.shell:Creating package script '/home/theo/dev_ws/install/wa_pubsub/share/wa_pubsub/package.ps1'
[8.920s] INFO:colcon.colcon_core.shell:Creating package descriptor '/home/theo/dev_ws/install/wa_pubsub/share/wa_pubsub/package.dsv'
[8.921s] INFO:colcon.colcon_core.shell:Creating package script '/home/theo/dev_ws/install/wa_pubsub/share/wa_pubsub/package.sh'
[8.922s] INFO:colcon.colcon_core.shell:Creating package script '/home/theo/dev_ws/install/wa_pubsub/share/wa_pubsub/package.bash'
[8.923s] INFO:colcon.colcon_core.shell:Creating package script '/home/theo/dev_ws/install/wa_pubsub/share/wa_pubsub/package.zsh'
[8.924s] Level 1:colcon.colcon_core.environment:create_file_with_runtime_dependencies(/home/theo/dev_ws/install/wa_pubsub/share/colcon-core/packages/wa_pubsub)
[8.925s] DEBUG:colcon.colcon_parallel_executor.executor.parallel:closing loop
[8.926s] DEBUG:colcon.colcon_parallel_executor.executor.parallel:loop closed
[8.926s] DEBUG:colcon.colcon_parallel_executor.executor.parallel:run_until_complete finished with '0'
[8.926s] DEBUG:colcon.colcon_core.event_reactor:joining thread
[8.946s] INFO:colcon.colcon_core.plugin_system:Skipping extension 'colcon_notification.desktop_notification.terminal_notifier': Not used on non-Darwin systems
[8.946s] INFO:colcon.colcon_core.plugin_system:Skipping extension 'colcon_notification.desktop_notification.win32': Not used on non-Windows systems
[8.947s] INFO:colcon.colcon_notification.desktop_notification:Sending desktop notification using 'notify2'
[8.976s] DEBUG:colcon.colcon_core.event_reactor:joined thread
[8.977s] INFO:colcon.colcon_core.shell:Creating prefix script '/home/theo/dev_ws/install/local_setup.ps1'
[8.980s] INFO:colcon.colcon_core.shell:Creating prefix util module '/home/theo/dev_ws/install/_local_setup_util_ps1.py'
[8.988s] INFO:colcon.colcon_core.shell:Creating prefix chain script '/home/theo/dev_ws/install/setup.ps1'
[9.003s] INFO:colcon.colcon_core.shell:Creating prefix script '/home/theo/dev_ws/install/local_setup.sh'
[9.004s] INFO:colcon.colcon_core.shell:Creating prefix util module '/home/theo/dev_ws/install/_local_setup_util_sh.py'
[9.005s] INFO:colcon.colcon_core.shell:Creating prefix chain script '/home/theo/dev_ws/install/setup.sh'
[9.018s] INFO:colcon.colcon_core.shell:Creating prefix script '/home/theo/dev_ws/install/local_setup.bash'
[9.019s] INFO:colcon.colcon_core.shell:Creating prefix chain script '/home/theo/dev_ws/install/setup.bash'
[9.028s] INFO:colcon.colcon_core.shell:Creating prefix script '/home/theo/dev_ws/install/local_setup.zsh'
[9.029s] INFO:colcon.colcon_core.shell:Creating prefix chain script '/home/theo/dev_ws/install/setup.zsh'
