[0.022s] Invoking command in '/home/theo/dev_ws/build/cpp_srvcli': CMAKE_PREFIX_PATH=${CMAKE_PREFIX_PATH}:/opt/ros/foxy /usr/bin/cmake --build /home/theo/dev_ws/build/cpp_srvcli -- -j1 -l1
[0.180s] [ 50%] Built target client
[0.216s] [35m[1mScanning dependencies of target server[0m
[0.264s] [ 75%] [32mBuilding CXX object CMakeFiles/server.dir/src/add_two_ints_server.cpp.o[0m
[3.717s] [01m[K/home/theo/dev_ws/src/cpp_srvcli/src/add_two_ints_server.cpp:[m[K In function ‘[01m[Kint main(int, char**)[m[K’:
[3.717s] [01m[K/home/theo/dev_ws/src/cpp_srvcli/src/add_two_ints_server.cpp:16:10:[m[K [01;31m[Kerror: [m[K‘[01m[Kinit[m[K’ was not declared in this scope; did you mean ‘[01m[Krclcpp::init[m[K’?
[3.717s]    16 |   rclcpp:[01;31m[Kinit[m[K(argc, argv);
[3.717s]       |          [01;31m[K^~~~[m[K
[3.718s]       |          [32m[Krclcpp::init[m[K
[3.718s] In file included from [01m[K/opt/ros/foxy/include/rclcpp/client.hpp:36[m[K,
[3.718s]                  from [01m[K/opt/ros/foxy/include/rclcpp/callback_group.hpp:23[m[K,
[3.718s]                  from [01m[K/opt/ros/foxy/include/rclcpp/any_executable.hpp:20[m[K,
[3.718s]                  from [01m[K/opt/ros/foxy/include/rclcpp/memory_strategy.hpp:24[m[K,
[3.719s]                  from [01m[K/opt/ros/foxy/include/rclcpp/memory_strategies.hpp:18[m[K,
[3.719s]                  from [01m[K/opt/ros/foxy/include/rclcpp/executor_options.hpp:20[m[K,
[3.719s]                  from [01m[K/opt/ros/foxy/include/rclcpp/executor.hpp:33[m[K,
[3.719s]                  from [01m[K/opt/ros/foxy/include/rclcpp/executors/multi_threaded_executor.hpp:25[m[K,
[3.719s]                  from [01m[K/opt/ros/foxy/include/rclcpp/executors.hpp:21[m[K,
[3.720s]                  from [01m[K/opt/ros/foxy/include/rclcpp/rclcpp.hpp:146[m[K,
[3.720s]                  from [01m[K/home/theo/dev_ws/src/cpp_srvcli/src/add_two_ints_server.cpp:1[m[K:
[3.720s] [01m[K/opt/ros/foxy/include/rclcpp/utilities.hpp:56:1:[m[K [01;36m[Knote: [m[K‘[01m[Krclcpp::init[m[K’ declared here
[3.720s]    56 | [01;36m[Kinit[m[K(int argc, char const * const argv[], const InitOptions & init_options = InitOptions());
[3.720s]       | [01;36m[K^~~~[m[K
[4.703s] make[2]: *** [CMakeFiles/server.dir/build.make:63: CMakeFiles/server.dir/src/add_two_ints_server.cpp.o] Error 1
[4.708s] make[1]: *** [CMakeFiles/Makefile2:107: CMakeFiles/server.dir/all] Error 2
[4.708s] make: *** [Makefile:141: all] Error 2
[4.709s] Invoked command in '/home/theo/dev_ws/build/cpp_srvcli' returned '2': CMAKE_PREFIX_PATH=${CMAKE_PREFIX_PATH}:/opt/ros/foxy /usr/bin/cmake --build /home/theo/dev_ws/build/cpp_srvcli -- -j1 -l1
