[0.033s] Invoking command in '/home/theo/dev_ws/build/wa_helper': CMAKE_PREFIX_PATH=${CMAKE_PREFIX_PATH}:/home/theo/dev_ws/install/py_pubsub:/opt/ros/foxy /usr/bin/cmake --build /home/theo/dev_ws/build/wa_helper -- -j1 -l1
[0.128s] -- Found ament_cmake: 0.9.7 (/opt/ros/foxy/share/ament_cmake/cmake)
[0.212s] -- Using PYTHON_EXECUTABLE: /usr/bin/python3
[1.087s] -- Found rclcpp: 2.2.0 (/opt/ros/foxy/share/rclcpp/cmake)
[1.204s] -- Using all available rosidl_typesupport_c: rosidl_typesupport_fastrtps_c;rosidl_typesupport_introspection_c
[1.225s] -- Found rosidl_adapter: 1.1.0 (/opt/ros/foxy/share/rosidl_adapter/cmake)
[1.596s] -- Using all available rosidl_typesupport_cpp: rosidl_typesupport_fastrtps_cpp;rosidl_typesupport_introspection_cpp
[1.775s] -- Found rmw_implementation_cmake: 1.0.1 (/opt/ros/foxy/share/rmw_implementation_cmake/cmake)
[1.782s] -- Using RMW implementation 'rmw_fastrtps_cpp' as default
[2.600s] -- Configuring done
[2.605s] CMake Error: Cannot determine link language for target "wa_helper".
[2.606s] CMake Error: CMake can not determine linker language for target: wa_helper
[2.609s] CMake Error in CMakeLists.txt:
[2.609s]   Exporting the target "wa_helper" is not allowed since its linker language
[2.609s]   cannot be determined
[2.610s] 
[2.610s] 
[2.611s] -- Generating done
[2.614s] CMake Generate step failed.  Build files cannot be regenerated correctly.
[2.623s] make: *** [Makefile:266: cmake_check_build_system] Error 1
[2.628s] Invoked command in '/home/theo/dev_ws/build/wa_helper' returned '2': CMAKE_PREFIX_PATH=${CMAKE_PREFIX_PATH}:/home/theo/dev_ws/install/py_pubsub:/opt/ros/foxy /usr/bin/cmake --build /home/theo/dev_ws/build/wa_helper -- -j1 -l1
