[0.015s] Invoking command in '/home/theo/dev_ws/build/wa_helper': CMAKE_PREFIX_PATH=${CMAKE_PREFIX_PATH}:/home/theo/dev_ws/install/py_pubsub:/opt/ros/foxy /usr/bin/cmake --build /home/theo/dev_ws/build/wa_helper -- -j1 -l1
[0.069s] -- Found ament_cmake: 0.9.7 (/opt/ros/foxy/share/ament_cmake/cmake)
[0.098s] -- Using PYTHON_EXECUTABLE: /usr/bin/python3
[0.405s] -- Found rclcpp: 2.2.0 (/opt/ros/foxy/share/rclcpp/cmake)
[0.447s] -- Using all available rosidl_typesupport_c: rosidl_typesupport_fastrtps_c;rosidl_typesupport_introspection_c
[0.453s] -- Found rosidl_adapter: 1.1.0 (/opt/ros/foxy/share/rosidl_adapter/cmake)
[0.651s] -- Using all available rosidl_typesupport_cpp: rosidl_typesupport_fastrtps_cpp;rosidl_typesupport_introspection_cpp
[0.750s] -- Found rmw_implementation_cmake: 1.0.1 (/opt/ros/foxy/share/rmw_implementation_cmake/cmake)
[0.753s] -- Using RMW implementation 'rmw_fastrtps_cpp' as default
[1.108s] -- Configuring done
[1.117s] -- Generating done
[1.121s] -- Build files have been written to: /home/theo/dev_ws/build/wa_helper
[1.152s] [35m[1mScanning dependencies of target wa_helper[0m
[1.203s] [ 50%] [32mBuilding CXX object CMakeFiles/wa_helper.dir/src/wa_publisher.cpp.o[0m
[2.886s] [01m[K/home/theo/dev_ws/src/wa_helper/src/wa_publisher.cpp:8:1:[m[K [01;31m[Kerror: [m[K‘[01m[KWAPublisher[m[K’ does not name a type
[2.887s]     8 | [01;31m[KWAPublisher[m[K<T>::WAPublisher(T (*fn)(), int delay_ms, std::string topic_name, int queue_size) : Node("minimal_publisher")
[2.887s]       | [01;31m[K^~~~~~~~~~~[m[K
[3.321s] make[2]: *** [CMakeFiles/wa_helper.dir/build.make:63: CMakeFiles/wa_helper.dir/src/wa_publisher.cpp.o] Error 1
[3.325s] make[1]: *** [CMakeFiles/Makefile2:78: CMakeFiles/wa_helper.dir/all] Error 2
[3.325s] make: *** [Makefile:141: all] Error 2
[3.325s] Invoked command in '/home/theo/dev_ws/build/wa_helper' returned '2': CMAKE_PREFIX_PATH=${CMAKE_PREFIX_PATH}:/home/theo/dev_ws/install/py_pubsub:/opt/ros/foxy /usr/bin/cmake --build /home/theo/dev_ws/build/wa_helper -- -j1 -l1
