[0.024s] Invoking command in '/home/theo/dev_ws/build/cpp_srvcli': CMAKE_PREFIX_PATH=${CMAKE_PREFIX_PATH}:/opt/ros/foxy /usr/bin/cmake --build /home/theo/dev_ws/build/cpp_srvcli -- -j1 -l1
[0.156s] [35m[1mScanning dependencies of target client[0m
[0.226s] [ 25%] [32mBuilding CXX object CMakeFiles/client.dir/src/add_two_ints_client.cpp.o[0m
[4.770s] [ 50%] [32m[1mLinking CXX executable client[0m
[5.271s] [ 50%] Built target client
[5.288s] [35m[1mScanning dependencies of target server[0m
[5.356s] [ 75%] [32mBuilding CXX object CMakeFiles/server.dir/src/add_two_ints_server.cpp.o[0m
[7.728s] [01m[K/home/theo/dev_ws/src/cpp_srvcli/src/add_two_ints_server.cpp:7:65:[m[K [01;31m[Kerror: [m[Ktemplate argument 1 is invalid
[7.728s]     7 |   std::shared_ptr<example_interfaces:::srv::AddTwoInts::Response[01;31m[K>[m[K response)
[7.728s]       |                                                                 [01;31m[K^[m[K
[7.728s] [01m[K/home/theo/dev_ws/src/cpp_srvcli/src/add_two_ints_server.cpp:7:65:[m[K [01;31m[Kerror: [m[Ktemplate argument 1 is invalid
[7.728s] [01m[K/home/theo/dev_ws/src/cpp_srvcli/src/add_two_ints_server.cpp:7:65:[m[K [01;31m[Kerror: [m[Ktemplate argument 1 is invalid
[7.729s] [01m[K/home/theo/dev_ws/src/cpp_srvcli/src/add_two_ints_server.cpp:7:8:[m[K [01;31m[Kerror: [m[K‘[01m[Kstd::shared_ptr[m[K’ is not a type
[7.729s]     7 |   std::[01;31m[Kshared_ptr[m[K<example_interfaces:::srv::AddTwoInts::Response> response)
[7.729s]       |        [01;31m[K^~~~~~~~~~[m[K
[7.729s] [01m[K/home/theo/dev_ws/src/cpp_srvcli/src/add_two_ints_server.cpp:7:18:[m[K [01;31m[Kerror: [m[Kexpected ‘[01m[K,[m[K’ or ‘[01m[K...[m[K’ before ‘[01m[K<[m[K’ token
[7.730s]     7 |   std::shared_ptr[01;31m[K<[m[Kexample_interfaces:::srv::AddTwoInts::Response> response)
[7.730s]       |                  [01;31m[K^[m[K
[7.736s] [01m[K/home/theo/dev_ws/src/cpp_srvcli/src/add_two_ints_server.cpp:[m[K In function ‘[01m[Kvoid add(std::shared_ptr<example_interfaces::srv::AddTwoInts_Request_<std::allocator<void> > >, int)[m[K’:
[7.737s] [01m[K/home/theo/dev_ws/src/cpp_srvcli/src/add_two_ints_server.cpp:9:5:[m[K [01;31m[Kerror: [m[K‘[01m[Kresponse[m[K’ was not declared in this scope
[7.737s]     9 |     [01;31m[Kresponse[m[K->sum = request->a + request->b;
[7.737s]       |     [01;31m[K^~~~~~~~[m[K
[7.740s] [01m[K/home/theo/dev_ws/src/cpp_srvcli/src/add_two_ints_server.cpp:[m[K In function ‘[01m[Kint main(int, char**)[m[K’:
[7.740s] [01m[K/home/theo/dev_ws/src/cpp_srvcli/src/add_two_ints_server.cpp:16:10:[m[K [01;31m[Kerror: [m[K‘[01m[Kinit[m[K’ was not declared in this scope; did you mean ‘[01m[Krclcpp::init[m[K’?
[7.740s]    16 |   rclcpp:[01;31m[Kinit[m[K(argc, argv);
[7.740s]       |          [01;31m[K^~~~[m[K
[7.740s]       |          [32m[Krclcpp::init[m[K
[7.741s] In file included from [01m[K/opt/ros/foxy/include/rclcpp/client.hpp:36[m[K,
[7.741s]                  from [01m[K/opt/ros/foxy/include/rclcpp/callback_group.hpp:23[m[K,
[7.741s]                  from [01m[K/opt/ros/foxy/include/rclcpp/any_executable.hpp:20[m[K,
[7.741s]                  from [01m[K/opt/ros/foxy/include/rclcpp/memory_strategy.hpp:24[m[K,
[7.742s]                  from [01m[K/opt/ros/foxy/include/rclcpp/memory_strategies.hpp:18[m[K,
[7.742s]                  from [01m[K/opt/ros/foxy/include/rclcpp/executor_options.hpp:20[m[K,
[7.742s]                  from [01m[K/opt/ros/foxy/include/rclcpp/executor.hpp:33[m[K,
[7.742s]                  from [01m[K/opt/ros/foxy/include/rclcpp/executors/multi_threaded_executor.hpp:25[m[K,
[7.742s]                  from [01m[K/opt/ros/foxy/include/rclcpp/executors.hpp:21[m[K,
[7.742s]                  from [01m[K/opt/ros/foxy/include/rclcpp/rclcpp.hpp:146[m[K,
[7.743s]                  from [01m[K/home/theo/dev_ws/src/cpp_srvcli/src/add_two_ints_server.cpp:1[m[K:
[7.743s] [01m[K/opt/ros/foxy/include/rclcpp/utilities.hpp:56:1:[m[K [01;36m[Knote: [m[K‘[01m[Krclcpp::init[m[K’ declared here
[7.743s]    56 | [01;36m[Kinit[m[K(int argc, char const * const argv[], const InitOptions & init_options = InitOptions());
[7.743s]       | [01;36m[K^~~~[m[K
[7.744s] [01m[K/home/theo/dev_ws/src/cpp_srvcli/src/add_two_ints_server.cpp:18:54:[m[K [01;31m[Kerror: [m[K‘[01m[KMake_shared[m[K’ is not a member of ‘[01m[Krclcpp::Node[m[K’
[7.744s]    18 |   std::shared_ptr<rclcpp::Node> node = rclcpp::Node::[01;31m[KMake_shared[m[K("add_two_ints_server");
[7.745s]       |                                                      [01;31m[K^~~~~~~~~~~[m[K
[7.745s] [01m[K/home/theo/dev_ws/src/cpp_srvcli/src/add_two_ints_server.cpp:20:57:[m[K [01;31m[Kerror: [m[K‘[01m[K::SharedPtr[m[K’ has not been declared; did you mean ‘[01m[Krclcpp::IntraProcessBufferType::SharedPtr[m[K’?
[7.745s]    20 |   rclcpp::Service<example_interfaces::srv::AddTwoInts?::[01;31m[KSharedPtr[m[K service = node->create_service<example_interfaces::srv::AddTwoInts("add_two_ints", &add);
[7.745s]       |                                                         [01;31m[K^~~~~~~~~[m[K
[7.745s]       |                                                         [32m[Krclcpp::IntraProcessBufferType::SharedPtr[m[K
[7.748s] In file included from [01m[K/opt/ros/foxy/include/rclcpp/experimental/create_intra_process_buffer.hpp:26[m[K,
[7.748s]                  from [01m[K/opt/ros/foxy/include/rclcpp/experimental/subscription_intra_process.hpp:29[m[K,
[7.748s]                  from [01m[K/opt/ros/foxy/include/rclcpp/experimental/intra_process_manager.hpp:34[m[K,
[7.748s]                  from [01m[K/opt/ros/foxy/include/rclcpp/subscription_base.hpp:30[m[K,
[7.749s]                  from [01m[K/opt/ros/foxy/include/rclcpp/callback_group.hpp:26[m[K,
[7.749s]                  from [01m[K/opt/ros/foxy/include/rclcpp/any_executable.hpp:20[m[K,
[7.749s]                  from [01m[K/opt/ros/foxy/include/rclcpp/memory_strategy.hpp:24[m[K,
[7.749s]                  from [01m[K/opt/ros/foxy/include/rclcpp/memory_strategies.hpp:18[m[K,
[7.749s]                  from [01m[K/opt/ros/foxy/include/rclcpp/executor_options.hpp:20[m[K,
[7.749s]                  from [01m[K/opt/ros/foxy/include/rclcpp/executor.hpp:33[m[K,
[7.749s]                  from [01m[K/opt/ros/foxy/include/rclcpp/executors/multi_threaded_executor.hpp:25[m[K,
[7.749s]                  from [01m[K/opt/ros/foxy/include/rclcpp/executors.hpp:21[m[K,
[7.750s]                  from [01m[K/opt/ros/foxy/include/rclcpp/rclcpp.hpp:146[m[K,
[7.750s]                  from [01m[K/home/theo/dev_ws/src/cpp_srvcli/src/add_two_ints_server.cpp:1[m[K:
[7.750s] [01m[K/opt/ros/foxy/include/rclcpp/intra_process_buffer_type.hpp:26:3:[m[K [01;36m[Knote: [m[K‘[01m[Krclcpp::IntraProcessBufferType::SharedPtr[m[K’ declared here
[7.750s]    26 |   [01;36m[KSharedPtr[m[K,
[7.750s]       |   [01;36m[K^~~~~~~~~[m[K
[7.752s] [01m[K/home/theo/dev_ws/src/cpp_srvcli/src/add_two_ints_server.cpp:20:67:[m[K [01;31m[Kerror: [m[K‘[01m[Kservice[m[K’ was not declared in this scope
[7.753s]    20 |   rclcpp::Service<example_interfaces::srv::AddTwoInts?::SharedPtr [01;31m[Kservice[m[K = node->create_service<example_interfaces::srv::AddTwoInts("add_two_ints", &add);
[7.753s]       |                                                                   [01;31m[K^~~~~~~[m[K
[7.753s] [01m[K/home/theo/dev_ws/src/cpp_srvcli/src/add_two_ints_server.cpp:20:154:[m[K [01;31m[Kerror: [m[Kno matching function for call to ‘[01m[Kexample_interfaces::srv::AddTwoInts::AddTwoInts(const char [13], void (*)(std::shared_ptr<example_interfaces::srv::AddTwoInts_Request_<std::allocator<void> > >, int))[m[K’
[7.753s]    20 | e = node->create_service<example_interfaces::srv::AddTwoInts("add_two_ints", &add[01;31m[K)[m[K;
[7.753s]       |                                                                                  [01;31m[K^[m[K
[7.754s] 
[7.754s] In file included from [01m[K/opt/ros/foxy/include/example_interfaces/srv/add_two_ints.hpp:7[m[K,
[7.754s]                  from [01m[K/home/theo/dev_ws/src/cpp_srvcli/src/add_two_ints_server.cpp:2[m[K:
[7.754s] [01m[K/opt/ros/foxy/include/example_interfaces/srv/detail/add_two_ints__struct.hpp:264:8:[m[K [01;36m[Knote: [m[Kcandidate: ‘[01m[Kconstexpr example_interfaces::srv::AddTwoInts::AddTwoInts()[m[K’
[7.754s]   264 | struct [01;36m[KAddTwoInts[m[K
[7.754s]       |        [01;36m[K^~~~~~~~~~[m[K
[7.754s] [01m[K/opt/ros/foxy/include/example_interfaces/srv/detail/add_two_ints__struct.hpp:264:8:[m[K [01;36m[Knote: [m[K  candidate expects 0 arguments, 2 provided
[7.755s] [01m[K/opt/ros/foxy/include/example_interfaces/srv/detail/add_two_ints__struct.hpp:264:8:[m[K [01;36m[Knote: [m[Kcandidate: ‘[01m[Kconstexpr example_interfaces::srv::AddTwoInts::AddTwoInts(const example_interfaces::srv::AddTwoInts&)[m[K’
[7.755s] [01m[K/opt/ros/foxy/include/example_interfaces/srv/detail/add_two_ints__struct.hpp:264:8:[m[K [01;36m[Knote: [m[K  candidate expects 1 argument, 2 provided
[7.755s] [01m[K/opt/ros/foxy/include/example_interfaces/srv/detail/add_two_ints__struct.hpp:264:8:[m[K [01;36m[Knote: [m[Kcandidate: ‘[01m[Kconstexpr example_interfaces::srv::AddTwoInts::AddTwoInts(example_interfaces::srv::AddTwoInts&&)[m[K’
[7.755s] [01m[K/opt/ros/foxy/include/example_interfaces/srv/detail/add_two_ints__struct.hpp:264:8:[m[K [01;36m[Knote: [m[K  candidate expects 1 argument, 2 provided
[7.755s] [01m[K/home/theo/dev_ws/src/cpp_srvcli/src/add_two_ints_server.cpp:20:83:[m[K [01;31m[Kerror: [m[Kparse error in template argument list
[7.755s]    20 |  rclcpp::Service<example_interfaces::srv::AddTwoInts?::SharedPtr service = node->[01;31m[Kcreate_service<example_interfaces::srv::AddTwoInts("add_two_ints", &add)[m[K;
[7.755s]       |                                                                                  [01;31m[K^~~~~~~~~~~~~~~~~~~~~~~~~~~~~~~~~~~~~~~~~~~~~~~~~~~~~~~~~~~~~~~~~~~~~~~~[m[K
[7.756s] 
[7.756s] [01m[K/home/theo/dev_ws/src/cpp_srvcli/src/add_two_ints_server.cpp:20:83:[m[K [01;31m[Kerror: [m[Ktemplate argument 1 is invalid
[7.759s] [01m[K/home/theo/dev_ws/src/cpp_srvcli/src/add_two_ints_server.cpp:22:70:[m[K [01;31m[Kerror: [m[Kexpected ‘[01m[K;[m[K’ before ‘[01m[K)[m[K’ token
[7.759s]    22 |   RCLCPP_INFO(rclcpp::get_logger("rclcpp"), "Ready to add two ints.")[01;31m[K)[m[K;
[7.760s]       |                                                                      [01;31m[K^[m[K
[7.760s] [01m[K/home/theo/dev_ws/src/cpp_srvcli/src/add_two_ints_server.cpp:22:70:[m[K [01;31m[Kerror: [m[Kexpected primary-expression before ‘[01m[K)[m[K’ token
[8.363s] make[2]: *** [CMakeFiles/server.dir/build.make:63: CMakeFiles/server.dir/src/add_two_ints_server.cpp.o] Error 1
[8.369s] make[1]: *** [CMakeFiles/Makefile2:107: CMakeFiles/server.dir/all] Error 2
[8.369s] make: *** [Makefile:141: all] Error 2
[8.369s] Invoked command in '/home/theo/dev_ws/build/cpp_srvcli' returned '2': CMAKE_PREFIX_PATH=${CMAKE_PREFIX_PATH}:/opt/ros/foxy /usr/bin/cmake --build /home/theo/dev_ws/build/cpp_srvcli -- -j1 -l1
