[0.008s] Invoking command in '/home/theo/dev_ws/build/my_package': CMAKE_PREFIX_PATH=/opt/ros/foxy /usr/bin/cmake /home/theo/dev_ws/src/my_package -DCMAKE_INSTALL_PREFIX=/home/theo/dev_ws/install/my_package
[0.096s] -- The C compiler identification is GNU 9.3.0
[0.191s] -- The CXX compiler identification is GNU 9.3.0
[0.197s] -- Check for working C compiler: /usr/bin/cc
[0.273s] -- Check for working C compiler: /usr/bin/cc -- works
[0.275s] -- Detecting C compiler ABI info
[0.353s] -- Detecting C compiler ABI info - done
[0.376s] -- Detecting C compile features
[0.376s] -- Detecting C compile features - done
[0.380s] -- Check for working CXX compiler: /usr/bin/c++
[0.469s] -- Check for working CXX compiler: /usr/bin/c++ -- works
[0.476s] -- Detecting CXX compiler ABI info
[0.566s] -- Detecting CXX compiler ABI info - done
[0.589s] -- Detecting CXX compile features
[0.590s] -- Detecting CXX compile features - done
[0.592s] -- Found ament_cmake: 0.9.7 (/opt/ros/foxy/share/ament_cmake/cmake)
[0.621s] -- Found PythonInterp: /usr/bin/python3 (found suitable version "3.8.5", minimum required is "3") 
[0.621s] -- Using PYTHON_EXECUTABLE: /usr/bin/python3
[0.886s] -- Found ament_lint_auto: 0.9.5 (/opt/ros/foxy/share/ament_lint_auto/cmake)
[0.992s] -- Added test 'copyright' to check source files copyright and LICENSE
[0.994s] -- Added test 'cppcheck' to perform static code analysis on C / C++ code
[0.994s] -- Configured cppcheck include dirs: $<BUILD_INTERFACE:/home/theo/dev_ws/src/my_package/include>
[0.994s] -- Configured cppcheck exclude dirs and/or files: 
[0.996s] -- Added test 'cpplint' to check C / C++ code against the Google style
[0.996s] -- Configured cpplint exclude dirs and/or files: 
[0.998s] -- Added test 'lint_cmake' to check CMake code style
[1.000s] -- Added test 'uncrustify' to check C / C++ code style
[1.000s] -- Configured uncrustify additional arguments: 
[1.001s] -- Added test 'xmllint' to check XML markup files
[1.004s] -- Configuring done
[1.008s] -- Generating done
[1.010s] -- Build files have been written to: /home/theo/dev_ws/build/my_package
[1.016s] Invoked command in '/home/theo/dev_ws/build/my_package' returned '0': CMAKE_PREFIX_PATH=/opt/ros/foxy /usr/bin/cmake /home/theo/dev_ws/src/my_package -DCMAKE_INSTALL_PREFIX=/home/theo/dev_ws/install/my_package
[1.017s] Invoking command in '/home/theo/dev_ws/build/my_package': CMAKE_PREFIX_PATH=/opt/ros/foxy /usr/bin/cmake --build /home/theo/dev_ws/build/my_package -- -j1 -l1
[1.057s] [35m[1mScanning dependencies of target my_node[0m
[1.066s] [ 50%] [32mBuilding CXX object CMakeFiles/my_node.dir/src/my_node.cpp.o[0m
[1.098s] [100%] [32m[1mLinking CXX executable my_node[0m
[1.149s] [100%] Built target my_node
[1.160s] Invoked command in '/home/theo/dev_ws/build/my_package' returned '0': CMAKE_PREFIX_PATH=/opt/ros/foxy /usr/bin/cmake --build /home/theo/dev_ws/build/my_package -- -j1 -l1
[1.193s] Invoking command in '/home/theo/dev_ws/build/my_package': CMAKE_PREFIX_PATH=/opt/ros/foxy /usr/bin/cmake --install /home/theo/dev_ws/build/my_package
[1.203s] -- Install configuration: ""
[1.203s] -- Installing: /home/theo/dev_ws/install/my_package/lib/my_package/my_node
[1.204s] -- Installing: /home/theo/dev_ws/install/my_package/share/ament_index/resource_index/package_run_dependencies/my_package
[1.204s] -- Installing: /home/theo/dev_ws/install/my_package/share/ament_index/resource_index/parent_prefix_path/my_package
[1.204s] -- Installing: /home/theo/dev_ws/install/my_package/share/my_package/environment/ament_prefix_path.sh
[1.205s] -- Installing: /home/theo/dev_ws/install/my_package/share/my_package/environment/ament_prefix_path.dsv
[1.205s] -- Installing: /home/theo/dev_ws/install/my_package/share/my_package/environment/path.sh
[1.205s] -- Installing: /home/theo/dev_ws/install/my_package/share/my_package/environment/path.dsv
[1.205s] -- Installing: /home/theo/dev_ws/install/my_package/share/my_package/local_setup.bash
[1.206s] -- Installing: /home/theo/dev_ws/install/my_package/share/my_package/local_setup.sh
[1.206s] -- Installing: /home/theo/dev_ws/install/my_package/share/my_package/local_setup.zsh
[1.206s] -- Installing: /home/theo/dev_ws/install/my_package/share/my_package/local_setup.dsv
[1.207s] -- Installing: /home/theo/dev_ws/install/my_package/share/my_package/package.dsv
[1.207s] -- Installing: /home/theo/dev_ws/install/my_package/share/ament_index/resource_index/packages/my_package
[1.207s] -- Installing: /home/theo/dev_ws/install/my_package/share/my_package/cmake/my_packageConfig.cmake
[1.208s] -- Installing: /home/theo/dev_ws/install/my_package/share/my_package/cmake/my_packageConfig-version.cmake
[1.208s] -- Installing: /home/theo/dev_ws/install/my_package/share/my_package/package.xml
[1.211s] Invoked command in '/home/theo/dev_ws/build/my_package' returned '0': CMAKE_PREFIX_PATH=/opt/ros/foxy /usr/bin/cmake --install /home/theo/dev_ws/build/my_package
