[0.025s] Invoking command in '/home/theo/dev_ws/build/turtlesim': CMAKE_PREFIX_PATH=/opt/ros/foxy /usr/bin/cmake /home/theo/dev_ws/src/ros_tutorials/turtlesim -DCMAKE_INSTALL_PREFIX=/home/theo/dev_ws/install/turtlesim
[0.259s] -- The C compiler identification is GNU 9.3.0
[0.440s] -- The CXX compiler identification is GNU 9.3.0
[0.455s] -- Check for working C compiler: /usr/bin/cc
[0.536s] -- Check for working C compiler: /usr/bin/cc -- works
[0.538s] -- Detecting C compiler ABI info
[0.614s] -- Detecting C compiler ABI info - done
[0.639s] -- Detecting C compile features
[0.640s] -- Detecting C compile features - done
[0.645s] -- Check for working CXX compiler: /usr/bin/c++
[0.732s] -- Check for working CXX compiler: /usr/bin/c++ -- works
[0.734s] -- Detecting CXX compiler ABI info
[0.825s] -- Detecting CXX compiler ABI info - done
[0.851s] -- Detecting CXX compile features
[0.852s] -- Detecting CXX compile features - done
[0.857s] -- Found ament_cmake: 0.9.7 (/opt/ros/foxy/share/ament_cmake/cmake)
[0.891s] -- Found PythonInterp: /usr/bin/python3 (found suitable version "3.8.5", minimum required is "3") 
[0.892s] -- Using PYTHON_EXECUTABLE: /usr/bin/python3
[1.184s] -- Found ament_index_cpp: 1.0.1 (/opt/ros/foxy/share/ament_index_cpp/cmake)
[1.190s] -- Found geometry_msgs: 2.0.3 (/opt/ros/foxy/share/geometry_msgs/cmake)
[1.228s] -- Using all available rosidl_typesupport_c: rosidl_typesupport_fastrtps_c;rosidl_typesupport_introspection_c
[1.244s] -- Found rosidl_adapter: 1.1.0 (/opt/ros/foxy/share/rosidl_adapter/cmake)
[1.350s] -- Found OpenSSL: /usr/lib/x86_64-linux-gnu/libcrypto.so (found version "1.1.1f")  
[1.387s] -- Found FastRTPS: /opt/ros/foxy/include  
[1.523s] -- Using all available rosidl_typesupport_cpp: rosidl_typesupport_fastrtps_cpp;rosidl_typesupport_introspection_cpp
[1.722s] -- Found rclcpp: 2.2.0 (/opt/ros/foxy/share/rclcpp/cmake)
[1.821s] -- Found rmw_implementation_cmake: 1.0.1 (/opt/ros/foxy/share/rmw_implementation_cmake/cmake)
[1.825s] -- Using RMW implementation 'rmw_fastrtps_cpp' as default
[1.828s] -- Looking for pthread.h
[1.917s] -- Looking for pthread.h - found
[1.917s] -- Performing Test CMAKE_HAVE_LIBC_PTHREAD
[1.997s] -- Performing Test CMAKE_HAVE_LIBC_PTHREAD - Failed
[1.998s] -- Looking for pthread_create in pthreads
[2.061s] -- Looking for pthread_create in pthreads - not found
[2.061s] -- Looking for pthread_create in pthread
[2.138s] -- Looking for pthread_create in pthread - found
[2.139s] -- Found Threads: TRUE  
[2.412s] -- Found rclcpp_action: 2.2.0 (/opt/ros/foxy/share/rclcpp_action/cmake)
[2.569s] -- Found rosidl_default_generators: 1.0.0 (/opt/ros/foxy/share/rosidl_default_generators/cmake)
[2.591s] -- Found std_srvs: 2.0.3 (/opt/ros/foxy/share/std_srvs/cmake)
[2.649s] -- Found PythonInterp: /usr/bin/python3 (found version "3.8.5") 
[2.956s] -- Found ament_cmake_ros: 0.9.0 (/opt/ros/foxy/share/ament_cmake_ros/cmake)
[3.156s] -- Using all available rosidl_typesupport_c: rosidl_typesupport_fastrtps_c;rosidl_typesupport_introspection_c
[3.202s] -- Using all available rosidl_typesupport_cpp: rosidl_typesupport_fastrtps_cpp;rosidl_typesupport_introspection_cpp
[3.234s] -- Found PythonInterp: /usr/bin/python3 (found suitable version "3.8.5", minimum required is "3.5") 
[3.236s] -- Found python_cmake_module: 0.8.0 (/opt/ros/foxy/share/python_cmake_module/cmake)
[3.276s] -- Found PythonLibs: /usr/lib/x86_64-linux-gnu/libpython3.8.so (found suitable version "3.8.5", minimum required is "3.5") 
[3.277s] -- Using PYTHON_EXECUTABLE: /usr/bin/python3
[3.277s] -- Using PYTHON_INCLUDE_DIRS: /usr/include/python3.8
[3.277s] -- Using PYTHON_LIBRARIES: /usr/lib/x86_64-linux-gnu/libpython3.8.so
[3.302s] -- Found PythonExtra: .so  
[3.408s] -- Configuring done
[3.579s] -- Generating done
[3.585s] -- Build files have been written to: /home/theo/dev_ws/build/turtlesim
[3.597s] Invoked command in '/home/theo/dev_ws/build/turtlesim' returned '0': CMAKE_PREFIX_PATH=/opt/ros/foxy /usr/bin/cmake /home/theo/dev_ws/src/ros_tutorials/turtlesim -DCMAKE_INSTALL_PREFIX=/home/theo/dev_ws/install/turtlesim
[3.597s] Invoking command in '/home/theo/dev_ws/build/turtlesim': CMAKE_PREFIX_PATH=/opt/ros/foxy /usr/bin/cmake --build /home/theo/dev_ws/build/turtlesim -- -j1 -l1
[3.647s] [35m[1mScanning dependencies of target turtlesim__cpp[0m
[3.657s] [  1%] [34m[1mGenerating C++ code for ROS interfaces[0m
[5.221s] [  1%] Built target turtlesim__cpp
[5.231s] [  2%] [34m[1mGenerating C++ type support dispatch for ROS interfaces[0m
[6.207s] [35m[1mScanning dependencies of target turtlesim__rosidl_typesupport_cpp[0m
[6.241s] [  3%] [32mBuilding CXX object CMakeFiles/turtlesim__rosidl_typesupport_cpp.dir/rosidl_typesupport_cpp/turtlesim/action/rotate_absolute__type_support.cpp.o[0m
[6.678s] [  4%] [32mBuilding CXX object CMakeFiles/turtlesim__rosidl_typesupport_cpp.dir/rosidl_typesupport_cpp/turtlesim/msg/color__type_support.cpp.o[0m
[7.016s] [  5%] [32mBuilding CXX object CMakeFiles/turtlesim__rosidl_typesupport_cpp.dir/rosidl_typesupport_cpp/turtlesim/msg/pose__type_support.cpp.o[0m
[7.363s] [  6%] [32mBuilding CXX object CMakeFiles/turtlesim__rosidl_typesupport_cpp.dir/rosidl_typesupport_cpp/turtlesim/srv/kill__type_support.cpp.o[0m
[7.701s] [  7%] [32mBuilding CXX object CMakeFiles/turtlesim__rosidl_typesupport_cpp.dir/rosidl_typesupport_cpp/turtlesim/srv/set_pen__type_support.cpp.o[0m
[8.043s] [  8%] [32mBuilding CXX object CMakeFiles/turtlesim__rosidl_typesupport_cpp.dir/rosidl_typesupport_cpp/turtlesim/srv/spawn__type_support.cpp.o[0m
[8.388s] [  9%] [32mBuilding CXX object CMakeFiles/turtlesim__rosidl_typesupport_cpp.dir/rosidl_typesupport_cpp/turtlesim/srv/teleport_absolute__type_support.cpp.o[0m
[8.728s] [ 10%] [32mBuilding CXX object CMakeFiles/turtlesim__rosidl_typesupport_cpp.dir/rosidl_typesupport_cpp/turtlesim/srv/teleport_relative__type_support.cpp.o[0m
[9.072s] [ 11%] [32m[1mLinking CXX shared library libturtlesim__rosidl_typesupport_cpp.so[0m
[9.132s] [ 11%] Built target turtlesim__rosidl_typesupport_cpp
[9.142s] [ 12%] [34m[1mGenerating C code for ROS interfaces[0m
[10.763s] [35m[1mScanning dependencies of target turtlesim__rosidl_generator_c[0m
[10.786s] [ 13%] [32mBuilding C object CMakeFiles/turtlesim__rosidl_generator_c.dir/rosidl_generator_c/turtlesim/action/detail/rotate_absolute__functions.c.o[0m
[10.888s] [ 14%] [32mBuilding C object CMakeFiles/turtlesim__rosidl_generator_c.dir/rosidl_generator_c/turtlesim/msg/detail/color__functions.c.o[0m
[10.930s] [ 15%] [32mBuilding C object CMakeFiles/turtlesim__rosidl_generator_c.dir/rosidl_generator_c/turtlesim/msg/detail/pose__functions.c.o[0m
[10.972s] [ 16%] [32mBuilding C object CMakeFiles/turtlesim__rosidl_generator_c.dir/rosidl_generator_c/turtlesim/srv/detail/kill__functions.c.o[0m
[11.025s] [ 17%] [32mBuilding C object CMakeFiles/turtlesim__rosidl_generator_c.dir/rosidl_generator_c/turtlesim/srv/detail/set_pen__functions.c.o[0m
[11.074s] [ 18%] [32mBuilding C object CMakeFiles/turtlesim__rosidl_generator_c.dir/rosidl_generator_c/turtlesim/srv/detail/spawn__functions.c.o[0m
[11.131s] [ 19%] [32mBuilding C object CMakeFiles/turtlesim__rosidl_generator_c.dir/rosidl_generator_c/turtlesim/srv/detail/teleport_absolute__functions.c.o[0m
[11.183s] [ 20%] [32mBuilding C object CMakeFiles/turtlesim__rosidl_generator_c.dir/rosidl_generator_c/turtlesim/srv/detail/teleport_relative__functions.c.o[0m
[11.234s] [ 21%] [32m[1mLinking C shared library libturtlesim__rosidl_generator_c.so[0m
[11.275s] [ 21%] Built target turtlesim__rosidl_generator_c
[11.287s] [ 22%] [34m[1mGenerating C type support dispatch for ROS interfaces[0m
[12.230s] [35m[1mScanning dependencies of target turtlesim__rosidl_typesupport_c[0m
[12.252s] [ 23%] [32mBuilding CXX object CMakeFiles/turtlesim__rosidl_typesupport_c.dir/rosidl_typesupport_c/turtlesim/action/rotate_absolute__type_support.cpp.o[0m
[12.310s] [ 24%] [32mBuilding CXX object CMakeFiles/turtlesim__rosidl_typesupport_c.dir/rosidl_typesupport_c/turtlesim/msg/color__type_support.cpp.o[0m
[12.344s] [ 25%] [32mBuilding CXX object CMakeFiles/turtlesim__rosidl_typesupport_c.dir/rosidl_typesupport_c/turtlesim/msg/pose__type_support.cpp.o[0m
[12.378s] [ 26%] [32mBuilding CXX object CMakeFiles/turtlesim__rosidl_typesupport_c.dir/rosidl_typesupport_c/turtlesim/srv/kill__type_support.cpp.o[0m
[12.417s] [ 27%] [32mBuilding CXX object CMakeFiles/turtlesim__rosidl_typesupport_c.dir/rosidl_typesupport_c/turtlesim/srv/set_pen__type_support.cpp.o[0m
[12.452s] [ 28%] [32mBuilding CXX object CMakeFiles/turtlesim__rosidl_typesupport_c.dir/rosidl_typesupport_c/turtlesim/srv/spawn__type_support.cpp.o[0m
[12.489s] [ 29%] [32mBuilding CXX object CMakeFiles/turtlesim__rosidl_typesupport_c.dir/rosidl_typesupport_c/turtlesim/srv/teleport_absolute__type_support.cpp.o[0m
[12.527s] [ 30%] [32mBuilding CXX object CMakeFiles/turtlesim__rosidl_typesupport_c.dir/rosidl_typesupport_c/turtlesim/srv/teleport_relative__type_support.cpp.o[0m
[12.563s] [ 31%] [32m[1mLinking CXX shared library libturtlesim__rosidl_typesupport_c.so[0m
[12.613s] [ 31%] Built target turtlesim__rosidl_typesupport_c
[12.623s] [ 32%] [34m[1mGenerating C++ introspection for ROS interfaces[0m
[13.821s] [35m[1mScanning dependencies of target turtlesim__rosidl_typesupport_introspection_cpp[0m
[13.846s] [ 33%] [32mBuilding CXX object CMakeFiles/turtlesim__rosidl_typesupport_introspection_cpp.dir/rosidl_typesupport_introspection_cpp/turtlesim/action/detail/rotate_absolute__type_support.cpp.o[0m
[14.256s] [ 34%] [32mBuilding CXX object CMakeFiles/turtlesim__rosidl_typesupport_introspection_cpp.dir/rosidl_typesupport_introspection_cpp/turtlesim/msg/detail/color__type_support.cpp.o[0m
[14.591s] [ 35%] [32mBuilding CXX object CMakeFiles/turtlesim__rosidl_typesupport_introspection_cpp.dir/rosidl_typesupport_introspection_cpp/turtlesim/msg/detail/pose__type_support.cpp.o[0m
[14.933s] [ 36%] [32mBuilding CXX object CMakeFiles/turtlesim__rosidl_typesupport_introspection_cpp.dir/rosidl_typesupport_introspection_cpp/turtlesim/srv/detail/kill__type_support.cpp.o[0m
[15.281s] [ 37%] [32mBuilding CXX object CMakeFiles/turtlesim__rosidl_typesupport_introspection_cpp.dir/rosidl_typesupport_introspection_cpp/turtlesim/srv/detail/set_pen__type_support.cpp.o[0m
[15.626s] [ 38%] [32mBuilding CXX object CMakeFiles/turtlesim__rosidl_typesupport_introspection_cpp.dir/rosidl_typesupport_introspection_cpp/turtlesim/srv/detail/spawn__type_support.cpp.o[0m
[15.978s] [ 39%] [32mBuilding CXX object CMakeFiles/turtlesim__rosidl_typesupport_introspection_cpp.dir/rosidl_typesupport_introspection_cpp/turtlesim/srv/detail/teleport_absolute__type_support.cpp.o[0m
[16.327s] [ 40%] [32mBuilding CXX object CMakeFiles/turtlesim__rosidl_typesupport_introspection_cpp.dir/rosidl_typesupport_introspection_cpp/turtlesim/srv/detail/teleport_relative__type_support.cpp.o[0m
[16.670s] [ 41%] [32m[1mLinking CXX shared library libturtlesim__rosidl_typesupport_introspection_cpp.so[0m
[16.752s] [ 41%] Built target turtlesim__rosidl_typesupport_introspection_cpp
[16.762s] [ 42%] [34m[1mGenerating C++ type support for eProsima Fast-RTPS[0m
[18.292s] [35m[1mScanning dependencies of target turtlesim__rosidl_typesupport_fastrtps_cpp[0m
[18.348s] [ 43%] [32mBuilding CXX object CMakeFiles/turtlesim__rosidl_typesupport_fastrtps_cpp.dir/rosidl_typesupport_fastrtps_cpp/turtlesim/action/detail/dds_fastrtps/rotate_absolute__type_support.cpp.o[0m
[18.947s] [ 44%] [32mBuilding CXX object CMakeFiles/turtlesim__rosidl_typesupport_fastrtps_cpp.dir/rosidl_typesupport_fastrtps_cpp/turtlesim/msg/detail/dds_fastrtps/color__type_support.cpp.o[0m
[19.441s] [ 45%] [32mBuilding CXX object CMakeFiles/turtlesim__rosidl_typesupport_fastrtps_cpp.dir/rosidl_typesupport_fastrtps_cpp/turtlesim/msg/detail/dds_fastrtps/pose__type_support.cpp.o[0m
[19.944s] [ 46%] [32mBuilding CXX object CMakeFiles/turtlesim__rosidl_typesupport_fastrtps_cpp.dir/rosidl_typesupport_fastrtps_cpp/turtlesim/srv/detail/dds_fastrtps/kill__type_support.cpp.o[0m
[20.471s] [ 47%] [32mBuilding CXX object CMakeFiles/turtlesim__rosidl_typesupport_fastrtps_cpp.dir/rosidl_typesupport_fastrtps_cpp/turtlesim/srv/detail/dds_fastrtps/set_pen__type_support.cpp.o[0m
[20.978s] [ 48%] [32mBuilding CXX object CMakeFiles/turtlesim__rosidl_typesupport_fastrtps_cpp.dir/rosidl_typesupport_fastrtps_cpp/turtlesim/srv/detail/dds_fastrtps/spawn__type_support.cpp.o[0m
[21.494s] [ 49%] [32mBuilding CXX object CMakeFiles/turtlesim__rosidl_typesupport_fastrtps_cpp.dir/rosidl_typesupport_fastrtps_cpp/turtlesim/srv/detail/dds_fastrtps/teleport_absolute__type_support.cpp.o[0m
[22.004s] [ 50%] [32mBuilding CXX object CMakeFiles/turtlesim__rosidl_typesupport_fastrtps_cpp.dir/rosidl_typesupport_fastrtps_cpp/turtlesim/srv/detail/dds_fastrtps/teleport_relative__type_support.cpp.o[0m
[22.518s] [ 51%] [32m[1mLinking CXX shared library libturtlesim__rosidl_typesupport_fastrtps_cpp.so[0m
[22.622s] [ 51%] Built target turtlesim__rosidl_typesupport_fastrtps_cpp
[22.631s] [ 52%] [34m[1mGenerating C type support for eProsima Fast-RTPS[0m
[24.110s] [35m[1mScanning dependencies of target turtlesim__rosidl_typesupport_fastrtps_c[0m
[24.157s] [ 53%] [32mBuilding CXX object CMakeFiles/turtlesim__rosidl_typesupport_fastrtps_c.dir/rosidl_typesupport_fastrtps_c/turtlesim/action/detail/rotate_absolute__type_support_c.cpp.o[0m
[24.665s] [ 54%] [32mBuilding CXX object CMakeFiles/turtlesim__rosidl_typesupport_fastrtps_c.dir/rosidl_typesupport_fastrtps_c/turtlesim/msg/detail/color__type_support_c.cpp.o[0m
[25.112s] [ 55%] [32mBuilding CXX object CMakeFiles/turtlesim__rosidl_typesupport_fastrtps_c.dir/rosidl_typesupport_fastrtps_c/turtlesim/msg/detail/pose__type_support_c.cpp.o[0m
[25.545s] [ 56%] [32mBuilding CXX object CMakeFiles/turtlesim__rosidl_typesupport_fastrtps_c.dir/rosidl_typesupport_fastrtps_c/turtlesim/srv/detail/kill__type_support_c.cpp.o[0m
[26.003s] [ 57%] [32mBuilding CXX object CMakeFiles/turtlesim__rosidl_typesupport_fastrtps_c.dir/rosidl_typesupport_fastrtps_c/turtlesim/srv/detail/set_pen__type_support_c.cpp.o[0m
[26.476s] [ 58%] [32mBuilding CXX object CMakeFiles/turtlesim__rosidl_typesupport_fastrtps_c.dir/rosidl_typesupport_fastrtps_c/turtlesim/srv/detail/spawn__type_support_c.cpp.o[0m
[26.946s] [ 59%] [32mBuilding CXX object CMakeFiles/turtlesim__rosidl_typesupport_fastrtps_c.dir/rosidl_typesupport_fastrtps_c/turtlesim/srv/detail/teleport_absolute__type_support_c.cpp.o[0m
[27.405s] [ 60%] [32mBuilding CXX object CMakeFiles/turtlesim__rosidl_typesupport_fastrtps_c.dir/rosidl_typesupport_fastrtps_c/turtlesim/srv/detail/teleport_relative__type_support_c.cpp.o[0m
[27.864s] [ 61%] [32m[1mLinking CXX shared library libturtlesim__rosidl_typesupport_fastrtps_c.so[0m
[27.974s] [ 61%] Built target turtlesim__rosidl_typesupport_fastrtps_c
[27.984s] [ 62%] [34m[1mGenerating C introspection for ROS interfaces[0m
[29.354s] [35m[1mScanning dependencies of target turtlesim__rosidl_typesupport_introspection_c[0m
[29.381s] [ 63%] [32mBuilding C object CMakeFiles/turtlesim__rosidl_typesupport_introspection_c.dir/rosidl_typesupport_introspection_c/turtlesim/action/detail/rotate_absolute__type_support.c.o[0m
[29.432s] [ 64%] [32mBuilding C object CMakeFiles/turtlesim__rosidl_typesupport_introspection_c.dir/rosidl_typesupport_introspection_c/turtlesim/msg/detail/color__type_support.c.o[0m
[29.468s] [ 65%] [32mBuilding C object CMakeFiles/turtlesim__rosidl_typesupport_introspection_c.dir/rosidl_typesupport_introspection_c/turtlesim/msg/detail/pose__type_support.c.o[0m
[29.507s] [ 66%] [32mBuilding C object CMakeFiles/turtlesim__rosidl_typesupport_introspection_c.dir/rosidl_typesupport_introspection_c/turtlesim/srv/detail/kill__type_support.c.o[0m
[29.547s] [ 67%] [32mBuilding C object CMakeFiles/turtlesim__rosidl_typesupport_introspection_c.dir/rosidl_typesupport_introspection_c/turtlesim/srv/detail/set_pen__type_support.c.o[0m
[29.589s] [ 68%] [32mBuilding C object CMakeFiles/turtlesim__rosidl_typesupport_introspection_c.dir/rosidl_typesupport_introspection_c/turtlesim/srv/detail/spawn__type_support.c.o[0m
[29.628s] [ 69%] [32mBuilding C object CMakeFiles/turtlesim__rosidl_typesupport_introspection_c.dir/rosidl_typesupport_introspection_c/turtlesim/srv/detail/teleport_absolute__type_support.c.o[0m
[29.667s] [ 70%] [32mBuilding C object CMakeFiles/turtlesim__rosidl_typesupport_introspection_c.dir/rosidl_typesupport_introspection_c/turtlesim/srv/detail/teleport_relative__type_support.c.o[0m
[29.710s] [ 71%] [32m[1mLinking C shared library libturtlesim__rosidl_typesupport_introspection_c.so[0m
[29.745s] [ 71%] Built target turtlesim__rosidl_typesupport_introspection_c
[29.754s] [35m[1mScanning dependencies of target turtlesim[0m
[29.764s] [ 71%] Built target turtlesim
[29.774s] [35m[1mScanning dependencies of target mimic[0m
[29.908s] [ 72%] [32mBuilding CXX object CMakeFiles/mimic.dir/tutorials/mimic.cpp.o[0m
[39.546s] [ 73%] [32m[1mLinking CXX executable mimic[0m
[39.888s] [ 73%] Built target mimic
[39.898s] [35m[1mScanning dependencies of target draw_square[0m
[39.952s] [ 74%] [32mBuilding CXX object CMakeFiles/draw_square.dir/tutorials/draw_square.cpp.o[0m
[46.620s] [ 75%] [32m[1mLinking CXX executable draw_square[0m
[46.962s] [ 75%] Built target draw_square
[46.972s] [35m[1mScanning dependencies of target turtlesim__py[0m
[46.982s] [ 76%] [34m[1mGenerating Python code for ROS interfaces[0m
[50.699s] [ 76%] Built target turtlesim__py
[50.709s] [35m[1mScanning dependencies of target turtlesim__python[0m
[50.791s] [ 77%] [32mBuilding C object CMakeFiles/turtlesim__python.dir/rosidl_generator_py/turtlesim/action/_rotate_absolute_s.c.o[0m
[50.969s] [ 78%] [32mBuilding C object CMakeFiles/turtlesim__python.dir/rosidl_generator_py/turtlesim/msg/_color_s.c.o[0m
[51.081s] [ 79%] [32mBuilding C object CMakeFiles/turtlesim__python.dir/rosidl_generator_py/turtlesim/msg/_pose_s.c.o[0m
[51.197s] [ 80%] [32mBuilding C object CMakeFiles/turtlesim__python.dir/rosidl_generator_py/turtlesim/srv/_kill_s.c.o[0m
[51.313s] [ 81%] [32mBuilding C object CMakeFiles/turtlesim__python.dir/rosidl_generator_py/turtlesim/srv/_set_pen_s.c.o[0m
[51.433s] [ 82%] [32mBuilding C object CMakeFiles/turtlesim__python.dir/rosidl_generator_py/turtlesim/srv/_spawn_s.c.o[0m
[51.554s] [ 83%] [32mBuilding C object CMakeFiles/turtlesim__python.dir/rosidl_generator_py/turtlesim/srv/_teleport_absolute_s.c.o[0m
[51.673s] [ 84%] [32mBuilding C object CMakeFiles/turtlesim__python.dir/rosidl_generator_py/turtlesim/srv/_teleport_relative_s.c.o[0m
[51.792s] [ 85%] [32m[1mLinking C shared library rosidl_generator_py/turtlesim/libturtlesim__python.so[0m
[51.846s] [ 85%] Built target turtlesim__python
[51.856s] [35m[1mScanning dependencies of target turtlesim__rosidl_typesupport_introspection_c__pyext[0m
[51.880s] [ 86%] [32mBuilding C object CMakeFiles/turtlesim__rosidl_typesupport_introspection_c__pyext.dir/rosidl_generator_py/turtlesim/_turtlesim_s.ep.rosidl_typesupport_introspection_c.c.o[0m
[52.068s] [ 87%] [32m[1mLinking C shared library rosidl_generator_py/turtlesim/turtlesim_s__rosidl_typesupport_introspection_c.cpython-38-x86_64-linux-gnu.so[0m
[52.116s] [ 87%] Built target turtlesim__rosidl_typesupport_introspection_c__pyext
[52.126s] [35m[1mScanning dependencies of target turtlesim__rosidl_typesupport_fastrtps_c__pyext[0m
[52.157s] [ 88%] [32mBuilding C object CMakeFiles/turtlesim__rosidl_typesupport_fastrtps_c__pyext.dir/rosidl_generator_py/turtlesim/_turtlesim_s.ep.rosidl_typesupport_fastrtps_c.c.o[0m
[52.346s] [ 89%] [32m[1mLinking CXX shared library rosidl_generator_py/turtlesim/turtlesim_s__rosidl_typesupport_fastrtps_c.cpython-38-x86_64-linux-gnu.so[0m
[52.428s] [ 89%] Built target turtlesim__rosidl_typesupport_fastrtps_c__pyext
[52.441s] [35m[1mScanning dependencies of target turtle_teleop_key[0m
[52.512s] [ 90%] [32mBuilding CXX object CMakeFiles/turtle_teleop_key.dir/tutorials/teleop_turtle_key.cpp.o[0m
[57.503s] [ 91%] [32m[1mLinking CXX executable turtle_teleop_key[0m
[57.763s] [ 91%] Built target turtle_teleop_key
[57.773s] [ 92%] [34m[1mGenerating include/turtlesim/moc_turtle_frame.cpp[0m
[57.879s] [35m[1mScanning dependencies of target turtlesim_node[0m
[58.001s] [ 93%] [32mBuilding CXX object CMakeFiles/turtlesim_node.dir/src/turtlesim.cpp.o[0m
[61.346s] [ 94%] [32mBuilding CXX object CMakeFiles/turtlesim_node.dir/src/turtle.cpp.o[0m
[70.988s] [ 95%] [32mBuilding CXX object CMakeFiles/turtlesim_node.dir/src/turtle_frame.cpp.o[0m
[79.485s] [ 96%] [32mBuilding CXX object CMakeFiles/turtlesim_node.dir/include/turtlesim/moc_turtle_frame.cpp.o[0m
[82.685s] [ 97%] [32m[1mLinking CXX executable turtlesim_node[0m
[84.277s] [ 97%] Built target turtlesim_node
[84.287s] [35m[1mScanning dependencies of target turtlesim__rosidl_typesupport_c__pyext[0m
[84.315s] [ 98%] [32mBuilding C object CMakeFiles/turtlesim__rosidl_typesupport_c__pyext.dir/rosidl_generator_py/turtlesim/_turtlesim_s.ep.rosidl_typesupport_c.c.o[0m
[84.500s] [100%] [32m[1mLinking C shared library rosidl_generator_py/turtlesim/turtlesim_s__rosidl_typesupport_c.cpython-38-x86_64-linux-gnu.so[0m
[84.546s] [100%] Built target turtlesim__rosidl_typesupport_c__pyext
[84.558s] Invoked command in '/home/theo/dev_ws/build/turtlesim' returned '0': CMAKE_PREFIX_PATH=/opt/ros/foxy /usr/bin/cmake --build /home/theo/dev_ws/build/turtlesim -- -j1 -l1
[84.729s] Invoking command in '/home/theo/dev_ws/build/turtlesim': CMAKE_PREFIX_PATH=/opt/ros/foxy /usr/bin/cmake --install /home/theo/dev_ws/build/turtlesim
[84.740s] -- Install configuration: ""
[84.740s] -- Installing: /home/theo/dev_ws/install/turtlesim/share/ament_index/resource_index/rosidl_interfaces/turtlesim
[84.740s] -- Installing: /home/theo/dev_ws/install/turtlesim/include/turtlesim
[84.741s] -- Installing: /home/theo/dev_ws/install/turtlesim/include/turtlesim/srv
[84.741s] -- Installing: /home/theo/dev_ws/install/turtlesim/include/turtlesim/srv/teleport_relative.h
[84.741s] -- Installing: /home/theo/dev_ws/install/turtlesim/include/turtlesim/srv/detail
[84.741s] -- Installing: /home/theo/dev_ws/install/turtlesim/include/turtlesim/srv/detail/spawn__type_support.h
[84.742s] -- Installing: /home/theo/dev_ws/install/turtlesim/include/turtlesim/srv/detail/teleport_absolute__type_support.h
[84.742s] -- Installing: /home/theo/dev_ws/install/turtlesim/include/turtlesim/srv/detail/kill__functions.c
[84.742s] -- Installing: /home/theo/dev_ws/install/turtlesim/include/turtlesim/srv/detail/spawn__functions.c
[84.742s] -- Installing: /home/theo/dev_ws/install/turtlesim/include/turtlesim/srv/detail/kill__type_support.h
[84.743s] -- Installing: /home/theo/dev_ws/install/turtlesim/include/turtlesim/srv/detail/teleport_absolute__functions.c
[84.743s] -- Installing: /home/theo/dev_ws/install/turtlesim/include/turtlesim/srv/detail/set_pen__functions.c
[84.743s] -- Installing: /home/theo/dev_ws/install/turtlesim/include/turtlesim/srv/detail/spawn__struct.h
[84.743s] -- Installing: /home/theo/dev_ws/install/turtlesim/include/turtlesim/srv/detail/teleport_relative__struct.h
[84.744s] -- Installing: /home/theo/dev_ws/install/turtlesim/include/turtlesim/srv/detail/teleport_relative__type_support.h
[84.744s] -- Installing: /home/theo/dev_ws/install/turtlesim/include/turtlesim/srv/detail/set_pen__functions.h
[84.744s] -- Installing: /home/theo/dev_ws/install/turtlesim/include/turtlesim/srv/detail/kill__functions.h
[84.744s] -- Installing: /home/theo/dev_ws/install/turtlesim/include/turtlesim/srv/detail/spawn__functions.h
[84.745s] -- Installing: /home/theo/dev_ws/install/turtlesim/include/turtlesim/srv/detail/kill__struct.h
[84.745s] -- Installing: /home/theo/dev_ws/install/turtlesim/include/turtlesim/srv/detail/teleport_absolute__functions.h
[84.745s] -- Installing: /home/theo/dev_ws/install/turtlesim/include/turtlesim/srv/detail/teleport_relative__functions.c
[84.745s] -- Installing: /home/theo/dev_ws/install/turtlesim/include/turtlesim/srv/detail/set_pen__type_support.h
[84.745s] -- Installing: /home/theo/dev_ws/install/turtlesim/include/turtlesim/srv/detail/teleport_relative__functions.h
[84.746s] -- Installing: /home/theo/dev_ws/install/turtlesim/include/turtlesim/srv/detail/teleport_absolute__struct.h
[84.746s] -- Installing: /home/theo/dev_ws/install/turtlesim/include/turtlesim/srv/detail/set_pen__struct.h
[84.746s] -- Installing: /home/theo/dev_ws/install/turtlesim/include/turtlesim/srv/set_pen.h
[84.746s] -- Installing: /home/theo/dev_ws/install/turtlesim/include/turtlesim/srv/spawn.h
[84.747s] -- Installing: /home/theo/dev_ws/install/turtlesim/include/turtlesim/srv/teleport_absolute.h
[84.747s] -- Installing: /home/theo/dev_ws/install/turtlesim/include/turtlesim/srv/kill.h
[84.747s] -- Installing: /home/theo/dev_ws/install/turtlesim/include/turtlesim/action
[84.747s] -- Installing: /home/theo/dev_ws/install/turtlesim/include/turtlesim/action/detail
[84.748s] -- Installing: /home/theo/dev_ws/install/turtlesim/include/turtlesim/action/detail/rotate_absolute__struct.h
[84.748s] -- Installing: /home/theo/dev_ws/install/turtlesim/include/turtlesim/action/detail/rotate_absolute__functions.c
[84.748s] -- Installing: /home/theo/dev_ws/install/turtlesim/include/turtlesim/action/detail/rotate_absolute__type_support.h
[84.748s] -- Installing: /home/theo/dev_ws/install/turtlesim/include/turtlesim/action/detail/rotate_absolute__functions.h
[84.749s] -- Installing: /home/theo/dev_ws/install/turtlesim/include/turtlesim/action/rotate_absolute.h
[84.749s] -- Installing: /home/theo/dev_ws/install/turtlesim/include/turtlesim/msg
[84.749s] -- Installing: /home/theo/dev_ws/install/turtlesim/include/turtlesim/msg/pose.h
[84.749s] -- Installing: /home/theo/dev_ws/install/turtlesim/include/turtlesim/msg/color.h
[84.750s] -- Installing: /home/theo/dev_ws/install/turtlesim/include/turtlesim/msg/rosidl_generator_c__visibility_control.h
[84.750s] -- Installing: /home/theo/dev_ws/install/turtlesim/include/turtlesim/msg/detail
[84.750s] -- Installing: /home/theo/dev_ws/install/turtlesim/include/turtlesim/msg/detail/pose__type_support.h
[84.750s] -- Installing: /home/theo/dev_ws/install/turtlesim/include/turtlesim/msg/detail/color__functions.h
[84.750s] -- Installing: /home/theo/dev_ws/install/turtlesim/include/turtlesim/msg/detail/pose__struct.h
[84.751s] -- Installing: /home/theo/dev_ws/install/turtlesim/include/turtlesim/msg/detail/color__struct.h
[84.751s] -- Installing: /home/theo/dev_ws/install/turtlesim/include/turtlesim/msg/detail/pose__functions.c
[84.751s] -- Installing: /home/theo/dev_ws/install/turtlesim/include/turtlesim/msg/detail/pose__functions.h
[84.751s] -- Installing: /home/theo/dev_ws/install/turtlesim/include/turtlesim/msg/detail/color__functions.c
[84.752s] -- Installing: /home/theo/dev_ws/install/turtlesim/include/turtlesim/msg/detail/color__type_support.h
[84.752s] -- Installing: /home/theo/dev_ws/install/turtlesim/share/turtlesim/environment/library_path.sh
[84.752s] -- Installing: /home/theo/dev_ws/install/turtlesim/share/turtlesim/environment/library_path.dsv
[84.753s] -- Installing: /home/theo/dev_ws/install/turtlesim/lib/libturtlesim__rosidl_generator_c.so
[84.753s] -- Set runtime path of "/home/theo/dev_ws/install/turtlesim/lib/libturtlesim__rosidl_generator_c.so" to ""
[84.753s] -- Up-to-date: /home/theo/dev_ws/install/turtlesim/include/turtlesim
[84.754s] -- Up-to-date: /home/theo/dev_ws/install/turtlesim/include/turtlesim/srv
[84.754s] -- Up-to-date: /home/theo/dev_ws/install/turtlesim/include/turtlesim/srv/detail
[84.754s] -- Installing: /home/theo/dev_ws/install/turtlesim/include/turtlesim/srv/detail/teleport_absolute__rosidl_typesupport_fastrtps_c.h
[84.754s] -- Installing: /home/theo/dev_ws/install/turtlesim/include/turtlesim/srv/detail/set_pen__rosidl_typesupport_fastrtps_c.h
[84.755s] -- Installing: /home/theo/dev_ws/install/turtlesim/include/turtlesim/srv/detail/spawn__rosidl_typesupport_fastrtps_c.h
[84.755s] -- Installing: /home/theo/dev_ws/install/turtlesim/include/turtlesim/srv/detail/kill__rosidl_typesupport_fastrtps_c.h
[84.755s] -- Installing: /home/theo/dev_ws/install/turtlesim/include/turtlesim/srv/detail/teleport_relative__rosidl_typesupport_fastrtps_c.h
[84.755s] -- Up-to-date: /home/theo/dev_ws/install/turtlesim/include/turtlesim/action
[84.755s] -- Up-to-date: /home/theo/dev_ws/install/turtlesim/include/turtlesim/action/detail
[84.756s] -- Installing: /home/theo/dev_ws/install/turtlesim/include/turtlesim/action/detail/rotate_absolute__rosidl_typesupport_fastrtps_c.h
[84.756s] -- Up-to-date: /home/theo/dev_ws/install/turtlesim/include/turtlesim/msg
[84.756s] -- Up-to-date: /home/theo/dev_ws/install/turtlesim/include/turtlesim/msg/detail
[84.756s] -- Installing: /home/theo/dev_ws/install/turtlesim/include/turtlesim/msg/detail/pose__rosidl_typesupport_fastrtps_c.h
[84.757s] -- Installing: /home/theo/dev_ws/install/turtlesim/include/turtlesim/msg/detail/color__rosidl_typesupport_fastrtps_c.h
[84.757s] -- Installing: /home/theo/dev_ws/install/turtlesim/include/turtlesim/msg/rosidl_typesupport_fastrtps_c__visibility_control.h
[84.757s] -- Installing: /home/theo/dev_ws/install/turtlesim/lib/libturtlesim__rosidl_typesupport_fastrtps_c.so
[84.758s] -- Set runtime path of "/home/theo/dev_ws/install/turtlesim/lib/libturtlesim__rosidl_typesupport_fastrtps_c.so" to ""
[84.758s] -- Up-to-date: /home/theo/dev_ws/install/turtlesim/include/turtlesim
[84.758s] -- Up-to-date: /home/theo/dev_ws/install/turtlesim/include/turtlesim/srv
[84.758s] -- Up-to-date: /home/theo/dev_ws/install/turtlesim/include/turtlesim/srv/detail
[84.759s] -- Installing: /home/theo/dev_ws/install/turtlesim/include/turtlesim/srv/detail/set_pen__rosidl_typesupport_fastrtps_cpp.hpp
[84.759s] -- Installing: /home/theo/dev_ws/install/turtlesim/include/turtlesim/srv/detail/dds_fastrtps
[84.759s] -- Installing: /home/theo/dev_ws/install/turtlesim/include/turtlesim/srv/detail/teleport_relative__rosidl_typesupport_fastrtps_cpp.hpp
[84.759s] -- Installing: /home/theo/dev_ws/install/turtlesim/include/turtlesim/srv/detail/teleport_absolute__rosidl_typesupport_fastrtps_cpp.hpp
[84.760s] -- Installing: /home/theo/dev_ws/install/turtlesim/include/turtlesim/srv/detail/spawn__rosidl_typesupport_fastrtps_cpp.hpp
[84.760s] -- Installing: /home/theo/dev_ws/install/turtlesim/include/turtlesim/srv/detail/kill__rosidl_typesupport_fastrtps_cpp.hpp
[84.760s] -- Up-to-date: /home/theo/dev_ws/install/turtlesim/include/turtlesim/action
[84.760s] -- Up-to-date: /home/theo/dev_ws/install/turtlesim/include/turtlesim/action/detail
[84.760s] -- Installing: /home/theo/dev_ws/install/turtlesim/include/turtlesim/action/detail/dds_fastrtps
[84.761s] -- Installing: /home/theo/dev_ws/install/turtlesim/include/turtlesim/action/detail/rotate_absolute__rosidl_typesupport_fastrtps_cpp.hpp
[84.761s] -- Up-to-date: /home/theo/dev_ws/install/turtlesim/include/turtlesim/msg
[84.761s] -- Installing: /home/theo/dev_ws/install/turtlesim/include/turtlesim/msg/rosidl_typesupport_fastrtps_cpp__visibility_control.h
[84.761s] -- Up-to-date: /home/theo/dev_ws/install/turtlesim/include/turtlesim/msg/detail
[84.761s] -- Installing: /home/theo/dev_ws/install/turtlesim/include/turtlesim/msg/detail/color__rosidl_typesupport_fastrtps_cpp.hpp
[84.762s] -- Installing: /home/theo/dev_ws/install/turtlesim/include/turtlesim/msg/detail/dds_fastrtps
[84.762s] -- Installing: /home/theo/dev_ws/install/turtlesim/include/turtlesim/msg/detail/pose__rosidl_typesupport_fastrtps_cpp.hpp
[84.762s] -- Installing: /home/theo/dev_ws/install/turtlesim/lib/libturtlesim__rosidl_typesupport_fastrtps_cpp.so
[84.763s] -- Set runtime path of "/home/theo/dev_ws/install/turtlesim/lib/libturtlesim__rosidl_typesupport_fastrtps_cpp.so" to ""
[84.763s] -- Up-to-date: /home/theo/dev_ws/install/turtlesim/include/turtlesim
[84.763s] -- Up-to-date: /home/theo/dev_ws/install/turtlesim/include/turtlesim/srv
[84.764s] -- Up-to-date: /home/theo/dev_ws/install/turtlesim/include/turtlesim/srv/detail
[84.764s] -- Installing: /home/theo/dev_ws/install/turtlesim/include/turtlesim/srv/detail/teleport_relative__rosidl_typesupport_introspection_c.h
[84.764s] -- Installing: /home/theo/dev_ws/install/turtlesim/include/turtlesim/srv/detail/kill__rosidl_typesupport_introspection_c.h
[84.764s] -- Installing: /home/theo/dev_ws/install/turtlesim/include/turtlesim/srv/detail/spawn__type_support.c
[84.765s] -- Installing: /home/theo/dev_ws/install/turtlesim/include/turtlesim/srv/detail/set_pen__rosidl_typesupport_introspection_c.h
[84.765s] -- Installing: /home/theo/dev_ws/install/turtlesim/include/turtlesim/srv/detail/spawn__rosidl_typesupport_introspection_c.h
[84.765s] -- Installing: /home/theo/dev_ws/install/turtlesim/include/turtlesim/srv/detail/teleport_relative__type_support.c
[84.765s] -- Installing: /home/theo/dev_ws/install/turtlesim/include/turtlesim/srv/detail/kill__type_support.c
[84.766s] -- Installing: /home/theo/dev_ws/install/turtlesim/include/turtlesim/srv/detail/teleport_absolute__type_support.c
[84.766s] -- Installing: /home/theo/dev_ws/install/turtlesim/include/turtlesim/srv/detail/teleport_absolute__rosidl_typesupport_introspection_c.h
[84.766s] -- Installing: /home/theo/dev_ws/install/turtlesim/include/turtlesim/srv/detail/set_pen__type_support.c
[84.766s] -- Up-to-date: /home/theo/dev_ws/install/turtlesim/include/turtlesim/action
[84.766s] -- Up-to-date: /home/theo/dev_ws/install/turtlesim/include/turtlesim/action/detail
[84.767s] -- Installing: /home/theo/dev_ws/install/turtlesim/include/turtlesim/action/detail/rotate_absolute__type_support.c
[84.767s] -- Installing: /home/theo/dev_ws/install/turtlesim/include/turtlesim/action/detail/rotate_absolute__rosidl_typesupport_introspection_c.h
[84.767s] -- Up-to-date: /home/theo/dev_ws/install/turtlesim/include/turtlesim/msg
[84.768s] -- Up-to-date: /home/theo/dev_ws/install/turtlesim/include/turtlesim/msg/detail
[84.768s] -- Installing: /home/theo/dev_ws/install/turtlesim/include/turtlesim/msg/detail/color__type_support.c
[84.768s] -- Installing: /home/theo/dev_ws/install/turtlesim/include/turtlesim/msg/detail/pose__rosidl_typesupport_introspection_c.h
[84.768s] -- Installing: /home/theo/dev_ws/install/turtlesim/include/turtlesim/msg/detail/pose__type_support.c
[84.769s] -- Installing: /home/theo/dev_ws/install/turtlesim/include/turtlesim/msg/detail/color__rosidl_typesupport_introspection_c.h
[84.769s] -- Installing: /home/theo/dev_ws/install/turtlesim/include/turtlesim/msg/rosidl_typesupport_introspection_c__visibility_control.h
[84.769s] -- Installing: /home/theo/dev_ws/install/turtlesim/lib/libturtlesim__rosidl_typesupport_introspection_c.so
[84.770s] -- Set runtime path of "/home/theo/dev_ws/install/turtlesim/lib/libturtlesim__rosidl_typesupport_introspection_c.so" to ""
[84.770s] -- Installing: /home/theo/dev_ws/install/turtlesim/lib/libturtlesim__rosidl_typesupport_c.so
[84.771s] -- Set runtime path of "/home/theo/dev_ws/install/turtlesim/lib/libturtlesim__rosidl_typesupport_c.so" to ""
[84.771s] -- Up-to-date: /home/theo/dev_ws/install/turtlesim/include/turtlesim
[84.771s] -- Up-to-date: /home/theo/dev_ws/install/turtlesim/include/turtlesim/srv
[84.771s] -- Installing: /home/theo/dev_ws/install/turtlesim/include/turtlesim/srv/spawn.hpp
[84.771s] -- Up-to-date: /home/theo/dev_ws/install/turtlesim/include/turtlesim/srv/detail
[84.772s] -- Installing: /home/theo/dev_ws/install/turtlesim/include/turtlesim/srv/detail/teleport_relative__builder.hpp
[84.772s] -- Installing: /home/theo/dev_ws/install/turtlesim/include/turtlesim/srv/detail/spawn__traits.hpp
[84.772s] -- Installing: /home/theo/dev_ws/install/turtlesim/include/turtlesim/srv/detail/spawn__struct.hpp
[84.773s] -- Installing: /home/theo/dev_ws/install/turtlesim/include/turtlesim/srv/detail/kill__traits.hpp
[84.773s] -- Installing: /home/theo/dev_ws/install/turtlesim/include/turtlesim/srv/detail/teleport_relative__traits.hpp
[84.773s] -- Installing: /home/theo/dev_ws/install/turtlesim/include/turtlesim/srv/detail/set_pen__traits.hpp
[84.773s] -- Installing: /home/theo/dev_ws/install/turtlesim/include/turtlesim/srv/detail/teleport_absolute__struct.hpp
[84.774s] -- Installing: /home/theo/dev_ws/install/turtlesim/include/turtlesim/srv/detail/teleport_absolute__traits.hpp
[84.774s] -- Installing: /home/theo/dev_ws/install/turtlesim/include/turtlesim/srv/detail/teleport_relative__struct.hpp
[84.774s] -- Installing: /home/theo/dev_ws/install/turtlesim/include/turtlesim/srv/detail/teleport_absolute__builder.hpp
[84.774s] -- Installing: /home/theo/dev_ws/install/turtlesim/include/turtlesim/srv/detail/kill__struct.hpp
[84.775s] -- Installing: /home/theo/dev_ws/install/turtlesim/include/turtlesim/srv/detail/set_pen__builder.hpp
[84.775s] -- Installing: /home/theo/dev_ws/install/turtlesim/include/turtlesim/srv/detail/set_pen__struct.hpp
[84.775s] -- Installing: /home/theo/dev_ws/install/turtlesim/include/turtlesim/srv/detail/kill__builder.hpp
[84.775s] -- Installing: /home/theo/dev_ws/install/turtlesim/include/turtlesim/srv/detail/spawn__builder.hpp
[84.776s] -- Installing: /home/theo/dev_ws/install/turtlesim/include/turtlesim/srv/set_pen.hpp
[84.776s] -- Installing: /home/theo/dev_ws/install/turtlesim/include/turtlesim/srv/kill.hpp
[84.776s] -- Installing: /home/theo/dev_ws/install/turtlesim/include/turtlesim/srv/teleport_relative.hpp
[84.776s] -- Installing: /home/theo/dev_ws/install/turtlesim/include/turtlesim/srv/teleport_absolute.hpp
[84.777s] -- Up-to-date: /home/theo/dev_ws/install/turtlesim/include/turtlesim/action
[84.777s] -- Up-to-date: /home/theo/dev_ws/install/turtlesim/include/turtlesim/action/detail
[84.777s] -- Installing: /home/theo/dev_ws/install/turtlesim/include/turtlesim/action/detail/rotate_absolute__struct.hpp
[84.777s] -- Installing: /home/theo/dev_ws/install/turtlesim/include/turtlesim/action/detail/rotate_absolute__builder.hpp
[84.778s] -- Installing: /home/theo/dev_ws/install/turtlesim/include/turtlesim/action/detail/rotate_absolute__traits.hpp
[84.778s] -- Installing: /home/theo/dev_ws/install/turtlesim/include/turtlesim/action/rotate_absolute.hpp
[84.778s] -- Up-to-date: /home/theo/dev_ws/install/turtlesim/include/turtlesim/msg
[84.778s] -- Installing: /home/theo/dev_ws/install/turtlesim/include/turtlesim/msg/pose.hpp
[84.779s] -- Up-to-date: /home/theo/dev_ws/install/turtlesim/include/turtlesim/msg/detail
[84.779s] -- Installing: /home/theo/dev_ws/install/turtlesim/include/turtlesim/msg/detail/pose__struct.hpp
[84.779s] -- Installing: /home/theo/dev_ws/install/turtlesim/include/turtlesim/msg/detail/color__builder.hpp
[84.779s] -- Installing: /home/theo/dev_ws/install/turtlesim/include/turtlesim/msg/detail/pose__traits.hpp
[84.780s] -- Installing: /home/theo/dev_ws/install/turtlesim/include/turtlesim/msg/detail/pose__builder.hpp
[84.780s] -- Installing: /home/theo/dev_ws/install/turtlesim/include/turtlesim/msg/detail/color__struct.hpp
[84.780s] -- Installing: /home/theo/dev_ws/install/turtlesim/include/turtlesim/msg/detail/color__traits.hpp
[84.780s] -- Installing: /home/theo/dev_ws/install/turtlesim/include/turtlesim/msg/color.hpp
[84.781s] -- Up-to-date: /home/theo/dev_ws/install/turtlesim/include/turtlesim
[84.781s] -- Up-to-date: /home/theo/dev_ws/install/turtlesim/include/turtlesim/srv
[84.781s] -- Up-to-date: /home/theo/dev_ws/install/turtlesim/include/turtlesim/srv/detail
[84.781s] -- Installing: /home/theo/dev_ws/install/turtlesim/include/turtlesim/srv/detail/teleport_relative__rosidl_typesupport_introspection_cpp.hpp
[84.781s] -- Installing: /home/theo/dev_ws/install/turtlesim/include/turtlesim/srv/detail/set_pen__rosidl_typesupport_introspection_cpp.hpp
[84.782s] -- Installing: /home/theo/dev_ws/install/turtlesim/include/turtlesim/srv/detail/set_pen__type_support.cpp
[84.782s] -- Installing: /home/theo/dev_ws/install/turtlesim/include/turtlesim/srv/detail/spawn__type_support.cpp
[84.782s] -- Installing: /home/theo/dev_ws/install/turtlesim/include/turtlesim/srv/detail/teleport_absolute__rosidl_typesupport_introspection_cpp.hpp
[84.783s] -- Installing: /home/theo/dev_ws/install/turtlesim/include/turtlesim/srv/detail/kill__type_support.cpp
[84.783s] -- Installing: /home/theo/dev_ws/install/turtlesim/include/turtlesim/srv/detail/spawn__rosidl_typesupport_introspection_cpp.hpp
[84.783s] -- Installing: /home/theo/dev_ws/install/turtlesim/include/turtlesim/srv/detail/kill__rosidl_typesupport_introspection_cpp.hpp
[84.783s] -- Installing: /home/theo/dev_ws/install/turtlesim/include/turtlesim/srv/detail/teleport_relative__type_support.cpp
[84.784s] -- Installing: /home/theo/dev_ws/install/turtlesim/include/turtlesim/srv/detail/teleport_absolute__type_support.cpp
[84.784s] -- Up-to-date: /home/theo/dev_ws/install/turtlesim/include/turtlesim/action
[84.784s] -- Up-to-date: /home/theo/dev_ws/install/turtlesim/include/turtlesim/action/detail
[84.784s] -- Installing: /home/theo/dev_ws/install/turtlesim/include/turtlesim/action/detail/rotate_absolute__rosidl_typesupport_introspection_cpp.hpp
[84.785s] -- Installing: /home/theo/dev_ws/install/turtlesim/include/turtlesim/action/detail/rotate_absolute__type_support.cpp
[84.785s] -- Up-to-date: /home/theo/dev_ws/install/turtlesim/include/turtlesim/msg
[84.785s] -- Up-to-date: /home/theo/dev_ws/install/turtlesim/include/turtlesim/msg/detail
[84.785s] -- Installing: /home/theo/dev_ws/install/turtlesim/include/turtlesim/msg/detail/color__rosidl_typesupport_introspection_cpp.hpp
[84.786s] -- Installing: /home/theo/dev_ws/install/turtlesim/include/turtlesim/msg/detail/pose__rosidl_typesupport_introspection_cpp.hpp
[84.786s] -- Installing: /home/theo/dev_ws/install/turtlesim/include/turtlesim/msg/detail/pose__type_support.cpp
[84.786s] -- Installing: /home/theo/dev_ws/install/turtlesim/include/turtlesim/msg/detail/color__type_support.cpp
[84.786s] -- Installing: /home/theo/dev_ws/install/turtlesim/lib/libturtlesim__rosidl_typesupport_introspection_cpp.so
[84.787s] -- Set runtime path of "/home/theo/dev_ws/install/turtlesim/lib/libturtlesim__rosidl_typesupport_introspection_cpp.so" to ""
[84.787s] -- Installing: /home/theo/dev_ws/install/turtlesim/lib/libturtlesim__rosidl_typesupport_cpp.so
[84.788s] -- Set runtime path of "/home/theo/dev_ws/install/turtlesim/lib/libturtlesim__rosidl_typesupport_cpp.so" to ""
[84.788s] -- Installing: /home/theo/dev_ws/install/turtlesim/share/turtlesim/environment/pythonpath.sh
[84.789s] -- Installing: /home/theo/dev_ws/install/turtlesim/share/turtlesim/environment/pythonpath.dsv
[84.789s] -- Installing: /home/theo/dev_ws/install/turtlesim/lib/python3.8/site-packages/turtlesim/__init__.py
[84.828s] Compiling '/home/theo/dev_ws/install/turtlesim/lib/python3.8/site-packages/turtlesim/__init__.py'...
[84.833s] -- Installing: /home/theo/dev_ws/install/turtlesim/lib/python3.8/site-packages/turtlesim/action
[84.833s] -- Installing: /home/theo/dev_ws/install/turtlesim/lib/python3.8/site-packages/turtlesim/action/_rotate_absolute_s.c
[84.833s] -- Installing: /home/theo/dev_ws/install/turtlesim/lib/python3.8/site-packages/turtlesim/action/__init__.py
[84.834s] -- Installing: /home/theo/dev_ws/install/turtlesim/lib/python3.8/site-packages/turtlesim/action/_rotate_absolute.py
[84.834s] -- Installing: /home/theo/dev_ws/install/turtlesim/lib/python3.8/site-packages/turtlesim/msg
[84.834s] -- Installing: /home/theo/dev_ws/install/turtlesim/lib/python3.8/site-packages/turtlesim/msg/_pose_s.c
[84.835s] -- Installing: /home/theo/dev_ws/install/turtlesim/lib/python3.8/site-packages/turtlesim/msg/_pose.py
[84.835s] -- Installing: /home/theo/dev_ws/install/turtlesim/lib/python3.8/site-packages/turtlesim/msg/_color.py
[84.835s] -- Installing: /home/theo/dev_ws/install/turtlesim/lib/python3.8/site-packages/turtlesim/msg/__init__.py
[84.835s] -- Installing: /home/theo/dev_ws/install/turtlesim/lib/python3.8/site-packages/turtlesim/msg/_color_s.c
[84.836s] -- Installing: /home/theo/dev_ws/install/turtlesim/lib/python3.8/site-packages/turtlesim/srv
[84.836s] -- Installing: /home/theo/dev_ws/install/turtlesim/lib/python3.8/site-packages/turtlesim/srv/_spawn_s.c
[84.836s] -- Installing: /home/theo/dev_ws/install/turtlesim/lib/python3.8/site-packages/turtlesim/srv/_set_pen_s.c
[84.836s] -- Installing: /home/theo/dev_ws/install/turtlesim/lib/python3.8/site-packages/turtlesim/srv/_teleport_relative_s.c
[84.837s] -- Installing: /home/theo/dev_ws/install/turtlesim/lib/python3.8/site-packages/turtlesim/srv/__init__.py
[84.837s] -- Installing: /home/theo/dev_ws/install/turtlesim/lib/python3.8/site-packages/turtlesim/srv/_kill_s.c
[84.837s] -- Installing: /home/theo/dev_ws/install/turtlesim/lib/python3.8/site-packages/turtlesim/srv/_spawn.py
[84.837s] -- Installing: /home/theo/dev_ws/install/turtlesim/lib/python3.8/site-packages/turtlesim/srv/_set_pen.py
[84.838s] -- Installing: /home/theo/dev_ws/install/turtlesim/lib/python3.8/site-packages/turtlesim/srv/_teleport_absolute_s.c
[84.838s] -- Installing: /home/theo/dev_ws/install/turtlesim/lib/python3.8/site-packages/turtlesim/srv/_teleport_relative.py
[84.838s] -- Installing: /home/theo/dev_ws/install/turtlesim/lib/python3.8/site-packages/turtlesim/srv/_teleport_absolute.py
[84.838s] -- Installing: /home/theo/dev_ws/install/turtlesim/lib/python3.8/site-packages/turtlesim/srv/_kill.py
[84.839s] -- Installing: /home/theo/dev_ws/install/turtlesim/lib/python3.8/site-packages/turtlesim/turtlesim_s__rosidl_typesupport_fastrtps_c.cpython-38-x86_64-linux-gnu.so
[84.840s] -- Set runtime path of "/home/theo/dev_ws/install/turtlesim/lib/python3.8/site-packages/turtlesim/turtlesim_s__rosidl_typesupport_fastrtps_c.cpython-38-x86_64-linux-gnu.so" to ""
[84.840s] -- Installing: /home/theo/dev_ws/install/turtlesim/lib/python3.8/site-packages/turtlesim/turtlesim_s__rosidl_typesupport_introspection_c.cpython-38-x86_64-linux-gnu.so
[84.841s] -- Set runtime path of "/home/theo/dev_ws/install/turtlesim/lib/python3.8/site-packages/turtlesim/turtlesim_s__rosidl_typesupport_introspection_c.cpython-38-x86_64-linux-gnu.so" to ""
[84.841s] -- Installing: /home/theo/dev_ws/install/turtlesim/lib/python3.8/site-packages/turtlesim/turtlesim_s__rosidl_typesupport_c.cpython-38-x86_64-linux-gnu.so
[84.842s] -- Set runtime path of "/home/theo/dev_ws/install/turtlesim/lib/python3.8/site-packages/turtlesim/turtlesim_s__rosidl_typesupport_c.cpython-38-x86_64-linux-gnu.so" to ""
[84.842s] -- Installing: /home/theo/dev_ws/install/turtlesim/lib/libturtlesim__python.so
[84.843s] -- Set runtime path of "/home/theo/dev_ws/install/turtlesim/lib/libturtlesim__python.so" to ""
[84.843s] -- Installing: /home/theo/dev_ws/install/turtlesim/share/turtlesim/action/RotateAbsolute.idl
[84.844s] -- Installing: /home/theo/dev_ws/install/turtlesim/share/turtlesim/msg/Color.idl
[84.844s] -- Installing: /home/theo/dev_ws/install/turtlesim/share/turtlesim/msg/Pose.idl
[84.844s] -- Installing: /home/theo/dev_ws/install/turtlesim/share/turtlesim/srv/Kill.idl
[84.845s] -- Installing: /home/theo/dev_ws/install/turtlesim/share/turtlesim/srv/SetPen.idl
[84.845s] -- Installing: /home/theo/dev_ws/install/turtlesim/share/turtlesim/srv/Spawn.idl
[84.845s] -- Installing: /home/theo/dev_ws/install/turtlesim/share/turtlesim/srv/TeleportAbsolute.idl
[84.846s] -- Installing: /home/theo/dev_ws/install/turtlesim/share/turtlesim/srv/TeleportRelative.idl
[84.846s] -- Installing: /home/theo/dev_ws/install/turtlesim/share/turtlesim/action/RotateAbsolute.action
[84.846s] -- Installing: /home/theo/dev_ws/install/turtlesim/share/turtlesim/msg/Color.msg
[84.846s] -- Installing: /home/theo/dev_ws/install/turtlesim/share/turtlesim/msg/Pose.msg
[84.847s] -- Installing: /home/theo/dev_ws/install/turtlesim/share/turtlesim/srv/Kill.srv
[84.847s] -- Installing: /home/theo/dev_ws/install/turtlesim/share/turtlesim/srv/Kill_Request.msg
[84.847s] -- Installing: /home/theo/dev_ws/install/turtlesim/share/turtlesim/srv/Kill_Response.msg
[84.848s] -- Installing: /home/theo/dev_ws/install/turtlesim/share/turtlesim/srv/SetPen.srv
[84.848s] -- Installing: /home/theo/dev_ws/install/turtlesim/share/turtlesim/srv/SetPen_Request.msg
[84.848s] -- Installing: /home/theo/dev_ws/install/turtlesim/share/turtlesim/srv/SetPen_Response.msg
[84.849s] -- Installing: /home/theo/dev_ws/install/turtlesim/share/turtlesim/srv/Spawn.srv
[84.849s] -- Installing: /home/theo/dev_ws/install/turtlesim/share/turtlesim/srv/Spawn_Request.msg
[84.849s] -- Installing: /home/theo/dev_ws/install/turtlesim/share/turtlesim/srv/Spawn_Response.msg
[84.849s] -- Installing: /home/theo/dev_ws/install/turtlesim/share/turtlesim/srv/TeleportAbsolute.srv
[84.850s] -- Installing: /home/theo/dev_ws/install/turtlesim/share/turtlesim/srv/TeleportAbsolute_Request.msg
[84.850s] -- Installing: /home/theo/dev_ws/install/turtlesim/share/turtlesim/srv/TeleportAbsolute_Response.msg
[84.850s] -- Installing: /home/theo/dev_ws/install/turtlesim/share/turtlesim/srv/TeleportRelative.srv
[84.851s] -- Installing: /home/theo/dev_ws/install/turtlesim/share/turtlesim/srv/TeleportRelative_Request.msg
[84.851s] -- Installing: /home/theo/dev_ws/install/turtlesim/share/turtlesim/srv/TeleportRelative_Response.msg
[84.851s] -- Installing: /home/theo/dev_ws/install/turtlesim/lib/turtlesim/turtlesim_node
[84.856s] -- Set runtime path of "/home/theo/dev_ws/install/turtlesim/lib/turtlesim/turtlesim_node" to ""
[84.856s] -- Installing: /home/theo/dev_ws/install/turtlesim/lib/turtlesim/turtle_teleop_key
[84.858s] -- Set runtime path of "/home/theo/dev_ws/install/turtlesim/lib/turtlesim/turtle_teleop_key" to ""
[84.858s] -- Installing: /home/theo/dev_ws/install/turtlesim/lib/turtlesim/draw_square
[84.861s] -- Set runtime path of "/home/theo/dev_ws/install/turtlesim/lib/turtlesim/draw_square" to ""
[84.861s] -- Installing: /home/theo/dev_ws/install/turtlesim/lib/turtlesim/mimic
[84.864s] -- Set runtime path of "/home/theo/dev_ws/install/turtlesim/lib/turtlesim/mimic" to ""
[84.864s] -- Installing: /home/theo/dev_ws/install/turtlesim/share/turtlesim/images
[84.864s] -- Installing: /home/theo/dev_ws/install/turtlesim/share/turtlesim/images/crystal.png
[84.864s] -- Installing: /home/theo/dev_ws/install/turtlesim/share/turtlesim/images/ardent.png
[84.865s] -- Installing: /home/theo/dev_ws/install/turtlesim/share/turtlesim/images/dashing.png
[84.865s] -- Installing: /home/theo/dev_ws/install/turtlesim/share/turtlesim/images/foxy.png
[84.865s] -- Installing: /home/theo/dev_ws/install/turtlesim/share/turtlesim/images/eloquent.png
[84.865s] -- Installing: /home/theo/dev_ws/install/turtlesim/share/turtlesim/images/bouncy.png
[84.866s] -- Installing: /home/theo/dev_ws/install/turtlesim/share/turtlesim/launch
[84.866s] -- Installing: /home/theo/dev_ws/install/turtlesim/share/turtlesim/launch/multisim.launch.py
[84.866s] -- Installing: /home/theo/dev_ws/install/turtlesim/share/ament_index/resource_index/package_run_dependencies/turtlesim
[84.866s] -- Installing: /home/theo/dev_ws/install/turtlesim/share/ament_index/resource_index/parent_prefix_path/turtlesim
[84.867s] -- Installing: /home/theo/dev_ws/install/turtlesim/share/turtlesim/environment/ament_prefix_path.sh
[84.867s] -- Installing: /home/theo/dev_ws/install/turtlesim/share/turtlesim/environment/ament_prefix_path.dsv
[84.867s] -- Installing: /home/theo/dev_ws/install/turtlesim/share/turtlesim/environment/path.sh
[84.868s] -- Installing: /home/theo/dev_ws/install/turtlesim/share/turtlesim/environment/path.dsv
[84.868s] -- Installing: /home/theo/dev_ws/install/turtlesim/share/turtlesim/local_setup.bash
[84.868s] -- Installing: /home/theo/dev_ws/install/turtlesim/share/turtlesim/local_setup.sh
[84.869s] -- Installing: /home/theo/dev_ws/install/turtlesim/share/turtlesim/local_setup.zsh
[84.869s] -- Installing: /home/theo/dev_ws/install/turtlesim/share/turtlesim/local_setup.dsv
[84.869s] -- Installing: /home/theo/dev_ws/install/turtlesim/share/turtlesim/package.dsv
[84.870s] -- Installing: /home/theo/dev_ws/install/turtlesim/share/ament_index/resource_index/packages/turtlesim
[84.870s] -- Installing: /home/theo/dev_ws/install/turtlesim/share/turtlesim/cmake/turtlesim__rosidl_generator_cExport.cmake
[84.870s] -- Installing: /home/theo/dev_ws/install/turtlesim/share/turtlesim/cmake/turtlesim__rosidl_generator_cExport-noconfig.cmake
[84.871s] -- Installing: /home/theo/dev_ws/install/turtlesim/share/turtlesim/cmake/turtlesim__rosidl_typesupport_introspection_cExport.cmake
[84.871s] -- Installing: /home/theo/dev_ws/install/turtlesim/share/turtlesim/cmake/turtlesim__rosidl_typesupport_introspection_cExport-noconfig.cmake
[84.871s] -- Installing: /home/theo/dev_ws/install/turtlesim/share/turtlesim/cmake/turtlesim__rosidl_typesupport_cExport.cmake
[84.872s] -- Installing: /home/theo/dev_ws/install/turtlesim/share/turtlesim/cmake/turtlesim__rosidl_typesupport_cExport-noconfig.cmake
[84.872s] -- Installing: /home/theo/dev_ws/install/turtlesim/share/turtlesim/cmake/turtlesim__rosidl_generator_cppExport.cmake
[84.872s] -- Installing: /home/theo/dev_ws/install/turtlesim/share/turtlesim/cmake/turtlesim__rosidl_typesupport_introspection_cppExport.cmake
[84.873s] -- Installing: /home/theo/dev_ws/install/turtlesim/share/turtlesim/cmake/turtlesim__rosidl_typesupport_introspection_cppExport-noconfig.cmake
[84.873s] -- Installing: /home/theo/dev_ws/install/turtlesim/share/turtlesim/cmake/turtlesim__rosidl_typesupport_cppExport.cmake
[84.873s] -- Installing: /home/theo/dev_ws/install/turtlesim/share/turtlesim/cmake/turtlesim__rosidl_typesupport_cppExport-noconfig.cmake
[84.874s] -- Installing: /home/theo/dev_ws/install/turtlesim/share/turtlesim/cmake/rosidl_cmake-extras.cmake
[84.874s] -- Installing: /home/theo/dev_ws/install/turtlesim/share/turtlesim/cmake/ament_cmake_export_dependencies-extras.cmake
[84.874s] -- Installing: /home/theo/dev_ws/install/turtlesim/share/turtlesim/cmake/ament_cmake_export_libraries-extras.cmake
[84.875s] -- Installing: /home/theo/dev_ws/install/turtlesim/share/turtlesim/cmake/ament_cmake_export_targets-extras.cmake
[84.875s] -- Installing: /home/theo/dev_ws/install/turtlesim/share/turtlesim/cmake/ament_cmake_export_include_directories-extras.cmake
[84.875s] -- Installing: /home/theo/dev_ws/install/turtlesim/share/turtlesim/cmake/rosidl_cmake_export_typesupport_libraries-extras.cmake
[84.875s] -- Installing: /home/theo/dev_ws/install/turtlesim/share/turtlesim/cmake/rosidl_cmake_export_typesupport_targets-extras.cmake
[84.876s] -- Installing: /home/theo/dev_ws/install/turtlesim/share/turtlesim/cmake/turtlesimConfig.cmake
[84.876s] -- Installing: /home/theo/dev_ws/install/turtlesim/share/turtlesim/cmake/turtlesimConfig-version.cmake
[84.876s] -- Installing: /home/theo/dev_ws/install/turtlesim/share/turtlesim/package.xml
[84.880s] Invoked command in '/home/theo/dev_ws/build/turtlesim' returned '0': CMAKE_PREFIX_PATH=/opt/ros/foxy /usr/bin/cmake --install /home/theo/dev_ws/build/turtlesim
