[0.042s] Invoking command in '/home/theo/dev_ws/build/wa_helper': CMAKE_PREFIX_PATH=${CMAKE_PREFIX_PATH}:/home/theo/dev_ws/install/py_pubsub:/opt/ros/foxy /usr/bin/cmake --build /home/theo/dev_ws/build/wa_helper -- -j1 -l1
[0.161s] [35m[1mScanning dependencies of target wa_helper[0m
[0.260s] [ 50%] [32mBuilding CXX object CMakeFiles/wa_helper.dir/src/wa_publisher.cpp.o[0m
[3.692s] [100%] [32m[1mLinking CXX static library libwa_helper.a[0m
[3.738s] [100%] Built target wa_helper
[3.762s] Invoked command in '/home/theo/dev_ws/build/wa_helper' returned '0': CMAKE_PREFIX_PATH=${CMAKE_PREFIX_PATH}:/home/theo/dev_ws/install/py_pubsub:/opt/ros/foxy /usr/bin/cmake --build /home/theo/dev_ws/build/wa_helper -- -j1 -l1
[3.820s] Invoking command in '/home/theo/dev_ws/build/wa_helper': CMAKE_PREFIX_PATH=${CMAKE_PREFIX_PATH}:/home/theo/dev_ws/install/py_pubsub:/opt/ros/foxy /usr/bin/cmake --install /home/theo/dev_ws/build/wa_helper
[3.837s] -- Install configuration: ""
[3.837s] -- Installing: /home/theo/dev_ws/install/wa_helper/lib/libwa_helper.a
[3.838s] -- Up-to-date: /home/theo/dev_ws/install/wa_helper/share/wa_helper/environment/library_path.sh
[3.838s] -- Up-to-date: /home/theo/dev_ws/install/wa_helper/share/wa_helper/environment/library_path.dsv
[3.839s] -- Up-to-date: /home/theo/dev_ws/install/wa_helper/share/ament_index/resource_index/package_run_dependencies/wa_helper
[3.839s] -- Up-to-date: /home/theo/dev_ws/install/wa_helper/share/ament_index/resource_index/parent_prefix_path/wa_helper
[3.839s] -- Up-to-date: /home/theo/dev_ws/install/wa_helper/share/wa_helper/environment/ament_prefix_path.sh
[3.840s] -- Up-to-date: /home/theo/dev_ws/install/wa_helper/share/wa_helper/environment/ament_prefix_path.dsv
[3.840s] -- Up-to-date: /home/theo/dev_ws/install/wa_helper/share/wa_helper/environment/path.sh
[3.841s] -- Up-to-date: /home/theo/dev_ws/install/wa_helper/share/wa_helper/environment/path.dsv
[3.841s] -- Up-to-date: /home/theo/dev_ws/install/wa_helper/share/wa_helper/local_setup.bash
[3.841s] -- Up-to-date: /home/theo/dev_ws/install/wa_helper/share/wa_helper/local_setup.sh
[3.842s] -- Up-to-date: /home/theo/dev_ws/install/wa_helper/share/wa_helper/local_setup.zsh
[3.842s] -- Up-to-date: /home/theo/dev_ws/install/wa_helper/share/wa_helper/local_setup.dsv
[3.842s] -- Installing: /home/theo/dev_ws/install/wa_helper/share/wa_helper/package.dsv
[3.843s] -- Up-to-date: /home/theo/dev_ws/install/wa_helper/share/ament_index/resource_index/packages/wa_helper
[3.843s] -- Up-to-date: /home/theo/dev_ws/install/wa_helper/share/wa_helper/cmake/wa_helperExport.cmake
[3.844s] -- Up-to-date: /home/theo/dev_ws/install/wa_helper/share/wa_helper/cmake/wa_helperExport-noconfig.cmake
[3.845s] -- Up-to-date: /home/theo/dev_ws/install/wa_helper/share/wa_helper/cmake/ament_cmake_export_include_directories-extras.cmake
[3.850s] -- Up-to-date: /home/theo/dev_ws/install/wa_helper/share/wa_helper/cmake/ament_cmake_export_libraries-extras.cmake
[3.850s] -- Up-to-date: /home/theo/dev_ws/install/wa_helper/share/wa_helper/cmake/ament_cmake_export_targets-extras.cmake
[3.851s] -- Up-to-date: /home/theo/dev_ws/install/wa_helper/share/wa_helper/cmake/ament_cmake_export_dependencies-extras.cmake
[3.851s] -- Up-to-date: /home/theo/dev_ws/install/wa_helper/share/wa_helper/cmake/wa_helperConfig.cmake
[3.851s] -- Up-to-date: /home/theo/dev_ws/install/wa_helper/share/wa_helper/cmake/wa_helperConfig-version.cmake
[3.852s] -- Up-to-date: /home/theo/dev_ws/install/wa_helper/share/wa_helper/package.xml
[3.852s] -- Up-to-date: /home/theo/dev_ws/install/wa_helper/include
[3.853s] -- Up-to-date: /home/theo/dev_ws/install/wa_helper/include/wa_helper
[3.853s] -- Installing: /home/theo/dev_ws/install/wa_helper/include/wa_helper/wa_publisher.hpp
[3.860s] Invoked command in '/home/theo/dev_ws/build/wa_helper' returned '0': CMAKE_PREFIX_PATH=${CMAKE_PREFIX_PATH}:/home/theo/dev_ws/install/py_pubsub:/opt/ros/foxy /usr/bin/cmake --install /home/theo/dev_ws/build/wa_helper
