[0.017s] Invoking command in '/home/theo/dev_ws/build/wa_helper': CMAKE_PREFIX_PATH=${CMAKE_PREFIX_PATH}:/home/theo/dev_ws/install/py_pubsub:/opt/ros/foxy /usr/bin/cmake --build /home/theo/dev_ws/build/wa_helper -- -j1 -l1
[0.085s] [ 50%] [32mBuilding CXX object CMakeFiles/wa_publisher.dir/src/wa_publisher.cpp.o[0m
[2.153s] [100%] [32m[1mLinking CXX static library libwa_publisher.a[0m
[2.181s] [100%] Built target wa_publisher
[2.192s] Invoked command in '/home/theo/dev_ws/build/wa_helper' returned '0': CMAKE_PREFIX_PATH=${CMAKE_PREFIX_PATH}:/home/theo/dev_ws/install/py_pubsub:/opt/ros/foxy /usr/bin/cmake --build /home/theo/dev_ws/build/wa_helper -- -j1 -l1
[2.228s] Invoking command in '/home/theo/dev_ws/build/wa_helper': CMAKE_PREFIX_PATH=${CMAKE_PREFIX_PATH}:/home/theo/dev_ws/install/py_pubsub:/opt/ros/foxy /usr/bin/cmake --install /home/theo/dev_ws/build/wa_helper
[2.239s] -- Install configuration: ""
[2.240s] -- Installing: /home/theo/dev_ws/install/wa_helper/lib/wa_helper/libwa_publisher.a
[2.240s] -- Up-to-date: /home/theo/dev_ws/install/wa_helper/share/ament_index/resource_index/package_run_dependencies/wa_helper
[2.240s] -- Up-to-date: /home/theo/dev_ws/install/wa_helper/share/ament_index/resource_index/parent_prefix_path/wa_helper
[2.240s] -- Up-to-date: /home/theo/dev_ws/install/wa_helper/share/wa_helper/environment/ament_prefix_path.sh
[2.241s] -- Up-to-date: /home/theo/dev_ws/install/wa_helper/share/wa_helper/environment/ament_prefix_path.dsv
[2.241s] -- Up-to-date: /home/theo/dev_ws/install/wa_helper/share/wa_helper/environment/path.sh
[2.241s] -- Up-to-date: /home/theo/dev_ws/install/wa_helper/share/wa_helper/environment/path.dsv
[2.241s] -- Up-to-date: /home/theo/dev_ws/install/wa_helper/share/wa_helper/local_setup.bash
[2.242s] -- Up-to-date: /home/theo/dev_ws/install/wa_helper/share/wa_helper/local_setup.sh
[2.242s] -- Up-to-date: /home/theo/dev_ws/install/wa_helper/share/wa_helper/local_setup.zsh
[2.242s] -- Up-to-date: /home/theo/dev_ws/install/wa_helper/share/wa_helper/local_setup.dsv
[2.242s] -- Installing: /home/theo/dev_ws/install/wa_helper/share/wa_helper/package.dsv
[2.242s] -- Up-to-date: /home/theo/dev_ws/install/wa_helper/share/ament_index/resource_index/packages/wa_helper
[2.243s] -- Up-to-date: /home/theo/dev_ws/install/wa_helper/share/wa_helper/cmake/wa_helperConfig.cmake
[2.243s] -- Up-to-date: /home/theo/dev_ws/install/wa_helper/share/wa_helper/cmake/wa_helperConfig-version.cmake
[2.246s] -- Up-to-date: /home/theo/dev_ws/install/wa_helper/share/wa_helper/package.xml
[2.252s] Invoked command in '/home/theo/dev_ws/build/wa_helper' returned '0': CMAKE_PREFIX_PATH=${CMAKE_PREFIX_PATH}:/home/theo/dev_ws/install/py_pubsub:/opt/ros/foxy /usr/bin/cmake --install /home/theo/dev_ws/build/wa_helper
