[0.026s] Invoking command in '/home/theo/dev_ws/build/cpp_srvcli': CMAKE_PREFIX_PATH=${CMAKE_PREFIX_PATH}:/opt/ros/foxy /usr/bin/cmake /home/theo/dev_ws/src/cpp_srvcli -DCMAKE_INSTALL_PREFIX=/home/theo/dev_ws/install/cpp_srvcli
[0.078s] -- Found ament_cmake: 0.9.7 (/opt/ros/foxy/share/ament_cmake/cmake)
[0.136s] -- Using PYTHON_EXECUTABLE: /usr/bin/python3
[0.566s] -- Found rclcpp: 2.2.0 (/opt/ros/foxy/share/rclcpp/cmake)
[0.633s] -- Using all available rosidl_typesupport_c: rosidl_typesupport_fastrtps_c;rosidl_typesupport_introspection_c
[0.645s] -- Found rosidl_adapter: 1.1.0 (/opt/ros/foxy/share/rosidl_adapter/cmake)
[0.909s] -- Using all available rosidl_typesupport_cpp: rosidl_typesupport_fastrtps_cpp;rosidl_typesupport_introspection_cpp
[1.106s] -- Found rmw_implementation_cmake: 1.0.1 (/opt/ros/foxy/share/rmw_implementation_cmake/cmake)
[1.110s] -- Using RMW implementation 'rmw_fastrtps_cpp' as default
[1.585s] -- Found example_interfaces: 0.9.0 (/opt/ros/foxy/share/example_interfaces/cmake)
[2.088s] -- Configuring done
[2.167s] -- Generating done
[2.192s] -- Build files have been written to: /home/theo/dev_ws/build/cpp_srvcli
[2.217s] Invoked command in '/home/theo/dev_ws/build/cpp_srvcli' returned '0': CMAKE_PREFIX_PATH=${CMAKE_PREFIX_PATH}:/opt/ros/foxy /usr/bin/cmake /home/theo/dev_ws/src/cpp_srvcli -DCMAKE_INSTALL_PREFIX=/home/theo/dev_ws/install/cpp_srvcli
[2.218s] Invoking command in '/home/theo/dev_ws/build/cpp_srvcli': CMAKE_PREFIX_PATH=${CMAKE_PREFIX_PATH}:/opt/ros/foxy /usr/bin/cmake --build /home/theo/dev_ws/build/cpp_srvcli -- -j1 -l1
[2.290s] [35m[1mScanning dependencies of target client[0m
[2.638s] [ 25%] [32mBuilding CXX object CMakeFiles/client.dir/src/add_two_ints_client.cpp.o[0m
[6.381s] [01m[K/home/theo/dev_ws/src/cpp_srvcli/src/add_two_ints_client.cpp:[m[K In function ‘[01m[Kint main(int, char**)[m[K’:
[6.382s] [01m[K/home/theo/dev_ws/src/cpp_srvcli/src/add_two_ints_client.cpp:12:10:[m[K [01;31m[Kerror: [m[K‘[01m[Kinit[m[K’ was not declared in this scope; did you mean ‘[01m[Krclcpp::init[m[K’?
[6.382s]    12 |   rclcpp:[01;31m[Kinit[m[K(argc, argv);
[6.382s]       |          [01;31m[K^~~~[m[K
[6.383s]       |          [32m[Krclcpp::init[m[K
[6.392s] In file included from [01m[K/opt/ros/foxy/include/rclcpp/client.hpp:36[m[K,
[6.392s]                  from [01m[K/opt/ros/foxy/include/rclcpp/callback_group.hpp:23[m[K,
[6.392s]                  from [01m[K/opt/ros/foxy/include/rclcpp/any_executable.hpp:20[m[K,
[6.392s]                  from [01m[K/opt/ros/foxy/include/rclcpp/memory_strategy.hpp:24[m[K,
[6.393s]                  from [01m[K/opt/ros/foxy/include/rclcpp/memory_strategies.hpp:18[m[K,
[6.393s]                  from [01m[K/opt/ros/foxy/include/rclcpp/executor_options.hpp:20[m[K,
[6.393s]                  from [01m[K/opt/ros/foxy/include/rclcpp/executor.hpp:33[m[K,
[6.393s]                  from [01m[K/opt/ros/foxy/include/rclcpp/executors/multi_threaded_executor.hpp:25[m[K,
[6.394s]                  from [01m[K/opt/ros/foxy/include/rclcpp/executors.hpp:21[m[K,
[6.394s]                  from [01m[K/opt/ros/foxy/include/rclcpp/rclcpp.hpp:146[m[K,
[6.394s]                  from [01m[K/home/theo/dev_ws/src/cpp_srvcli/src/add_two_ints_client.cpp:1[m[K:
[6.394s] [01m[K/opt/ros/foxy/include/rclcpp/utilities.hpp:56:1:[m[K [01;36m[Knote: [m[K‘[01m[Krclcpp::init[m[K’ declared here
[6.395s]    56 | [01;36m[Kinit[m[K(int argc, char const * const argv[], const InitOptions & init_options = InitOptions());
[6.395s]       | [01;36m[K^~~~[m[K
[6.413s] [01m[K/home/theo/dev_ws/src/cpp_srvcli/src/add_two_ints_client.cpp:21:25:[m[K [01;31m[Kerror: [m[K‘[01m[Kexample_interface[m[K’ was not declared in this scope; did you mean ‘[01m[Kexample_interfaces[m[K’?
[6.413s]    21 |     node->create_client<[01;31m[Kexample_interface[m[K::src::AddTwoInts>("add_two_ints");
[6.414s]       |                         [01;31m[K^~~~~~~~~~~~~~~~~[m[K
[6.414s]       |                         [32m[Kexample_interfaces[m[K
[6.414s] [01m[K/home/theo/dev_ws/src/cpp_srvcli/src/add_two_ints_client.cpp:21:11:[m[K [01;31m[Kerror: [m[Kparse error in template argument list
[6.414s]    21 |     node->[01;31m[Kcreate_client<example_interface::src::AddTwoInts>[m[K("add_two_ints");
[6.414s]       |           [01;31m[K^~~~~~~~~~~~~~~~~~~~~~~~~~~~~~~~~~~~~~~~~~~~~~~~~[m[K
[6.415s] [01m[K/home/theo/dev_ws/src/cpp_srvcli/src/add_two_ints_client.cpp:21:75:[m[K [01;31m[Kerror: [m[Kno matching function for call to ‘[01m[Krclcpp::Node::create_client<<expression error> >(const char [13])[m[K’
[6.415s]    21 |     node->create_client<example_interface::src::AddTwoInts>("add_two_ints"[01;31m[K)[m[K;
[6.415s]       |                                                                           [01;31m[K^[m[K
[6.416s] In file included from [01m[K/opt/ros/foxy/include/rclcpp/executors/single_threaded_executor.hpp:28[m[K,
[6.416s]                  from [01m[K/opt/ros/foxy/include/rclcpp/executors.hpp:22[m[K,
[6.416s]                  from [01m[K/opt/ros/foxy/include/rclcpp/rclcpp.hpp:146[m[K,
[6.417s]                  from [01m[K/home/theo/dev_ws/src/cpp_srvcli/src/add_two_ints_client.cpp:1[m[K:
[6.417s] [01m[K/opt/ros/foxy/include/rclcpp/node.hpp:246:3:[m[K [01;36m[Knote: [m[Kcandidate: ‘[01m[Ktemplate<class ServiceT> typename rclcpp::Client<ServiceT>::SharedPtr rclcpp::Node::create_client(const string&, const rmw_qos_profile_t&, rclcpp::CallbackGroup::SharedPtr)[m[K’
[6.417s]   246 |   [01;36m[Kcreate_client[m[K(
[6.417s]       |   [01;36m[K^~~~~~~~~~~~~[m[K
[6.417s] [01m[K/opt/ros/foxy/include/rclcpp/node.hpp:246:3:[m[K [01;36m[Knote: [m[K  template argument deduction/substitution failed:
[6.418s] [01m[K/home/theo/dev_ws/src/cpp_srvcli/src/add_two_ints_client.cpp:21:75:[m[K [01;31m[Kerror: [m[Ktemplate argument 1 is invalid
[6.418s]    21 |     node->create_client<example_interface::src::AddTwoInts>("add_two_ints"[01;31m[K)[m[K;
[6.418s]       |                                                                           [01;31m[K^[m[K
[6.424s] [01m[K/home/theo/dev_ws/src/cpp_srvcli/src/add_two_ints_client.cpp:23:23:[m[K [01;31m[Kerror: [m[Kparse error in template argument list
[6.424s]    23 |   auto request = std::[01;31m[Kmake_shared<example_interface::srv::AddTwoInts::Request>[m[K();
[6.424s]       |                       [01;31m[K^~~~~~~~~~~~~~~~~~~~~~~~~~~~~~~~~~~~~~~~~~~~~~~~~~~~~~~~[m[K
[6.424s] [01m[K/home/theo/dev_ws/src/cpp_srvcli/src/add_two_ints_client.cpp:23:80:[m[K [01;31m[Kerror: [m[Kno matching function for call to ‘[01m[Kmake_shared<example_interface>()[m[K’
[6.424s]    23 |   auto request = std::make_shared<example_interface::srv::AddTwoInts::Request>([01;31m[K)[m[K;
[6.424s]       |                                                                                [01;31m[K^[m[K
[6.425s] In file included from [01m[K/usr/include/c++/9/memory:81[m[K,
[6.425s]                  from [01m[K/opt/ros/foxy/include/rclcpp/rclcpp.hpp:144[m[K,
[6.425s]                  from [01m[K/home/theo/dev_ws/src/cpp_srvcli/src/add_two_ints_client.cpp:1[m[K:
[6.425s] [01m[K/usr/include/c++/9/bits/shared_ptr.h:714:5:[m[K [01;36m[Knote: [m[Kcandidate: ‘[01m[Ktemplate<class _Tp, class ... _Args> std::shared_ptr<_Tp> std::make_shared(_Args&& ...)[m[K’
[6.425s]   714 |     [01;36m[Kmake_shared[m[K(_Args&&... __args)
[6.425s]       |     [01;36m[K^~~~~~~~~~~[m[K
[6.425s] [01m[K/usr/include/c++/9/bits/shared_ptr.h:714:5:[m[K [01;36m[Knote: [m[K  template argument deduction/substitution failed:
[6.426s] [01m[K/home/theo/dev_ws/src/cpp_srvcli/src/add_two_ints_client.cpp:36:48:[m[K [01;31m[Kerror: [m[K‘[01m[Kresult[m[K’ was not declared in this scope
[6.426s]    36 |   if (rclcpp::spin_until_future_complete(node, [01;31m[Kresult[m[K) == rclcpp::FutureReturnCode::SUCCESS) {
[6.426s]       |                                                [01;31m[K^~~~~~[m[K
[7.295s] make[2]: *** [CMakeFiles/client.dir/build.make:63: CMakeFiles/client.dir/src/add_two_ints_client.cpp.o] Error 1
[7.301s] make[1]: *** [CMakeFiles/Makefile2:80: CMakeFiles/client.dir/all] Error 2
[7.301s] make: *** [Makefile:141: all] Error 2
[7.302s] Invoked command in '/home/theo/dev_ws/build/cpp_srvcli' returned '2': CMAKE_PREFIX_PATH=${CMAKE_PREFIX_PATH}:/opt/ros/foxy /usr/bin/cmake --build /home/theo/dev_ws/build/cpp_srvcli -- -j1 -l1
