[0.228s] DEBUG:colcon:Command line arguments: ['/usr/bin/colcon', 'build', '--packages-select', 'wa_helper', 'wa_pubsub']
[0.228s] DEBUG:colcon:Parsed command line arguments: Namespace(ament_cmake_args=None, base_paths=['.'], build_base='build', catkin_cmake_args=None, catkin_skip_building_tests=False, cmake_args=None, cmake_clean_cache=False, cmake_clean_first=False, cmake_force_configure=False, cmake_target=None, cmake_target_skip_unavailable=False, continue_on_error=False, event_handlers=None, executor='parallel', ignore_user_meta=False, install_base='install', log_base=None, log_level=None, main=<bound method BuildVerb.main of <colcon_core.verb.build.BuildVerb object at 0x7f497d362910>>, merge_install=False, metas=['./colcon.meta'], packages_above=None, packages_above_and_dependencies=None, packages_above_depth=None, packages_end=None, packages_ignore=None, packages_ignore_regex=None, packages_select=['wa_helper', 'wa_pubsub'], packages_select_build_failed=False, packages_select_by_dep=None, packages_select_regex=None, packages_select_test_failures=False, packages_skip=None, packages_skip_build_finished=False, packages_skip_by_dep=None, packages_skip_regex=None, packages_skip_test_passed=False, packages_skip_up_to=None, packages_start=None, packages_up_to=None, packages_up_to_regex=None, parallel_workers=1, paths=None, symlink_install=False, test_result_base=None, verb_extension=<colcon_core.verb.build.BuildVerb object at 0x7f497d362910>, verb_name='build', verb_parser=<colcon_defaults.argument_parser.defaults.DefaultArgumentsDecorator object at 0x7f497d362e80>)
[0.237s] Level 1:colcon.colcon_core.package_discovery:discover_packages(colcon_meta) check parameters
[0.237s] Level 1:colcon.colcon_core.package_discovery:discover_packages(recursive) check parameters
[0.237s] Level 1:colcon.colcon_core.package_discovery:discover_packages(ignore) check parameters
[0.237s] Level 1:colcon.colcon_core.package_discovery:discover_packages(path) check parameters
[0.237s] Level 1:colcon.colcon_core.package_discovery:discover_packages(colcon_meta) discover
[0.237s] Level 1:colcon.colcon_core.package_discovery:discover_packages(recursive) discover
[0.237s] INFO:colcon.colcon_core.package_discovery:Crawling recursively for packages in '/home/theo/dev_ws'
[0.237s] Level 1:colcon.colcon_core.package_identification:_identify(.) by extensions ['ignore', 'ignore_ament_install']
[0.237s] Level 1:colcon.colcon_core.package_identification:_identify(.) by extension 'ignore'
[0.237s] Level 1:colcon.colcon_core.package_identification:_identify(.) by extension 'ignore_ament_install'
[0.237s] Level 1:colcon.colcon_core.package_identification:_identify(.) by extensions ['colcon_pkg']
[0.237s] Level 1:colcon.colcon_core.package_identification:_identify(.) by extension 'colcon_pkg'
[0.237s] Level 1:colcon.colcon_core.package_identification:_identify(.) by extensions ['colcon_meta']
[0.237s] Level 1:colcon.colcon_core.package_identification:_identify(.) by extension 'colcon_meta'
[0.238s] Level 1:colcon.colcon_core.package_identification:_identify(.) by extensions ['ros']
[0.238s] Level 1:colcon.colcon_core.package_identification:_identify(.) by extension 'ros'
[0.253s] Level 1:colcon.colcon_core.package_identification:_identify(.) by extensions ['cmake', 'python']
[0.253s] Level 1:colcon.colcon_core.package_identification:_identify(.) by extension 'cmake'
[0.253s] Level 1:colcon.colcon_core.package_identification:_identify(.) by extension 'python'
[0.253s] Level 1:colcon.colcon_core.package_identification:_identify(.) by extensions ['python_setup_py']
[0.253s] Level 1:colcon.colcon_core.package_identification:_identify(.) by extension 'python_setup_py'
[0.253s] Level 1:colcon.colcon_core.package_identification:_identify(build) by extensions ['ignore', 'ignore_ament_install']
[0.253s] Level 1:colcon.colcon_core.package_identification:_identify(build) by extension 'ignore'
[0.253s] Level 1:colcon.colcon_core.package_identification:_identify(build) ignored
[0.254s] Level 1:colcon.colcon_core.package_identification:_identify(install) by extensions ['ignore', 'ignore_ament_install']
[0.254s] Level 1:colcon.colcon_core.package_identification:_identify(install) by extension 'ignore'
[0.254s] Level 1:colcon.colcon_core.package_identification:_identify(install) ignored
[0.254s] Level 1:colcon.colcon_core.package_identification:_identify(launch) by extensions ['ignore', 'ignore_ament_install']
[0.254s] Level 1:colcon.colcon_core.package_identification:_identify(launch) by extension 'ignore'
[0.254s] Level 1:colcon.colcon_core.package_identification:_identify(launch) by extension 'ignore_ament_install'
[0.254s] Level 1:colcon.colcon_core.package_identification:_identify(launch) by extensions ['colcon_pkg']
[0.254s] Level 1:colcon.colcon_core.package_identification:_identify(launch) by extension 'colcon_pkg'
[0.254s] Level 1:colcon.colcon_core.package_identification:_identify(launch) by extensions ['colcon_meta']
[0.254s] Level 1:colcon.colcon_core.package_identification:_identify(launch) by extension 'colcon_meta'
[0.254s] Level 1:colcon.colcon_core.package_identification:_identify(launch) by extensions ['ros']
[0.254s] Level 1:colcon.colcon_core.package_identification:_identify(launch) by extension 'ros'
[0.254s] Level 1:colcon.colcon_core.package_identification:_identify(launch) by extensions ['cmake', 'python']
[0.254s] Level 1:colcon.colcon_core.package_identification:_identify(launch) by extension 'cmake'
[0.255s] Level 1:colcon.colcon_core.package_identification:_identify(launch) by extension 'python'
[0.255s] Level 1:colcon.colcon_core.package_identification:_identify(launch) by extensions ['python_setup_py']
[0.255s] Level 1:colcon.colcon_core.package_identification:_identify(launch) by extension 'python_setup_py'
[0.255s] Level 1:colcon.colcon_core.package_identification:_identify(launch/__pycache__) by extensions ['ignore', 'ignore_ament_install']
[0.255s] Level 1:colcon.colcon_core.package_identification:_identify(launch/__pycache__) by extension 'ignore'
[0.255s] Level 1:colcon.colcon_core.package_identification:_identify(launch/__pycache__) by extension 'ignore_ament_install'
[0.255s] Level 1:colcon.colcon_core.package_identification:_identify(launch/__pycache__) by extensions ['colcon_pkg']
[0.255s] Level 1:colcon.colcon_core.package_identification:_identify(launch/__pycache__) by extension 'colcon_pkg'
[0.255s] Level 1:colcon.colcon_core.package_identification:_identify(launch/__pycache__) by extensions ['colcon_meta']
[0.255s] Level 1:colcon.colcon_core.package_identification:_identify(launch/__pycache__) by extension 'colcon_meta'
[0.255s] Level 1:colcon.colcon_core.package_identification:_identify(launch/__pycache__) by extensions ['ros']
[0.255s] Level 1:colcon.colcon_core.package_identification:_identify(launch/__pycache__) by extension 'ros'
[0.255s] Level 1:colcon.colcon_core.package_identification:_identify(launch/__pycache__) by extensions ['cmake', 'python']
[0.255s] Level 1:colcon.colcon_core.package_identification:_identify(launch/__pycache__) by extension 'cmake'
[0.255s] Level 1:colcon.colcon_core.package_identification:_identify(launch/__pycache__) by extension 'python'
[0.255s] Level 1:colcon.colcon_core.package_identification:_identify(launch/__pycache__) by extensions ['python_setup_py']
[0.256s] Level 1:colcon.colcon_core.package_identification:_identify(launch/__pycache__) by extension 'python_setup_py'
[0.256s] Level 1:colcon.colcon_core.package_identification:_identify(log) by extensions ['ignore', 'ignore_ament_install']
[0.256s] Level 1:colcon.colcon_core.package_identification:_identify(log) by extension 'ignore'
[0.256s] Level 1:colcon.colcon_core.package_identification:_identify(log) ignored
[0.256s] Level 1:colcon.colcon_core.package_identification:_identify(src) by extensions ['ignore', 'ignore_ament_install']
[0.256s] Level 1:colcon.colcon_core.package_identification:_identify(src) by extension 'ignore'
[0.256s] Level 1:colcon.colcon_core.package_identification:_identify(src) by extension 'ignore_ament_install'
[0.256s] Level 1:colcon.colcon_core.package_identification:_identify(src) by extensions ['colcon_pkg']
[0.256s] Level 1:colcon.colcon_core.package_identification:_identify(src) by extension 'colcon_pkg'
[0.257s] Level 1:colcon.colcon_core.package_identification:_identify(src) by extensions ['colcon_meta']
[0.257s] Level 1:colcon.colcon_core.package_identification:_identify(src) by extension 'colcon_meta'
[0.257s] Level 1:colcon.colcon_core.package_identification:_identify(src) by extensions ['ros']
[0.257s] Level 1:colcon.colcon_core.package_identification:_identify(src) by extension 'ros'
[0.257s] Level 1:colcon.colcon_core.package_identification:_identify(src) by extensions ['cmake', 'python']
[0.257s] Level 1:colcon.colcon_core.package_identification:_identify(src) by extension 'cmake'
[0.257s] Level 1:colcon.colcon_core.package_identification:_identify(src) by extension 'python'
[0.257s] Level 1:colcon.colcon_core.package_identification:_identify(src) by extensions ['python_setup_py']
[0.257s] Level 1:colcon.colcon_core.package_identification:_identify(src) by extension 'python_setup_py'
[0.257s] Level 1:colcon.colcon_core.package_identification:_identify(src/cpp_pubsub) by extensions ['ignore', 'ignore_ament_install']
[0.257s] Level 1:colcon.colcon_core.package_identification:_identify(src/cpp_pubsub) by extension 'ignore'
[0.257s] Level 1:colcon.colcon_core.package_identification:_identify(src/cpp_pubsub) by extension 'ignore_ament_install'
[0.257s] Level 1:colcon.colcon_core.package_identification:_identify(src/cpp_pubsub) by extensions ['colcon_pkg']
[0.257s] Level 1:colcon.colcon_core.package_identification:_identify(src/cpp_pubsub) by extension 'colcon_pkg'
[0.257s] Level 1:colcon.colcon_core.package_identification:_identify(src/cpp_pubsub) by extensions ['colcon_meta']
[0.257s] Level 1:colcon.colcon_core.package_identification:_identify(src/cpp_pubsub) by extension 'colcon_meta'
[0.258s] Level 1:colcon.colcon_core.package_identification:_identify(src/cpp_pubsub) by extensions ['ros']
[0.258s] Level 1:colcon.colcon_core.package_identification:_identify(src/cpp_pubsub) by extension 'ros'
[0.262s] DEBUG:colcon.colcon_core.package_identification:Package 'src/cpp_pubsub' with type 'ros.ament_cmake' and name 'cpp_pubsub'
[0.262s] Level 1:colcon.colcon_core.package_identification:_identify(src/cpp_srvcli) by extensions ['ignore', 'ignore_ament_install']
[0.262s] Level 1:colcon.colcon_core.package_identification:_identify(src/cpp_srvcli) by extension 'ignore'
[0.262s] Level 1:colcon.colcon_core.package_identification:_identify(src/cpp_srvcli) by extension 'ignore_ament_install'
[0.262s] Level 1:colcon.colcon_core.package_identification:_identify(src/cpp_srvcli) by extensions ['colcon_pkg']
[0.262s] Level 1:colcon.colcon_core.package_identification:_identify(src/cpp_srvcli) by extension 'colcon_pkg'
[0.262s] Level 1:colcon.colcon_core.package_identification:_identify(src/cpp_srvcli) by extensions ['colcon_meta']
[0.262s] Level 1:colcon.colcon_core.package_identification:_identify(src/cpp_srvcli) by extension 'colcon_meta'
[0.262s] Level 1:colcon.colcon_core.package_identification:_identify(src/cpp_srvcli) by extensions ['ros']
[0.263s] Level 1:colcon.colcon_core.package_identification:_identify(src/cpp_srvcli) by extension 'ros'
[0.263s] DEBUG:colcon.colcon_core.package_identification:Package 'src/cpp_srvcli' with type 'ros.ament_cmake' and name 'cpp_srvcli'
[0.264s] Level 1:colcon.colcon_core.package_identification:_identify(src/my_package) by extensions ['ignore', 'ignore_ament_install']
[0.264s] Level 1:colcon.colcon_core.package_identification:_identify(src/my_package) by extension 'ignore'
[0.264s] Level 1:colcon.colcon_core.package_identification:_identify(src/my_package) by extension 'ignore_ament_install'
[0.264s] Level 1:colcon.colcon_core.package_identification:_identify(src/my_package) by extensions ['colcon_pkg']
[0.264s] Level 1:colcon.colcon_core.package_identification:_identify(src/my_package) by extension 'colcon_pkg'
[0.264s] Level 1:colcon.colcon_core.package_identification:_identify(src/my_package) by extensions ['colcon_meta']
[0.264s] Level 1:colcon.colcon_core.package_identification:_identify(src/my_package) by extension 'colcon_meta'
[0.264s] Level 1:colcon.colcon_core.package_identification:_identify(src/my_package) by extensions ['ros']
[0.264s] Level 1:colcon.colcon_core.package_identification:_identify(src/my_package) by extension 'ros'
[0.265s] DEBUG:colcon.colcon_core.package_identification:Package 'src/my_package' with type 'ros.ament_cmake' and name 'my_package'
[0.265s] Level 1:colcon.colcon_core.package_identification:_identify(src/py_pubsub) by extensions ['ignore', 'ignore_ament_install']
[0.265s] Level 1:colcon.colcon_core.package_identification:_identify(src/py_pubsub) by extension 'ignore'
[0.265s] Level 1:colcon.colcon_core.package_identification:_identify(src/py_pubsub) by extension 'ignore_ament_install'
[0.265s] Level 1:colcon.colcon_core.package_identification:_identify(src/py_pubsub) by extensions ['colcon_pkg']
[0.265s] Level 1:colcon.colcon_core.package_identification:_identify(src/py_pubsub) by extension 'colcon_pkg'
[0.265s] Level 1:colcon.colcon_core.package_identification:_identify(src/py_pubsub) by extensions ['colcon_meta']
[0.265s] Level 1:colcon.colcon_core.package_identification:_identify(src/py_pubsub) by extension 'colcon_meta'
[0.265s] Level 1:colcon.colcon_core.package_identification:_identify(src/py_pubsub) by extensions ['ros']
[0.265s] Level 1:colcon.colcon_core.package_identification:_identify(src/py_pubsub) by extension 'ros'
[0.266s] DEBUG:colcon.colcon_core.package_identification:Package 'src/py_pubsub' with type 'ros.ament_python' and name 'py_pubsub'
[0.266s] Level 1:colcon.colcon_core.package_identification:_identify(src/tutorial_interfaces) by extensions ['ignore', 'ignore_ament_install']
[0.266s] Level 1:colcon.colcon_core.package_identification:_identify(src/tutorial_interfaces) by extension 'ignore'
[0.266s] Level 1:colcon.colcon_core.package_identification:_identify(src/tutorial_interfaces) by extension 'ignore_ament_install'
[0.266s] Level 1:colcon.colcon_core.package_identification:_identify(src/tutorial_interfaces) by extensions ['colcon_pkg']
[0.266s] Level 1:colcon.colcon_core.package_identification:_identify(src/tutorial_interfaces) by extension 'colcon_pkg'
[0.267s] Level 1:colcon.colcon_core.package_identification:_identify(src/tutorial_interfaces) by extensions ['colcon_meta']
[0.267s] Level 1:colcon.colcon_core.package_identification:_identify(src/tutorial_interfaces) by extension 'colcon_meta'
[0.267s] Level 1:colcon.colcon_core.package_identification:_identify(src/tutorial_interfaces) by extensions ['ros']
[0.267s] Level 1:colcon.colcon_core.package_identification:_identify(src/tutorial_interfaces) by extension 'ros'
[0.267s] DEBUG:colcon.colcon_core.package_identification:Package 'src/tutorial_interfaces' with type 'ros.ament_cmake' and name 'tutorial_interfaces'
[0.268s] Level 1:colcon.colcon_core.package_identification:_identify(src/wa_helper) by extensions ['ignore', 'ignore_ament_install']
[0.268s] Level 1:colcon.colcon_core.package_identification:_identify(src/wa_helper) by extension 'ignore'
[0.268s] Level 1:colcon.colcon_core.package_identification:_identify(src/wa_helper) by extension 'ignore_ament_install'
[0.268s] Level 1:colcon.colcon_core.package_identification:_identify(src/wa_helper) by extensions ['colcon_pkg']
[0.268s] Level 1:colcon.colcon_core.package_identification:_identify(src/wa_helper) by extension 'colcon_pkg'
[0.268s] Level 1:colcon.colcon_core.package_identification:_identify(src/wa_helper) by extensions ['colcon_meta']
[0.268s] Level 1:colcon.colcon_core.package_identification:_identify(src/wa_helper) by extension 'colcon_meta'
[0.268s] Level 1:colcon.colcon_core.package_identification:_identify(src/wa_helper) by extensions ['ros']
[0.268s] Level 1:colcon.colcon_core.package_identification:_identify(src/wa_helper) by extension 'ros'
[0.269s] DEBUG:colcon.colcon_core.package_identification:Package 'src/wa_helper' with type 'ros.ament_cmake' and name 'wa_helper'
[0.269s] Level 1:colcon.colcon_core.package_identification:_identify(src/wa_pubsub) by extensions ['ignore', 'ignore_ament_install']
[0.269s] Level 1:colcon.colcon_core.package_identification:_identify(src/wa_pubsub) by extension 'ignore'
[0.269s] Level 1:colcon.colcon_core.package_identification:_identify(src/wa_pubsub) by extension 'ignore_ament_install'
[0.269s] Level 1:colcon.colcon_core.package_identification:_identify(src/wa_pubsub) by extensions ['colcon_pkg']
[0.269s] Level 1:colcon.colcon_core.package_identification:_identify(src/wa_pubsub) by extension 'colcon_pkg'
[0.269s] Level 1:colcon.colcon_core.package_identification:_identify(src/wa_pubsub) by extensions ['colcon_meta']
[0.269s] Level 1:colcon.colcon_core.package_identification:_identify(src/wa_pubsub) by extension 'colcon_meta'
[0.269s] Level 1:colcon.colcon_core.package_identification:_identify(src/wa_pubsub) by extensions ['ros']
[0.269s] Level 1:colcon.colcon_core.package_identification:_identify(src/wa_pubsub) by extension 'ros'
[0.270s] DEBUG:colcon.colcon_core.package_identification:Package 'src/wa_pubsub' with type 'ros.ament_cmake' and name 'wa_pubsub'
[0.270s] Level 1:colcon.colcon_core.package_discovery:discover_packages(recursive) using defaults
[0.271s] Level 1:colcon.colcon_core.package_discovery:discover_packages(ignore) discover
[0.271s] Level 1:colcon.colcon_core.package_discovery:discover_packages(ignore) using defaults
[0.271s] Level 1:colcon.colcon_core.package_discovery:discover_packages(path) discover
[0.271s] Level 1:colcon.colcon_core.package_discovery:discover_packages(path) using defaults
[0.295s] INFO:colcon.colcon_core.package_selection:Skipping not selected package 'my_package' in 'src/my_package'
[0.295s] INFO:colcon.colcon_core.package_selection:Skipping not selected package 'py_pubsub' in 'src/py_pubsub'
[0.295s] INFO:colcon.colcon_core.package_selection:Skipping not selected package 'tutorial_interfaces' in 'src/tutorial_interfaces'
[0.295s] INFO:colcon.colcon_core.package_selection:Skipping not selected package 'cpp_pubsub' in 'src/cpp_pubsub'
[0.295s] INFO:colcon.colcon_core.package_selection:Skipping not selected package 'cpp_srvcli' in 'src/cpp_srvcli'
[0.299s] Level 5:colcon.colcon_core.verb:set package 'wa_helper' build argument 'cmake_args' from command line to 'None'
[0.299s] Level 5:colcon.colcon_core.verb:set package 'wa_helper' build argument 'cmake_target' from command line to 'None'
[0.299s] Level 5:colcon.colcon_core.verb:set package 'wa_helper' build argument 'cmake_target_skip_unavailable' from command line to 'False'
[0.299s] Level 5:colcon.colcon_core.verb:set package 'wa_helper' build argument 'cmake_clean_cache' from command line to 'False'
[0.299s] Level 5:colcon.colcon_core.verb:set package 'wa_helper' build argument 'cmake_clean_first' from command line to 'False'
[0.299s] Level 5:colcon.colcon_core.verb:set package 'wa_helper' build argument 'cmake_force_configure' from command line to 'False'
[0.299s] Level 5:colcon.colcon_core.verb:set package 'wa_helper' build argument 'ament_cmake_args' from command line to 'None'
[0.299s] Level 5:colcon.colcon_core.verb:set package 'wa_helper' build argument 'catkin_cmake_args' from command line to 'None'
[0.299s] Level 5:colcon.colcon_core.verb:set package 'wa_helper' build argument 'catkin_skip_building_tests' from command line to 'False'
[0.300s] DEBUG:colcon.colcon_core.verb:Building package 'wa_helper' with the following arguments: {'ament_cmake_args': None, 'build_base': '/home/theo/dev_ws/build/wa_helper', 'catkin_cmake_args': None, 'catkin_skip_building_tests': False, 'cmake_args': None, 'cmake_clean_cache': False, 'cmake_clean_first': False, 'cmake_force_configure': False, 'cmake_target': None, 'cmake_target_skip_unavailable': False, 'install_base': '/home/theo/dev_ws/install/wa_helper', 'merge_install': False, 'path': '/home/theo/dev_ws/src/wa_helper', 'symlink_install': False, 'test_result_base': None}
[0.304s] Level 5:colcon.colcon_core.verb:set package 'wa_pubsub' build argument 'cmake_args' from command line to 'None'
[0.304s] Level 5:colcon.colcon_core.verb:set package 'wa_pubsub' build argument 'cmake_target' from command line to 'None'
[0.304s] Level 5:colcon.colcon_core.verb:set package 'wa_pubsub' build argument 'cmake_target_skip_unavailable' from command line to 'False'
[0.304s] Level 5:colcon.colcon_core.verb:set package 'wa_pubsub' build argument 'cmake_clean_cache' from command line to 'False'
[0.304s] Level 5:colcon.colcon_core.verb:set package 'wa_pubsub' build argument 'cmake_clean_first' from command line to 'False'
[0.304s] Level 5:colcon.colcon_core.verb:set package 'wa_pubsub' build argument 'cmake_force_configure' from command line to 'False'
[0.304s] Level 5:colcon.colcon_core.verb:set package 'wa_pubsub' build argument 'ament_cmake_args' from command line to 'None'
[0.304s] Level 5:colcon.colcon_core.verb:set package 'wa_pubsub' build argument 'catkin_cmake_args' from command line to 'None'
[0.304s] Level 5:colcon.colcon_core.verb:set package 'wa_pubsub' build argument 'catkin_skip_building_tests' from command line to 'False'
[0.304s] DEBUG:colcon.colcon_core.verb:Building package 'wa_pubsub' with the following arguments: {'ament_cmake_args': None, 'build_base': '/home/theo/dev_ws/build/wa_pubsub', 'catkin_cmake_args': None, 'catkin_skip_building_tests': False, 'cmake_args': None, 'cmake_clean_cache': False, 'cmake_clean_first': False, 'cmake_force_configure': False, 'cmake_target': None, 'cmake_target_skip_unavailable': False, 'install_base': '/home/theo/dev_ws/install/wa_pubsub', 'merge_install': False, 'path': '/home/theo/dev_ws/src/wa_pubsub', 'symlink_install': False, 'test_result_base': None}
[0.304s] INFO:colcon.colcon_core.executor:Executing jobs using 'parallel' executor
[0.307s] DEBUG:colcon.colcon_parallel_executor.executor.parallel:run_until_complete
[0.307s] INFO:colcon.colcon_ros.task.ament_cmake.build:Building ROS package in '/home/theo/dev_ws/src/wa_helper' with build type 'ament_cmake'
[0.307s] INFO:colcon.colcon_cmake.task.cmake.build:Building CMake package in '/home/theo/dev_ws/src/wa_helper'
[0.311s] INFO:colcon.colcon_core.plugin_system:Skipping extension 'colcon_core.shell.bat': Not used on non-Windows systems
[0.311s] INFO:colcon.colcon_core.shell:Skip shell extension 'powershell' for command environment: Not usable outside of PowerShell
[0.311s] DEBUG:colcon.colcon_core.shell:Skip shell extension 'dsv' for command environment
[0.316s] DEBUG:colcon.colcon_core.shell:Ignoring prefix path '/opt/ros/foxy'
[0.327s] DEBUG:colcon.colcon_core.event_handler.log_command:Invoking command in '/home/theo/dev_ws/build/wa_helper': CMAKE_PREFIX_PATH=${CMAKE_PREFIX_PATH}:/home/theo/dev_ws/install/py_pubsub:/opt/ros/foxy /usr/bin/cmake --build /home/theo/dev_ws/build/wa_helper -- -j1 -l1
[0.467s] DEBUG:colcon.colcon_core.event_handler.log_command:Invoked command in '/home/theo/dev_ws/build/wa_helper' returned '0': CMAKE_PREFIX_PATH=${CMAKE_PREFIX_PATH}:/home/theo/dev_ws/install/py_pubsub:/opt/ros/foxy /usr/bin/cmake --build /home/theo/dev_ws/build/wa_helper -- -j1 -l1
[0.523s] DEBUG:colcon.colcon_core.event_handler.log_command:Invoking command in '/home/theo/dev_ws/build/wa_helper': CMAKE_PREFIX_PATH=${CMAKE_PREFIX_PATH}:/home/theo/dev_ws/install/py_pubsub:/opt/ros/foxy /usr/bin/cmake --install /home/theo/dev_ws/build/wa_helper
[0.549s] Level 1:colcon.colcon_core.environment:create_environment_scripts_only(wa_helper)
[0.550s] DEBUG:colcon.colcon_core.event_handler.log_command:Invoked command in '/home/theo/dev_ws/build/wa_helper' returned '0': CMAKE_PREFIX_PATH=${CMAKE_PREFIX_PATH}:/home/theo/dev_ws/install/py_pubsub:/opt/ros/foxy /usr/bin/cmake --install /home/theo/dev_ws/build/wa_helper
[0.554s] Level 1:colcon.colcon_core.environment:checking '/home/theo/dev_ws/install/wa_helper' for CMake module files
[0.555s] Level 1:colcon.colcon_core.environment:checking '/home/theo/dev_ws/install/wa_helper' for CMake config files
[0.557s] Level 1:colcon.colcon_core.shell:create_environment_hook('wa_helper', 'cmake_prefix_path')
[0.558s] INFO:colcon.colcon_core.shell:Creating environment hook '/home/theo/dev_ws/install/wa_helper/share/wa_helper/hook/cmake_prefix_path.ps1'
[0.560s] INFO:colcon.colcon_core.shell:Creating environment descriptor '/home/theo/dev_ws/install/wa_helper/share/wa_helper/hook/cmake_prefix_path.dsv'
[0.561s] INFO:colcon.colcon_core.shell:Creating environment hook '/home/theo/dev_ws/install/wa_helper/share/wa_helper/hook/cmake_prefix_path.sh'
[0.563s] Level 1:colcon.colcon_core.environment:checking '/home/theo/dev_ws/install/wa_helper/lib'
[0.563s] Level 1:colcon.colcon_core.environment:checking '/home/theo/dev_ws/install/wa_helper/bin'
[0.563s] Level 1:colcon.colcon_core.environment:checking '/home/theo/dev_ws/install/wa_helper/lib/pkgconfig/wa_helper.pc'
[0.563s] Level 1:colcon.colcon_core.environment:checking '/home/theo/dev_ws/install/wa_helper/lib/python3.8/site-packages'
[0.564s] INFO:colcon.colcon_core.shell:Creating package script '/home/theo/dev_ws/install/wa_helper/share/wa_helper/package.ps1'
[0.565s] INFO:colcon.colcon_core.shell:Creating package descriptor '/home/theo/dev_ws/install/wa_helper/share/wa_helper/package.dsv'
[0.566s] INFO:colcon.colcon_core.shell:Creating package script '/home/theo/dev_ws/install/wa_helper/share/wa_helper/package.sh'
[0.567s] INFO:colcon.colcon_core.shell:Creating package script '/home/theo/dev_ws/install/wa_helper/share/wa_helper/package.bash'
[0.568s] INFO:colcon.colcon_core.shell:Creating package script '/home/theo/dev_ws/install/wa_helper/share/wa_helper/package.zsh'
[0.569s] Level 1:colcon.colcon_core.environment:create_file_with_runtime_dependencies(/home/theo/dev_ws/install/wa_helper/share/colcon-core/packages/wa_helper)
[0.595s] Level 1:colcon.colcon_core.environment:create_environment_scripts_only(wa_helper)
[0.596s] Level 1:colcon.colcon_core.environment:checking '/home/theo/dev_ws/install/wa_helper' for CMake module files
[0.597s] Level 1:colcon.colcon_core.environment:checking '/home/theo/dev_ws/install/wa_helper' for CMake config files
[0.597s] Level 1:colcon.colcon_core.shell:create_environment_hook('wa_helper', 'cmake_prefix_path')
[0.598s] INFO:colcon.colcon_core.shell:Creating environment hook '/home/theo/dev_ws/install/wa_helper/share/wa_helper/hook/cmake_prefix_path.ps1'
[0.600s] INFO:colcon.colcon_core.shell:Creating environment descriptor '/home/theo/dev_ws/install/wa_helper/share/wa_helper/hook/cmake_prefix_path.dsv'
[0.600s] INFO:colcon.colcon_core.shell:Creating environment hook '/home/theo/dev_ws/install/wa_helper/share/wa_helper/hook/cmake_prefix_path.sh'
[0.601s] Level 1:colcon.colcon_core.environment:checking '/home/theo/dev_ws/install/wa_helper/lib'
[0.601s] Level 1:colcon.colcon_core.environment:checking '/home/theo/dev_ws/install/wa_helper/bin'
[0.601s] Level 1:colcon.colcon_core.environment:checking '/home/theo/dev_ws/install/wa_helper/lib/pkgconfig/wa_helper.pc'
[0.601s] Level 1:colcon.colcon_core.environment:checking '/home/theo/dev_ws/install/wa_helper/lib/python3.8/site-packages'
[0.602s] INFO:colcon.colcon_core.shell:Creating package script '/home/theo/dev_ws/install/wa_helper/share/wa_helper/package.ps1'
[0.602s] INFO:colcon.colcon_core.shell:Creating package descriptor '/home/theo/dev_ws/install/wa_helper/share/wa_helper/package.dsv'
[0.603s] INFO:colcon.colcon_core.shell:Creating package script '/home/theo/dev_ws/install/wa_helper/share/wa_helper/package.sh'
[0.603s] INFO:colcon.colcon_core.shell:Creating package script '/home/theo/dev_ws/install/wa_helper/share/wa_helper/package.bash'
[0.604s] INFO:colcon.colcon_core.shell:Creating package script '/home/theo/dev_ws/install/wa_helper/share/wa_helper/package.zsh'
[0.604s] Level 1:colcon.colcon_core.environment:create_file_with_runtime_dependencies(/home/theo/dev_ws/install/wa_helper/share/colcon-core/packages/wa_helper)
[0.606s] INFO:colcon.colcon_ros.task.ament_cmake.build:Building ROS package in '/home/theo/dev_ws/src/wa_pubsub' with build type 'ament_cmake'
[0.606s] INFO:colcon.colcon_cmake.task.cmake.build:Building CMake package in '/home/theo/dev_ws/src/wa_pubsub'
[0.607s] INFO:colcon.colcon_core.shell:Skip shell extension 'powershell' for command environment: Not usable outside of PowerShell
[0.607s] DEBUG:colcon.colcon_core.shell:Skip shell extension 'dsv' for command environment
[0.610s] DEBUG:colcon.colcon_core.shell:Ignoring prefix path '/opt/ros/foxy'
[0.633s] DEBUG:colcon.colcon_core.event_handler.log_command:Invoking command in '/home/theo/dev_ws/build/wa_pubsub': CMAKE_PREFIX_PATH=/home/theo/dev_ws/install/wa_helper:/home/theo/dev_ws/install/tutorial_interfaces:/home/theo/dev_ws/install/cpp_srvcli:/home/theo/dev_ws/install/cpp_pubsub:/home/theo/dev_ws/install/turtlesim:/home/theo/dev_ws/install/my_package:/home/theo/dev_ws/install/py_pubsub:/opt/ros/foxy LD_LIBRARY_PATH=/home/theo/dev_ws/install/tutorial_interfaces/lib:/home/theo/dev_ws/install/wa_helper/lib:/home/theo/dev_ws/install/turtlesim/lib:/opt/ros/foxy/opt/yaml_cpp_vendor/lib:/opt/ros/foxy/opt/rviz_ogre_vendor/lib:/opt/ros/foxy/lib/x86_64-linux-gnu:/opt/ros/foxy/lib /usr/bin/cmake --build /home/theo/dev_ws/build/wa_pubsub -- -j1 -l1
[1.915s] DEBUG:colcon.colcon_core.event_handler.log_command:Invoked command in '/home/theo/dev_ws/build/wa_pubsub' returned '2': CMAKE_PREFIX_PATH=/home/theo/dev_ws/install/wa_helper:/home/theo/dev_ws/install/tutorial_interfaces:/home/theo/dev_ws/install/cpp_srvcli:/home/theo/dev_ws/install/cpp_pubsub:/home/theo/dev_ws/install/turtlesim:/home/theo/dev_ws/install/my_package:/home/theo/dev_ws/install/py_pubsub:/opt/ros/foxy LD_LIBRARY_PATH=/home/theo/dev_ws/install/tutorial_interfaces/lib:/home/theo/dev_ws/install/wa_helper/lib:/home/theo/dev_ws/install/turtlesim/lib:/opt/ros/foxy/opt/yaml_cpp_vendor/lib:/opt/ros/foxy/opt/rviz_ogre_vendor/lib:/opt/ros/foxy/lib/x86_64-linux-gnu:/opt/ros/foxy/lib /usr/bin/cmake --build /home/theo/dev_ws/build/wa_pubsub -- -j1 -l1
[1.940s] Level 1:colcon.colcon_core.environment:create_environment_scripts_only(wa_pubsub)
[1.942s] Level 1:colcon.colcon_core.environment:checking '/home/theo/dev_ws/install/wa_pubsub' for CMake module files
[1.943s] Level 1:colcon.colcon_core.environment:checking '/home/theo/dev_ws/install/wa_pubsub' for CMake config files
[1.943s] Level 1:colcon.colcon_core.environment:checking '/home/theo/dev_ws/install/wa_pubsub/bin'
[1.943s] Level 1:colcon.colcon_core.environment:checking '/home/theo/dev_ws/install/wa_pubsub/lib/pkgconfig/wa_pubsub.pc'
[1.943s] Level 1:colcon.colcon_core.environment:checking '/home/theo/dev_ws/install/wa_pubsub/lib/python3.8/site-packages'
[1.944s] INFO:colcon.colcon_core.shell:Creating package script '/home/theo/dev_ws/install/wa_pubsub/share/wa_pubsub/package.ps1'
[1.945s] INFO:colcon.colcon_core.shell:Creating package descriptor '/home/theo/dev_ws/install/wa_pubsub/share/wa_pubsub/package.dsv'
[1.945s] INFO:colcon.colcon_core.shell:Creating package script '/home/theo/dev_ws/install/wa_pubsub/share/wa_pubsub/package.sh'
[1.946s] INFO:colcon.colcon_core.shell:Creating package script '/home/theo/dev_ws/install/wa_pubsub/share/wa_pubsub/package.bash'
[1.946s] INFO:colcon.colcon_core.shell:Creating package script '/home/theo/dev_ws/install/wa_pubsub/share/wa_pubsub/package.zsh'
[1.947s] Level 1:colcon.colcon_core.environment:create_file_with_runtime_dependencies(/home/theo/dev_ws/install/wa_pubsub/share/colcon-core/packages/wa_pubsub)
[1.948s] DEBUG:colcon.colcon_parallel_executor.executor.parallel:closing loop
[1.948s] DEBUG:colcon.colcon_parallel_executor.executor.parallel:loop closed
[1.948s] DEBUG:colcon.colcon_parallel_executor.executor.parallel:run_until_complete finished with '2'
[1.948s] DEBUG:colcon.colcon_core.event_reactor:joining thread
[1.959s] INFO:colcon.colcon_core.plugin_system:Skipping extension 'colcon_notification.desktop_notification.terminal_notifier': Not used on non-Darwin systems
[1.959s] INFO:colcon.colcon_core.plugin_system:Skipping extension 'colcon_notification.desktop_notification.win32': Not used on non-Windows systems
[1.959s] INFO:colcon.colcon_notification.desktop_notification:Sending desktop notification using 'notify2'
[1.983s] DEBUG:colcon.colcon_core.event_reactor:joined thread
[1.984s] INFO:colcon.colcon_core.shell:Creating prefix script '/home/theo/dev_ws/install/local_setup.ps1'
[1.986s] INFO:colcon.colcon_core.shell:Creating prefix util module '/home/theo/dev_ws/install/_local_setup_util_ps1.py'
[1.992s] INFO:colcon.colcon_core.shell:Creating prefix chain script '/home/theo/dev_ws/install/setup.ps1'
[2.000s] INFO:colcon.colcon_core.shell:Creating prefix script '/home/theo/dev_ws/install/local_setup.sh'
[2.000s] INFO:colcon.colcon_core.shell:Creating prefix util module '/home/theo/dev_ws/install/_local_setup_util_sh.py'
[2.001s] INFO:colcon.colcon_core.shell:Creating prefix chain script '/home/theo/dev_ws/install/setup.sh'
[2.012s] INFO:colcon.colcon_core.shell:Creating prefix script '/home/theo/dev_ws/install/local_setup.bash'
[2.013s] INFO:colcon.colcon_core.shell:Creating prefix chain script '/home/theo/dev_ws/install/setup.bash'
[2.021s] INFO:colcon.colcon_core.shell:Creating prefix script '/home/theo/dev_ws/install/local_setup.zsh'
[2.021s] INFO:colcon.colcon_core.shell:Creating prefix chain script '/home/theo/dev_ws/install/setup.zsh'
