[0.010s] Invoking command in '/home/theo/dev_ws/build/wa_helper': CMAKE_PREFIX_PATH=/opt/ros/foxy /usr/bin/cmake --build /home/theo/dev_ws/build/wa_helper -- -j1 -l1
[0.062s] -- Found ament_cmake: 0.9.7 (/opt/ros/foxy/share/ament_cmake/cmake)
[0.092s] -- Using PYTHON_EXECUTABLE: /usr/bin/python3
[0.392s] -- Found rclcpp: 2.2.0 (/opt/ros/foxy/share/rclcpp/cmake)
[0.430s] -- Using all available rosidl_typesupport_c: rosidl_typesupport_fastrtps_c;rosidl_typesupport_introspection_c
[0.439s] -- Found rosidl_adapter: 1.1.0 (/opt/ros/foxy/share/rosidl_adapter/cmake)
[0.619s] -- Using all available rosidl_typesupport_cpp: rosidl_typesupport_fastrtps_cpp;rosidl_typesupport_introspection_cpp
[0.712s] -- Found rmw_implementation_cmake: 1.0.1 (/opt/ros/foxy/share/rmw_implementation_cmake/cmake)
[0.714s] -- Using RMW implementation 'rmw_fastrtps_cpp' as default
[1.059s] -- Configuring done
[1.068s] -- Generating done
[1.071s] -- Build files have been written to: /home/theo/dev_ws/build/wa_helper
[1.110s] [ 50%] [32m[1mLinking CXX static library libwa_publisher.a[0m
[1.143s] [100%] Built target wa_publisher
[1.155s] Invoked command in '/home/theo/dev_ws/build/wa_helper' returned '0': CMAKE_PREFIX_PATH=/opt/ros/foxy /usr/bin/cmake --build /home/theo/dev_ws/build/wa_helper -- -j1 -l1
[1.190s] Invoking command in '/home/theo/dev_ws/build/wa_helper': CMAKE_PREFIX_PATH=/opt/ros/foxy /usr/bin/cmake --install /home/theo/dev_ws/build/wa_helper
[1.201s] -- Install configuration: ""
[1.202s] -- Installing: /home/theo/dev_ws/install/wa_helper/lib/wa_helper/libwa_publisher.a
[1.202s] -- Installing: /home/theo/dev_ws/install/wa_helper/share/ament_index/resource_index/package_run_dependencies/wa_helper
[1.202s] -- Installing: /home/theo/dev_ws/install/wa_helper/share/ament_index/resource_index/parent_prefix_path/wa_helper
[1.203s] -- Installing: /home/theo/dev_ws/install/wa_helper/share/wa_helper/environment/ament_prefix_path.sh
[1.203s] -- Installing: /home/theo/dev_ws/install/wa_helper/share/wa_helper/environment/ament_prefix_path.dsv
[1.203s] -- Installing: /home/theo/dev_ws/install/wa_helper/share/wa_helper/environment/path.sh
[1.204s] -- Installing: /home/theo/dev_ws/install/wa_helper/share/wa_helper/environment/path.dsv
[1.204s] -- Installing: /home/theo/dev_ws/install/wa_helper/share/wa_helper/local_setup.bash
[1.204s] -- Installing: /home/theo/dev_ws/install/wa_helper/share/wa_helper/local_setup.sh
[1.205s] -- Installing: /home/theo/dev_ws/install/wa_helper/share/wa_helper/local_setup.zsh
[1.205s] -- Installing: /home/theo/dev_ws/install/wa_helper/share/wa_helper/local_setup.dsv
[1.205s] -- Installing: /home/theo/dev_ws/install/wa_helper/share/wa_helper/package.dsv
[1.206s] -- Installing: /home/theo/dev_ws/install/wa_helper/share/ament_index/resource_index/packages/wa_helper
[1.206s] -- Installing: /home/theo/dev_ws/install/wa_helper/share/wa_helper/cmake/wa_helperConfig.cmake
[1.206s] -- Installing: /home/theo/dev_ws/install/wa_helper/share/wa_helper/cmake/wa_helperConfig-version.cmake
[1.207s] -- Installing: /home/theo/dev_ws/install/wa_helper/share/wa_helper/package.xml
[1.209s] Invoked command in '/home/theo/dev_ws/build/wa_helper' returned '0': CMAKE_PREFIX_PATH=/opt/ros/foxy /usr/bin/cmake --install /home/theo/dev_ws/build/wa_helper
