[0.008s] Invoking command in '/home/theo/dev_ws/build/wa_helper': CMAKE_PREFIX_PATH=/opt/ros/foxy /usr/bin/cmake /home/theo/dev_ws/src/wa_helper -DCMAKE_INSTALL_PREFIX=/home/theo/dev_ws/install/wa_helper
[0.097s] -- The C compiler identification is GNU 9.3.0
[0.210s] -- The CXX compiler identification is GNU 9.3.0
[0.217s] -- Check for working C compiler: /usr/bin/cc
[0.300s] -- Check for working C compiler: /usr/bin/cc -- works
[0.302s] -- Detecting C compiler ABI info
[0.376s] -- Detecting C compiler ABI info - done
[0.398s] -- Detecting C compile features
[0.399s] -- Detecting C compile features - done
[0.402s] -- Check for working CXX compiler: /usr/bin/c++
[0.490s] -- Check for working CXX compiler: /usr/bin/c++ -- works
[0.491s] -- Detecting CXX compiler ABI info
[0.584s] -- Detecting CXX compiler ABI info - done
[0.608s] -- Detecting CXX compile features
[0.609s] -- Detecting CXX compile features - done
[0.611s] -- Found ament_cmake: 0.9.7 (/opt/ros/foxy/share/ament_cmake/cmake)
[0.642s] -- Found PythonInterp: /usr/bin/python3 (found suitable version "3.8.5", minimum required is "3") 
[0.642s] -- Using PYTHON_EXECUTABLE: /usr/bin/python3
[0.900s] -- Found rclcpp: 2.2.0 (/opt/ros/foxy/share/rclcpp/cmake)
[0.947s] -- Using all available rosidl_typesupport_c: rosidl_typesupport_fastrtps_c;rosidl_typesupport_introspection_c
[0.956s] -- Found rosidl_adapter: 1.1.0 (/opt/ros/foxy/share/rosidl_adapter/cmake)
[1.043s] -- Found OpenSSL: /usr/lib/x86_64-linux-gnu/libcrypto.so (found version "1.1.1f")  
[1.080s] -- Found FastRTPS: /opt/ros/foxy/include  
[1.195s] -- Using all available rosidl_typesupport_cpp: rosidl_typesupport_fastrtps_cpp;rosidl_typesupport_introspection_cpp
[1.292s] -- Found rmw_implementation_cmake: 1.0.1 (/opt/ros/foxy/share/rmw_implementation_cmake/cmake)
[1.294s] -- Using RMW implementation 'rmw_fastrtps_cpp' as default
[1.296s] -- Looking for pthread.h
[1.375s] -- Looking for pthread.h - found
[1.375s] -- Performing Test CMAKE_HAVE_LIBC_PTHREAD
[1.455s] -- Performing Test CMAKE_HAVE_LIBC_PTHREAD - Failed
[1.456s] -- Looking for pthread_create in pthreads
[1.515s] -- Looking for pthread_create in pthreads - not found
[1.515s] -- Looking for pthread_create in pthread
[1.594s] -- Looking for pthread_create in pthread - found
[1.595s] -- Found Threads: TRUE  
[1.866s] CMake Error at /opt/ros/foxy/share/ament_cmake_target_dependencies/cmake/ament_target_dependencies.cmake:40 (message):
[1.866s]   ament_target_dependencies() the first argument must be a valid target name
[1.867s] Call Stack (most recent call first):
[1.867s]   CMakeLists.txt:9 (ament_target_dependencies)
[1.867s] 
[1.867s] 
[1.869s] -- Configuring incomplete, errors occurred!
[1.869s] See also "/home/theo/dev_ws/build/wa_helper/CMakeFiles/CMakeOutput.log".
[1.869s] See also "/home/theo/dev_ws/build/wa_helper/CMakeFiles/CMakeError.log".
[1.878s] Invoked command in '/home/theo/dev_ws/build/wa_helper' returned '1': CMAKE_PREFIX_PATH=/opt/ros/foxy /usr/bin/cmake /home/theo/dev_ws/src/wa_helper -DCMAKE_INSTALL_PREFIX=/home/theo/dev_ws/install/wa_helper
[1.892s] Traceback (most recent call last):
  File "/usr/lib/python3/dist-packages/colcon_core/executor/__init__.py", line 91, in __call__
    rc = await self.task(*args, **kwargs)
  File "/usr/lib/python3/dist-packages/colcon_core/task/__init__.py", line 93, in __call__
    return await task_method(*args, **kwargs)
  File "/usr/lib/python3/dist-packages/colcon_ros/task/ament_cmake/build.py", line 66, in build
    if await has_target(args.build_base, 'install'):
  File "/usr/lib/python3/dist-packages/colcon_cmake/task/cmake/__init__.py", line 57, in has_target
    return target in await get_makefile_targets(path)
  File "/usr/lib/python3/dist-packages/colcon_cmake/task/cmake/__init__.py", line 77, in get_makefile_targets
    output = await check_output([
  File "/usr/lib/python3/dist-packages/colcon_core/subprocess.py", line 109, in check_output
    assert not rc, \
AssertionError: Expected ['/usr/bin/cmake', '--build', '/home/theo/dev_ws/build/wa_helper', '--target', 'help'] to pass: make: *** No rule to make target 'help'.  Stop.

