[0.015s] Invoking command in '/home/theo/dev_ws/build/cpp_srvcli': AMENT_PREFIX_PATH=/home/theo/dev_ws/install/tutorial_interfaces:${AMENT_PREFIX_PATH} CMAKE_PREFIX_PATH=/home/theo/dev_ws/install/tutorial_interfaces:/opt/ros/foxy LD_LIBRARY_PATH=/home/theo/dev_ws/install/tutorial_interfaces/lib:${LD_LIBRARY_PATH} PYTHONPATH=/home/theo/dev_ws/install/tutorial_interfaces/lib/python3.8/site-packages:${PYTHONPATH} /usr/bin/cmake --build /home/theo/dev_ws/build/cpp_srvcli -- -j1 -l1
[0.067s] -- Found ament_cmake: 0.9.7 (/opt/ros/foxy/share/ament_cmake/cmake)
[0.094s] -- Using PYTHON_EXECUTABLE: /usr/bin/python3
[0.388s] -- Found rclcpp: 2.2.0 (/opt/ros/foxy/share/rclcpp/cmake)
[0.426s] -- Using all available rosidl_typesupport_c: rosidl_typesupport_fastrtps_c;rosidl_typesupport_introspection_c
[0.435s] -- Found rosidl_adapter: 1.1.0 (/opt/ros/foxy/share/rosidl_adapter/cmake)
[0.617s] -- Using all available rosidl_typesupport_cpp: rosidl_typesupport_fastrtps_cpp;rosidl_typesupport_introspection_cpp
[0.710s] -- Found rmw_implementation_cmake: 1.0.1 (/opt/ros/foxy/share/rmw_implementation_cmake/cmake)
[0.712s] -- Using RMW implementation 'rmw_fastrtps_cpp' as default
[0.979s] -- Found tutorial_interfaces: 0.0.0 (/home/theo/dev_ws/install/tutorial_interfaces/share/tutorial_interfaces/cmake)
[1.076s] -- Configuring done
[1.094s] -- Generating done
[1.097s] -- Build files have been written to: /home/theo/dev_ws/build/cpp_srvcli
[1.122s] [35m[1mScanning dependencies of target client[0m
[1.154s] [ 25%] [32mBuilding CXX object CMakeFiles/client.dir/src/add_two_ints_client.cpp.o[0m
[4.022s] [ 50%] [32m[1mLinking CXX executable client[0m
[4.191s] [ 50%] Built target client
[4.203s] [35m[1mScanning dependencies of target server[0m
[4.231s] [ 75%] [32mBuilding CXX object CMakeFiles/server.dir/src/add_two_ints_server.cpp.o[0m
[6.774s] [100%] [32m[1mLinking CXX executable server[0m
[6.930s] [100%] Built target server
[6.942s] Invoked command in '/home/theo/dev_ws/build/cpp_srvcli' returned '0': AMENT_PREFIX_PATH=/home/theo/dev_ws/install/tutorial_interfaces:${AMENT_PREFIX_PATH} CMAKE_PREFIX_PATH=/home/theo/dev_ws/install/tutorial_interfaces:/opt/ros/foxy LD_LIBRARY_PATH=/home/theo/dev_ws/install/tutorial_interfaces/lib:${LD_LIBRARY_PATH} PYTHONPATH=/home/theo/dev_ws/install/tutorial_interfaces/lib/python3.8/site-packages:${PYTHONPATH} /usr/bin/cmake --build /home/theo/dev_ws/build/cpp_srvcli -- -j1 -l1
[6.984s] Invoking command in '/home/theo/dev_ws/build/cpp_srvcli': AMENT_PREFIX_PATH=/home/theo/dev_ws/install/tutorial_interfaces:${AMENT_PREFIX_PATH} CMAKE_PREFIX_PATH=/home/theo/dev_ws/install/tutorial_interfaces:/opt/ros/foxy LD_LIBRARY_PATH=/home/theo/dev_ws/install/tutorial_interfaces/lib:${LD_LIBRARY_PATH} PYTHONPATH=/home/theo/dev_ws/install/tutorial_interfaces/lib/python3.8/site-packages:${PYTHONPATH} /usr/bin/cmake --install /home/theo/dev_ws/build/cpp_srvcli
[6.995s] -- Install configuration: ""
[6.996s] -- Installing: /home/theo/dev_ws/install/cpp_srvcli/lib/cpp_srvcli/server
[6.997s] -- Set runtime path of "/home/theo/dev_ws/install/cpp_srvcli/lib/cpp_srvcli/server" to ""
[6.997s] -- Installing: /home/theo/dev_ws/install/cpp_srvcli/lib/cpp_srvcli/client
[6.999s] -- Set runtime path of "/home/theo/dev_ws/install/cpp_srvcli/lib/cpp_srvcli/client" to ""
[6.999s] -- Installing: /home/theo/dev_ws/install/cpp_srvcli/share/ament_index/resource_index/package_run_dependencies/cpp_srvcli
[7.000s] -- Installing: /home/theo/dev_ws/install/cpp_srvcli/share/ament_index/resource_index/parent_prefix_path/cpp_srvcli
[7.000s] -- Up-to-date: /home/theo/dev_ws/install/cpp_srvcli/share/cpp_srvcli/environment/ament_prefix_path.sh
[7.000s] -- Installing: /home/theo/dev_ws/install/cpp_srvcli/share/cpp_srvcli/environment/ament_prefix_path.dsv
[7.001s] -- Up-to-date: /home/theo/dev_ws/install/cpp_srvcli/share/cpp_srvcli/environment/path.sh
[7.001s] -- Installing: /home/theo/dev_ws/install/cpp_srvcli/share/cpp_srvcli/environment/path.dsv
[7.001s] -- Up-to-date: /home/theo/dev_ws/install/cpp_srvcli/share/cpp_srvcli/local_setup.bash
[7.001s] -- Up-to-date: /home/theo/dev_ws/install/cpp_srvcli/share/cpp_srvcli/local_setup.sh
[7.002s] -- Up-to-date: /home/theo/dev_ws/install/cpp_srvcli/share/cpp_srvcli/local_setup.zsh
[7.002s] -- Installing: /home/theo/dev_ws/install/cpp_srvcli/share/cpp_srvcli/local_setup.dsv
[7.002s] -- Installing: /home/theo/dev_ws/install/cpp_srvcli/share/cpp_srvcli/package.dsv
[7.002s] -- Up-to-date: /home/theo/dev_ws/install/cpp_srvcli/share/ament_index/resource_index/packages/cpp_srvcli
[7.003s] -- Up-to-date: /home/theo/dev_ws/install/cpp_srvcli/share/cpp_srvcli/cmake/cpp_srvcliConfig.cmake
[7.003s] -- Up-to-date: /home/theo/dev_ws/install/cpp_srvcli/share/cpp_srvcli/cmake/cpp_srvcliConfig-version.cmake
[7.003s] -- Installing: /home/theo/dev_ws/install/cpp_srvcli/share/cpp_srvcli/package.xml
[7.008s] Invoked command in '/home/theo/dev_ws/build/cpp_srvcli' returned '0': AMENT_PREFIX_PATH=/home/theo/dev_ws/install/tutorial_interfaces:${AMENT_PREFIX_PATH} CMAKE_PREFIX_PATH=/home/theo/dev_ws/install/tutorial_interfaces:/opt/ros/foxy LD_LIBRARY_PATH=/home/theo/dev_ws/install/tutorial_interfaces/lib:${LD_LIBRARY_PATH} PYTHONPATH=/home/theo/dev_ws/install/tutorial_interfaces/lib/python3.8/site-packages:${PYTHONPATH} /usr/bin/cmake --install /home/theo/dev_ws/build/cpp_srvcli
