[0.022s] Invoking command in '/home/theo/dev_ws/build/cpp_srvcli': CMAKE_PREFIX_PATH=${CMAKE_PREFIX_PATH}:/opt/ros/foxy /usr/bin/cmake --build /home/theo/dev_ws/build/cpp_srvcli -- -j1 -l1
[0.178s] [ 50%] Built target client
[0.216s] [35m[1mScanning dependencies of target server[0m
[0.264s] [ 75%] [32mBuilding CXX object CMakeFiles/server.dir/src/add_two_ints_server.cpp.o[0m
[4.143s] [100%] [32m[1mLinking CXX executable server[0m
[4.397s] [100%] Built target server
[4.414s] Invoked command in '/home/theo/dev_ws/build/cpp_srvcli' returned '0': CMAKE_PREFIX_PATH=${CMAKE_PREFIX_PATH}:/opt/ros/foxy /usr/bin/cmake --build /home/theo/dev_ws/build/cpp_srvcli -- -j1 -l1
[4.472s] Invoking command in '/home/theo/dev_ws/build/cpp_srvcli': CMAKE_PREFIX_PATH=${CMAKE_PREFIX_PATH}:/opt/ros/foxy /usr/bin/cmake --install /home/theo/dev_ws/build/cpp_srvcli
[4.489s] -- Install configuration: ""
[4.490s] -- Installing: /home/theo/dev_ws/install/cpp_srvcli/lib/cpp_srvcli/server
[4.491s] -- Set runtime path of "/home/theo/dev_ws/install/cpp_srvcli/lib/cpp_srvcli/server" to ""
[4.492s] -- Installing: /home/theo/dev_ws/install/cpp_srvcli/lib/cpp_srvcli/client
[4.493s] -- Set runtime path of "/home/theo/dev_ws/install/cpp_srvcli/lib/cpp_srvcli/client" to ""
[4.493s] -- Installing: /home/theo/dev_ws/install/cpp_srvcli/share/ament_index/resource_index/package_run_dependencies/cpp_srvcli
[4.494s] -- Installing: /home/theo/dev_ws/install/cpp_srvcli/share/ament_index/resource_index/parent_prefix_path/cpp_srvcli
[4.495s] -- Installing: /home/theo/dev_ws/install/cpp_srvcli/share/cpp_srvcli/environment/ament_prefix_path.sh
[4.495s] -- Installing: /home/theo/dev_ws/install/cpp_srvcli/share/cpp_srvcli/environment/ament_prefix_path.dsv
[4.495s] -- Installing: /home/theo/dev_ws/install/cpp_srvcli/share/cpp_srvcli/environment/path.sh
[4.496s] -- Installing: /home/theo/dev_ws/install/cpp_srvcli/share/cpp_srvcli/environment/path.dsv
[4.496s] -- Installing: /home/theo/dev_ws/install/cpp_srvcli/share/cpp_srvcli/local_setup.bash
[4.497s] -- Installing: /home/theo/dev_ws/install/cpp_srvcli/share/cpp_srvcli/local_setup.sh
[4.498s] -- Installing: /home/theo/dev_ws/install/cpp_srvcli/share/cpp_srvcli/local_setup.zsh
[4.498s] -- Installing: /home/theo/dev_ws/install/cpp_srvcli/share/cpp_srvcli/local_setup.dsv
[4.498s] -- Installing: /home/theo/dev_ws/install/cpp_srvcli/share/cpp_srvcli/package.dsv
[4.499s] -- Installing: /home/theo/dev_ws/install/cpp_srvcli/share/ament_index/resource_index/packages/cpp_srvcli
[4.500s] -- Installing: /home/theo/dev_ws/install/cpp_srvcli/share/cpp_srvcli/cmake/cpp_srvcliConfig.cmake
[4.500s] -- Installing: /home/theo/dev_ws/install/cpp_srvcli/share/cpp_srvcli/cmake/cpp_srvcliConfig-version.cmake
[4.500s] -- Installing: /home/theo/dev_ws/install/cpp_srvcli/share/cpp_srvcli/package.xml
[4.504s] Invoked command in '/home/theo/dev_ws/build/cpp_srvcli' returned '0': CMAKE_PREFIX_PATH=${CMAKE_PREFIX_PATH}:/opt/ros/foxy /usr/bin/cmake --install /home/theo/dev_ws/build/cpp_srvcli
