[01m[K/home/theo/dev_ws/src/cpp_srvcli/src/add_two_ints_server.cpp:7:65:[m[K [01;31m[Kerror: [m[Ktemplate argument 1 is invalid
    7 |   std::shared_ptr<example_interfaces:::srv::AddTwoInts::Response[01;31m[K>[m[K response)
      |                                                                 [01;31m[K^[m[K
[01m[K/home/theo/dev_ws/src/cpp_srvcli/src/add_two_ints_server.cpp:7:65:[m[K [01;31m[Kerror: [m[Ktemplate argument 1 is invalid
[01m[K/home/theo/dev_ws/src/cpp_srvcli/src/add_two_ints_server.cpp:7:65:[m[K [01;31m[Kerror: [m[Ktemplate argument 1 is invalid
[01m[K/home/theo/dev_ws/src/cpp_srvcli/src/add_two_ints_server.cpp:7:8:[m[K [01;31m[Kerror: [m[K‘[01m[Kstd::shared_ptr[m[K’ is not a type
    7 |   std::[01;31m[Kshared_ptr[m[K<example_interfaces:::srv::AddTwoInts::Response> response)
      |        [01;31m[K^~~~~~~~~~[m[K
[01m[K/home/theo/dev_ws/src/cpp_srvcli/src/add_two_ints_server.cpp:7:18:[m[K [01;31m[Kerror: [m[Kexpected ‘[01m[K,[m[K’ or ‘[01m[K...[m[K’ before ‘[01m[K<[m[K’ token
    7 |   std::shared_ptr[01;31m[K<[m[Kexample_interfaces:::srv::AddTwoInts::Response> response)
      |                  [01;31m[K^[m[K
[01m[K/home/theo/dev_ws/src/cpp_srvcli/src/add_two_ints_server.cpp:[m[K In function ‘[01m[Kvoid add(std::shared_ptr<example_interfaces::srv::AddTwoInts_Request_<std::allocator<void> > >, int)[m[K’:
[01m[K/home/theo/dev_ws/src/cpp_srvcli/src/add_two_ints_server.cpp:9:5:[m[K [01;31m[Kerror: [m[K‘[01m[Kresponse[m[K’ was not declared in this scope
    9 |     [01;31m[Kresponse[m[K->sum = request->a + request->b;
      |     [01;31m[K^~~~~~~~[m[K
[01m[K/home/theo/dev_ws/src/cpp_srvcli/src/add_two_ints_server.cpp:[m[K In function ‘[01m[Kint main(int, char**)[m[K’:
[01m[K/home/theo/dev_ws/src/cpp_srvcli/src/add_two_ints_server.cpp:16:10:[m[K [01;31m[Kerror: [m[K‘[01m[Kinit[m[K’ was not declared in this scope; did you mean ‘[01m[Krclcpp::init[m[K’?
   16 |   rclcpp:[01;31m[Kinit[m[K(argc, argv);
      |          [01;31m[K^~~~[m[K
      |          [32m[Krclcpp::init[m[K
In file included from [01m[K/opt/ros/foxy/include/rclcpp/client.hpp:36[m[K,
                 from [01m[K/opt/ros/foxy/include/rclcpp/callback_group.hpp:23[m[K,
                 from [01m[K/opt/ros/foxy/include/rclcpp/any_executable.hpp:20[m[K,
                 from [01m[K/opt/ros/foxy/include/rclcpp/memory_strategy.hpp:24[m[K,
                 from [01m[K/opt/ros/foxy/include/rclcpp/memory_strategies.hpp:18[m[K,
                 from [01m[K/opt/ros/foxy/include/rclcpp/executor_options.hpp:20[m[K,
                 from [01m[K/opt/ros/foxy/include/rclcpp/executor.hpp:33[m[K,
                 from [01m[K/opt/ros/foxy/include/rclcpp/executors/multi_threaded_executor.hpp:25[m[K,
                 from [01m[K/opt/ros/foxy/include/rclcpp/executors.hpp:21[m[K,
                 from [01m[K/opt/ros/foxy/include/rclcpp/rclcpp.hpp:146[m[K,
                 from [01m[K/home/theo/dev_ws/src/cpp_srvcli/src/add_two_ints_server.cpp:1[m[K:
[01m[K/opt/ros/foxy/include/rclcpp/utilities.hpp:56:1:[m[K [01;36m[Knote: [m[K‘[01m[Krclcpp::init[m[K’ declared here
   56 | [01;36m[Kinit[m[K(int argc, char const * const argv[], const InitOptions & init_options = InitOptions());
      | [01;36m[K^~~~[m[K
[01m[K/home/theo/dev_ws/src/cpp_srvcli/src/add_two_ints_server.cpp:18:54:[m[K [01;31m[Kerror: [m[K‘[01m[KMake_shared[m[K’ is not a member of ‘[01m[Krclcpp::Node[m[K’
   18 |   std::shared_ptr<rclcpp::Node> node = rclcpp::Node::[01;31m[KMake_shared[m[K("add_two_ints_server");
      |                                                      [01;31m[K^~~~~~~~~~~[m[K
[01m[K/home/theo/dev_ws/src/cpp_srvcli/src/add_two_ints_server.cpp:20:56:[m[K [01;31m[Kerror: [m[K‘[01m[KSharedPtr[m[K’ is not a member of ‘[01m[Kexample_interfaces::srv::AddTwoInts[m[K’
   20 |   rclcpp::Service<example_interfaces::srv::AddTwoInts::[01;31m[KSharedPtr[m[K service = node->create_service<example_interfaces::srv::AddTwoInts("add_two_ints", &add);
      |                                                        [01;31m[K^~~~~~~~~[m[K
[01m[K/home/theo/dev_ws/src/cpp_srvcli/src/add_two_ints_server.cpp:20:56:[m[K [01;31m[Kerror: [m[K‘[01m[KSharedPtr[m[K’ is not a member of ‘[01m[Kexample_interfaces::srv::AddTwoInts[m[K’
[01m[K/home/theo/dev_ws/src/cpp_srvcli/src/add_two_ints_server.cpp:20:153:[m[K [01;31m[Kerror: [m[Ktemplate argument 1 is invalid
   20 | e = node->create_service<example_interfaces::srv::AddTwoInts("add_two_ints", &add[01;31m[K)[m[K;
      |                                                                                  [01;31m[K^[m[K

make[2]: *** [CMakeFiles/server.dir/build.make:63: CMakeFiles/server.dir/src/add_two_ints_server.cpp.o] Error 1
make[1]: *** [CMakeFiles/Makefile2:107: CMakeFiles/server.dir/all] Error 2
make: *** [Makefile:141: all] Error 2
