[0.017s] Invoking command in '/home/theo/dev_ws/build/cpp_srvcli': CMAKE_PREFIX_PATH=${CMAKE_PREFIX_PATH}:/opt/ros/foxy /usr/bin/cmake --build /home/theo/dev_ws/build/cpp_srvcli -- -j1 -l1
[0.163s] [ 50%] Built target client
[0.199s] [35m[1mScanning dependencies of target server[0m
[0.251s] [ 75%] [32mBuilding CXX object CMakeFiles/server.dir/src/add_two_ints_server.cpp.o[0m
[3.056s] [01m[K/home/theo/dev_ws/src/cpp_srvcli/src/add_two_ints_server.cpp:7:65:[m[K [01;31m[Kerror: [m[Ktemplate argument 1 is invalid
[3.056s]     7 |   std::shared_ptr<example_interfaces:::srv::AddTwoInts::Response[01;31m[K>[m[K response)
[3.057s]       |                                                                 [01;31m[K^[m[K
[3.057s] [01m[K/home/theo/dev_ws/src/cpp_srvcli/src/add_two_ints_server.cpp:7:65:[m[K [01;31m[Kerror: [m[Ktemplate argument 1 is invalid
[3.057s] [01m[K/home/theo/dev_ws/src/cpp_srvcli/src/add_two_ints_server.cpp:7:65:[m[K [01;31m[Kerror: [m[Ktemplate argument 1 is invalid
[3.058s] [01m[K/home/theo/dev_ws/src/cpp_srvcli/src/add_two_ints_server.cpp:7:8:[m[K [01;31m[Kerror: [m[K‘[01m[Kstd::shared_ptr[m[K’ is not a type
[3.058s]     7 |   std::[01;31m[Kshared_ptr[m[K<example_interfaces:::srv::AddTwoInts::Response> response)
[3.058s]       |        [01;31m[K^~~~~~~~~~[m[K
[3.059s] [01m[K/home/theo/dev_ws/src/cpp_srvcli/src/add_two_ints_server.cpp:7:18:[m[K [01;31m[Kerror: [m[Kexpected ‘[01m[K,[m[K’ or ‘[01m[K...[m[K’ before ‘[01m[K<[m[K’ token
[3.059s]     7 |   std::shared_ptr[01;31m[K<[m[Kexample_interfaces:::srv::AddTwoInts::Response> response)
[3.060s]       |                  [01;31m[K^[m[K
[3.070s] [01m[K/home/theo/dev_ws/src/cpp_srvcli/src/add_two_ints_server.cpp:[m[K In function ‘[01m[Kvoid add(std::shared_ptr<example_interfaces::srv::AddTwoInts_Request_<std::allocator<void> > >, int)[m[K’:
[3.070s] [01m[K/home/theo/dev_ws/src/cpp_srvcli/src/add_two_ints_server.cpp:9:5:[m[K [01;31m[Kerror: [m[K‘[01m[Kresponse[m[K’ was not declared in this scope
[3.071s]     9 |     [01;31m[Kresponse[m[K->sum = request->a + request->b;
[3.071s]       |     [01;31m[K^~~~~~~~[m[K
[3.075s] [01m[K/home/theo/dev_ws/src/cpp_srvcli/src/add_two_ints_server.cpp:[m[K In function ‘[01m[Kint main(int, char**)[m[K’:
[3.075s] [01m[K/home/theo/dev_ws/src/cpp_srvcli/src/add_two_ints_server.cpp:16:10:[m[K [01;31m[Kerror: [m[K‘[01m[Kinit[m[K’ was not declared in this scope; did you mean ‘[01m[Krclcpp::init[m[K’?
[3.075s]    16 |   rclcpp:[01;31m[Kinit[m[K(argc, argv);
[3.076s]       |          [01;31m[K^~~~[m[K
[3.076s]       |          [32m[Krclcpp::init[m[K
[3.076s] In file included from [01m[K/opt/ros/foxy/include/rclcpp/client.hpp:36[m[K,
[3.076s]                  from [01m[K/opt/ros/foxy/include/rclcpp/callback_group.hpp:23[m[K,
[3.077s]                  from [01m[K/opt/ros/foxy/include/rclcpp/any_executable.hpp:20[m[K,
[3.077s]                  from [01m[K/opt/ros/foxy/include/rclcpp/memory_strategy.hpp:24[m[K,
[3.077s]                  from [01m[K/opt/ros/foxy/include/rclcpp/memory_strategies.hpp:18[m[K,
[3.077s]                  from [01m[K/opt/ros/foxy/include/rclcpp/executor_options.hpp:20[m[K,
[3.078s]                  from [01m[K/opt/ros/foxy/include/rclcpp/executor.hpp:33[m[K,
[3.078s]                  from [01m[K/opt/ros/foxy/include/rclcpp/executors/multi_threaded_executor.hpp:25[m[K,
[3.078s]                  from [01m[K/opt/ros/foxy/include/rclcpp/executors.hpp:21[m[K,
[3.079s]                  from [01m[K/opt/ros/foxy/include/rclcpp/rclcpp.hpp:146[m[K,
[3.079s]                  from [01m[K/home/theo/dev_ws/src/cpp_srvcli/src/add_two_ints_server.cpp:1[m[K:
[3.080s] [01m[K/opt/ros/foxy/include/rclcpp/utilities.hpp:56:1:[m[K [01;36m[Knote: [m[K‘[01m[Krclcpp::init[m[K’ declared here
[3.080s]    56 | [01;36m[Kinit[m[K(int argc, char const * const argv[], const InitOptions & init_options = InitOptions());
[3.080s]       | [01;36m[K^~~~[m[K
[3.081s] [01m[K/home/theo/dev_ws/src/cpp_srvcli/src/add_two_ints_server.cpp:18:54:[m[K [01;31m[Kerror: [m[K‘[01m[KMake_shared[m[K’ is not a member of ‘[01m[Krclcpp::Node[m[K’
[3.081s]    18 |   std::shared_ptr<rclcpp::Node> node = rclcpp::Node::[01;31m[KMake_shared[m[K("add_two_ints_server");
[3.081s]       |                                                      [01;31m[K^~~~~~~~~~~[m[K
[3.087s] [01m[K/home/theo/dev_ws/src/cpp_srvcli/src/add_two_ints_server.cpp:20:56:[m[K [01;31m[Kerror: [m[K‘[01m[KSharedPtr[m[K’ is not a member of ‘[01m[Kexample_interfaces::srv::AddTwoInts[m[K’
[3.088s]    20 |   rclcpp::Service<example_interfaces::srv::AddTwoInts::[01;31m[KSharedPtr[m[K service = node->create_service<example_interfaces::srv::AddTwoInts("add_two_ints", &add);
[3.088s]       |                                                        [01;31m[K^~~~~~~~~[m[K
[3.088s] [01m[K/home/theo/dev_ws/src/cpp_srvcli/src/add_two_ints_server.cpp:20:56:[m[K [01;31m[Kerror: [m[K‘[01m[KSharedPtr[m[K’ is not a member of ‘[01m[Kexample_interfaces::srv::AddTwoInts[m[K’
[3.088s] [01m[K/home/theo/dev_ws/src/cpp_srvcli/src/add_two_ints_server.cpp:20:153:[m[K [01;31m[Kerror: [m[Ktemplate argument 1 is invalid
[3.088s]    20 | e = node->create_service<example_interfaces::srv::AddTwoInts("add_two_ints", &add[01;31m[K)[m[K;
[3.088s]       |                                                                                  [01;31m[K^[m[K
[3.089s] 
[3.815s] make[2]: *** [CMakeFiles/server.dir/build.make:63: CMakeFiles/server.dir/src/add_two_ints_server.cpp.o] Error 1
[3.819s] make[1]: *** [CMakeFiles/Makefile2:107: CMakeFiles/server.dir/all] Error 2
[3.820s] make: *** [Makefile:141: all] Error 2
[3.821s] Invoked command in '/home/theo/dev_ws/build/cpp_srvcli' returned '2': CMAKE_PREFIX_PATH=${CMAKE_PREFIX_PATH}:/opt/ros/foxy /usr/bin/cmake --build /home/theo/dev_ws/build/cpp_srvcli -- -j1 -l1
