[0.012s] Invoking command in '/home/theo/dev_ws/build/cpp_pubsub': AMENT_PREFIX_PATH=/home/theo/dev_ws/install/tutorial_interfaces:${AMENT_PREFIX_PATH} CMAKE_PREFIX_PATH=/home/theo/dev_ws/install/tutorial_interfaces:/opt/ros/foxy LD_LIBRARY_PATH=/home/theo/dev_ws/install/tutorial_interfaces/lib:${LD_LIBRARY_PATH} PYTHONPATH=/home/theo/dev_ws/install/tutorial_interfaces/lib/python3.8/site-packages:${PYTHONPATH} /usr/bin/cmake --build /home/theo/dev_ws/build/cpp_pubsub -- -j1 -l1
[0.128s] [ 50%] Built target listener
[0.229s] [100%] Built target talker
[0.254s] Invoked command in '/home/theo/dev_ws/build/cpp_pubsub' returned '0': AMENT_PREFIX_PATH=/home/theo/dev_ws/install/tutorial_interfaces:${AMENT_PREFIX_PATH} CMAKE_PREFIX_PATH=/home/theo/dev_ws/install/tutorial_interfaces:/opt/ros/foxy LD_LIBRARY_PATH=/home/theo/dev_ws/install/tutorial_interfaces/lib:${LD_LIBRARY_PATH} PYTHONPATH=/home/theo/dev_ws/install/tutorial_interfaces/lib/python3.8/site-packages:${PYTHONPATH} /usr/bin/cmake --build /home/theo/dev_ws/build/cpp_pubsub -- -j1 -l1
[0.292s] Invoking command in '/home/theo/dev_ws/build/cpp_pubsub': AMENT_PREFIX_PATH=/home/theo/dev_ws/install/tutorial_interfaces:${AMENT_PREFIX_PATH} CMAKE_PREFIX_PATH=/home/theo/dev_ws/install/tutorial_interfaces:/opt/ros/foxy LD_LIBRARY_PATH=/home/theo/dev_ws/install/tutorial_interfaces/lib:${LD_LIBRARY_PATH} PYTHONPATH=/home/theo/dev_ws/install/tutorial_interfaces/lib/python3.8/site-packages:${PYTHONPATH} /usr/bin/cmake --install /home/theo/dev_ws/build/cpp_pubsub
[0.302s] -- Install configuration: ""
[0.302s] -- Up-to-date: /home/theo/dev_ws/install/cpp_pubsub/lib/cpp_pubsub/talker
[0.303s] -- Up-to-date: /home/theo/dev_ws/install/cpp_pubsub/lib/cpp_pubsub/listener
[0.303s] -- Up-to-date: /home/theo/dev_ws/install/cpp_pubsub/share/ament_index/resource_index/package_run_dependencies/cpp_pubsub
[0.304s] -- Up-to-date: /home/theo/dev_ws/install/cpp_pubsub/share/ament_index/resource_index/parent_prefix_path/cpp_pubsub
[0.304s] -- Up-to-date: /home/theo/dev_ws/install/cpp_pubsub/share/cpp_pubsub/environment/ament_prefix_path.sh
[0.304s] -- Up-to-date: /home/theo/dev_ws/install/cpp_pubsub/share/cpp_pubsub/environment/ament_prefix_path.dsv
[0.305s] -- Up-to-date: /home/theo/dev_ws/install/cpp_pubsub/share/cpp_pubsub/environment/path.sh
[0.305s] -- Up-to-date: /home/theo/dev_ws/install/cpp_pubsub/share/cpp_pubsub/environment/path.dsv
[0.305s] -- Up-to-date: /home/theo/dev_ws/install/cpp_pubsub/share/cpp_pubsub/local_setup.bash
[0.305s] -- Up-to-date: /home/theo/dev_ws/install/cpp_pubsub/share/cpp_pubsub/local_setup.sh
[0.305s] -- Up-to-date: /home/theo/dev_ws/install/cpp_pubsub/share/cpp_pubsub/local_setup.zsh
[0.306s] -- Up-to-date: /home/theo/dev_ws/install/cpp_pubsub/share/cpp_pubsub/local_setup.dsv
[0.306s] -- Installing: /home/theo/dev_ws/install/cpp_pubsub/share/cpp_pubsub/package.dsv
[0.306s] -- Up-to-date: /home/theo/dev_ws/install/cpp_pubsub/share/ament_index/resource_index/packages/cpp_pubsub
[0.306s] -- Up-to-date: /home/theo/dev_ws/install/cpp_pubsub/share/cpp_pubsub/cmake/cpp_pubsubConfig.cmake
[0.307s] -- Up-to-date: /home/theo/dev_ws/install/cpp_pubsub/share/cpp_pubsub/cmake/cpp_pubsubConfig-version.cmake
[0.307s] -- Up-to-date: /home/theo/dev_ws/install/cpp_pubsub/share/cpp_pubsub/package.xml
[0.310s] Invoked command in '/home/theo/dev_ws/build/cpp_pubsub' returned '0': AMENT_PREFIX_PATH=/home/theo/dev_ws/install/tutorial_interfaces:${AMENT_PREFIX_PATH} CMAKE_PREFIX_PATH=/home/theo/dev_ws/install/tutorial_interfaces:/opt/ros/foxy LD_LIBRARY_PATH=/home/theo/dev_ws/install/tutorial_interfaces/lib:${LD_LIBRARY_PATH} PYTHONPATH=/home/theo/dev_ws/install/tutorial_interfaces/lib/python3.8/site-packages:${PYTHONPATH} /usr/bin/cmake --install /home/theo/dev_ws/build/cpp_pubsub
