[0.033s] Invoking command in '/home/theo/dev_ws/build/turtlesim': CMAKE_PREFIX_PATH=${CMAKE_PREFIX_PATH}:/opt/ros/foxy /usr/bin/cmake --build /home/theo/dev_ws/build/turtlesim -- -j1 -l1
[0.232s] [  1%] Built target turtlesim__cpp
[0.310s] [ 11%] Built target turtlesim__rosidl_typesupport_cpp
[0.365s] [ 21%] Built target turtlesim__rosidl_generator_c
[0.420s] [ 31%] Built target turtlesim__rosidl_typesupport_c
[0.475s] [ 41%] Built target turtlesim__rosidl_typesupport_introspection_cpp
[0.543s] [ 51%] Built target turtlesim__rosidl_typesupport_fastrtps_cpp
[0.630s] [ 61%] Built target turtlesim__rosidl_typesupport_fastrtps_c
[0.723s] [ 71%] Built target turtlesim__rosidl_typesupport_introspection_c
[0.762s] [ 71%] Built target turtlesim
[0.831s] [ 73%] Built target mimic
[0.912s] [ 75%] Built target draw_square
[0.955s] [ 76%] Built target turtlesim__py
[1.023s] [ 85%] Built target turtlesim__python
[1.083s] [ 87%] Built target turtlesim__rosidl_typesupport_introspection_c__pyext
[1.134s] [ 89%] Built target turtlesim__rosidl_typesupport_fastrtps_c__pyext
[1.205s] [ 91%] Built target turtle_teleop_key
[1.317s] [ 97%] Built target turtlesim_node
[1.372s] [100%] Built target turtlesim__rosidl_typesupport_c__pyext
[1.400s] Invoked command in '/home/theo/dev_ws/build/turtlesim' returned '0': CMAKE_PREFIX_PATH=${CMAKE_PREFIX_PATH}:/opt/ros/foxy /usr/bin/cmake --build /home/theo/dev_ws/build/turtlesim -- -j1 -l1
[1.749s] Invoking command in '/home/theo/dev_ws/build/turtlesim': CMAKE_PREFIX_PATH=${CMAKE_PREFIX_PATH}:/opt/ros/foxy /usr/bin/cmake --install /home/theo/dev_ws/build/turtlesim
[1.771s] -- Install configuration: ""
[1.771s] -- Up-to-date: /home/theo/dev_ws/install/turtlesim/share/ament_index/resource_index/rosidl_interfaces/turtlesim
[1.772s] -- Up-to-date: /home/theo/dev_ws/install/turtlesim/include/turtlesim
[1.772s] -- Up-to-date: /home/theo/dev_ws/install/turtlesim/include/turtlesim/srv
[1.773s] -- Up-to-date: /home/theo/dev_ws/install/turtlesim/include/turtlesim/srv/teleport_relative.h
[1.773s] -- Up-to-date: /home/theo/dev_ws/install/turtlesim/include/turtlesim/srv/detail
[1.774s] -- Up-to-date: /home/theo/dev_ws/install/turtlesim/include/turtlesim/srv/detail/spawn__type_support.h
[1.774s] -- Up-to-date: /home/theo/dev_ws/install/turtlesim/include/turtlesim/srv/detail/teleport_absolute__type_support.h
[1.774s] -- Up-to-date: /home/theo/dev_ws/install/turtlesim/include/turtlesim/srv/detail/kill__functions.c
[1.778s] -- Up-to-date: /home/theo/dev_ws/install/turtlesim/include/turtlesim/srv/detail/spawn__functions.c
[1.778s] -- Up-to-date: /home/theo/dev_ws/install/turtlesim/include/turtlesim/srv/detail/kill__type_support.h
[1.778s] -- Up-to-date: /home/theo/dev_ws/install/turtlesim/include/turtlesim/srv/detail/teleport_absolute__functions.c
[1.779s] -- Up-to-date: /home/theo/dev_ws/install/turtlesim/include/turtlesim/srv/detail/set_pen__functions.c
[1.779s] -- Up-to-date: /home/theo/dev_ws/install/turtlesim/include/turtlesim/srv/detail/spawn__struct.h
[1.779s] -- Up-to-date: /home/theo/dev_ws/install/turtlesim/include/turtlesim/srv/detail/teleport_relative__struct.h
[1.780s] -- Up-to-date: /home/theo/dev_ws/install/turtlesim/include/turtlesim/srv/detail/teleport_relative__type_support.h
[1.780s] -- Up-to-date: /home/theo/dev_ws/install/turtlesim/include/turtlesim/srv/detail/set_pen__functions.h
[1.780s] -- Up-to-date: /home/theo/dev_ws/install/turtlesim/include/turtlesim/srv/detail/kill__functions.h
[1.783s] -- Up-to-date: /home/theo/dev_ws/install/turtlesim/include/turtlesim/srv/detail/spawn__functions.h
[1.783s] -- Up-to-date: /home/theo/dev_ws/install/turtlesim/include/turtlesim/srv/detail/kill__struct.h
[1.783s] -- Up-to-date: /home/theo/dev_ws/install/turtlesim/include/turtlesim/srv/detail/teleport_absolute__functions.h
[1.784s] -- Up-to-date: /home/theo/dev_ws/install/turtlesim/include/turtlesim/srv/detail/teleport_relative__functions.c
[1.784s] -- Up-to-date: /home/theo/dev_ws/install/turtlesim/include/turtlesim/srv/detail/set_pen__type_support.h
[1.784s] -- Up-to-date: /home/theo/dev_ws/install/turtlesim/include/turtlesim/srv/detail/teleport_relative__functions.h
[1.784s] -- Up-to-date: /home/theo/dev_ws/install/turtlesim/include/turtlesim/srv/detail/teleport_absolute__struct.h
[1.784s] -- Up-to-date: /home/theo/dev_ws/install/turtlesim/include/turtlesim/srv/detail/set_pen__struct.h
[1.784s] -- Up-to-date: /home/theo/dev_ws/install/turtlesim/include/turtlesim/srv/set_pen.h
[1.785s] -- Up-to-date: /home/theo/dev_ws/install/turtlesim/include/turtlesim/srv/spawn.h
[1.785s] -- Up-to-date: /home/theo/dev_ws/install/turtlesim/include/turtlesim/srv/teleport_absolute.h
[1.785s] -- Up-to-date: /home/theo/dev_ws/install/turtlesim/include/turtlesim/srv/kill.h
[1.785s] -- Up-to-date: /home/theo/dev_ws/install/turtlesim/include/turtlesim/action
[1.787s] -- Up-to-date: /home/theo/dev_ws/install/turtlesim/include/turtlesim/action/detail
[1.788s] -- Up-to-date: /home/theo/dev_ws/install/turtlesim/include/turtlesim/action/detail/rotate_absolute__struct.h
[1.788s] -- Up-to-date: /home/theo/dev_ws/install/turtlesim/include/turtlesim/action/detail/rotate_absolute__functions.c
[1.788s] -- Up-to-date: /home/theo/dev_ws/install/turtlesim/include/turtlesim/action/detail/rotate_absolute__type_support.h
[1.789s] -- Up-to-date: /home/theo/dev_ws/install/turtlesim/include/turtlesim/action/detail/rotate_absolute__functions.h
[1.789s] -- Up-to-date: /home/theo/dev_ws/install/turtlesim/include/turtlesim/action/rotate_absolute.h
[1.789s] -- Up-to-date: /home/theo/dev_ws/install/turtlesim/include/turtlesim/msg
[1.789s] -- Up-to-date: /home/theo/dev_ws/install/turtlesim/include/turtlesim/msg/pose.h
[1.789s] -- Up-to-date: /home/theo/dev_ws/install/turtlesim/include/turtlesim/msg/color.h
[1.789s] -- Up-to-date: /home/theo/dev_ws/install/turtlesim/include/turtlesim/msg/rosidl_generator_c__visibility_control.h
[1.789s] -- Up-to-date: /home/theo/dev_ws/install/turtlesim/include/turtlesim/msg/detail
[1.790s] -- Up-to-date: /home/theo/dev_ws/install/turtlesim/include/turtlesim/msg/detail/pose__type_support.h
[1.790s] -- Up-to-date: /home/theo/dev_ws/install/turtlesim/include/turtlesim/msg/detail/color__functions.h
[1.790s] -- Up-to-date: /home/theo/dev_ws/install/turtlesim/include/turtlesim/msg/detail/pose__struct.h
[1.790s] -- Up-to-date: /home/theo/dev_ws/install/turtlesim/include/turtlesim/msg/detail/color__struct.h
[1.790s] -- Up-to-date: /home/theo/dev_ws/install/turtlesim/include/turtlesim/msg/detail/pose__functions.c
[1.790s] -- Up-to-date: /home/theo/dev_ws/install/turtlesim/include/turtlesim/msg/detail/pose__functions.h
[1.791s] -- Up-to-date: /home/theo/dev_ws/install/turtlesim/include/turtlesim/msg/detail/color__functions.c
[1.795s] -- Up-to-date: /home/theo/dev_ws/install/turtlesim/include/turtlesim/msg/detail/color__type_support.h
[1.795s] -- Up-to-date: /home/theo/dev_ws/install/turtlesim/share/turtlesim/environment/library_path.sh
[1.796s] -- Up-to-date: /home/theo/dev_ws/install/turtlesim/share/turtlesim/environment/library_path.dsv
[1.797s] -- Up-to-date: /home/theo/dev_ws/install/turtlesim/lib/libturtlesim__rosidl_generator_c.so
[1.797s] -- Up-to-date: /home/theo/dev_ws/install/turtlesim/include/turtlesim
[1.798s] -- Up-to-date: /home/theo/dev_ws/install/turtlesim/include/turtlesim/srv
[1.798s] -- Up-to-date: /home/theo/dev_ws/install/turtlesim/include/turtlesim/srv/detail
[1.798s] -- Up-to-date: /home/theo/dev_ws/install/turtlesim/include/turtlesim/srv/detail/teleport_absolute__rosidl_typesupport_fastrtps_c.h
[1.798s] -- Up-to-date: /home/theo/dev_ws/install/turtlesim/include/turtlesim/srv/detail/set_pen__rosidl_typesupport_fastrtps_c.h
[1.798s] -- Up-to-date: /home/theo/dev_ws/install/turtlesim/include/turtlesim/srv/detail/spawn__rosidl_typesupport_fastrtps_c.h
[1.798s] -- Up-to-date: /home/theo/dev_ws/install/turtlesim/include/turtlesim/srv/detail/kill__rosidl_typesupport_fastrtps_c.h
[1.798s] -- Up-to-date: /home/theo/dev_ws/install/turtlesim/include/turtlesim/srv/detail/teleport_relative__rosidl_typesupport_fastrtps_c.h
[1.798s] -- Up-to-date: /home/theo/dev_ws/install/turtlesim/include/turtlesim/action
[1.798s] -- Up-to-date: /home/theo/dev_ws/install/turtlesim/include/turtlesim/action/detail
[1.798s] -- Up-to-date: /home/theo/dev_ws/install/turtlesim/include/turtlesim/action/detail/rotate_absolute__rosidl_typesupport_fastrtps_c.h
[1.798s] -- Up-to-date: /home/theo/dev_ws/install/turtlesim/include/turtlesim/msg
[1.799s] -- Up-to-date: /home/theo/dev_ws/install/turtlesim/include/turtlesim/msg/detail
[1.799s] -- Up-to-date: /home/theo/dev_ws/install/turtlesim/include/turtlesim/msg/detail/pose__rosidl_typesupport_fastrtps_c.h
[1.799s] -- Up-to-date: /home/theo/dev_ws/install/turtlesim/include/turtlesim/msg/detail/color__rosidl_typesupport_fastrtps_c.h
[1.799s] -- Up-to-date: /home/theo/dev_ws/install/turtlesim/include/turtlesim/msg/rosidl_typesupport_fastrtps_c__visibility_control.h
[1.805s] -- Up-to-date: /home/theo/dev_ws/install/turtlesim/lib/libturtlesim__rosidl_typesupport_fastrtps_c.so
[1.805s] -- Up-to-date: /home/theo/dev_ws/install/turtlesim/include/turtlesim
[1.805s] -- Up-to-date: /home/theo/dev_ws/install/turtlesim/include/turtlesim/srv
[1.805s] -- Up-to-date: /home/theo/dev_ws/install/turtlesim/include/turtlesim/srv/detail
[1.805s] -- Up-to-date: /home/theo/dev_ws/install/turtlesim/include/turtlesim/srv/detail/set_pen__rosidl_typesupport_fastrtps_cpp.hpp
[1.805s] -- Up-to-date: /home/theo/dev_ws/install/turtlesim/include/turtlesim/srv/detail/dds_fastrtps
[1.805s] -- Up-to-date: /home/theo/dev_ws/install/turtlesim/include/turtlesim/srv/detail/teleport_relative__rosidl_typesupport_fastrtps_cpp.hpp
[1.806s] -- Up-to-date: /home/theo/dev_ws/install/turtlesim/include/turtlesim/srv/detail/teleport_absolute__rosidl_typesupport_fastrtps_cpp.hpp
[1.806s] -- Up-to-date: /home/theo/dev_ws/install/turtlesim/include/turtlesim/srv/detail/spawn__rosidl_typesupport_fastrtps_cpp.hpp
[1.806s] -- Up-to-date: /home/theo/dev_ws/install/turtlesim/include/turtlesim/srv/detail/kill__rosidl_typesupport_fastrtps_cpp.hpp
[1.806s] -- Up-to-date: /home/theo/dev_ws/install/turtlesim/include/turtlesim/action
[1.806s] -- Up-to-date: /home/theo/dev_ws/install/turtlesim/include/turtlesim/action/detail
[1.812s] -- Up-to-date: /home/theo/dev_ws/install/turtlesim/include/turtlesim/action/detail/dds_fastrtps
[1.812s] -- Up-to-date: /home/theo/dev_ws/install/turtlesim/include/turtlesim/action/detail/rotate_absolute__rosidl_typesupport_fastrtps_cpp.hpp
[1.812s] -- Up-to-date: /home/theo/dev_ws/install/turtlesim/include/turtlesim/msg
[1.812s] -- Up-to-date: /home/theo/dev_ws/install/turtlesim/include/turtlesim/msg/rosidl_typesupport_fastrtps_cpp__visibility_control.h
[1.812s] -- Up-to-date: /home/theo/dev_ws/install/turtlesim/include/turtlesim/msg/detail
[1.812s] -- Up-to-date: /home/theo/dev_ws/install/turtlesim/include/turtlesim/msg/detail/color__rosidl_typesupport_fastrtps_cpp.hpp
[1.812s] -- Up-to-date: /home/theo/dev_ws/install/turtlesim/include/turtlesim/msg/detail/dds_fastrtps
[1.813s] -- Up-to-date: /home/theo/dev_ws/install/turtlesim/include/turtlesim/msg/detail/pose__rosidl_typesupport_fastrtps_cpp.hpp
[1.813s] -- Up-to-date: /home/theo/dev_ws/install/turtlesim/lib/libturtlesim__rosidl_typesupport_fastrtps_cpp.so
[1.813s] -- Up-to-date: /home/theo/dev_ws/install/turtlesim/include/turtlesim
[1.813s] -- Up-to-date: /home/theo/dev_ws/install/turtlesim/include/turtlesim/srv
[1.813s] -- Up-to-date: /home/theo/dev_ws/install/turtlesim/include/turtlesim/srv/detail
[1.813s] -- Up-to-date: /home/theo/dev_ws/install/turtlesim/include/turtlesim/srv/detail/teleport_relative__rosidl_typesupport_introspection_c.h
[1.813s] -- Up-to-date: /home/theo/dev_ws/install/turtlesim/include/turtlesim/srv/detail/kill__rosidl_typesupport_introspection_c.h
[1.813s] -- Up-to-date: /home/theo/dev_ws/install/turtlesim/include/turtlesim/srv/detail/spawn__type_support.c
[1.813s] -- Up-to-date: /home/theo/dev_ws/install/turtlesim/include/turtlesim/srv/detail/set_pen__rosidl_typesupport_introspection_c.h
[1.813s] -- Up-to-date: /home/theo/dev_ws/install/turtlesim/include/turtlesim/srv/detail/spawn__rosidl_typesupport_introspection_c.h
[1.814s] -- Up-to-date: /home/theo/dev_ws/install/turtlesim/include/turtlesim/srv/detail/teleport_relative__type_support.c
[1.814s] -- Up-to-date: /home/theo/dev_ws/install/turtlesim/include/turtlesim/srv/detail/kill__type_support.c
[1.814s] -- Up-to-date: /home/theo/dev_ws/install/turtlesim/include/turtlesim/srv/detail/teleport_absolute__type_support.c
[1.814s] -- Up-to-date: /home/theo/dev_ws/install/turtlesim/include/turtlesim/srv/detail/teleport_absolute__rosidl_typesupport_introspection_c.h
[1.814s] -- Up-to-date: /home/theo/dev_ws/install/turtlesim/include/turtlesim/srv/detail/set_pen__type_support.c
[1.814s] -- Up-to-date: /home/theo/dev_ws/install/turtlesim/include/turtlesim/action
[1.814s] -- Up-to-date: /home/theo/dev_ws/install/turtlesim/include/turtlesim/action/detail
[1.814s] -- Up-to-date: /home/theo/dev_ws/install/turtlesim/include/turtlesim/action/detail/rotate_absolute__type_support.c
[1.814s] -- Up-to-date: /home/theo/dev_ws/install/turtlesim/include/turtlesim/action/detail/rotate_absolute__rosidl_typesupport_introspection_c.h
[1.814s] -- Up-to-date: /home/theo/dev_ws/install/turtlesim/include/turtlesim/msg
[1.814s] -- Up-to-date: /home/theo/dev_ws/install/turtlesim/include/turtlesim/msg/detail
[1.815s] -- Up-to-date: /home/theo/dev_ws/install/turtlesim/include/turtlesim/msg/detail/color__type_support.c
[1.815s] -- Up-to-date: /home/theo/dev_ws/install/turtlesim/include/turtlesim/msg/detail/pose__rosidl_typesupport_introspection_c.h
[1.815s] -- Up-to-date: /home/theo/dev_ws/install/turtlesim/include/turtlesim/msg/detail/pose__type_support.c
[1.815s] -- Up-to-date: /home/theo/dev_ws/install/turtlesim/include/turtlesim/msg/detail/color__rosidl_typesupport_introspection_c.h
[1.815s] -- Up-to-date: /home/theo/dev_ws/install/turtlesim/include/turtlesim/msg/rosidl_typesupport_introspection_c__visibility_control.h
[1.820s] -- Up-to-date: /home/theo/dev_ws/install/turtlesim/lib/libturtlesim__rosidl_typesupport_introspection_c.so
[1.824s] -- Up-to-date: /home/theo/dev_ws/install/turtlesim/lib/libturtlesim__rosidl_typesupport_c.so
[1.824s] -- Up-to-date: /home/theo/dev_ws/install/turtlesim/include/turtlesim
[1.824s] -- Up-to-date: /home/theo/dev_ws/install/turtlesim/include/turtlesim/srv
[1.824s] -- Up-to-date: /home/theo/dev_ws/install/turtlesim/include/turtlesim/srv/spawn.hpp
[1.824s] -- Up-to-date: /home/theo/dev_ws/install/turtlesim/include/turtlesim/srv/detail
[1.825s] -- Up-to-date: /home/theo/dev_ws/install/turtlesim/include/turtlesim/srv/detail/teleport_relative__builder.hpp
[1.825s] -- Up-to-date: /home/theo/dev_ws/install/turtlesim/include/turtlesim/srv/detail/spawn__traits.hpp
[1.825s] -- Up-to-date: /home/theo/dev_ws/install/turtlesim/include/turtlesim/srv/detail/spawn__struct.hpp
[1.828s] -- Up-to-date: /home/theo/dev_ws/install/turtlesim/include/turtlesim/srv/detail/kill__traits.hpp
[1.828s] -- Up-to-date: /home/theo/dev_ws/install/turtlesim/include/turtlesim/srv/detail/teleport_relative__traits.hpp
[1.828s] -- Up-to-date: /home/theo/dev_ws/install/turtlesim/include/turtlesim/srv/detail/set_pen__traits.hpp
[1.828s] -- Up-to-date: /home/theo/dev_ws/install/turtlesim/include/turtlesim/srv/detail/teleport_absolute__struct.hpp
[1.828s] -- Up-to-date: /home/theo/dev_ws/install/turtlesim/include/turtlesim/srv/detail/teleport_absolute__traits.hpp
[1.828s] -- Up-to-date: /home/theo/dev_ws/install/turtlesim/include/turtlesim/srv/detail/teleport_relative__struct.hpp
[1.829s] -- Up-to-date: /home/theo/dev_ws/install/turtlesim/include/turtlesim/srv/detail/teleport_absolute__builder.hpp
[1.829s] -- Up-to-date: /home/theo/dev_ws/install/turtlesim/include/turtlesim/srv/detail/kill__struct.hpp
[1.829s] -- Up-to-date: /home/theo/dev_ws/install/turtlesim/include/turtlesim/srv/detail/set_pen__builder.hpp
[1.831s] -- Up-to-date: /home/theo/dev_ws/install/turtlesim/include/turtlesim/srv/detail/set_pen__struct.hpp
[1.831s] -- Up-to-date: /home/theo/dev_ws/install/turtlesim/include/turtlesim/srv/detail/kill__builder.hpp
[1.831s] -- Up-to-date: /home/theo/dev_ws/install/turtlesim/include/turtlesim/srv/detail/spawn__builder.hpp
[1.836s] -- Up-to-date: /home/theo/dev_ws/install/turtlesim/include/turtlesim/srv/set_pen.hpp
[1.836s] -- Up-to-date: /home/theo/dev_ws/install/turtlesim/include/turtlesim/srv/kill.hpp
[1.836s] -- Up-to-date: /home/theo/dev_ws/install/turtlesim/include/turtlesim/srv/teleport_relative.hpp
[1.836s] -- Up-to-date: /home/theo/dev_ws/install/turtlesim/include/turtlesim/srv/teleport_absolute.hpp
[1.836s] -- Up-to-date: /home/theo/dev_ws/install/turtlesim/include/turtlesim/action
[1.836s] -- Up-to-date: /home/theo/dev_ws/install/turtlesim/include/turtlesim/action/detail
[1.836s] -- Up-to-date: /home/theo/dev_ws/install/turtlesim/include/turtlesim/action/detail/rotate_absolute__struct.hpp
[1.836s] -- Up-to-date: /home/theo/dev_ws/install/turtlesim/include/turtlesim/action/detail/rotate_absolute__builder.hpp
[1.836s] -- Up-to-date: /home/theo/dev_ws/install/turtlesim/include/turtlesim/action/detail/rotate_absolute__traits.hpp
[1.837s] -- Up-to-date: /home/theo/dev_ws/install/turtlesim/include/turtlesim/action/rotate_absolute.hpp
[1.837s] -- Up-to-date: /home/theo/dev_ws/install/turtlesim/include/turtlesim/msg
[1.837s] -- Up-to-date: /home/theo/dev_ws/install/turtlesim/include/turtlesim/msg/pose.hpp
[1.837s] -- Up-to-date: /home/theo/dev_ws/install/turtlesim/include/turtlesim/msg/detail
[1.837s] -- Up-to-date: /home/theo/dev_ws/install/turtlesim/include/turtlesim/msg/detail/pose__struct.hpp
[1.837s] -- Up-to-date: /home/theo/dev_ws/install/turtlesim/include/turtlesim/msg/detail/color__builder.hpp
[1.837s] -- Up-to-date: /home/theo/dev_ws/install/turtlesim/include/turtlesim/msg/detail/pose__traits.hpp
[1.837s] -- Up-to-date: /home/theo/dev_ws/install/turtlesim/include/turtlesim/msg/detail/pose__builder.hpp
[1.837s] -- Up-to-date: /home/theo/dev_ws/install/turtlesim/include/turtlesim/msg/detail/color__struct.hpp
[1.837s] -- Up-to-date: /home/theo/dev_ws/install/turtlesim/include/turtlesim/msg/detail/color__traits.hpp
[1.837s] -- Up-to-date: /home/theo/dev_ws/install/turtlesim/include/turtlesim/msg/color.hpp
[1.838s] -- Up-to-date: /home/theo/dev_ws/install/turtlesim/include/turtlesim
[1.838s] -- Up-to-date: /home/theo/dev_ws/install/turtlesim/include/turtlesim/srv
[1.838s] -- Up-to-date: /home/theo/dev_ws/install/turtlesim/include/turtlesim/srv/detail
[1.838s] -- Up-to-date: /home/theo/dev_ws/install/turtlesim/include/turtlesim/srv/detail/teleport_relative__rosidl_typesupport_introspection_cpp.hpp
[1.838s] -- Up-to-date: /home/theo/dev_ws/install/turtlesim/include/turtlesim/srv/detail/set_pen__rosidl_typesupport_introspection_cpp.hpp
[1.838s] -- Up-to-date: /home/theo/dev_ws/install/turtlesim/include/turtlesim/srv/detail/set_pen__type_support.cpp
[1.838s] -- Up-to-date: /home/theo/dev_ws/install/turtlesim/include/turtlesim/srv/detail/spawn__type_support.cpp
[1.838s] -- Up-to-date: /home/theo/dev_ws/install/turtlesim/include/turtlesim/srv/detail/teleport_absolute__rosidl_typesupport_introspection_cpp.hpp
[1.838s] -- Up-to-date: /home/theo/dev_ws/install/turtlesim/include/turtlesim/srv/detail/kill__type_support.cpp
[1.838s] -- Up-to-date: /home/theo/dev_ws/install/turtlesim/include/turtlesim/srv/detail/spawn__rosidl_typesupport_introspection_cpp.hpp
[1.839s] -- Up-to-date: /home/theo/dev_ws/install/turtlesim/include/turtlesim/srv/detail/kill__rosidl_typesupport_introspection_cpp.hpp
[1.839s] -- Up-to-date: /home/theo/dev_ws/install/turtlesim/include/turtlesim/srv/detail/teleport_relative__type_support.cpp
[1.839s] -- Up-to-date: /home/theo/dev_ws/install/turtlesim/include/turtlesim/srv/detail/teleport_absolute__type_support.cpp
[1.839s] -- Up-to-date: /home/theo/dev_ws/install/turtlesim/include/turtlesim/action
[1.839s] -- Up-to-date: /home/theo/dev_ws/install/turtlesim/include/turtlesim/action/detail
[1.851s] -- Up-to-date: /home/theo/dev_ws/install/turtlesim/include/turtlesim/action/detail/rotate_absolute__rosidl_typesupport_introspection_cpp.hpp
[1.852s] -- Up-to-date: /home/theo/dev_ws/install/turtlesim/include/turtlesim/action/detail/rotate_absolute__type_support.cpp
[1.852s] -- Up-to-date: /home/theo/dev_ws/install/turtlesim/include/turtlesim/msg
[1.852s] -- Up-to-date: /home/theo/dev_ws/install/turtlesim/include/turtlesim/msg/detail
[1.852s] -- Up-to-date: /home/theo/dev_ws/install/turtlesim/include/turtlesim/msg/detail/color__rosidl_typesupport_introspection_cpp.hpp
[1.852s] -- Up-to-date: /home/theo/dev_ws/install/turtlesim/include/turtlesim/msg/detail/pose__rosidl_typesupport_introspection_cpp.hpp
[1.852s] -- Up-to-date: /home/theo/dev_ws/install/turtlesim/include/turtlesim/msg/detail/pose__type_support.cpp
[1.852s] -- Up-to-date: /home/theo/dev_ws/install/turtlesim/include/turtlesim/msg/detail/color__type_support.cpp
[1.852s] -- Up-to-date: /home/theo/dev_ws/install/turtlesim/lib/libturtlesim__rosidl_typesupport_introspection_cpp.so
[1.853s] -- Up-to-date: /home/theo/dev_ws/install/turtlesim/lib/libturtlesim__rosidl_typesupport_cpp.so
[1.853s] -- Up-to-date: /home/theo/dev_ws/install/turtlesim/share/turtlesim/environment/pythonpath.sh
[1.853s] -- Up-to-date: /home/theo/dev_ws/install/turtlesim/share/turtlesim/environment/pythonpath.dsv
[1.853s] -- Up-to-date: /home/theo/dev_ws/install/turtlesim/lib/python3.8/site-packages/turtlesim/__init__.py
[1.933s] -- Up-to-date: /home/theo/dev_ws/install/turtlesim/lib/python3.8/site-packages/turtlesim/action
[1.934s] -- Up-to-date: /home/theo/dev_ws/install/turtlesim/lib/python3.8/site-packages/turtlesim/action/_rotate_absolute_s.c
[1.934s] -- Up-to-date: /home/theo/dev_ws/install/turtlesim/lib/python3.8/site-packages/turtlesim/action/__init__.py
[1.934s] -- Up-to-date: /home/theo/dev_ws/install/turtlesim/lib/python3.8/site-packages/turtlesim/action/_rotate_absolute.py
[1.934s] -- Up-to-date: /home/theo/dev_ws/install/turtlesim/lib/python3.8/site-packages/turtlesim/msg
[1.934s] -- Up-to-date: /home/theo/dev_ws/install/turtlesim/lib/python3.8/site-packages/turtlesim/msg/_pose_s.c
[1.935s] -- Up-to-date: /home/theo/dev_ws/install/turtlesim/lib/python3.8/site-packages/turtlesim/msg/_pose.py
[1.935s] -- Up-to-date: /home/theo/dev_ws/install/turtlesim/lib/python3.8/site-packages/turtlesim/msg/_color.py
[1.935s] -- Up-to-date: /home/theo/dev_ws/install/turtlesim/lib/python3.8/site-packages/turtlesim/msg/__init__.py
[1.935s] -- Up-to-date: /home/theo/dev_ws/install/turtlesim/lib/python3.8/site-packages/turtlesim/msg/_color_s.c
[1.935s] -- Up-to-date: /home/theo/dev_ws/install/turtlesim/lib/python3.8/site-packages/turtlesim/srv
[1.940s] -- Up-to-date: /home/theo/dev_ws/install/turtlesim/lib/python3.8/site-packages/turtlesim/srv/_spawn_s.c
[1.940s] -- Up-to-date: /home/theo/dev_ws/install/turtlesim/lib/python3.8/site-packages/turtlesim/srv/_set_pen_s.c
[1.940s] -- Up-to-date: /home/theo/dev_ws/install/turtlesim/lib/python3.8/site-packages/turtlesim/srv/_teleport_relative_s.c
[1.940s] -- Up-to-date: /home/theo/dev_ws/install/turtlesim/lib/python3.8/site-packages/turtlesim/srv/__init__.py
[1.940s] -- Up-to-date: /home/theo/dev_ws/install/turtlesim/lib/python3.8/site-packages/turtlesim/srv/_kill_s.c
[1.940s] -- Up-to-date: /home/theo/dev_ws/install/turtlesim/lib/python3.8/site-packages/turtlesim/srv/_spawn.py
[1.940s] -- Up-to-date: /home/theo/dev_ws/install/turtlesim/lib/python3.8/site-packages/turtlesim/srv/_set_pen.py
[1.940s] -- Up-to-date: /home/theo/dev_ws/install/turtlesim/lib/python3.8/site-packages/turtlesim/srv/_teleport_absolute_s.c
[1.940s] -- Up-to-date: /home/theo/dev_ws/install/turtlesim/lib/python3.8/site-packages/turtlesim/srv/_teleport_relative.py
[1.940s] -- Up-to-date: /home/theo/dev_ws/install/turtlesim/lib/python3.8/site-packages/turtlesim/srv/_teleport_absolute.py
[1.941s] -- Up-to-date: /home/theo/dev_ws/install/turtlesim/lib/python3.8/site-packages/turtlesim/srv/_kill.py
[1.942s] -- Up-to-date: /home/theo/dev_ws/install/turtlesim/lib/python3.8/site-packages/turtlesim/turtlesim_s__rosidl_typesupport_fastrtps_c.cpython-38-x86_64-linux-gnu.so
[1.944s] -- Up-to-date: /home/theo/dev_ws/install/turtlesim/lib/python3.8/site-packages/turtlesim/turtlesim_s__rosidl_typesupport_introspection_c.cpython-38-x86_64-linux-gnu.so
[1.945s] -- Up-to-date: /home/theo/dev_ws/install/turtlesim/lib/python3.8/site-packages/turtlesim/turtlesim_s__rosidl_typesupport_c.cpython-38-x86_64-linux-gnu.so
[1.947s] -- Up-to-date: /home/theo/dev_ws/install/turtlesim/lib/libturtlesim__python.so
[1.948s] -- Up-to-date: /home/theo/dev_ws/install/turtlesim/share/turtlesim/action/RotateAbsolute.idl
[1.949s] -- Up-to-date: /home/theo/dev_ws/install/turtlesim/share/turtlesim/msg/Color.idl
[1.949s] -- Up-to-date: /home/theo/dev_ws/install/turtlesim/share/turtlesim/msg/Pose.idl
[1.949s] -- Up-to-date: /home/theo/dev_ws/install/turtlesim/share/turtlesim/srv/Kill.idl
[1.950s] -- Up-to-date: /home/theo/dev_ws/install/turtlesim/share/turtlesim/srv/SetPen.idl
[1.950s] -- Up-to-date: /home/theo/dev_ws/install/turtlesim/share/turtlesim/srv/Spawn.idl
[1.950s] -- Up-to-date: /home/theo/dev_ws/install/turtlesim/share/turtlesim/srv/TeleportAbsolute.idl
[1.950s] -- Up-to-date: /home/theo/dev_ws/install/turtlesim/share/turtlesim/srv/TeleportRelative.idl
[1.950s] -- Up-to-date: /home/theo/dev_ws/install/turtlesim/share/turtlesim/action/RotateAbsolute.action
[1.951s] -- Up-to-date: /home/theo/dev_ws/install/turtlesim/share/turtlesim/msg/Color.msg
[1.951s] -- Up-to-date: /home/theo/dev_ws/install/turtlesim/share/turtlesim/msg/Pose.msg
[1.952s] -- Up-to-date: /home/theo/dev_ws/install/turtlesim/share/turtlesim/srv/Kill.srv
[1.956s] -- Up-to-date: /home/theo/dev_ws/install/turtlesim/share/turtlesim/srv/Kill_Request.msg
[1.956s] -- Up-to-date: /home/theo/dev_ws/install/turtlesim/share/turtlesim/srv/Kill_Response.msg
[1.956s] -- Up-to-date: /home/theo/dev_ws/install/turtlesim/share/turtlesim/srv/SetPen.srv
[1.956s] -- Up-to-date: /home/theo/dev_ws/install/turtlesim/share/turtlesim/srv/SetPen_Request.msg
[1.957s] -- Up-to-date: /home/theo/dev_ws/install/turtlesim/share/turtlesim/srv/SetPen_Response.msg
[1.957s] -- Up-to-date: /home/theo/dev_ws/install/turtlesim/share/turtlesim/srv/Spawn.srv
[1.957s] -- Up-to-date: /home/theo/dev_ws/install/turtlesim/share/turtlesim/srv/Spawn_Request.msg
[1.957s] -- Up-to-date: /home/theo/dev_ws/install/turtlesim/share/turtlesim/srv/Spawn_Response.msg
[1.958s] -- Up-to-date: /home/theo/dev_ws/install/turtlesim/share/turtlesim/srv/TeleportAbsolute.srv
[1.958s] -- Up-to-date: /home/theo/dev_ws/install/turtlesim/share/turtlesim/srv/TeleportAbsolute_Request.msg
[1.958s] -- Up-to-date: /home/theo/dev_ws/install/turtlesim/share/turtlesim/srv/TeleportAbsolute_Response.msg
[1.958s] -- Up-to-date: /home/theo/dev_ws/install/turtlesim/share/turtlesim/srv/TeleportRelative.srv
[1.959s] -- Up-to-date: /home/theo/dev_ws/install/turtlesim/share/turtlesim/srv/TeleportRelative_Request.msg
[1.959s] -- Up-to-date: /home/theo/dev_ws/install/turtlesim/share/turtlesim/srv/TeleportRelative_Response.msg
[1.965s] -- Up-to-date: /home/theo/dev_ws/install/turtlesim/lib/turtlesim/turtlesim_node
[1.967s] -- Up-to-date: /home/theo/dev_ws/install/turtlesim/lib/turtlesim/turtle_teleop_key
[1.968s] -- Up-to-date: /home/theo/dev_ws/install/turtlesim/lib/turtlesim/draw_square
[1.970s] -- Up-to-date: /home/theo/dev_ws/install/turtlesim/lib/turtlesim/mimic
[1.970s] -- Up-to-date: /home/theo/dev_ws/install/turtlesim/share/turtlesim/images
[1.971s] -- Up-to-date: /home/theo/dev_ws/install/turtlesim/share/turtlesim/images/crystal.png
[1.971s] -- Up-to-date: /home/theo/dev_ws/install/turtlesim/share/turtlesim/images/ardent.png
[1.971s] -- Up-to-date: /home/theo/dev_ws/install/turtlesim/share/turtlesim/images/dashing.png
[1.971s] -- Up-to-date: /home/theo/dev_ws/install/turtlesim/share/turtlesim/images/foxy.png
[1.971s] -- Up-to-date: /home/theo/dev_ws/install/turtlesim/share/turtlesim/images/eloquent.png
[1.971s] -- Up-to-date: /home/theo/dev_ws/install/turtlesim/share/turtlesim/images/bouncy.png
[1.971s] -- Up-to-date: /home/theo/dev_ws/install/turtlesim/share/turtlesim/launch
[1.972s] -- Up-to-date: /home/theo/dev_ws/install/turtlesim/share/turtlesim/launch/multisim.launch.py
[1.973s] -- Up-to-date: /home/theo/dev_ws/install/turtlesim/share/ament_index/resource_index/package_run_dependencies/turtlesim
[1.973s] -- Up-to-date: /home/theo/dev_ws/install/turtlesim/share/ament_index/resource_index/parent_prefix_path/turtlesim
[1.973s] -- Up-to-date: /home/theo/dev_ws/install/turtlesim/share/turtlesim/environment/ament_prefix_path.sh
[1.974s] -- Up-to-date: /home/theo/dev_ws/install/turtlesim/share/turtlesim/environment/ament_prefix_path.dsv
[1.974s] -- Up-to-date: /home/theo/dev_ws/install/turtlesim/share/turtlesim/environment/path.sh
[1.974s] -- Up-to-date: /home/theo/dev_ws/install/turtlesim/share/turtlesim/environment/path.dsv
[1.974s] -- Up-to-date: /home/theo/dev_ws/install/turtlesim/share/turtlesim/local_setup.bash
[1.975s] -- Up-to-date: /home/theo/dev_ws/install/turtlesim/share/turtlesim/local_setup.sh
[1.975s] -- Up-to-date: /home/theo/dev_ws/install/turtlesim/share/turtlesim/local_setup.zsh
[1.975s] -- Up-to-date: /home/theo/dev_ws/install/turtlesim/share/turtlesim/local_setup.dsv
[1.982s] -- Installing: /home/theo/dev_ws/install/turtlesim/share/turtlesim/package.dsv
[1.983s] -- Up-to-date: /home/theo/dev_ws/install/turtlesim/share/ament_index/resource_index/packages/turtlesim
[1.986s] -- Up-to-date: /home/theo/dev_ws/install/turtlesim/share/turtlesim/cmake/turtlesim__rosidl_generator_cExport.cmake
[1.986s] -- Up-to-date: /home/theo/dev_ws/install/turtlesim/share/turtlesim/cmake/turtlesim__rosidl_generator_cExport-noconfig.cmake
[1.987s] -- Up-to-date: /home/theo/dev_ws/install/turtlesim/share/turtlesim/cmake/turtlesim__rosidl_typesupport_introspection_cExport.cmake
[1.987s] -- Up-to-date: /home/theo/dev_ws/install/turtlesim/share/turtlesim/cmake/turtlesim__rosidl_typesupport_introspection_cExport-noconfig.cmake
[1.988s] -- Up-to-date: /home/theo/dev_ws/install/turtlesim/share/turtlesim/cmake/turtlesim__rosidl_typesupport_cExport.cmake
[1.988s] -- Up-to-date: /home/theo/dev_ws/install/turtlesim/share/turtlesim/cmake/turtlesim__rosidl_typesupport_cExport-noconfig.cmake
[1.988s] -- Up-to-date: /home/theo/dev_ws/install/turtlesim/share/turtlesim/cmake/turtlesim__rosidl_generator_cppExport.cmake
[1.989s] -- Up-to-date: /home/theo/dev_ws/install/turtlesim/share/turtlesim/cmake/turtlesim__rosidl_typesupport_introspection_cppExport.cmake
[1.990s] -- Up-to-date: /home/theo/dev_ws/install/turtlesim/share/turtlesim/cmake/turtlesim__rosidl_typesupport_introspection_cppExport-noconfig.cmake
[1.991s] -- Up-to-date: /home/theo/dev_ws/install/turtlesim/share/turtlesim/cmake/turtlesim__rosidl_typesupport_cppExport.cmake
[1.991s] -- Up-to-date: /home/theo/dev_ws/install/turtlesim/share/turtlesim/cmake/turtlesim__rosidl_typesupport_cppExport-noconfig.cmake
[1.991s] -- Up-to-date: /home/theo/dev_ws/install/turtlesim/share/turtlesim/cmake/rosidl_cmake-extras.cmake
[1.991s] -- Up-to-date: /home/theo/dev_ws/install/turtlesim/share/turtlesim/cmake/ament_cmake_export_dependencies-extras.cmake
[1.992s] -- Up-to-date: /home/theo/dev_ws/install/turtlesim/share/turtlesim/cmake/ament_cmake_export_libraries-extras.cmake
[1.992s] -- Up-to-date: /home/theo/dev_ws/install/turtlesim/share/turtlesim/cmake/ament_cmake_export_targets-extras.cmake
[1.992s] -- Up-to-date: /home/theo/dev_ws/install/turtlesim/share/turtlesim/cmake/ament_cmake_export_include_directories-extras.cmake
[1.992s] -- Up-to-date: /home/theo/dev_ws/install/turtlesim/share/turtlesim/cmake/rosidl_cmake_export_typesupport_libraries-extras.cmake
[1.995s] -- Up-to-date: /home/theo/dev_ws/install/turtlesim/share/turtlesim/cmake/rosidl_cmake_export_typesupport_targets-extras.cmake
[1.996s] -- Up-to-date: /home/theo/dev_ws/install/turtlesim/share/turtlesim/cmake/turtlesimConfig.cmake
[1.996s] -- Up-to-date: /home/theo/dev_ws/install/turtlesim/share/turtlesim/cmake/turtlesimConfig-version.cmake
[1.996s] -- Up-to-date: /home/theo/dev_ws/install/turtlesim/share/turtlesim/package.xml
[2.004s] Invoked command in '/home/theo/dev_ws/build/turtlesim' returned '0': CMAKE_PREFIX_PATH=${CMAKE_PREFIX_PATH}:/opt/ros/foxy /usr/bin/cmake --install /home/theo/dev_ws/build/turtlesim
